<?xml version="1.0" encoding="UTF-8" standalone="yes"?>
<!--


    Copyright 2012-2017 TNO Geologische Dienst Nederland

    Licensed under the EUPL, Version 1.2 or - as soon they will be approved by
    the European Commission - subsequent versions of the EUPL (the "Licence");
    You may not use this work except in compliance with the Licence.
    You may obtain a copy of the Licence at:

    https://joinup.ec.europa.eu/software/page/eupl

    Unless required by applicable law or agreed to in writing, software
    distributed under the Licence is distributed on an "AS IS" basis,
    WITHOUT WARRANTIES OR CONDITIONS OF ANY KIND, either express or implied.
    See the Licence for the specific language governing permissions and
    limitations under the Licence.

    This work was sponsored by the Dutch Rijksoverheid, Basisregistratie
    Ondergrond (BRO) Programme (https://bro.pleio.nl/)

-->
<CPT xmlns="http://www.broservices.nl/xsd/iscpt/1.1" xmlns:swe="http://www.opengis.net/swe/2.0" xmlns:xlink="http://www.w3.org/1999/xlink" xmlns:brocom="http://www.broservices.nl/xsd/brocommon/3.0" xmlns:cptcommon="http://www.broservices.nl/xsd/cptcommon/1.1" xmlns:gml="http://www.opengis.net/gml/3.2" xmlns:om="http://www.opengis.net/om/2.0" xmlns:sampling="http://www.opengis.net/sampling/2.0">
    <objectIdAccountableParty>CPT, 1601927/403</objectIdAccountableParty>
    <deliveryContext codeSpace="urn:bro:cpt:DeliveryContext">archiefoverdracht</deliveryContext>
    <surveyPurpose codeSpace="urn:bro:cpt:SurveyPurpose">onbekend</surveyPurpose>
    <researchReportDate>
        <brocom:date>2017-03-06</brocom:date>
    </researchReportDate>
    <cptStandard codeSpace="urn:bro:cpt:CPTStandard">ISO22476D1</cptStandard>
    <additionalInvestigationPerformed>onbekend</additionalInvestigationPerformed>
    <researchOperator>24257098</researchOperator>
    <deliveredLocation>
        <cptcommon:location srsName="urn:ogc:def:crs:EPSG::28992" gml:id="BRO_0007">
            <gml:pos>91581.480 442748.000</gml:pos>
        </cptcommon:location>
        <cptcommon:horizontalPositioningDate>
            <brocom:voidReason>onbekend</brocom:voidReason>
        </cptcommon:horizontalPositioningDate>
        <cptcommon:horizontalPositioningMethod codeSpace="urn:bro:cpt:HorizontalPositioningMethod">onbekend</cptcommon:horizontalPositioningMethod>
    </deliveredLocation>
    <deliveredVerticalPosition>
        <cptcommon:localVerticalReferencePoint codeSpace="urn:bro:cpt:LocalVerticalReferencePoint">maaiveld</cptcommon:localVerticalReferencePoint>
        <cptcommon:offset uom="m">2.070</cptcommon:offset>
        <cptcommon:verticalDatum codeSpace="urn:bro:cpt:VerticalDatum">NAP</cptcommon:verticalDatum>
        <cptcommon:verticalPositioningDate>
            <brocom:voidReason>onbekend</brocom:voidReason>
        </cptcommon:verticalPositioningDate>
        <cptcommon:verticalPositioningMethod codeSpace="urn:bro:cpt:VerticalPositioningMethod">onbekend</cptcommon:verticalPositioningMethod>
    </deliveredVerticalPosition>
    <conePenetrometerSurvey gml:id="BRO_0011">
        <sampling:sampledFeature xmlns:xsi="http://www.w3.org/2001/XMLSchema-instance" xsi:nil="true"/>
        <cptcommon:dissipationTestPerformed>nee</cptcommon:dissipationTestPerformed>
        <cptcommon:finalProcessingDate>
            <brocom:voidReason>onbekend</brocom:voidReason>
        </cptcommon:finalProcessingDate>
        <cptcommon:cptMethod codeSpace="urn:bro:cpt:CPTMethod">elektrisch</cptcommon:cptMethod>
        <cptcommon:qualityClass codeSpace="urn:bro:cpt:QualityClass">klasse1</cptcommon:qualityClass>
        <cptcommon:stopCriterion codeSpace="urn:bro:cpt:StopCriterion">einddiepte</cptcommon:stopCriterion>
        <cptcommon:trajectory>
            <cptcommon:predrilledDepth uom="m">0.00</cptcommon:predrilledDepth>
            <cptcommon:finalDepth uom="m">54.620</cptcommon:finalDepth>
        </cptcommon:trajectory>
        <cptcommon:conePenetrometer>
            <cptcommon:description>Sondeer track-truck 11: 23000 kg: geen ankers</cptcommon:description>
            <cptcommon:conePenetrometerType>S15-CFII.951</cptcommon:conePenetrometerType>
            <cptcommon:coneSurfaceArea uom="mm2">1500</cptcommon:coneSurfaceArea>
            <cptcommon:coneToFrictionSleeveDistance uom="mm">80</cptcommon:coneToFrictionSleeveDistance>
            <cptcommon:frictionSleeveSurfaceArea uom="mm2">15000</cptcommon:frictionSleeveSurfaceArea>
            <cptcommon:frictionSleeveSurfaceQuotient xmlns:xsi="http://www.w3.org/2001/XMLSchema-instance" uom="1" xsi:nil="true"/>
            <cptcommon:zeroLoadMeasurement xmlns:xsi="http://www.w3.org/2001/XMLSchema-instance" xsi:nil="true"/>
        </cptcommon:conePenetrometer>
        <cptcommon:conePenetrationTest gml:id="BRO_0010">
            <om:phenomenonTime xlink:type="simple">
                <gml:TimeInstant gml:id="BRO_0009">
                    <gml:timePosition>2017-01-17</gml:timePosition>
                </gml:TimeInstant>
            </om:phenomenonTime>
            <om:resultTime xlink:type="simple">
                <gml:TimeInstant gml:id="BRO_0008">
                    <gml:timePosition>2017-01-17</gml:timePosition>
                </gml:TimeInstant>
            </om:resultTime>
            <om:procedure xmlns:xsi="http://www.w3.org/2001/XMLSchema-instance" xsi:nil="true"/>
            <om:observedProperty xmlns:xsi="http://www.w3.org/2001/XMLSchema-instance" xsi:nil="true"/>
            <om:featureOfInterest xmlns:xsi="http://www.w3.org/2001/XMLSchema-instance" xsi:nil="true"/>
            <cptcommon:cptResult>
                <swe:elementCount xlink:type="simple"/>
                <swe:elementType name="ConePenetrationTestResultRecord" xlink:type="simple" xlink:href="http://www.broservices.nl/xsd/cptcommon/1.0/cpttestresult_record.xml"/>
                <swe:encoding>
                    <swe:TextEncoding decimalSeparator="." tokenSeparator="," blockSeparator=";"/>
                </swe:encoding>
                <cptcommon:values>0.000,0.000,-999999,-999999,-999999,-999999,-999999,-999999,-999999,-999999,-999999,-999999,-999999,-999999,-999999,-999999,-999999,-999999,-999999,-999999,-999999,-999999,-999999,-999999,-999999;0.010,0.010,-999999,0.012,-999999,-999999,-999999,-999999,-999999,-999999,-999999,0,0,-999999,-999999,0,-999999,-999999,0.003,-999999,-999999,-999999,-999999,-999999,0.6;0.030,0.030,-999999,0.263,-999999,-999999,-999999,-999999,-999999,-999999,-999999,0,0,-999999,-999999,0,-999999,-999999,0.004,-999999,-999999,-999999,-999999,-999999,0.9;0.050,0.050,-999999,0.680,-999999,-999999,-999999,-999999,-999999,-999999,-999999,0,0,-999999,-999999,0,-999999,-999999,0.005,-999999,-999999,-999999,-999999,-999999,0.9;0.070,0.070,-999999,0.795,-999999,-999999,-999999,-999999,-999999,-999999,-999999,0,0,-999999,-999999,0,-999999,-999999,0.006,-999999,-999999,-999999,-999999,-999999,0.9;0.090,0.090,-999999,0.785,-999999,-999999,-999999,-999999,-999999,-999999,-999999,0,0,-999999,-999999,0,-999999,-999999,0.007,-999999,-999999,-999999,-999999,-999999,0.9;0.110,0.110,-999999,0.817,-999999,-999999,-999999,-999999,-999999,-999999,-999999,0,0,-999999,-999999,0,-999999,-999999,0.006,-999999,-999999,-999999,-999999,-999999,0.7;0.130,0.130,-999999,0.930,-999999,-999999,-999999,-999999,-999999,-999999,-999999,0,0,-999999,-999999,0,-999999,-999999,0.007,-999999,-999999,-999999,-999999,-999999,0.7;0.150,0.150,-999999,1.048,-999999,-999999,-999999,-999999,-999999,-999999,-999999,0,0,-999999,-999999,0,-999999,-999999,0.008,-999999,-999999,-999999,-999999,-999999,0.8;0.170,0.170,-999999,1.148,-999999,-999999,-999999,-999999,-999999,-999999,-999999,0,0,-999999,-999999,0,-999999,-999999,0.007,-999999,-999999,-999999,-999999,-999999,0.6;0.190,0.190,-999999,1.295,-999999,-999999,-999999,-999999,-999999,-999999,-999999,0,0,-999999,-999999,0,-999999,-999999,0.007,-999999,-999999,-999999,-999999,-999999,0.5;0.210,0.210,-999999,1.388,-999999,-999999,-999999,-999999,-999999,-999999,-999999,0,0,-999999,-999999,0,-999999,-999999,0.008,-999999,-999999,-999999,-999999,-999999,0.6;0.230,0.230,-999999,1.472,-999999,-999999,-999999,-999999,-999999,-999999,-999999,0,0,-999999,-999999,0,-999999,-999999,0.008,-999999,-999999,-999999,-999999,-999999,0.6;0.250,0.250,-999999,1.481,-999999,-999999,-999999,-999999,-999999,-999999,-999999,0,0,-999999,-999999,0,-999999,-999999,0.008,-999999,-999999,-999999,-999999,-999999,0.6;0.270,0.270,-999999,1.427,-999999,-999999,-999999,-999999,-999999,-999999,-999999,0,0,-999999,-999999,0,-999999,-999999,0.009,-999999,-999999,-999999,-999999,-999999,0.6;0.290,0.290,-999999,1.424,-999999,-999999,-999999,-999999,-999999,-999999,-999999,0,0,-999999,-999999,0,-999999,-999999,0.010,-999999,-999999,-999999,-999999,-999999,0.7;0.310,0.310,-999999,1.414,-999999,-999999,-999999,-999999,-999999,-999999,-999999,0,0,-999999,-999999,0,-999999,-999999,0.011,-999999,-999999,-999999,-999999,-999999,0.7;0.330,0.330,-999999,1.456,-999999,-999999,-999999,-999999,-999999,-999999,-999999,0,0,-999999,-999999,0,-999999,-999999,0.012,-999999,-999999,-999999,-999999,-999999,0.8;0.350,0.350,-999999,1.485,-999999,-999999,-999999,-999999,-999999,-999999,-999999,0,0,-999999,-999999,0,-999999,-999999,0.011,-999999,-999999,-999999,-999999,-999999,0.7;0.370,0.370,-999999,1.597,-999999,-999999,-999999,-999999,-999999,-999999,-999999,0,0,-999999,-999999,0,-999999,-999999,0.011,-999999,-999999,-999999,-999999,-999999,0.6;0.390,0.390,-999999,1.770,-999999,-999999,-999999,-999999,-999999,-999999,-999999,0,0,-999999,-999999,0,-999999,-999999,0.011,-999999,-999999,-999999,-999999,-999999,0.6;0.410,0.410,-999999,2.046,-999999,-999999,-999999,-999999,-999999,-999999,-999999,0,0,-999999,-999999,0,-999999,-999999,0.010,-999999,-999999,-999999,-999999,-999999,0.5;0.430,0.430,-999999,2.351,-999999,-999999,-999999,-999999,-999999,-999999,-999999,0,0,-999999,-999999,0,-999999,-999999,0.011,-999999,-999999,-999999,-999999,-999999,0.5;0.450,0.450,-999999,2.601,-999999,-999999,-999999,-999999,-999999,-999999,-999999,0,0,-999999,-999999,0,-999999,-999999,0.012,-999999,-999999,-999999,-999999,-999999,0.4;0.470,0.470,-999999,2.764,-999999,-999999,-999999,-999999,-999999,-999999,-999999,0,0,-999999,-999999,0,-999999,-999999,0.012,-999999,-999999,-999999,-999999,-999999,0.4;0.490,0.490,-999999,2.918,-999999,-999999,-999999,-999999,-999999,-999999,-999999,0,0,-999999,-999999,0,-999999,-999999,0.013,-999999,-999999,-999999,-999999,-999999,0.4;0.510,0.510,-999999,3.056,-999999,-999999,-999999,-999999,-999999,-999999,-999999,0,0,-999999,-999999,0,-999999,-999999,0.013,-999999,-999999,-999999,-999999,-999999,0.4;0.530,0.530,-999999,3.220,-999999,-999999,-999999,-999999,-999999,-999999,-999999,0,0,-999999,-999999,0,-999999,-999999,0.014,-999999,-999999,-999999,-999999,-999999,0.4;0.550,0.550,-999999,3.351,-999999,-999999,-999999,-999999,-999999,-999999,-999999,0,0,-999999,-999999,0,-999999,-999999,0.015,-999999,-999999,-999999,-999999,-999999,0.4;0.570,0.570,-999999,3.464,-999999,-999999,-999999,-999999,-999999,-999999,-999999,0,0,-999999,-999999,0,-999999,-999999,0.011,-999999,-999999,-999999,-999999,-999999,0.3;0.590,0.590,-999999,3.547,-999999,-999999,-999999,-999999,-999999,-999999,-999999,0,0,-999999,-999999,0,-999999,-999999,0.016,-999999,-999999,-999999,-999999,-999999,0.4;0.610,0.610,-999999,3.631,-999999,-999999,-999999,-999999,-999999,-999999,-999999,0,0,-999999,-999999,0,-999999,-999999,0.017,-999999,-999999,-999999,-999999,-999999,0.4;0.630,0.630,-999999,3.682,-999999,-999999,-999999,-999999,-999999,-999999,-999999,0,0,-999999,-999999,0,-999999,-999999,0.017,-999999,-999999,-999999,-999999,-999999,0.4;0.650,0.650,-999999,3.784,-999999,-999999,-999999,-999999,-999999,-999999,-999999,0,0,-999999,-999999,0,-999999,-999999,0.019,-999999,-999999,-999999,-999999,-999999,0.5;0.670,0.670,-999999,3.839,-999999,-999999,-999999,-999999,-999999,-999999,-999999,0,0,-999999,-999999,0,-999999,-999999,0.021,-999999,-999999,-999999,-999999,-999999,0.5;0.690,0.690,-999999,3.954,-999999,-999999,-999999,-999999,-999999,-999999,-999999,0,0,-999999,-999999,1,-999999,-999999,0.024,-999999,-999999,-999999,-999999,-999999,0.6;0.710,0.710,-999999,3.964,-999999,-999999,-999999,-999999,-999999,-999999,-999999,0,0,-999999,-999999,0,-999999,-999999,0.022,-999999,-999999,-999999,-999999,-999999,0.5;0.730,0.730,-999999,3.977,-999999,-999999,-999999,-999999,-999999,-999999,-999999,0,0,-999999,-999999,0,-999999,-999999,0.024,-999999,-999999,-999999,-999999,-999999,0.6;0.750,0.750,-999999,3.861,-999999,-999999,-999999,-999999,-999999,-999999,-999999,0,0,-999999,-999999,0,-999999,-999999,0.026,-999999,-999999,-999999,-999999,-999999,0.6;0.770,0.770,-999999,3.781,-999999,-999999,-999999,-999999,-999999,-999999,-999999,0,0,-999999,-999999,0,-999999,-999999,0.023,-999999,-999999,-999999,-999999,-999999,0.6;0.790,0.790,-999999,3.775,-999999,-999999,-999999,-999999,-999999,-999999,-999999,0,0,-999999,-999999,0,-999999,-999999,0.028,-999999,-999999,-999999,-999999,-999999,0.7;0.810,0.810,-999999,3.762,-999999,-999999,-999999,-999999,-999999,-999999,-999999,0,0,-999999,-999999,0,-999999,-999999,0.027,-999999,-999999,-999999,-999999,-999999,0.7;0.830,0.830,-999999,3.903,-999999,-999999,-999999,-999999,-999999,-999999,-999999,0,0,-999999,-999999,0,-999999,-999999,0.027,-999999,-999999,-999999,-999999,-999999,0.7;0.850,0.850,-999999,3.820,-999999,-999999,-999999,-999999,-999999,-999999,-999999,0,0,-999999,-999999,0,-999999,-999999,0.026,-999999,-999999,-999999,-999999,-999999,0.6;0.870,0.870,-999999,3.794,-999999,-999999,-999999,-999999,-999999,-999999,-999999,0,0,-999999,-999999,0,-999999,-999999,0.024,-999999,-999999,-999999,-999999,-999999,0.6;0.890,0.890,-999999,3.881,-999999,-999999,-999999,-999999,-999999,-999999,-999999,0,0,-999999,-999999,0,-999999,-999999,0.026,-999999,-999999,-999999,-999999,-999999,0.6;0.910,0.910,-999999,3.932,-999999,-999999,-999999,-999999,-999999,-999999,-999999,0,0,-999999,-999999,0,-999999,-999999,0.026,-999999,-999999,-999999,-999999,-999999,0.6;0.930,0.930,-999999,4.041,-999999,-999999,-999999,-999999,-999999,-999999,-999999,0,0,-999999,-999999,0,-999999,-999999,0.027,-999999,-999999,-999999,-999999,-999999,0.6;0.950,0.950,-999999,4.173,-999999,-999999,-999999,-999999,-999999,-999999,-999999,0,0,-999999,-999999,0,-999999,-999999,0.025,-999999,-999999,-999999,-999999,-999999,0.5;0.970,0.970,-999999,4.359,-999999,-999999,-999999,-999999,-999999,-999999,-999999,0,0,-999999,-999999,0,-999999,-999999,0.025,-999999,-999999,-999999,-999999,-999999,0.5;0.990,0.990,-999999,4.599,-999999,-999999,-999999,-999999,-999999,-999999,-999999,0,0,-999999,-999999,0,-999999,-999999,0.026,-999999,-999999,-999999,-999999,-999999,0.5;1.010,1.010,-999999,4.804,-999999,-999999,-999999,-999999,-999999,-999999,-999999,0,0,-999999,-999999,0,-999999,-999999,0.028,-999999,-999999,-999999,-999999,-999999,0.5;1.030,1.030,-999999,4.965,-999999,-999999,-999999,-999999,-999999,-999999,-999999,0,0,-999999,-999999,0,-999999,-999999,0.029,-999999,-999999,-999999,-999999,-999999,0.5;1.050,1.050,-999999,5.119,-999999,-999999,-999999,-999999,-999999,-999999,-999999,0,0,-999999,-999999,0,-999999,-999999,0.029,-999999,-999999,-999999,-999999,-999999,0.5;1.070,1.070,-999999,5.263,-999999,-999999,-999999,-999999,-999999,-999999,-999999,0,0,-999999,-999999,0,-999999,-999999,0.030,-999999,-999999,-999999,-999999,-999999,0.5;1.090,1.090,-999999,5.440,-999999,-999999,-999999,-999999,-999999,-999999,-999999,0,0,-999999,-999999,0,-999999,-999999,0.030,-999999,-999999,-999999,-999999,-999999,0.5;1.110,1.110,-999999,5.680,-999999,-999999,-999999,-999999,-999999,-999999,-999999,0,0,-999999,-999999,0,-999999,-999999,0.032,-999999,-999999,-999999,-999999,-999999,0.5;1.130,1.130,-999999,5.841,-999999,-999999,-999999,-999999,-999999,-999999,-999999,0,0,-999999,-999999,0,-999999,-999999,0.033,-999999,-999999,-999999,-999999,-999999,0.5;1.150,1.150,-999999,5.921,-999999,-999999,-999999,-999999,-999999,-999999,-999999,0,0,-999999,-999999,0,-999999,-999999,0.033,-999999,-999999,-999999,-999999,-999999,0.5;1.170,1.170,-999999,5.991,-999999,-999999,-999999,-999999,-999999,-999999,-999999,0,0,-999999,-999999,0,-999999,-999999,0.034,-999999,-999999,-999999,-999999,-999999,0.5;1.190,1.190,-999999,6.043,-999999,-999999,-999999,-999999,-999999,-999999,-999999,0,0,-999999,-999999,0,-999999,-999999,0.034,-999999,-999999,-999999,-999999,-999999,0.5;1.210,1.210,-999999,6.062,-999999,-999999,-999999,-999999,-999999,-999999,-999999,0,0,-999999,-999999,0,-999999,-999999,0.035,-999999,-999999,-999999,-999999,-999999,0.5;1.230,1.230,-999999,6.059,-999999,-999999,-999999,-999999,-999999,-999999,-999999,0,0,-999999,-999999,0,-999999,-999999,0.035,-999999,-999999,-999999,-999999,-999999,0.5;1.250,1.250,-999999,6.020,-999999,-999999,-999999,-999999,-999999,-999999,-999999,0,0,-999999,-999999,0,-999999,-999999,0.035,-999999,-999999,-999999,-999999,-999999,0.5;1.270,1.270,-999999,5.966,-999999,-999999,-999999,-999999,-999999,-999999,-999999,0,0,-999999,-999999,0,-999999,-999999,0.036,-999999,-999999,-999999,-999999,-999999,0.6;1.290,1.290,-999999,5.889,-999999,-999999,-999999,-999999,-999999,-999999,-999999,0,0,-999999,-999999,0,-999999,-999999,0.036,-999999,-999999,-999999,-999999,-999999,0.6;1.310,1.310,-999999,5.802,-999999,-999999,-999999,-999999,-999999,-999999,-999999,0,0,-999999,-999999,0,-999999,-999999,0.036,-999999,-999999,-999999,-999999,-999999,0.6;1.330,1.330,-999999,5.709,-999999,-999999,-999999,-999999,-999999,-999999,-999999,0,0,-999999,-999999,0,-999999,-999999,0.036,-999999,-999999,-999999,-999999,-999999,0.6;1.350,1.350,-999999,5.603,-999999,-999999,-999999,-999999,-999999,-999999,-999999,0,0,-999999,-999999,0,-999999,-999999,0.036,-999999,-999999,-999999,-999999,-999999,0.6;1.370,1.370,-999999,5.494,-999999,-999999,-999999,-999999,-999999,-999999,-999999,0,0,-999999,-999999,0,-999999,-999999,0.035,-999999,-999999,-999999,-999999,-999999,0.6;1.390,1.390,-999999,5.388,-999999,-999999,-999999,-999999,-999999,-999999,-999999,0,0,-999999,-999999,0,-999999,-999999,0.035,-999999,-999999,-999999,-999999,-999999,0.6;1.410,1.410,-999999,5.257,-999999,-999999,-999999,-999999,-999999,-999999,-999999,0,0,-999999,-999999,0,-999999,-999999,0.035,-999999,-999999,-999999,-999999,-999999,0.6;1.430,1.430,-999999,5.135,-999999,-999999,-999999,-999999,-999999,-999999,-999999,0,0,-999999,-999999,0,-999999,-999999,0.034,-999999,-999999,-999999,-999999,-999999,0.6;1.450,1.450,-999999,5.000,-999999,-999999,-999999,-999999,-999999,-999999,-999999,0,0,-999999,-999999,0,-999999,-999999,0.033,-999999,-999999,-999999,-999999,-999999,0.6;1.470,1.470,-999999,4.872,-999999,-999999,-999999,-999999,-999999,-999999,-999999,0,0,-999999,-999999,0,-999999,-999999,0.033,-999999,-999999,-999999,-999999,-999999,0.6;1.490,1.490,-999999,4.728,-999999,-999999,-999999,-999999,-999999,-999999,-999999,0,0,-999999,-999999,0,-999999,-999999,0.032,-999999,-999999,-999999,-999999,-999999,0.6;1.510,1.510,-999999,4.580,-999999,-999999,-999999,-999999,-999999,-999999,-999999,0,0,-999999,-999999,0,-999999,-999999,0.031,-999999,-999999,-999999,-999999,-999999,0.6;1.530,1.530,-999999,4.432,-999999,-999999,-999999,-999999,-999999,-999999,-999999,1,0,-999999,-999999,1,-999999,-999999,0.030,-999999,-999999,-999999,-999999,-999999,0.6;1.550,1.550,-999999,4.282,-999999,-999999,-999999,-999999,-999999,-999999,-999999,0,0,-999999,-999999,0,-999999,-999999,0.033,-999999,-999999,-999999,-999999,-999999,0.7;1.570,1.570,-999999,4.141,-999999,-999999,-999999,-999999,-999999,-999999,-999999,0,0,-999999,-999999,0,-999999,-999999,0.028,-999999,-999999,-999999,-999999,-999999,0.6;1.590,1.590,-999999,4.012,-999999,-999999,-999999,-999999,-999999,-999999,-999999,0,0,-999999,-999999,0,-999999,-999999,0.027,-999999,-999999,-999999,-999999,-999999,0.6;1.610,1.610,-999999,3.897,-999999,-999999,-999999,-999999,-999999,-999999,-999999,0,0,-999999,-999999,0,-999999,-999999,0.030,-999999,-999999,-999999,-999999,-999999,0.7;1.630,1.630,-999999,3.801,-999999,-999999,-999999,-999999,-999999,-999999,-999999,1,0,-999999,-999999,1,-999999,-999999,0.026,-999999,-999999,-999999,-999999,-999999,0.6;1.650,1.650,-999999,3.704,-999999,-999999,-999999,-999999,-999999,-999999,-999999,0,0,-999999,-999999,0,-999999,-999999,0.028,-999999,-999999,-999999,-999999,-999999,0.7;1.670,1.670,-999999,3.611,-999999,-999999,-999999,-999999,-999999,-999999,-999999,0,0,-999999,-999999,0,-999999,-999999,0.026,-999999,-999999,-999999,-999999,-999999,0.7;1.690,1.690,-999999,3.521,-999999,-999999,-999999,-999999,-999999,-999999,-999999,0,0,-999999,-999999,0,-999999,-999999,0.023,-999999,-999999,-999999,-999999,-999999,0.6;1.710,1.710,-999999,3.489,-999999,-999999,-999999,-999999,-999999,-999999,-999999,0,0,-999999,-999999,0,-999999,-999999,0.023,-999999,-999999,-999999,-999999,-999999,0.6;1.730,1.730,-999999,3.345,-999999,-999999,-999999,-999999,-999999,-999999,-999999,0,0,-999999,-999999,0,-999999,-999999,0.023,-999999,-999999,-999999,-999999,-999999,0.6;1.750,1.750,-999999,3.271,-999999,-999999,-999999,-999999,-999999,-999999,-999999,0,0,-999999,-999999,1,-999999,-999999,0.022,-999999,-999999,-999999,-999999,-999999,0.6;1.770,1.770,-999999,3.239,-999999,-999999,-999999,-999999,-999999,-999999,-999999,0,0,-999999,-999999,0,-999999,-999999,0.021,-999999,-999999,-999999,-999999,-999999,0.6;1.790,1.790,-999999,3.188,-999999,-999999,-999999,-999999,-999999,-999999,-999999,0,0,-999999,-999999,0,-999999,-999999,0.021,-999999,-999999,-999999,-999999,-999999,0.6;1.810,1.810,-999999,3.133,-999999,-999999,-999999,-999999,-999999,-999999,-999999,0,0,-999999,-999999,0,-999999,-999999,0.022,-999999,-999999,-999999,-999999,-999999,0.6;1.830,1.830,-999999,3.127,-999999,-999999,-999999,-999999,-999999,-999999,-999999,1,0,-999999,-999999,1,-999999,-999999,0.023,-999999,-999999,-999999,-999999,-999999,0.7;1.850,1.850,-999999,3.140,-999999,-999999,-999999,-999999,-999999,-999999,-999999,0,0,-999999,-999999,0,-999999,-999999,0.025,-999999,-999999,-999999,-999999,-999999,0.7;1.870,1.870,-999999,3.210,-999999,-999999,-999999,-999999,-999999,-999999,-999999,0,0,-999999,-999999,0,-999999,-999999,0.025,-999999,-999999,-999999,-999999,-999999,0.7;1.890,1.890,-999999,3.355,-999999,-999999,-999999,-999999,-999999,-999999,-999999,0,0,-999999,-999999,0,-999999,-999999,0.026,-999999,-999999,-999999,-999999,-999999,0.7;1.910,1.910,-999999,3.643,-999999,-999999,-999999,-999999,-999999,-999999,-999999,0,0,-999999,-999999,0,-999999,-999999,0.026,-999999,-999999,-999999,-999999,-999999,0.6;1.930,1.930,-999999,4.118,-999999,-999999,-999999,-999999,-999999,-999999,-999999,0,0,-999999,-999999,0,-999999,-999999,0.027,-999999,-999999,-999999,-999999,-999999,0.6;1.950,1.950,-999999,4.695,-999999,-999999,-999999,-999999,-999999,-999999,-999999,0,0,-999999,-999999,0,-999999,-999999,0.027,-999999,-999999,-999999,-999999,-999999,0.5;1.970,1.970,-999999,5.292,-999999,-999999,-999999,-999999,-999999,-999999,-999999,1,0,-999999,-999999,1,-999999,-999999,0.034,-999999,-999999,-999999,-999999,-999999,0.6;1.990,1.990,-999999,5.882,-999999,-999999,-999999,-999999,-999999,-999999,-999999,0,0,-999999,-999999,0,-999999,-999999,0.036,-999999,-999999,-999999,-999999,-999999,0.6;2.010,2.010,-999999,6.437,-999999,-999999,-999999,-999999,-999999,-999999,-999999,0,0,-999999,-999999,0,-999999,-999999,0.036,-999999,-999999,-999999,-999999,-999999,0.5;2.030,2.030,-999999,6.838,-999999,-999999,-999999,-999999,-999999,-999999,-999999,0,0,-999999,-999999,0,-999999,-999999,0.038,-999999,-999999,-999999,-999999,-999999,0.5;2.050,2.050,-999999,7.108,-999999,-999999,-999999,-999999,-999999,-999999,-999999,0,0,-999999,-999999,0,-999999,-999999,0.036,-999999,-999999,-999999,-999999,-999999,0.4;2.070,2.070,-999999,7.602,-999999,-999999,-999999,-999999,-999999,-999999,-999999,0,0,-999999,-999999,0,-999999,-999999,0.046,-999999,-999999,-999999,-999999,-999999,0.5;2.090,2.090,-999999,8.089,-999999,-999999,-999999,-999999,-999999,-999999,-999999,0,0,-999999,-999999,0,-999999,-999999,0.048,-999999,-999999,-999999,-999999,-999999,0.5;2.110,2.110,-999999,8.836,-999999,-999999,-999999,-999999,-999999,-999999,-999999,0,0,-999999,-999999,0,-999999,-999999,0.049,-999999,-999999,-999999,-999999,-999999,0.5;2.130,2.130,-999999,9.327,-999999,-999999,-999999,-999999,-999999,-999999,-999999,0,0,-999999,-999999,0,-999999,-999999,0.052,-999999,-999999,-999999,-999999,-999999,0.5;2.150,2.150,-999999,9.545,-999999,-999999,-999999,-999999,-999999,-999999,-999999,0,0,-999999,-999999,0,-999999,-999999,0.053,-999999,-999999,-999999,-999999,-999999,0.5;2.170,2.170,-999999,9.728,-999999,-999999,-999999,-999999,-999999,-999999,-999999,0,0,-999999,-999999,0,-999999,-999999,0.055,-999999,-999999,-999999,-999999,-999999,0.5;2.190,2.190,-999999,9.831,-999999,-999999,-999999,-999999,-999999,-999999,-999999,0,0,-999999,-999999,0,-999999,-999999,0.057,-999999,-999999,-999999,-999999,-999999,0.6;2.210,2.210,-999999,9.760,-999999,-999999,-999999,-999999,-999999,-999999,-999999,0,0,-999999,-999999,0,-999999,-999999,0.060,-999999,-999999,-999999,-999999,-999999,0.6;2.230,2.230,-999999,9.587,-999999,-999999,-999999,-999999,-999999,-999999,-999999,0,0,-999999,-999999,0,-999999,-999999,0.062,-999999,-999999,-999999,-999999,-999999,0.6;2.250,2.250,-999999,9.372,-999999,-999999,-999999,-999999,-999999,-999999,-999999,1,0,-999999,-999999,1,-999999,-999999,0.061,-999999,-999999,-999999,-999999,-999999,0.6;2.270,2.270,-999999,9.099,-999999,-999999,-999999,-999999,-999999,-999999,-999999,0,0,-999999,-999999,0,-999999,-999999,0.065,-999999,-999999,-999999,-999999,-999999,0.7;2.290,2.290,-999999,8.817,-999999,-999999,-999999,-999999,-999999,-999999,-999999,0,0,-999999,-999999,0,-999999,-999999,0.070,-999999,-999999,-999999,-999999,-999999,0.8;2.310,2.310,-999999,8.551,-999999,-999999,-999999,-999999,-999999,-999999,-999999,1,0,-999999,-999999,1,-999999,-999999,0.069,-999999,-999999,-999999,-999999,-999999,0.8;2.330,2.330,-999999,8.201,-999999,-999999,-999999,-999999,-999999,-999999,-999999,1,0,-999999,-999999,1,-999999,-999999,0.074,-999999,-999999,-999999,-999999,-999999,0.9;2.350,2.350,-999999,7.909,-999999,-999999,-999999,-999999,-999999,-999999,-999999,0,0,-999999,-999999,0,-999999,-999999,0.066,-999999,-999999,-999999,-999999,-999999,0.8;2.370,2.370,-999999,7.714,-999999,-999999,-999999,-999999,-999999,-999999,-999999,0,0,-999999,-999999,0,-999999,-999999,0.083,-999999,-999999,-999999,-999999,-999999,1.0;2.390,2.390,-999999,7.682,-999999,-999999,-999999,-999999,-999999,-999999,-999999,0,0,-999999,-999999,0,-999999,-999999,0.082,-999999,-999999,-999999,-999999,-999999,1.0;2.410,2.410,-999999,8.025,-999999,-999999,-999999,-999999,-999999,-999999,-999999,0,0,-999999,-999999,0,-999999,-999999,0.069,-999999,-999999,-999999,-999999,-999999,0.8;2.430,2.430,-999999,8.205,-999999,-999999,-999999,-999999,-999999,-999999,-999999,1,0,-999999,-999999,1,-999999,-999999,0.060,-999999,-999999,-999999,-999999,-999999,0.7;2.450,2.450,-999999,8.086,-999999,-999999,-999999,-999999,-999999,-999999,-999999,0,0,-999999,-999999,1,-999999,-999999,0.052,-999999,-999999,-999999,-999999,-999999,0.6;2.470,2.470,-999999,7.925,-999999,-999999,-999999,-999999,-999999,-999999,-999999,1,0,-999999,-999999,1,-999999,-999999,0.072,-999999,-999999,-999999,-999999,-999999,0.8;2.490,2.490,-999999,8.208,-999999,-999999,-999999,-999999,-999999,-999999,-999999,1,0,-999999,-999999,1,-999999,-999999,0.064,-999999,-999999,-999999,-999999,-999999,0.7;2.510,2.510,-999999,8.240,-999999,-999999,-999999,-999999,-999999,-999999,-999999,0,0,-999999,-999999,1,-999999,-999999,0.064,-999999,-999999,-999999,-999999,-999999,0.7;2.530,2.530,-999999,8.272,-999999,-999999,-999999,-999999,-999999,-999999,-999999,2,0,-999999,-999999,2,-999999,-999999,0.064,-999999,-999999,-999999,-999999,-999999,0.7;2.550,2.550,-999999,8.031,-999999,-999999,-999999,-999999,-999999,-999999,-999999,0,0,-999999,-999999,1,-999999,-999999,0.062,-999999,-999999,-999999,-999999,-999999,0.7;2.570,2.570,-999999,8.073,-999999,-999999,-999999,-999999,-999999,-999999,-999999,1,0,-999999,-999999,1,-999999,-999999,0.064,-999999,-999999,-999999,-999999,-999999,0.7;2.590,2.590,-999999,8.095,-999999,-999999,-999999,-999999,-999999,-999999,-999999,1,0,-999999,-999999,1,-999999,-999999,0.066,-999999,-999999,-999999,-999999,-999999,0.8;2.610,2.610,-999999,8.172,-999999,-999999,-999999,-999999,-999999,-999999,-999999,1,0,-999999,-999999,1,-999999,-999999,0.055,-999999,-999999,-999999,-999999,-999999,0.6;2.630,2.630,-999999,8.291,-999999,-999999,-999999,-999999,-999999,-999999,-999999,1,0,-999999,-999999,1,-999999,-999999,0.056,-999999,-999999,-999999,-999999,-999999,0.6;2.650,2.650,-999999,8.500,-999999,-999999,-999999,-999999,-999999,-999999,-999999,1,0,-999999,-999999,1,-999999,-999999,0.056,-999999,-999999,-999999,-999999,-999999,0.6;2.670,2.670,-999999,8.705,-999999,-999999,-999999,-999999,-999999,-999999,-999999,1,0,-999999,-999999,1,-999999,-999999,0.051,-999999,-999999,-999999,-999999,-999999,0.5;2.690,2.690,-999999,9.318,-999999,-999999,-999999,-999999,-999999,-999999,-999999,1,0,-999999,-999999,1,-999999,-999999,0.053,-999999,-999999,-999999,-999999,-999999,0.5;2.710,2.710,-999999,9.921,-999999,-999999,-999999,-999999,-999999,-999999,-999999,1,0,-999999,-999999,1,-999999,-999999,0.056,-999999,-999999,-999999,-999999,-999999,0.5;2.730,2.730,-999999,10.325,-999999,-999999,-999999,-999999,-999999,-999999,-999999,1,0,-999999,-999999,1,-999999,-999999,0.054,-999999,-999999,-999999,-999999,-999999,0.5;2.750,2.750,-999999,11.386,-999999,-999999,-999999,-999999,-999999,-999999,-999999,1,0,-999999,-999999,1,-999999,-999999,0.055,-999999,-999999,-999999,-999999,-999999,0.4;2.770,2.770,-999999,12.099,-999999,-999999,-999999,-999999,-999999,-999999,-999999,1,0,-999999,-999999,1,-999999,-999999,0.055,-999999,-999999,-999999,-999999,-999999,0.4;2.790,2.790,-999999,12.410,-999999,-999999,-999999,-999999,-999999,-999999,-999999,1,1,-999999,-999999,2,-999999,-999999,0.057,-999999,-999999,-999999,-999999,-999999,0.4;2.810,2.810,-999999,12.916,-999999,-999999,-999999,-999999,-999999,-999999,-999999,0,0,-999999,-999999,0,-999999,-999999,0.060,-999999,-999999,-999999,-999999,-999999,0.4;2.830,2.830,-999999,13.503,-999999,-999999,-999999,-999999,-999999,-999999,-999999,0,0,-999999,-999999,0,-999999,-999999,0.062,-999999,-999999,-999999,-999999,-999999,0.4;2.850,2.850,-999999,13.680,-999999,-999999,-999999,-999999,-999999,-999999,-999999,0,0,-999999,-999999,0,-999999,-999999,0.064,-999999,-999999,-999999,-999999,-999999,0.4;2.870,2.870,-999999,14.020,-999999,-999999,-999999,-999999,-999999,-999999,-999999,1,0,-999999,-999999,1,-999999,-999999,0.067,-999999,-999999,-999999,-999999,-999999,0.4;2.890,2.890,-999999,14.235,-999999,-999999,-999999,-999999,-999999,-999999,-999999,0,0,-999999,-999999,0,-999999,-999999,0.067,-999999,-999999,-999999,-999999,-999999,0.4;2.910,2.910,-999999,14.418,-999999,-999999,-999999,-999999,-999999,-999999,-999999,0,0,-999999,-999999,0,-999999,-999999,0.072,-999999,-999999,-999999,-999999,-999999,0.5;2.930,2.930,-999999,14.588,-999999,-999999,-999999,-999999,-999999,-999999,-999999,1,0,-999999,-999999,1,-999999,-999999,0.072,-999999,-999999,-999999,-999999,-999999,0.5;2.950,2.950,-999999,14.677,-999999,-999999,-999999,-999999,-999999,-999999,-999999,1,0,-999999,-999999,1,-999999,-999999,0.072,-999999,-999999,-999999,-999999,-999999,0.4;2.970,2.970,-999999,14.681,-999999,-999999,-999999,-999999,-999999,-999999,-999999,1,0,-999999,-999999,1,-999999,-999999,0.076,-999999,-999999,-999999,-999999,-999999,0.5;2.990,2.990,-999999,14.626,-999999,-999999,-999999,-999999,-999999,-999999,-999999,1,0,-999999,-999999,1,-999999,-999999,0.075,-999999,-999999,-999999,-999999,-999999,0.5;3.010,3.010,-999999,14.565,-999999,-999999,-999999,-999999,-999999,-999999,-999999,1,0,-999999,-999999,1,-999999,-999999,0.077,-999999,-999999,-999999,-999999,-999999,0.5;3.030,3.030,-999999,14.527,-999999,-999999,-999999,-999999,-999999,-999999,-999999,1,0,-999999,-999999,1,-999999,-999999,0.081,-999999,-999999,-999999,-999999,-999999,0.5;3.050,3.050,-999999,14.482,-999999,-999999,-999999,-999999,-999999,-999999,-999999,1,0,-999999,-999999,1,-999999,-999999,0.080,-999999,-999999,-999999,-999999,-999999,0.5;3.070,3.070,-999999,14.552,-999999,-999999,-999999,-999999,-999999,-999999,-999999,1,0,-999999,-999999,1,-999999,-999999,0.079,-999999,-999999,-999999,-999999,-999999,0.5;3.090,3.090,-999999,14.488,-999999,-999999,-999999,-999999,-999999,-999999,-999999,1,0,-999999,-999999,1,-999999,-999999,0.076,-999999,-999999,-999999,-999999,-999999,0.5;3.110,3.110,-999999,14.719,-999999,-999999,-999999,-999999,-999999,-999999,-999999,1,0,-999999,-999999,1,-999999,-999999,0.077,-999999,-999999,-999999,-999999,-999999,0.5;3.130,3.130,-999999,15.107,-999999,-999999,-999999,-999999,-999999,-999999,-999999,1,0,-999999,-999999,1,-999999,-999999,0.087,-999999,-999999,-999999,-999999,-999999,0.5;3.150,3.150,-999999,15.460,-999999,-999999,-999999,-999999,-999999,-999999,-999999,1,0,-999999,-999999,1,-999999,-999999,0.097,-999999,-999999,-999999,-999999,-999999,0.6;3.170,3.170,-999999,15.803,-999999,-999999,-999999,-999999,-999999,-999999,-999999,1,0,-999999,-999999,1,-999999,-999999,0.109,-999999,-999999,-999999,-999999,-999999,0.6;3.190,3.190,-999999,15.858,-999999,-999999,-999999,-999999,-999999,-999999,-999999,1,0,-999999,-999999,1,-999999,-999999,0.108,-999999,-999999,-999999,-999999,-999999,0.6;3.210,3.210,-999999,18.097,-999999,-999999,-999999,-999999,-999999,-999999,-999999,0,0,-999999,-999999,0,-999999,-999999,0.131,-999999,-999999,-999999,-999999,-999999,0.7;3.230,3.230,-999999,17.298,-999999,-999999,-999999,-999999,-999999,-999999,-999999,0,0,-999999,-999999,0,-999999,-999999,0.144,-999999,-999999,-999999,-999999,-999999,0.8;3.250,3.250,-999999,16.705,-999999,-999999,-999999,-999999,-999999,-999999,-999999,0,0,-999999,-999999,0,-999999,-999999,0.133,-999999,-999999,-999999,-999999,-999999,0.8;3.270,3.270,-999999,16.474,-999999,-999999,-999999,-999999,-999999,-999999,-999999,0,0,-999999,-999999,0,-999999,-999999,0.127,-999999,-999999,-999999,-999999,-999999,0.7;3.290,3.290,-999999,15.961,-999999,-999999,-999999,-999999,-999999,-999999,-999999,0,0,-999999,-999999,1,-999999,-999999,0.157,-999999,-999999,-999999,-999999,-999999,0.9;3.310,3.310,-999999,15.479,-999999,-999999,-999999,-999999,-999999,-999999,-999999,0,0,-999999,-999999,1,-999999,-999999,0.139,-999999,-999999,-999999,-999999,-999999,0.8;3.330,3.330,-999999,15.258,-999999,-999999,-999999,-999999,-999999,-999999,-999999,0,0,-999999,-999999,0,-999999,-999999,0.137,-999999,-999999,-999999,-999999,-999999,0.9;3.350,3.350,-999999,15.139,-999999,-999999,-999999,-999999,-999999,-999999,-999999,0,0,-999999,-999999,0,-999999,-999999,0.160,-999999,-999999,-999999,-999999,-999999,1.0;3.370,3.370,-999999,13.834,-999999,-999999,-999999,-999999,-999999,-999999,-999999,0,0,-999999,-999999,0,-999999,-999999,0.141,-999999,-999999,-999999,-999999,-999999,1.0;3.390,3.390,-999999,13.555,-999999,-999999,-999999,-999999,-999999,-999999,-999999,0,0,-999999,-999999,0,-999999,-999999,0.141,-999999,-999999,-999999,-999999,-999999,1.0;3.410,3.409,-999999,12.997,-999999,-999999,-999999,-999999,-999999,-999999,-999999,0,0,-999999,-999999,0,-999999,-999999,0.139,-999999,-999999,-999999,-999999,-999999,1.0;3.430,3.429,-999999,12.050,-999999,-999999,-999999,-999999,-999999,-999999,-999999,0,0,-999999,-999999,0,-999999,-999999,0.136,-999999,-999999,-999999,-999999,-999999,1.1;3.450,3.449,-999999,11.759,-999999,-999999,-999999,-999999,-999999,-999999,-999999,0,0,-999999,-999999,0,-999999,-999999,0.134,-999999,-999999,-999999,-999999,-999999,1.1;3.470,3.469,-999999,11.101,-999999,-999999,-999999,-999999,-999999,-999999,-999999,0,0,-999999,-999999,0,-999999,-999999,0.120,-999999,-999999,-999999,-999999,-999999,1.0;3.490,3.489,-999999,10.479,-999999,-999999,-999999,-999999,-999999,-999999,-999999,0,0,-999999,-999999,0,-999999,-999999,0.119,-999999,-999999,-999999,-999999,-999999,1.1;3.510,3.509,-999999,9.872,-999999,-999999,-999999,-999999,-999999,-999999,-999999,1,0,-999999,-999999,1,-999999,-999999,0.113,-999999,-999999,-999999,-999999,-999999,1.1;3.530,3.529,-999999,9.215,-999999,-999999,-999999,-999999,-999999,-999999,-999999,0,0,-999999,-999999,0,-999999,-999999,0.107,-999999,-999999,-999999,-999999,-999999,1.1;3.550,3.549,-999999,8.593,-999999,-999999,-999999,-999999,-999999,-999999,-999999,0,0,-999999,-999999,0,-999999,-999999,0.102,-999999,-999999,-999999,-999999,-999999,1.1;3.570,3.569,-999999,8.095,-999999,-999999,-999999,-999999,-999999,-999999,-999999,0,0,-999999,-999999,1,-999999,-999999,0.097,-999999,-999999,-999999,-999999,-999999,1.2;3.590,3.589,-999999,7.592,-999999,-999999,-999999,-999999,-999999,-999999,-999999,0,0,-999999,-999999,0,-999999,-999999,0.093,-999999,-999999,-999999,-999999,-999999,1.2;3.610,3.609,-999999,7.011,-999999,-999999,-999999,-999999,-999999,-999999,-999999,0,0,-999999,-999999,0,-999999,-999999,0.088,-999999,-999999,-999999,-999999,-999999,1.2;3.630,3.629,-999999,6.411,-999999,-999999,-999999,-999999,-999999,-999999,-999999,0,0,-999999,-999999,0,-999999,-999999,0.080,-999999,-999999,-999999,-999999,-999999,1.2;3.650,3.649,-999999,5.767,-999999,-999999,-999999,-999999,-999999,-999999,-999999,0,0,-999999,-999999,0,-999999,-999999,0.083,-999999,-999999,-999999,-999999,-999999,1.4;3.670,3.669,-999999,5.202,-999999,-999999,-999999,-999999,-999999,-999999,-999999,0,0,-999999,-999999,0,-999999,-999999,0.080,-999999,-999999,-999999,-999999,-999999,1.5;3.690,3.689,-999999,4.634,-999999,-999999,-999999,-999999,-999999,-999999,-999999,0,0,-999999,-999999,0,-999999,-999999,0.079,-999999,-999999,-999999,-999999,-999999,1.7;3.710,3.709,-999999,4.096,-999999,-999999,-999999,-999999,-999999,-999999,-999999,0,0,-999999,-999999,0,-999999,-999999,0.078,-999999,-999999,-999999,-999999,-999999,1.8;3.730,3.729,-999999,3.444,-999999,-999999,-999999,-999999,-999999,-999999,-999999,0,0,-999999,-999999,1,-999999,-999999,0.076,-999999,-999999,-999999,-999999,-999999,2.0;3.750,3.749,-999999,3.034,-999999,-999999,-999999,-999999,-999999,-999999,-999999,0,0,-999999,-999999,1,-999999,-999999,0.072,-999999,-999999,-999999,-999999,-999999,2.1;3.770,3.769,-999999,2.809,-999999,-999999,-999999,-999999,-999999,-999999,-999999,0,0,-999999,-999999,0,-999999,-999999,0.065,-999999,-999999,-999999,-999999,-999999,2.1;3.790,3.789,-999999,2.691,-999999,-999999,-999999,-999999,-999999,-999999,-999999,0,0,-999999,-999999,1,-999999,-999999,0.061,-999999,-999999,-999999,-999999,-999999,2.1;3.810,3.809,-999999,2.662,-999999,-999999,-999999,-999999,-999999,-999999,-999999,0,2,-999999,-999999,2,-999999,-999999,0.054,-999999,-999999,-999999,-999999,-999999,2.0;3.830,3.829,-999999,2.610,-999999,-999999,-999999,-999999,-999999,-999999,-999999,0,0,-999999,-999999,0,-999999,-999999,0.046,-999999,-999999,-999999,-999999,-999999,1.7;3.850,3.849,-999999,2.598,-999999,-999999,-999999,-999999,-999999,-999999,-999999,1,0,-999999,-999999,1,-999999,-999999,0.041,-999999,-999999,-999999,-999999,-999999,1.6;3.870,3.869,-999999,2.501,-999999,-999999,-999999,-999999,-999999,-999999,-999999,0,0,-999999,-999999,0,-999999,-999999,0.035,-999999,-999999,-999999,-999999,-999999,1.4;3.890,3.889,-999999,2.399,-999999,-999999,-999999,-999999,-999999,-999999,-999999,0,0,-999999,-999999,0,-999999,-999999,0.029,-999999,-999999,-999999,-999999,-999999,1.1;3.910,3.909,-999999,2.376,-999999,-999999,-999999,-999999,-999999,-999999,-999999,0,0,-999999,-999999,0,-999999,-999999,0.027,-999999,-999999,-999999,-999999,-999999,1.1;3.930,3.929,-999999,2.380,-999999,-999999,-999999,-999999,-999999,-999999,-999999,0,0,-999999,-999999,1,-999999,-999999,0.027,-999999,-999999,-999999,-999999,-999999,1.2;3.950,3.949,-999999,2.335,-999999,-999999,-999999,-999999,-999999,-999999,-999999,0,0,-999999,-999999,1,-999999,-999999,0.033,-999999,-999999,-999999,-999999,-999999,1.4;3.970,3.969,-999999,2.197,-999999,-999999,-999999,-999999,-999999,-999999,-999999,0,0,-999999,-999999,1,-999999,-999999,0.025,-999999,-999999,-999999,-999999,-999999,1.2;3.990,3.989,-999999,2.007,-999999,-999999,-999999,-999999,-999999,-999999,-999999,0,0,-999999,-999999,1,-999999,-999999,0.026,-999999,-999999,-999999,-999999,-999999,1.3;4.010,4.009,-999999,1.844,-999999,-999999,-999999,-999999,-999999,-999999,-999999,0,0,-999999,-999999,1,-999999,-999999,0.029,-999999,-999999,-999999,-999999,-999999,1.5;4.030,4.029,-999999,1.680,-999999,-999999,-999999,-999999,-999999,-999999,-999999,0,0,-999999,-999999,1,-999999,-999999,0.029,-999999,-999999,-999999,-999999,-999999,1.7;4.050,4.049,-999999,1.565,-999999,-999999,-999999,-999999,-999999,-999999,-999999,0,0,-999999,-999999,1,-999999,-999999,0.032,-999999,-999999,-999999,-999999,-999999,2.1;4.070,4.069,-999999,1.347,-999999,-999999,-999999,-999999,-999999,-999999,-999999,0,0,-999999,-999999,1,-999999,-999999,0.026,-999999,-999999,-999999,-999999,-999999,1.8;4.090,4.089,-999999,1.276,-999999,-999999,-999999,-999999,-999999,-999999,-999999,0,0,-999999,-999999,0,-999999,-999999,0.027,-999999,-999999,-999999,-999999,-999999,2.0;4.110,4.109,-999999,1.154,-999999,-999999,-999999,-999999,-999999,-999999,-999999,0,0,-999999,-999999,0,-999999,-999999,0.025,-999999,-999999,-999999,-999999,-999999,2.0;4.130,4.129,-999999,1.045,-999999,-999999,-999999,-999999,-999999,-999999,-999999,0,0,-999999,-999999,0,-999999,-999999,0.024,-999999,-999999,-999999,-999999,-999999,1.8;4.150,4.149,-999999,1.109,-999999,-999999,-999999,-999999,-999999,-999999,-999999,0,0,-999999,-999999,0,-999999,-999999,0.024,-999999,-999999,-999999,-999999,-999999,1.7;4.170,4.169,-999999,1.267,-999999,-999999,-999999,-999999,-999999,-999999,-999999,0,0,-999999,-999999,0,-999999,-999999,0.025,-999999,-999999,-999999,-999999,-999999,1.6;4.190,4.189,-999999,1.921,-999999,-999999,-999999,-999999,-999999,-999999,-999999,0,0,-999999,-999999,0,-999999,-999999,0.029,-999999,-999999,-999999,-999999,-999999,1.6;4.210,4.209,-999999,2.139,-999999,-999999,-999999,-999999,-999999,-999999,-999999,0,0,-999999,-999999,0,-999999,-999999,0.025,-999999,-999999,-999999,-999999,-999999,1.2;4.230,4.229,-999999,2.444,-999999,-999999,-999999,-999999,-999999,-999999,-999999,0,0,-999999,-999999,0,-999999,-999999,0.022,-999999,-999999,-999999,-999999,-999999,1.0;4.250,4.249,-999999,2.540,-999999,-999999,-999999,-999999,-999999,-999999,-999999,0,0,-999999,-999999,0,-999999,-999999,0.023,-999999,-999999,-999999,-999999,-999999,0.9;4.270,4.269,-999999,2.556,-999999,-999999,-999999,-999999,-999999,-999999,-999999,0,0,-999999,-999999,0,-999999,-999999,0.025,-999999,-999999,-999999,-999999,-999999,1.0;4.290,4.289,-999999,2.559,-999999,-999999,-999999,-999999,-999999,-999999,-999999,0,0,-999999,-999999,0,-999999,-999999,0.026,-999999,-999999,-999999,-999999,-999999,1.0;4.310,4.309,-999999,2.543,-999999,-999999,-999999,-999999,-999999,-999999,-999999,0,0,-999999,-999999,0,-999999,-999999,0.026,-999999,-999999,-999999,-999999,-999999,1.0;4.330,4.329,-999999,2.524,-999999,-999999,-999999,-999999,-999999,-999999,-999999,0,0,-999999,-999999,0,-999999,-999999,0.026,-999999,-999999,-999999,-999999,-999999,1.0;4.350,4.349,-999999,2.505,-999999,-999999,-999999,-999999,-999999,-999999,-999999,0,0,-999999,-999999,0,-999999,-999999,0.025,-999999,-999999,-999999,-999999,-999999,1.0;4.370,4.369,-999999,2.473,-999999,-999999,-999999,-999999,-999999,-999999,-999999,0,0,-999999,-999999,0,-999999,-999999,0.024,-999999,-999999,-999999,-999999,-999999,0.9;4.390,4.389,-999999,2.428,-999999,-999999,-999999,-999999,-999999,-999999,-999999,0,0,-999999,-999999,0,-999999,-999999,0.023,-999999,-999999,-999999,-999999,-999999,0.9;4.410,4.409,-999999,2.376,-999999,-999999,-999999,-999999,-999999,-999999,-999999,0,0,-999999,-999999,0,-999999,-999999,0.023,-999999,-999999,-999999,-999999,-999999,0.9;4.430,4.429,-999999,2.328,-999999,-999999,-999999,-999999,-999999,-999999,-999999,0,0,-999999,-999999,0,-999999,-999999,0.022,-999999,-999999,-999999,-999999,-999999,0.9;4.450,4.449,-999999,2.293,-999999,-999999,-999999,-999999,-999999,-999999,-999999,0,0,-999999,-999999,0,-999999,-999999,0.022,-999999,-999999,-999999,-999999,-999999,0.9;4.470,4.469,-999999,2.277,-999999,-999999,-999999,-999999,-999999,-999999,-999999,0,0,-999999,-999999,0,-999999,-999999,0.022,-999999,-999999,-999999,-999999,-999999,0.9;4.490,4.489,-999999,2.280,-999999,-999999,-999999,-999999,-999999,-999999,-999999,0,0,-999999,-999999,0,-999999,-999999,0.021,-999999,-999999,-999999,-999999,-999999,0.9;4.510,4.509,-999999,2.287,-999999,-999999,-999999,-999999,-999999,-999999,-999999,0,0,-999999,-999999,1,-999999,-999999,0.022,-999999,-999999,-999999,-999999,-999999,0.9;4.530,4.529,-999999,2.290,-999999,-999999,-999999,-999999,-999999,-999999,-999999,0,0,-999999,-999999,0,-999999,-999999,0.022,-999999,-999999,-999999,-999999,-999999,0.9;4.550,4.549,-999999,2.264,-999999,-999999,-999999,-999999,-999999,-999999,-999999,0,0,-999999,-999999,0,-999999,-999999,0.022,-999999,-999999,-999999,-999999,-999999,1.0;4.570,4.569,-999999,2.197,-999999,-999999,-999999,-999999,-999999,-999999,-999999,0,0,-999999,-999999,0,-999999,-999999,0.022,-999999,-999999,-999999,-999999,-999999,1.0;4.590,4.589,-999999,2.117,-999999,-999999,-999999,-999999,-999999,-999999,-999999,0,0,-999999,-999999,0,-999999,-999999,0.022,-999999,-999999,-999999,-999999,-999999,1.0;4.610,4.609,-999999,2.049,-999999,-999999,-999999,-999999,-999999,-999999,-999999,0,0,-999999,-999999,1,-999999,-999999,0.021,-999999,-999999,-999999,-999999,-999999,1.0;4.630,4.629,-999999,1.995,-999999,-999999,-999999,-999999,-999999,-999999,-999999,0,0,-999999,-999999,1,-999999,-999999,0.021,-999999,-999999,-999999,-999999,-999999,1.0;4.650,4.649,-999999,1.959,-999999,-999999,-999999,-999999,-999999,-999999,-999999,0,0,-999999,-999999,1,-999999,-999999,0.021,-999999,-999999,-999999,-999999,-999999,1.0;4.670,4.669,-999999,1.930,-999999,-999999,-999999,-999999,-999999,-999999,-999999,0,0,-999999,-999999,0,-999999,-999999,0.020,-999999,-999999,-999999,-999999,-999999,1.0;4.690,4.689,-999999,1.902,-999999,-999999,-999999,-999999,-999999,-999999,-999999,0,0,-999999,-999999,0,-999999,-999999,0.020,-999999,-999999,-999999,-999999,-999999,1.0;4.710,4.709,-999999,1.870,-999999,-999999,-999999,-999999,-999999,-999999,-999999,0,0,-999999,-999999,1,-999999,-999999,0.019,-999999,-999999,-999999,-999999,-999999,1.0;4.730,4.729,-999999,1.844,-999999,-999999,-999999,-999999,-999999,-999999,-999999,0,0,-999999,-999999,0,-999999,-999999,0.020,-999999,-999999,-999999,-999999,-999999,1.1;4.750,4.749,-999999,1.809,-999999,-999999,-999999,-999999,-999999,-999999,-999999,0,0,-999999,-999999,0,-999999,-999999,0.019,-999999,-999999,-999999,-999999,-999999,1.0;4.770,4.769,-999999,1.777,-999999,-999999,-999999,-999999,-999999,-999999,-999999,0,0,-999999,-999999,0,-999999,-999999,0.019,-999999,-999999,-999999,-999999,-999999,1.1;4.790,4.789,-999999,1.748,-999999,-999999,-999999,-999999,-999999,-999999,-999999,0,0,-999999,-999999,0,-999999,-999999,0.019,-999999,-999999,-999999,-999999,-999999,1.0;4.810,4.809,-999999,1.728,-999999,-999999,-999999,-999999,-999999,-999999,-999999,0,0,-999999,-999999,1,-999999,-999999,0.019,-999999,-999999,-999999,-999999,-999999,1.0;4.830,4.829,-999999,1.725,-999999,-999999,-999999,-999999,-999999,-999999,-999999,0,0,-999999,-999999,1,-999999,-999999,0.019,-999999,-999999,-999999,-999999,-999999,1.0;4.850,4.849,-999999,1.722,-999999,-999999,-999999,-999999,-999999,-999999,-999999,0,0,-999999,-999999,0,-999999,-999999,0.017,-999999,-999999,-999999,-999999,-999999,1.0;4.870,4.869,-999999,1.725,-999999,-999999,-999999,-999999,-999999,-999999,-999999,0,0,-999999,-999999,0,-999999,-999999,0.018,-999999,-999999,-999999,-999999,-999999,1.0;4.890,4.889,-999999,1.725,-999999,-999999,-999999,-999999,-999999,-999999,-999999,0,0,-999999,-999999,0,-999999,-999999,0.014,-999999,-999999,-999999,-999999,-999999,0.8;4.910,4.909,-999999,1.738,-999999,-999999,-999999,-999999,-999999,-999999,-999999,0,0,-999999,-999999,0,-999999,-999999,0.011,-999999,-999999,-999999,-999999,-999999,0.6;4.930,4.929,-999999,1.767,-999999,-999999,-999999,-999999,-999999,-999999,-999999,0,0,-999999,-999999,1,-999999,-999999,0.020,-999999,-999999,-999999,-999999,-999999,1.1;4.950,4.949,-999999,1.786,-999999,-999999,-999999,-999999,-999999,-999999,-999999,0,0,-999999,-999999,0,-999999,-999999,0.021,-999999,-999999,-999999,-999999,-999999,1.1;4.970,4.969,-999999,1.937,-999999,-999999,-999999,-999999,-999999,-999999,-999999,0,0,-999999,-999999,0,-999999,-999999,0.023,-999999,-999999,-999999,-999999,-999999,1.1;4.990,4.989,-999999,2.142,-999999,-999999,-999999,-999999,-999999,-999999,-999999,0,0,-999999,-999999,0,-999999,-999999,0.024,-999999,-999999,-999999,-999999,-999999,1.0;5.010,5.009,-999999,2.299,-999999,-999999,-999999,-999999,-999999,-999999,-999999,0,0,-999999,-999999,1,-999999,-999999,0.026,-999999,-999999,-999999,-999999,-999999,0.9;5.030,5.029,-999999,2.825,-999999,-999999,-999999,-999999,-999999,-999999,-999999,0,0,-999999,-999999,0,-999999,-999999,0.028,-999999,-999999,-999999,-999999,-999999,0.8;5.050,5.049,-999999,3.614,-999999,-999999,-999999,-999999,-999999,-999999,-999999,0,0,-999999,-999999,0,-999999,-999999,0.030,-999999,-999999,-999999,-999999,-999999,0.8;5.070,5.069,-999999,4.535,-999999,-999999,-999999,-999999,-999999,-999999,-999999,0,0,-999999,-999999,0,-999999,-999999,0.033,-999999,-999999,-999999,-999999,-999999,0.7;5.090,5.089,-999999,5.379,-999999,-999999,-999999,-999999,-999999,-999999,-999999,0,0,-999999,-999999,0,-999999,-999999,0.037,-999999,-999999,-999999,-999999,-999999,0.7;5.110,5.109,-999999,5.998,-999999,-999999,-999999,-999999,-999999,-999999,-999999,0,0,-999999,-999999,0,-999999,-999999,0.042,-999999,-999999,-999999,-999999,-999999,0.7;5.130,5.129,-999999,6.447,-999999,-999999,-999999,-999999,-999999,-999999,-999999,0,0,-999999,-999999,0,-999999,-999999,0.047,-999999,-999999,-999999,-999999,-999999,0.7;5.150,5.149,-999999,6.687,-999999,-999999,-999999,-999999,-999999,-999999,-999999,0,0,-999999,-999999,0,-999999,-999999,0.052,-999999,-999999,-999999,-999999,-999999,0.8;5.170,5.169,-999999,6.719,-999999,-999999,-999999,-999999,-999999,-999999,-999999,0,0,-999999,-999999,0,-999999,-999999,0.056,-999999,-999999,-999999,-999999,-999999,0.8;5.190,5.189,-999999,6.665,-999999,-999999,-999999,-999999,-999999,-999999,-999999,0,0,-999999,-999999,0,-999999,-999999,0.059,-999999,-999999,-999999,-999999,-999999,0.9;5.210,5.209,-999999,6.569,-999999,-999999,-999999,-999999,-999999,-999999,-999999,0,0,-999999,-999999,0,-999999,-999999,0.060,-999999,-999999,-999999,-999999,-999999,0.9;5.230,5.229,-999999,6.424,-999999,-999999,-999999,-999999,-999999,-999999,-999999,0,0,-999999,-999999,0,-999999,-999999,0.060,-999999,-999999,-999999,-999999,-999999,0.9;5.250,5.249,-999999,6.267,-999999,-999999,-999999,-999999,-999999,-999999,-999999,0,0,-999999,-999999,0,-999999,-999999,0.061,-999999,-999999,-999999,-999999,-999999,0.9;5.270,5.269,-999999,6.078,-999999,-999999,-999999,-999999,-999999,-999999,-999999,0,0,-999999,-999999,0,-999999,-999999,0.061,-999999,-999999,-999999,-999999,-999999,1.0;5.290,5.289,-999999,5.918,-999999,-999999,-999999,-999999,-999999,-999999,-999999,0,0,-999999,-999999,0,-999999,-999999,0.060,-999999,-999999,-999999,-999999,-999999,1.0;5.310,5.309,-999999,5.719,-999999,-999999,-999999,-999999,-999999,-999999,-999999,0,0,-999999,-999999,1,-999999,-999999,0.058,-999999,-999999,-999999,-999999,-999999,1.0;5.330,5.329,-999999,5.545,-999999,-999999,-999999,-999999,-999999,-999999,-999999,0,0,-999999,-999999,0,-999999,-999999,0.056,-999999,-999999,-999999,-999999,-999999,1.0;5.350,5.349,-999999,5.343,-999999,-999999,-999999,-999999,-999999,-999999,-999999,0,0,-999999,-999999,1,-999999,-999999,0.054,-999999,-999999,-999999,-999999,-999999,1.0;5.370,5.369,-999999,5.167,-999999,-999999,-999999,-999999,-999999,-999999,-999999,0,0,-999999,-999999,1,-999999,-999999,0.053,-999999,-999999,-999999,-999999,-999999,1.0;5.390,5.389,-999999,4.984,-999999,-999999,-999999,-999999,-999999,-999999,-999999,0,0,-999999,-999999,1,-999999,-999999,0.051,-999999,-999999,-999999,-999999,-999999,1.0;5.410,5.409,-999999,4.795,-999999,-999999,-999999,-999999,-999999,-999999,-999999,0,0,-999999,-999999,1,-999999,-999999,0.049,-999999,-999999,-999999,-999999,-999999,1.0;5.430,5.429,-999999,4.634,-999999,-999999,-999999,-999999,-999999,-999999,-999999,0,0,-999999,-999999,1,-999999,-999999,0.050,-999999,-999999,-999999,-999999,-999999,1.0;5.450,5.449,-999999,4.468,-999999,-999999,-999999,-999999,-999999,-999999,-999999,0,0,-999999,-999999,1,-999999,-999999,0.046,-999999,-999999,-999999,-999999,-999999,1.0;5.470,5.469,-999999,4.355,-999999,-999999,-999999,-999999,-999999,-999999,-999999,0,0,-999999,-999999,1,-999999,-999999,0.048,-999999,-999999,-999999,-999999,-999999,1.0;5.490,5.489,-999999,4.256,-999999,-999999,-999999,-999999,-999999,-999999,-999999,0,0,-999999,-999999,0,-999999,-999999,0.049,-999999,-999999,-999999,-999999,-999999,1.1;5.510,5.509,-999999,4.147,-999999,-999999,-999999,-999999,-999999,-999999,-999999,0,0,-999999,-999999,1,-999999,-999999,0.043,-999999,-999999,-999999,-999999,-999999,1.0;5.530,5.529,-999999,4.115,-999999,-999999,-999999,-999999,-999999,-999999,-999999,0,0,-999999,-999999,0,-999999,-999999,0.042,-999999,-999999,-999999,-999999,-999999,1.0;5.550,5.549,-999999,4.054,-999999,-999999,-999999,-999999,-999999,-999999,-999999,0,0,-999999,-999999,0,-999999,-999999,0.040,-999999,-999999,-999999,-999999,-999999,1.0;5.570,5.569,-999999,3.874,-999999,-999999,-999999,-999999,-999999,-999999,-999999,0,0,-999999,-999999,0,-999999,-999999,0.037,-999999,-999999,-999999,-999999,-999999,0.9;5.590,5.589,-999999,3.836,-999999,-999999,-999999,-999999,-999999,-999999,-999999,0,0,-999999,-999999,0,-999999,-999999,0.037,-999999,-999999,-999999,-999999,-999999,0.9;5.610,5.609,-999999,3.724,-999999,-999999,-999999,-999999,-999999,-999999,-999999,0,0,-999999,-999999,0,-999999,-999999,0.037,-999999,-999999,-999999,-999999,-999999,1.0;5.630,5.629,-999999,3.608,-999999,-999999,-999999,-999999,-999999,-999999,-999999,0,0,-999999,-999999,0,-999999,-999999,0.035,-999999,-999999,-999999,-999999,-999999,0.9;5.650,5.649,-999999,3.521,-999999,-999999,-999999,-999999,-999999,-999999,-999999,0,0,-999999,-999999,0,-999999,-999999,0.035,-999999,-999999,-999999,-999999,-999999,1.0;5.670,5.669,-999999,3.454,-999999,-999999,-999999,-999999,-999999,-999999,-999999,0,0,-999999,-999999,0,-999999,-999999,0.030,-999999,-999999,-999999,-999999,-999999,0.8;5.690,5.689,-999999,3.435,-999999,-999999,-999999,-999999,-999999,-999999,-999999,0,0,-999999,-999999,0,-999999,-999999,0.034,-999999,-999999,-999999,-999999,-999999,0.9;5.710,5.709,-999999,3.441,-999999,-999999,-999999,-999999,-999999,-999999,-999999,1,0,-999999,-999999,1,-999999,-999999,0.034,-999999,-999999,-999999,-999999,-999999,0.9;5.730,5.729,-999999,3.480,-999999,-999999,-999999,-999999,-999999,-999999,-999999,0,2,-999999,-999999,2,-999999,-999999,0.033,-999999,-999999,-999999,-999999,-999999,0.9;5.750,5.749,-999999,3.602,-999999,-999999,-999999,-999999,-999999,-999999,-999999,0,0,-999999,-999999,0,-999999,-999999,0.034,-999999,-999999,-999999,-999999,-999999,0.9;5.770,5.769,-999999,3.701,-999999,-999999,-999999,-999999,-999999,-999999,-999999,0,0,-999999,-999999,0,-999999,-999999,0.036,-999999,-999999,-999999,-999999,-999999,0.9;5.790,5.789,-999999,4.224,-999999,-999999,-999999,-999999,-999999,-999999,-999999,0,0,-999999,-999999,0,-999999,-999999,0.037,-999999,-999999,-999999,-999999,-999999,0.8;5.810,5.809,-999999,4.458,-999999,-999999,-999999,-999999,-999999,-999999,-999999,0,0,-999999,-999999,1,-999999,-999999,0.038,-999999,-999999,-999999,-999999,-999999,0.8;5.830,5.829,-999999,4.875,-999999,-999999,-999999,-999999,-999999,-999999,-999999,0,0,-999999,-999999,0,-999999,-999999,0.040,-999999,-999999,-999999,-999999,-999999,0.8;5.850,5.849,-999999,5.225,-999999,-999999,-999999,-999999,-999999,-999999,-999999,0,0,-999999,-999999,1,-999999,-999999,0.041,-999999,-999999,-999999,-999999,-999999,0.7;5.870,5.869,-999999,5.552,-999999,-999999,-999999,-999999,-999999,-999999,-999999,0,0,-999999,-999999,1,-999999,-999999,0.044,-999999,-999999,-999999,-999999,-999999,0.7;5.890,5.889,-999999,5.914,-999999,-999999,-999999,-999999,-999999,-999999,-999999,0,0,-999999,-999999,0,-999999,-999999,0.048,-999999,-999999,-999999,-999999,-999999,0.8;5.910,5.909,-999999,6.521,-999999,-999999,-999999,-999999,-999999,-999999,-999999,0,0,-999999,-999999,1,-999999,-999999,0.051,-999999,-999999,-999999,-999999,-999999,0.8;5.930,5.929,-999999,6.729,-999999,-999999,-999999,-999999,-999999,-999999,-999999,0,0,-999999,-999999,1,-999999,-999999,0.055,-999999,-999999,-999999,-999999,-999999,0.8;5.950,5.949,-999999,7.204,-999999,-999999,-999999,-999999,-999999,-999999,-999999,0,0,-999999,-999999,1,-999999,-999999,0.059,-999999,-999999,-999999,-999999,-999999,0.8;5.970,5.969,-999999,7.634,-999999,-999999,-999999,-999999,-999999,-999999,-999999,0,0,-999999,-999999,1,-999999,-999999,0.062,-999999,-999999,-999999,-999999,-999999,0.8;5.990,5.989,-999999,7.986,-999999,-999999,-999999,-999999,-999999,-999999,-999999,0,0,-999999,-999999,1,-999999,-999999,0.064,-999999,-999999,-999999,-999999,-999999,0.8;6.010,6.009,-999999,8.208,-999999,-999999,-999999,-999999,-999999,-999999,-999999,1,0,-999999,-999999,1,-999999,-999999,0.066,-999999,-999999,-999999,-999999,-999999,0.8;6.030,6.029,-999999,8.365,-999999,-999999,-999999,-999999,-999999,-999999,-999999,0,0,-999999,-999999,1,-999999,-999999,0.069,-999999,-999999,-999999,-999999,-999999,0.8;6.050,6.049,-999999,8.464,-999999,-999999,-999999,-999999,-999999,-999999,-999999,0,0,-999999,-999999,1,-999999,-999999,0.070,-999999,-999999,-999999,-999999,-999999,0.8;6.070,6.069,-999999,8.452,-999999,-999999,-999999,-999999,-999999,-999999,-999999,0,0,-999999,-999999,1,-999999,-999999,0.072,-999999,-999999,-999999,-999999,-999999,0.8;6.090,6.089,-999999,8.368,-999999,-999999,-999999,-999999,-999999,-999999,-999999,0,0,-999999,-999999,1,-999999,-999999,0.071,-999999,-999999,-999999,-999999,-999999,0.8;6.110,6.109,-999999,8.195,-999999,-999999,-999999,-999999,-999999,-999999,-999999,0,0,-999999,-999999,1,-999999,-999999,0.070,-999999,-999999,-999999,-999999,-999999,0.8;6.130,6.129,-999999,7.970,-999999,-999999,-999999,-999999,-999999,-999999,-999999,0,0,-999999,-999999,1,-999999,-999999,0.070,-999999,-999999,-999999,-999999,-999999,0.8;6.150,6.149,-999999,7.707,-999999,-999999,-999999,-999999,-999999,-999999,-999999,0,0,-999999,-999999,1,-999999,-999999,0.070,-999999,-999999,-999999,-999999,-999999,0.9;6.170,6.169,-999999,7.393,-999999,-999999,-999999,-999999,-999999,-999999,-999999,0,0,-999999,-999999,1,-999999,-999999,0.070,-999999,-999999,-999999,-999999,-999999,0.9;6.190,6.189,-999999,7.053,-999999,-999999,-999999,-999999,-999999,-999999,-999999,0,0,-999999,-999999,1,-999999,-999999,0.068,-999999,-999999,-999999,-999999,-999999,0.9;6.210,6.209,-999999,6.719,-999999,-999999,-999999,-999999,-999999,-999999,-999999,0,0,-999999,-999999,1,-999999,-999999,0.066,-999999,-999999,-999999,-999999,-999999,0.9;6.230,6.229,-999999,6.370,-999999,-999999,-999999,-999999,-999999,-999999,-999999,0,0,-999999,-999999,1,-999999,-999999,0.065,-999999,-999999,-999999,-999999,-999999,1.0;6.250,6.249,-999999,6.007,-999999,-999999,-999999,-999999,-999999,-999999,-999999,1,0,-999999,-999999,1,-999999,-999999,0.064,-999999,-999999,-999999,-999999,-999999,1.0;6.270,6.269,-999999,5.658,-999999,-999999,-999999,-999999,-999999,-999999,-999999,1,0,-999999,-999999,1,-999999,-999999,0.063,-999999,-999999,-999999,-999999,-999999,1.1;6.290,6.289,-999999,5.327,-999999,-999999,-999999,-999999,-999999,-999999,-999999,0,0,-999999,-999999,1,-999999,-999999,0.061,-999999,-999999,-999999,-999999,-999999,1.1;6.310,6.309,-999999,5.035,-999999,-999999,-999999,-999999,-999999,-999999,-999999,0,0,-999999,-999999,1,-999999,-999999,0.066,-999999,-999999,-999999,-999999,-999999,1.3;6.330,6.329,-999999,4.772,-999999,-999999,-999999,-999999,-999999,-999999,-999999,0,0,-999999,-999999,1,-999999,-999999,0.058,-999999,-999999,-999999,-999999,-999999,1.2;6.350,6.349,-999999,4.529,-999999,-999999,-999999,-999999,-999999,-999999,-999999,0,0,-999999,-999999,1,-999999,-999999,0.060,-999999,-999999,-999999,-999999,-999999,1.3;6.370,6.369,-999999,4.307,-999999,-999999,-999999,-999999,-999999,-999999,-999999,0,0,-999999,-999999,1,-999999,-999999,0.056,-999999,-999999,-999999,-999999,-999999,1.3;6.390,6.389,-999999,4.105,-999999,-999999,-999999,-999999,-999999,-999999,-999999,0,0,-999999,-999999,1,-999999,-999999,0.051,-999999,-999999,-999999,-999999,-999999,1.2;6.410,6.409,-999999,3.938,-999999,-999999,-999999,-999999,-999999,-999999,-999999,0,0,-999999,-999999,1,-999999,-999999,0.047,-999999,-999999,-999999,-999999,-999999,1.1;6.430,6.429,-999999,3.823,-999999,-999999,-999999,-999999,-999999,-999999,-999999,0,0,-999999,-999999,1,-999999,-999999,0.048,-999999,-999999,-999999,-999999,-999999,1.2;6.450,6.449,-999999,3.752,-999999,-999999,-999999,-999999,-999999,-999999,-999999,0,0,-999999,-999999,1,-999999,-999999,0.034,-999999,-999999,-999999,-999999,-999999,0.8;6.470,6.469,-999999,3.746,-999999,-999999,-999999,-999999,-999999,-999999,-999999,1,0,-999999,-999999,1,-999999,-999999,0.027,-999999,-999999,-999999,-999999,-999999,0.7;6.490,6.489,-999999,3.810,-999999,-999999,-999999,-999999,-999999,-999999,-999999,0,0,-999999,-999999,1,-999999,-999999,0.045,-999999,-999999,-999999,-999999,-999999,1.1;6.510,6.509,-999999,3.871,-999999,-999999,-999999,-999999,-999999,-999999,-999999,0,0,-999999,-999999,1,-999999,-999999,0.044,-999999,-999999,-999999,-999999,-999999,1.0;6.530,6.529,-999999,4.343,-999999,-999999,-999999,-999999,-999999,-999999,-999999,0,0,-999999,-999999,1,-999999,-999999,0.044,-999999,-999999,-999999,-999999,-999999,0.9;6.550,6.549,-999999,4.894,-999999,-999999,-999999,-999999,-999999,-999999,-999999,0,0,-999999,-999999,1,-999999,-999999,0.045,-999999,-999999,-999999,-999999,-999999,0.9;6.570,6.569,-999999,5.215,-999999,-999999,-999999,-999999,-999999,-999999,-999999,0,0,-999999,-999999,1,-999999,-999999,0.046,-999999,-999999,-999999,-999999,-999999,0.8;6.590,6.589,-999999,5.866,-999999,-999999,-999999,-999999,-999999,-999999,-999999,0,0,-999999,-999999,1,-999999,-999999,0.049,-999999,-999999,-999999,-999999,-999999,0.8;6.610,6.609,-999999,6.549,-999999,-999999,-999999,-999999,-999999,-999999,-999999,0,0,-999999,-999999,1,-999999,-999999,0.053,-999999,-999999,-999999,-999999,-999999,0.8;6.630,6.629,-999999,7.287,-999999,-999999,-999999,-999999,-999999,-999999,-999999,0,0,-999999,-999999,1,-999999,-999999,0.058,-999999,-999999,-999999,-999999,-999999,0.8;6.650,6.649,-999999,8.047,-999999,-999999,-999999,-999999,-999999,-999999,-999999,0,0,-999999,-999999,1,-999999,-999999,0.065,-999999,-999999,-999999,-999999,-999999,0.8;6.670,6.669,-999999,8.682,-999999,-999999,-999999,-999999,-999999,-999999,-999999,0,0,-999999,-999999,1,-999999,-999999,0.071,-999999,-999999,-999999,-999999,-999999,0.8;6.690,6.689,-999999,9.058,-999999,-999999,-999999,-999999,-999999,-999999,-999999,0,0,-999999,-999999,1,-999999,-999999,0.077,-999999,-999999,-999999,-999999,-999999,0.8;6.710,6.709,-999999,9.237,-999999,-999999,-999999,-999999,-999999,-999999,-999999,0,0,-999999,-999999,1,-999999,-999999,0.081,-999999,-999999,-999999,-999999,-999999,0.9;6.730,6.729,-999999,9.234,-999999,-999999,-999999,-999999,-999999,-999999,-999999,0,0,-999999,-999999,1,-999999,-999999,0.085,-999999,-999999,-999999,-999999,-999999,0.9;6.750,6.749,-999999,9.151,-999999,-999999,-999999,-999999,-999999,-999999,-999999,0,0,-999999,-999999,1,-999999,-999999,0.089,-999999,-999999,-999999,-999999,-999999,0.9;6.770,6.769,-999999,9.029,-999999,-999999,-999999,-999999,-999999,-999999,-999999,1,0,-999999,-999999,1,-999999,-999999,0.092,-999999,-999999,-999999,-999999,-999999,1.0;6.790,6.789,-999999,8.862,-999999,-999999,-999999,-999999,-999999,-999999,-999999,0,0,-999999,-999999,1,-999999,-999999,0.093,-999999,-999999,-999999,-999999,-999999,1.0;6.810,6.809,-999999,8.545,-999999,-999999,-999999,-999999,-999999,-999999,-999999,0,0,-999999,-999999,1,-999999,-999999,0.093,-999999,-999999,-999999,-999999,-999999,1.1;6.830,6.829,-999999,8.051,-999999,-999999,-999999,-999999,-999999,-999999,-999999,0,0,-999999,-999999,1,-999999,-999999,0.091,-999999,-999999,-999999,-999999,-999999,1.1;6.850,6.849,-999999,7.518,-999999,-999999,-999999,-999999,-999999,-999999,-999999,0,0,-999999,-999999,1,-999999,-999999,0.090,-999999,-999999,-999999,-999999,-999999,1.1;6.870,6.869,-999999,7.104,-999999,-999999,-999999,-999999,-999999,-999999,-999999,0,0,-999999,-999999,1,-999999,-999999,0.089,-999999,-999999,-999999,-999999,-999999,1.2;6.890,6.889,-999999,6.796,-999999,-999999,-999999,-999999,-999999,-999999,-999999,0,0,-999999,-999999,1,-999999,-999999,0.086,-999999,-999999,-999999,-999999,-999999,1.2;6.910,6.909,-999999,6.530,-999999,-999999,-999999,-999999,-999999,-999999,-999999,0,0,-999999,-999999,1,-999999,-999999,0.083,-999999,-999999,-999999,-999999,-999999,1.2;6.930,6.929,-999999,6.274,-999999,-999999,-999999,-999999,-999999,-999999,-999999,0,0,-999999,-999999,1,-999999,-999999,0.078,-999999,-999999,-999999,-999999,-999999,1.2;6.950,6.949,-999999,6.020,-999999,-999999,-999999,-999999,-999999,-999999,-999999,0,0,-999999,-999999,1,-999999,-999999,0.074,-999999,-999999,-999999,-999999,-999999,1.2;6.970,6.969,-999999,5.821,-999999,-999999,-999999,-999999,-999999,-999999,-999999,0,0,-999999,-999999,1,-999999,-999999,0.070,-999999,-999999,-999999,-999999,-999999,1.1;6.990,6.989,-999999,5.696,-999999,-999999,-999999,-999999,-999999,-999999,-999999,0,0,-999999,-999999,1,-999999,-999999,0.067,-999999,-999999,-999999,-999999,-999999,1.1;7.010,7.009,-999999,5.635,-999999,-999999,-999999,-999999,-999999,-999999,-999999,0,0,-999999,-999999,1,-999999,-999999,0.072,-999999,-999999,-999999,-999999,-999999,1.2;7.030,7.029,-999999,5.597,-999999,-999999,-999999,-999999,-999999,-999999,-999999,0,0,-999999,-999999,1,-999999,-999999,0.062,-999999,-999999,-999999,-999999,-999999,1.1;7.050,7.049,-999999,5.552,-999999,-999999,-999999,-999999,-999999,-999999,-999999,0,0,-999999,-999999,1,-999999,-999999,0.067,-999999,-999999,-999999,-999999,-999999,1.2;7.070,7.069,-999999,5.420,-999999,-999999,-999999,-999999,-999999,-999999,-999999,0,0,-999999,-999999,1,-999999,-999999,0.065,-999999,-999999,-999999,-999999,-999999,1.2;7.090,7.089,-999999,5.244,-999999,-999999,-999999,-999999,-999999,-999999,-999999,0,0,-999999,-999999,1,-999999,-999999,0.059,-999999,-999999,-999999,-999999,-999999,1.1;7.110,7.109,-999999,5.068,-999999,-999999,-999999,-999999,-999999,-999999,-999999,0,0,-999999,-999999,1,-999999,-999999,0.061,-999999,-999999,-999999,-999999,-999999,1.2;7.130,7.129,-999999,4.901,-999999,-999999,-999999,-999999,-999999,-999999,-999999,0,0,-999999,-999999,1,-999999,-999999,0.056,-999999,-999999,-999999,-999999,-999999,1.1;7.150,7.149,-999999,4.766,-999999,-999999,-999999,-999999,-999999,-999999,-999999,0,0,-999999,-999999,1,-999999,-999999,0.055,-999999,-999999,-999999,-999999,-999999,1.1;7.170,7.169,-999999,4.708,-999999,-999999,-999999,-999999,-999999,-999999,-999999,0,0,-999999,-999999,1,-999999,-999999,0.054,-999999,-999999,-999999,-999999,-999999,1.1;7.190,7.189,-999999,4.541,-999999,-999999,-999999,-999999,-999999,-999999,-999999,0,0,-999999,-999999,1,-999999,-999999,0.052,-999999,-999999,-999999,-999999,-999999,1.1;7.210,7.209,-999999,4.493,-999999,-999999,-999999,-999999,-999999,-999999,-999999,0,0,-999999,-999999,1,-999999,-999999,0.049,-999999,-999999,-999999,-999999,-999999,1.1;7.230,7.229,-999999,4.426,-999999,-999999,-999999,-999999,-999999,-999999,-999999,0,0,-999999,-999999,1,-999999,-999999,0.048,-999999,-999999,-999999,-999999,-999999,1.0;7.250,7.249,-999999,4.371,-999999,-999999,-999999,-999999,-999999,-999999,-999999,0,0,-999999,-999999,1,-999999,-999999,0.047,-999999,-999999,-999999,-999999,-999999,1.0;7.270,7.269,-999999,4.368,-999999,-999999,-999999,-999999,-999999,-999999,-999999,0,0,-999999,-999999,1,-999999,-999999,0.047,-999999,-999999,-999999,-999999,-999999,1.0;7.290,7.289,-999999,4.397,-999999,-999999,-999999,-999999,-999999,-999999,-999999,0,0,-999999,-999999,1,-999999,-999999,0.047,-999999,-999999,-999999,-999999,-999999,1.0;7.310,7.309,-999999,4.436,-999999,-999999,-999999,-999999,-999999,-999999,-999999,0,0,-999999,-999999,1,-999999,-999999,0.047,-999999,-999999,-999999,-999999,-999999,1.0;7.330,7.329,-999999,4.509,-999999,-999999,-999999,-999999,-999999,-999999,-999999,0,0,-999999,-999999,1,-999999,-999999,0.048,-999999,-999999,-999999,-999999,-999999,1.0;7.350,7.349,-999999,4.641,-999999,-999999,-999999,-999999,-999999,-999999,-999999,0,0,-999999,-999999,1,-999999,-999999,0.052,-999999,-999999,-999999,-999999,-999999,1.1;7.370,7.369,-999999,4.833,-999999,-999999,-999999,-999999,-999999,-999999,-999999,0,0,-999999,-999999,1,-999999,-999999,0.049,-999999,-999999,-999999,-999999,-999999,1.0;7.390,7.389,-999999,5.128,-999999,-999999,-999999,-999999,-999999,-999999,-999999,0,0,-999999,-999999,1,-999999,-999999,0.050,-999999,-999999,-999999,-999999,-999999,0.9;7.410,7.409,-999999,5.440,-999999,-999999,-999999,-999999,-999999,-999999,-999999,0,0,-999999,-999999,1,-999999,-999999,0.049,-999999,-999999,-999999,-999999,-999999,0.9;7.430,7.429,-999999,5.699,-999999,-999999,-999999,-999999,-999999,-999999,-999999,0,0,-999999,-999999,1,-999999,-999999,0.049,-999999,-999999,-999999,-999999,-999999,0.8;7.450,7.449,-999999,6.039,-999999,-999999,-999999,-999999,-999999,-999999,-999999,0,0,-999999,-999999,1,-999999,-999999,0.050,-999999,-999999,-999999,-999999,-999999,0.8;7.470,7.469,-999999,6.322,-999999,-999999,-999999,-999999,-999999,-999999,-999999,0,0,-999999,-999999,1,-999999,-999999,0.053,-999999,-999999,-999999,-999999,-999999,0.8;7.490,7.489,-999999,6.565,-999999,-999999,-999999,-999999,-999999,-999999,-999999,0,0,-999999,-999999,1,-999999,-999999,0.054,-999999,-999999,-999999,-999999,-999999,0.8;7.510,7.509,-999999,6.751,-999999,-999999,-999999,-999999,-999999,-999999,-999999,0,0,-999999,-999999,1,-999999,-999999,0.057,-999999,-999999,-999999,-999999,-999999,0.8;7.530,7.529,-999999,6.877,-999999,-999999,-999999,-999999,-999999,-999999,-999999,0,0,-999999,-999999,1,-999999,-999999,0.059,-999999,-999999,-999999,-999999,-999999,0.8;7.550,7.549,-999999,7.037,-999999,-999999,-999999,-999999,-999999,-999999,-999999,0,0,-999999,-999999,1,-999999,-999999,0.060,-999999,-999999,-999999,-999999,-999999,0.8;7.570,7.569,-999999,7.236,-999999,-999999,-999999,-999999,-999999,-999999,-999999,0,0,-999999,-999999,1,-999999,-999999,0.062,-999999,-999999,-999999,-999999,-999999,0.8;7.590,7.589,-999999,7.396,-999999,-999999,-999999,-999999,-999999,-999999,-999999,0,0,-999999,-999999,1,-999999,-999999,0.063,-999999,-999999,-999999,-999999,-999999,0.8;7.610,7.609,-999999,7.435,-999999,-999999,-999999,-999999,-999999,-999999,-999999,0,0,-999999,-999999,1,-999999,-999999,0.064,-999999,-999999,-999999,-999999,-999999,0.8;7.630,7.629,-999999,7.467,-999999,-999999,-999999,-999999,-999999,-999999,-999999,0,0,-999999,-999999,1,-999999,-999999,0.065,-999999,-999999,-999999,-999999,-999999,0.8;7.650,7.649,-999999,7.483,-999999,-999999,-999999,-999999,-999999,-999999,-999999,0,0,-999999,-999999,1,-999999,-999999,0.066,-999999,-999999,-999999,-999999,-999999,0.8;7.670,7.669,-999999,7.502,-999999,-999999,-999999,-999999,-999999,-999999,-999999,0,0,-999999,-999999,1,-999999,-999999,0.066,-999999,-999999,-999999,-999999,-999999,0.8;7.690,7.689,-999999,7.444,-999999,-999999,-999999,-999999,-999999,-999999,-999999,0,0,-999999,-999999,1,-999999,-999999,0.067,-999999,-999999,-999999,-999999,-999999,0.9;7.710,7.709,-999999,7.367,-999999,-999999,-999999,-999999,-999999,-999999,-999999,0,0,-999999,-999999,1,-999999,-999999,0.077,-999999,-999999,-999999,-999999,-999999,1.0;7.730,7.729,-999999,7.284,-999999,-999999,-999999,-999999,-999999,-999999,-999999,0,0,-999999,-999999,1,-999999,-999999,0.079,-999999,-999999,-999999,-999999,-999999,1.1;7.750,7.749,-999999,7.146,-999999,-999999,-999999,-999999,-999999,-999999,-999999,0,0,-999999,-999999,1,-999999,-999999,0.071,-999999,-999999,-999999,-999999,-999999,1.0;7.770,7.769,-999999,6.944,-999999,-999999,-999999,-999999,-999999,-999999,-999999,0,0,-999999,-999999,1,-999999,-999999,0.081,-999999,-999999,-999999,-999999,-999999,1.1;7.790,7.789,-999999,6.681,-999999,-999999,-999999,-999999,-999999,-999999,-999999,0,0,-999999,-999999,1,-999999,-999999,0.081,-999999,-999999,-999999,-999999,-999999,1.2;7.810,7.809,-999999,6.399,-999999,-999999,-999999,-999999,-999999,-999999,-999999,0,0,-999999,-999999,1,-999999,-999999,0.071,-999999,-999999,-999999,-999999,-999999,1.1;7.830,7.829,-999999,6.104,-999999,-999999,-999999,-999999,-999999,-999999,-999999,0,0,-999999,-999999,1,-999999,-999999,0.078,-999999,-999999,-999999,-999999,-999999,1.2;7.850,7.849,-999999,5.821,-999999,-999999,-999999,-999999,-999999,-999999,-999999,0,0,-999999,-999999,1,-999999,-999999,0.069,-999999,-999999,-999999,-999999,-999999,1.1;7.870,7.869,-999999,5.536,-999999,-999999,-999999,-999999,-999999,-999999,-999999,0,0,-999999,-999999,1,-999999,-999999,0.067,-999999,-999999,-999999,-999999,-999999,1.2;7.890,7.889,-999999,5.398,-999999,-999999,-999999,-999999,-999999,-999999,-999999,0,0,-999999,-999999,1,-999999,-999999,0.065,-999999,-999999,-999999,-999999,-999999,1.2;7.910,7.909,-999999,5.016,-999999,-999999,-999999,-999999,-999999,-999999,-999999,0,0,-999999,-999999,1,-999999,-999999,0.063,-999999,-999999,-999999,-999999,-999999,1.2;7.930,7.929,-999999,4.898,-999999,-999999,-999999,-999999,-999999,-999999,-999999,0,0,-999999,-999999,1,-999999,-999999,0.061,-999999,-999999,-999999,-999999,-999999,1.2;7.950,7.949,-999999,4.676,-999999,-999999,-999999,-999999,-999999,-999999,-999999,0,0,-999999,-999999,1,-999999,-999999,0.059,-999999,-999999,-999999,-999999,-999999,1.2;7.970,7.969,-999999,4.474,-999999,-999999,-999999,-999999,-999999,-999999,-999999,0,0,-999999,-999999,1,-999999,-999999,0.057,-999999,-999999,-999999,-999999,-999999,1.2;7.990,7.989,-999999,4.285,-999999,-999999,-999999,-999999,-999999,-999999,-999999,0,0,-999999,-999999,1,-999999,-999999,0.055,-999999,-999999,-999999,-999999,-999999,1.2;8.010,8.009,-999999,4.105,-999999,-999999,-999999,-999999,-999999,-999999,-999999,0,0,-999999,-999999,1,-999999,-999999,0.052,-999999,-999999,-999999,-999999,-999999,1.2;8.030,8.029,-999999,3.938,-999999,-999999,-999999,-999999,-999999,-999999,-999999,0,0,-999999,-999999,1,-999999,-999999,0.050,-999999,-999999,-999999,-999999,-999999,1.2;8.050,8.049,-999999,3.794,-999999,-999999,-999999,-999999,-999999,-999999,-999999,0,0,-999999,-999999,1,-999999,-999999,0.049,-999999,-999999,-999999,-999999,-999999,1.2;8.070,8.069,-999999,3.682,-999999,-999999,-999999,-999999,-999999,-999999,-999999,0,0,-999999,-999999,1,-999999,-999999,0.048,-999999,-999999,-999999,-999999,-999999,1.3;8.090,8.089,-999999,3.534,-999999,-999999,-999999,-999999,-999999,-999999,-999999,0,0,-999999,-999999,1,-999999,-999999,0.047,-999999,-999999,-999999,-999999,-999999,1.3;8.110,8.109,-999999,3.364,-999999,-999999,-999999,-999999,-999999,-999999,-999999,0,0,-999999,-999999,1,-999999,-999999,0.046,-999999,-999999,-999999,-999999,-999999,1.3;8.130,8.129,-999999,3.210,-999999,-999999,-999999,-999999,-999999,-999999,-999999,0,0,-999999,-999999,1,-999999,-999999,0.045,-999999,-999999,-999999,-999999,-999999,1.3;8.150,8.149,-999999,3.085,-999999,-999999,-999999,-999999,-999999,-999999,-999999,0,0,-999999,-999999,1,-999999,-999999,0.044,-999999,-999999,-999999,-999999,-999999,1.4;8.170,8.169,-999999,2.979,-999999,-999999,-999999,-999999,-999999,-999999,-999999,0,0,-999999,-999999,1,-999999,-999999,0.043,-999999,-999999,-999999,-999999,-999999,1.4;8.190,8.189,-999999,2.928,-999999,-999999,-999999,-999999,-999999,-999999,-999999,0,0,-999999,-999999,1,-999999,-999999,0.042,-999999,-999999,-999999,-999999,-999999,1.4;8.210,8.209,-999999,2.912,-999999,-999999,-999999,-999999,-999999,-999999,-999999,0,0,-999999,-999999,1,-999999,-999999,0.041,-999999,-999999,-999999,-999999,-999999,1.3;8.230,8.229,-999999,2.934,-999999,-999999,-999999,-999999,-999999,-999999,-999999,0,0,-999999,-999999,1,-999999,-999999,0.040,-999999,-999999,-999999,-999999,-999999,1.3;8.250,8.249,-999999,3.008,-999999,-999999,-999999,-999999,-999999,-999999,-999999,0,0,-999999,-999999,1,-999999,-999999,0.038,-999999,-999999,-999999,-999999,-999999,1.2;8.270,8.269,-999999,3.085,-999999,-999999,-999999,-999999,-999999,-999999,-999999,0,0,-999999,-999999,1,-999999,-999999,0.038,-999999,-999999,-999999,-999999,-999999,1.2;8.290,8.289,-999999,3.140,-999999,-999999,-999999,-999999,-999999,-999999,-999999,0,0,-999999,-999999,1,-999999,-999999,0.037,-999999,-999999,-999999,-999999,-999999,1.2;8.310,8.309,-999999,3.140,-999999,-999999,-999999,-999999,-999999,-999999,-999999,0,0,-999999,-999999,1,-999999,-999999,0.037,-999999,-999999,-999999,-999999,-999999,1.2;8.330,8.329,-999999,3.117,-999999,-999999,-999999,-999999,-999999,-999999,-999999,0,0,-999999,-999999,1,-999999,-999999,0.037,-999999,-999999,-999999,-999999,-999999,1.2;8.350,8.349,-999999,3.079,-999999,-999999,-999999,-999999,-999999,-999999,-999999,0,1,-999999,-999999,1,-999999,-999999,0.038,-999999,-999999,-999999,-999999,-999999,1.2;8.370,8.369,-999999,3.063,-999999,-999999,-999999,-999999,-999999,-999999,-999999,0,0,-999999,-999999,1,-999999,-999999,0.037,-999999,-999999,-999999,-999999,-999999,1.2;8.390,8.389,-999999,3.040,-999999,-999999,-999999,-999999,-999999,-999999,-999999,0,1,-999999,-999999,1,-999999,-999999,0.037,-999999,-999999,-999999,-999999,-999999,1.2;8.410,8.409,-999999,2.989,-999999,-999999,-999999,-999999,-999999,-999999,-999999,0,0,-999999,-999999,1,-999999,-999999,0.037,-999999,-999999,-999999,-999999,-999999,1.2;8.430,8.429,-999999,2.912,-999999,-999999,-999999,-999999,-999999,-999999,-999999,0,0,-999999,-999999,1,-999999,-999999,0.037,-999999,-999999,-999999,-999999,-999999,1.2;8.450,8.449,-999999,2.857,-999999,-999999,-999999,-999999,-999999,-999999,-999999,0,0,-999999,-999999,1,-999999,-999999,0.039,-999999,-999999,-999999,-999999,-999999,1.3;8.470,8.469,-999999,2.806,-999999,-999999,-999999,-999999,-999999,-999999,-999999,0,1,-999999,-999999,1,-999999,-999999,0.036,-999999,-999999,-999999,-999999,-999999,1.3;8.490,8.489,-999999,2.729,-999999,-999999,-999999,-999999,-999999,-999999,-999999,0,0,-999999,-999999,1,-999999,-999999,0.035,-999999,-999999,-999999,-999999,-999999,1.3;8.510,8.509,-999999,2.662,-999999,-999999,-999999,-999999,-999999,-999999,-999999,0,0,-999999,-999999,1,-999999,-999999,0.037,-999999,-999999,-999999,-999999,-999999,1.4;8.530,8.529,-999999,2.575,-999999,-999999,-999999,-999999,-999999,-999999,-999999,0,0,-999999,-999999,1,-999999,-999999,0.034,-999999,-999999,-999999,-999999,-999999,1.3;8.550,8.549,-999999,2.485,-999999,-999999,-999999,-999999,-999999,-999999,-999999,0,1,-999999,-999999,1,-999999,-999999,0.033,-999999,-999999,-999999,-999999,-999999,1.3;8.570,8.569,-999999,2.402,-999999,-999999,-999999,-999999,-999999,-999999,-999999,0,0,-999999,-999999,1,-999999,-999999,0.035,-999999,-999999,-999999,-999999,-999999,1.4;8.590,8.589,-999999,2.335,-999999,-999999,-999999,-999999,-999999,-999999,-999999,0,0,-999999,-999999,1,-999999,-999999,0.032,-999999,-999999,-999999,-999999,-999999,1.3;8.610,8.609,-999999,2.264,-999999,-999999,-999999,-999999,-999999,-999999,-999999,0,1,-999999,-999999,1,-999999,-999999,0.031,-999999,-999999,-999999,-999999,-999999,1.3;8.630,8.629,-999999,2.203,-999999,-999999,-999999,-999999,-999999,-999999,-999999,0,0,-999999,-999999,1,-999999,-999999,0.032,-999999,-999999,-999999,-999999,-999999,1.4;8.650,8.649,-999999,2.142,-999999,-999999,-999999,-999999,-999999,-999999,-999999,0,0,-999999,-999999,1,-999999,-999999,0.030,-999999,-999999,-999999,-999999,-999999,1.4;8.670,8.669,-999999,2.120,-999999,-999999,-999999,-999999,-999999,-999999,-999999,0,0,-999999,-999999,1,-999999,-999999,0.029,-999999,-999999,-999999,-999999,-999999,1.3;8.690,8.689,-999999,2.052,-999999,-999999,-999999,-999999,-999999,-999999,-999999,0,1,-999999,-999999,1,-999999,-999999,0.029,-999999,-999999,-999999,-999999,-999999,1.4;8.710,8.709,-999999,2.014,-999999,-999999,-999999,-999999,-999999,-999999,-999999,0,1,-999999,-999999,1,-999999,-999999,0.028,-999999,-999999,-999999,-999999,-999999,1.4;8.730,8.729,-999999,1.995,-999999,-999999,-999999,-999999,-999999,-999999,-999999,0,1,-999999,-999999,1,-999999,-999999,0.027,-999999,-999999,-999999,-999999,-999999,1.3;8.750,8.749,-999999,1.966,-999999,-999999,-999999,-999999,-999999,-999999,-999999,0,1,-999999,-999999,1,-999999,-999999,0.027,-999999,-999999,-999999,-999999,-999999,1.3;8.770,8.769,-999999,1.934,-999999,-999999,-999999,-999999,-999999,-999999,-999999,0,0,-999999,-999999,1,-999999,-999999,0.026,-999999,-999999,-999999,-999999,-999999,1.3;8.790,8.789,-999999,1.927,-999999,-999999,-999999,-999999,-999999,-999999,-999999,0,1,-999999,-999999,1,-999999,-999999,0.026,-999999,-999999,-999999,-999999,-999999,1.3;8.810,8.809,-999999,1.921,-999999,-999999,-999999,-999999,-999999,-999999,-999999,0,1,-999999,-999999,1,-999999,-999999,0.026,-999999,-999999,-999999,-999999,-999999,1.3;8.830,8.829,-999999,1.930,-999999,-999999,-999999,-999999,-999999,-999999,-999999,0,1,-999999,-999999,1,-999999,-999999,0.027,-999999,-999999,-999999,-999999,-999999,1.3;8.850,8.849,-999999,1.982,-999999,-999999,-999999,-999999,-999999,-999999,-999999,0,1,-999999,-999999,1,-999999,-999999,0.026,-999999,-999999,-999999,-999999,-999999,1.2;8.870,8.869,-999999,2.081,-999999,-999999,-999999,-999999,-999999,-999999,-999999,0,1,-999999,-999999,1,-999999,-999999,0.025,-999999,-999999,-999999,-999999,-999999,1.1;8.890,8.889,-999999,2.235,-999999,-999999,-999999,-999999,-999999,-999999,-999999,0,1,-999999,-999999,1,-999999,-999999,0.026,-999999,-999999,-999999,-999999,-999999,1.1;8.910,8.908,-999999,2.466,-999999,-999999,-999999,-999999,-999999,-999999,-999999,0,0,-999999,-999999,1,-999999,-999999,0.026,-999999,-999999,-999999,-999999,-999999,1.0;8.930,8.928,-999999,2.745,-999999,-999999,-999999,-999999,-999999,-999999,-999999,0,1,-999999,-999999,1,-999999,-999999,0.027,-999999,-999999,-999999,-999999,-999999,0.9;8.950,8.948,-999999,2.970,-999999,-999999,-999999,-999999,-999999,-999999,-999999,0,1,-999999,-999999,1,-999999,-999999,0.026,-999999,-999999,-999999,-999999,-999999,0.9;8.970,8.968,-999999,3.172,-999999,-999999,-999999,-999999,-999999,-999999,-999999,0,1,-999999,-999999,1,-999999,-999999,0.026,-999999,-999999,-999999,-999999,-999999,0.8;8.990,8.988,-999999,3.422,-999999,-999999,-999999,-999999,-999999,-999999,-999999,0,1,-999999,-999999,1,-999999,-999999,0.027,-999999,-999999,-999999,-999999,-999999,0.8;9.010,9.008,-999999,3.704,-999999,-999999,-999999,-999999,-999999,-999999,-999999,0,0,-999999,-999999,1,-999999,-999999,0.029,-999999,-999999,-999999,-999999,-999999,0.8;9.030,9.028,-999999,3.983,-999999,-999999,-999999,-999999,-999999,-999999,-999999,0,0,-999999,-999999,1,-999999,-999999,0.037,-999999,-999999,-999999,-999999,-999999,1.0;9.050,9.048,-999999,4.118,-999999,-999999,-999999,-999999,-999999,-999999,-999999,0,1,-999999,-999999,1,-999999,-999999,0.047,-999999,-999999,-999999,-999999,-999999,1.3;9.070,9.068,-999999,3.916,-999999,-999999,-999999,-999999,-999999,-999999,-999999,0,1,-999999,-999999,1,-999999,-999999,0.056,-999999,-999999,-999999,-999999,-999999,1.6;9.090,9.088,-999999,3.303,-999999,-999999,-999999,-999999,-999999,-999999,-999999,0,1,-999999,-999999,1,-999999,-999999,0.065,-999999,-999999,-999999,-999999,-999999,2.0;9.110,9.108,-999999,2.627,-999999,-999999,-999999,-999999,-999999,-999999,-999999,0,1,-999999,-999999,1,-999999,-999999,0.073,-999999,-999999,-999999,-999999,-999999,2.5;9.130,9.128,-999999,2.210,-999999,-999999,-999999,-999999,-999999,-999999,-999999,0,1,-999999,-999999,1,-999999,-999999,0.077,-999999,-999999,-999999,-999999,-999999,3.1;9.150,9.148,-999999,1.950,-999999,-999999,-999999,-999999,-999999,-999999,-999999,0,1,-999999,-999999,1,-999999,-999999,0.081,-999999,-999999,-999999,-999999,-999999,3.8;9.170,9.168,-999999,1.728,-999999,-999999,-999999,-999999,-999999,-999999,-999999,0,0,-999999,-999999,1,-999999,-999999,0.090,-999999,-999999,-999999,-999999,-999999,4.8;9.190,9.188,-999999,1.581,-999999,-999999,-999999,-999999,-999999,-999999,-999999,0,1,-999999,-999999,1,-999999,-999999,0.096,-999999,-999999,-999999,-999999,-999999,5.8;9.210,9.208,-999999,1.465,-999999,-999999,-999999,-999999,-999999,-999999,-999999,0,0,-999999,-999999,1,-999999,-999999,0.104,-999999,-999999,-999999,-999999,-999999,6.8;9.230,9.228,-999999,1.408,-999999,-999999,-999999,-999999,-999999,-999999,-999999,0,1,-999999,-999999,1,-999999,-999999,0.107,-999999,-999999,-999999,-999999,-999999,7.5;9.250,9.248,-999999,1.305,-999999,-999999,-999999,-999999,-999999,-999999,-999999,0,0,-999999,-999999,1,-999999,-999999,0.105,-999999,-999999,-999999,-999999,-999999,7.9;9.270,9.268,-999999,1.244,-999999,-999999,-999999,-999999,-999999,-999999,-999999,0,1,-999999,-999999,1,-999999,-999999,0.095,-999999,-999999,-999999,-999999,-999999,7.6;9.290,9.288,-999999,1.183,-999999,-999999,-999999,-999999,-999999,-999999,-999999,0,1,-999999,-999999,1,-999999,-999999,0.095,-999999,-999999,-999999,-999999,-999999,7.9;9.310,9.308,-999999,1.103,-999999,-999999,-999999,-999999,-999999,-999999,-999999,0,1,-999999,-999999,1,-999999,-999999,0.092,-999999,-999999,-999999,-999999,-999999,8.1;9.330,9.328,-999999,1.055,-999999,-999999,-999999,-999999,-999999,-999999,-999999,0,1,-999999,-999999,1,-999999,-999999,0.085,-999999,-999999,-999999,-999999,-999999,7.8;9.350,9.348,-999999,1.042,-999999,-999999,-999999,-999999,-999999,-999999,-999999,0,1,-999999,-999999,1,-999999,-999999,0.080,-999999,-999999,-999999,-999999,-999999,7.5;9.370,9.368,-999999,1.016,-999999,-999999,-999999,-999999,-999999,-999999,-999999,0,1,-999999,-999999,1,-999999,-999999,0.072,-999999,-999999,-999999,-999999,-999999,7.1;9.390,9.388,-999999,0.994,-999999,-999999,-999999,-999999,-999999,-999999,-999999,0,1,-999999,-999999,1,-999999,-999999,0.067,-999999,-999999,-999999,-999999,-999999,6.8;9.410,9.408,-999999,0.984,-999999,-999999,-999999,-999999,-999999,-999999,-999999,0,1,-999999,-999999,1,-999999,-999999,0.062,-999999,-999999,-999999,-999999,-999999,6.4;9.430,9.428,-999999,0.930,-999999,-999999,-999999,-999999,-999999,-999999,-999999,0,1,-999999,-999999,1,-999999,-999999,0.059,-999999,-999999,-999999,-999999,-999999,6.2;9.450,9.448,-999999,0.914,-999999,-999999,-999999,-999999,-999999,-999999,-999999,0,1,-999999,-999999,1,-999999,-999999,0.057,-999999,-999999,-999999,-999999,-999999,6.2;9.470,9.468,-999999,0.885,-999999,-999999,-999999,-999999,-999999,-999999,-999999,0,1,-999999,-999999,1,-999999,-999999,0.055,-999999,-999999,-999999,-999999,-999999,6.1;9.490,9.488,-999999,0.875,-999999,-999999,-999999,-999999,-999999,-999999,-999999,0,1,-999999,-999999,1,-999999,-999999,0.052,-999999,-999999,-999999,-999999,-999999,6.0;9.510,9.508,-999999,0.856,-999999,-999999,-999999,-999999,-999999,-999999,-999999,0,1,-999999,-999999,1,-999999,-999999,0.049,-999999,-999999,-999999,-999999,-999999,5.8;9.530,9.528,-999999,0.837,-999999,-999999,-999999,-999999,-999999,-999999,-999999,0,1,-999999,-999999,1,-999999,-999999,0.046,-999999,-999999,-999999,-999999,-999999,5.4;9.550,9.548,-999999,0.830,-999999,-999999,-999999,-999999,-999999,-999999,-999999,0,1,-999999,-999999,1,-999999,-999999,0.042,-999999,-999999,-999999,-999999,-999999,5.1;9.570,9.568,-999999,0.814,-999999,-999999,-999999,-999999,-999999,-999999,-999999,0,1,-999999,-999999,1,-999999,-999999,0.042,-999999,-999999,-999999,-999999,-999999,5.1;9.590,9.588,-999999,0.801,-999999,-999999,-999999,-999999,-999999,-999999,-999999,0,1,-999999,-999999,1,-999999,-999999,0.040,-999999,-999999,-999999,-999999,-999999,4.9;9.610,9.608,-999999,0.817,-999999,-999999,-999999,-999999,-999999,-999999,-999999,0,1,-999999,-999999,1,-999999,-999999,0.037,-999999,-999999,-999999,-999999,-999999,4.6;9.630,9.628,-999999,0.824,-999999,-999999,-999999,-999999,-999999,-999999,-999999,0,1,-999999,-999999,1,-999999,-999999,0.034,-999999,-999999,-999999,-999999,-999999,4.3;9.650,9.648,-999999,0.792,-999999,-999999,-999999,-999999,-999999,-999999,-999999,0,1,-999999,-999999,1,-999999,-999999,0.033,-999999,-999999,-999999,-999999,-999999,4.2;9.670,9.668,-999999,0.776,-999999,-999999,-999999,-999999,-999999,-999999,-999999,0,1,-999999,-999999,1,-999999,-999999,0.031,-999999,-999999,-999999,-999999,-999999,4.1;9.690,9.688,-999999,0.753,-999999,-999999,-999999,-999999,-999999,-999999,-999999,0,1,-999999,-999999,1,-999999,-999999,0.031,-999999,-999999,-999999,-999999,-999999,4.1;9.710,9.708,-999999,0.750,-999999,-999999,-999999,-999999,-999999,-999999,-999999,0,1,-999999,-999999,1,-999999,-999999,0.030,-999999,-999999,-999999,-999999,-999999,4.1;9.730,9.728,-999999,0.744,-999999,-999999,-999999,-999999,-999999,-999999,-999999,0,1,-999999,-999999,1,-999999,-999999,0.029,-999999,-999999,-999999,-999999,-999999,4.0;9.750,9.748,-999999,0.734,-999999,-999999,-999999,-999999,-999999,-999999,-999999,0,1,-999999,-999999,1,-999999,-999999,0.028,-999999,-999999,-999999,-999999,-999999,3.9;9.770,9.768,-999999,0.721,-999999,-999999,-999999,-999999,-999999,-999999,-999999,0,1,-999999,-999999,2,-999999,-999999,0.027,-999999,-999999,-999999,-999999,-999999,3.8;9.790,9.788,-999999,0.712,-999999,-999999,-999999,-999999,-999999,-999999,-999999,0,1,-999999,-999999,1,-999999,-999999,0.026,-999999,-999999,-999999,-999999,-999999,3.7;9.810,9.808,-999999,0.699,-999999,-999999,-999999,-999999,-999999,-999999,-999999,0,1,-999999,-999999,1,-999999,-999999,0.025,-999999,-999999,-999999,-999999,-999999,3.7;9.830,9.828,-999999,0.683,-999999,-999999,-999999,-999999,-999999,-999999,-999999,0,1,-999999,-999999,1,-999999,-999999,0.025,-999999,-999999,-999999,-999999,-999999,3.6;9.850,9.848,-999999,0.663,-999999,-999999,-999999,-999999,-999999,-999999,-999999,0,1,-999999,-999999,1,-999999,-999999,0.024,-999999,-999999,-999999,-999999,-999999,3.6;9.870,9.868,-999999,0.644,-999999,-999999,-999999,-999999,-999999,-999999,-999999,0,1,-999999,-999999,1,-999999,-999999,0.023,-999999,-999999,-999999,-999999,-999999,3.5;9.890,9.888,-999999,0.651,-999999,-999999,-999999,-999999,-999999,-999999,-999999,0,1,-999999,-999999,1,-999999,-999999,0.023,-999999,-999999,-999999,-999999,-999999,3.5;9.910,9.908,-999999,0.647,-999999,-999999,-999999,-999999,-999999,-999999,-999999,0,1,-999999,-999999,1,-999999,-999999,0.022,-999999,-999999,-999999,-999999,-999999,3.5;9.930,9.928,-999999,0.641,-999999,-999999,-999999,-999999,-999999,-999999,-999999,0,1,-999999,-999999,1,-999999,-999999,0.021,-999999,-999999,-999999,-999999,-999999,3.3;9.950,9.948,-999999,0.641,-999999,-999999,-999999,-999999,-999999,-999999,-999999,0,1,-999999,-999999,1,-999999,-999999,0.018,-999999,-999999,-999999,-999999,-999999,2.8;9.970,9.968,-999999,0.638,-999999,-999999,-999999,-999999,-999999,-999999,-999999,0,1,-999999,-999999,1,-999999,-999999,0.021,-999999,-999999,-999999,-999999,-999999,3.2;9.990,9.988,-999999,0.631,-999999,-999999,-999999,-999999,-999999,-999999,-999999,0,1,-999999,-999999,1,-999999,-999999,0.020,-999999,-999999,-999999,-999999,-999999,3.0;10.010,10.008,-999999,0.670,-999999,-999999,-999999,-999999,-999999,-999999,-999999,0,1,-999999,-999999,1,-999999,-999999,0.020,-999999,-999999,-999999,-999999,-999999,2.9;10.030,10.028,-999999,0.715,-999999,-999999,-999999,-999999,-999999,-999999,-999999,0,1,-999999,-999999,1,-999999,-999999,0.020,-999999,-999999,-999999,-999999,-999999,2.8;10.050,10.048,-999999,0.769,-999999,-999999,-999999,-999999,-999999,-999999,-999999,0,1,-999999,-999999,1,-999999,-999999,0.021,-999999,-999999,-999999,-999999,-999999,2.8;10.070,10.068,-999999,0.837,-999999,-999999,-999999,-999999,-999999,-999999,-999999,0,1,-999999,-999999,1,-999999,-999999,0.038,-999999,-999999,-999999,-999999,-999999,4.9;10.090,10.088,-999999,0.792,-999999,-999999,-999999,-999999,-999999,-999999,-999999,0,1,-999999,-999999,1,-999999,-999999,0.023,-999999,-999999,-999999,-999999,-999999,3.0;10.110,10.108,-999999,0.766,-999999,-999999,-999999,-999999,-999999,-999999,-999999,0,1,-999999,-999999,1,-999999,-999999,0.026,-999999,-999999,-999999,-999999,-999999,3.1;10.130,10.128,-999999,0.811,-999999,-999999,-999999,-999999,-999999,-999999,-999999,0,1,-999999,-999999,1,-999999,-999999,0.025,-999999,-999999,-999999,-999999,-999999,2.5;10.150,10.148,-999999,0.596,-999999,-999999,-999999,-999999,-999999,-999999,-999999,0,1,-999999,-999999,1,-999999,-999999,0.028,-999999,-999999,-999999,-999999,-999999,2.4;10.170,10.168,-999999,1.343,-999999,-999999,-999999,-999999,-999999,-999999,-999999,0,1,-999999,-999999,1,-999999,-999999,0.028,-999999,-999999,-999999,-999999,-999999,2.0;10.190,10.188,-999999,1.770,-999999,-999999,-999999,-999999,-999999,-999999,-999999,0,1,-999999,-999999,1,-999999,-999999,0.027,-999999,-999999,-999999,-999999,-999999,1.6;10.210,10.208,-999999,2.139,-999999,-999999,-999999,-999999,-999999,-999999,-999999,0,1,-999999,-999999,1,-999999,-999999,0.028,-999999,-999999,-999999,-999999,-999999,1.5;10.230,10.228,-999999,2.222,-999999,-999999,-999999,-999999,-999999,-999999,-999999,0,1,-999999,-999999,1,-999999,-999999,0.029,-999999,-999999,-999999,-999999,-999999,1.4;10.250,10.248,-999999,2.319,-999999,-999999,-999999,-999999,-999999,-999999,-999999,0,1,-999999,-999999,1,-999999,-999999,0.034,-999999,-999999,-999999,-999999,-999999,1.5;10.270,10.268,-999999,2.341,-999999,-999999,-999999,-999999,-999999,-999999,-999999,0,1,-999999,-999999,1,-999999,-999999,0.035,-999999,-999999,-999999,-999999,-999999,1.6;10.290,10.288,-999999,2.258,-999999,-999999,-999999,-999999,-999999,-999999,-999999,0,1,-999999,-999999,1,-999999,-999999,0.031,-999999,-999999,-999999,-999999,-999999,1.4;10.310,10.308,-999999,2.155,-999999,-999999,-999999,-999999,-999999,-999999,-999999,0,1,-999999,-999999,1,-999999,-999999,0.036,-999999,-999999,-999999,-999999,-999999,1.6;10.330,10.328,-999999,2.059,-999999,-999999,-999999,-999999,-999999,-999999,-999999,0,1,-999999,-999999,1,-999999,-999999,0.038,-999999,-999999,-999999,-999999,-999999,1.7;10.350,10.348,-999999,1.972,-999999,-999999,-999999,-999999,-999999,-999999,-999999,0,1,-999999,-999999,1,-999999,-999999,0.052,-999999,-999999,-999999,-999999,-999999,2.5;10.370,10.368,-999999,2.113,-999999,-999999,-999999,-999999,-999999,-999999,-999999,0,1,-999999,-999999,1,-999999,-999999,0.043,-999999,-999999,-999999,-999999,-999999,2.2;10.390,10.388,-999999,2.020,-999999,-999999,-999999,-999999,-999999,-999999,-999999,0,1,-999999,-999999,1,-999999,-999999,0.045,-999999,-999999,-999999,-999999,-999999,2.4;10.410,10.408,-999999,1.937,-999999,-999999,-999999,-999999,-999999,-999999,-999999,0,1,-999999,-999999,1,-999999,-999999,0.047,-999999,-999999,-999999,-999999,-999999,2.7;10.430,10.428,-999999,1.536,-999999,-999999,-999999,-999999,-999999,-999999,-999999,0,1,-999999,-999999,1,-999999,-999999,0.049,-999999,-999999,-999999,-999999,-999999,3.1;10.450,10.448,-999999,1.366,-999999,-999999,-999999,-999999,-999999,-999999,-999999,0,1,-999999,-999999,1,-999999,-999999,0.046,-999999,-999999,-999999,-999999,-999999,3.3;10.470,10.468,-999999,1.119,-999999,-999999,-999999,-999999,-999999,-999999,-999999,0,1,-999999,-999999,1,-999999,-999999,0.043,-999999,-999999,-999999,-999999,-999999,3.5;10.490,10.488,-999999,0.933,-999999,-999999,-999999,-999999,-999999,-999999,-999999,0,1,-999999,-999999,1,-999999,-999999,0.038,-999999,-999999,-999999,-999999,-999999,3.7;10.510,10.508,-999999,0.859,-999999,-999999,-999999,-999999,-999999,-999999,-999999,0,1,-999999,-999999,1,-999999,-999999,0.036,-999999,-999999,-999999,-999999,-999999,3.9;10.530,10.528,-999999,0.737,-999999,-999999,-999999,-999999,-999999,-999999,-999999,0,1,-999999,-999999,1,-999999,-999999,0.034,-999999,-999999,-999999,-999999,-999999,4.2;10.550,10.548,-999999,0.673,-999999,-999999,-999999,-999999,-999999,-999999,-999999,0,1,-999999,-999999,1,-999999,-999999,0.030,-999999,-999999,-999999,-999999,-999999,4.1;10.570,10.568,-999999,0.670,-999999,-999999,-999999,-999999,-999999,-999999,-999999,0,1,-999999,-999999,1,-999999,-999999,0.027,-999999,-999999,-999999,-999999,-999999,3.8;10.590,10.588,-999999,0.676,-999999,-999999,-999999,-999999,-999999,-999999,-999999,0,1,-999999,-999999,1,-999999,-999999,0.022,-999999,-999999,-999999,-999999,-999999,3.2;10.610,10.608,-999999,0.660,-999999,-999999,-999999,-999999,-999999,-999999,-999999,0,0,-999999,-999999,1,-999999,-999999,0.017,-999999,-999999,-999999,-999999,-999999,2.4;10.630,10.628,-999999,0.663,-999999,-999999,-999999,-999999,-999999,-999999,-999999,0,1,-999999,-999999,1,-999999,-999999,0.014,-999999,-999999,-999999,-999999,-999999,1.8;10.650,10.648,-999999,0.699,-999999,-999999,-999999,-999999,-999999,-999999,-999999,0,1,-999999,-999999,1,-999999,-999999,0.012,-999999,-999999,-999999,-999999,-999999,1.4;10.670,10.668,-999999,0.869,-999999,-999999,-999999,-999999,-999999,-999999,-999999,0,1,-999999,-999999,1,-999999,-999999,0.013,-999999,-999999,-999999,-999999,-999999,1.5;10.690,10.688,-999999,1.138,-999999,-999999,-999999,-999999,-999999,-999999,-999999,0,1,-999999,-999999,1,-999999,-999999,0.022,-999999,-999999,-999999,-999999,-999999,2.2;10.710,10.708,-999999,1.206,-999999,-999999,-999999,-999999,-999999,-999999,-999999,0,1,-999999,-999999,1,-999999,-999999,0.023,-999999,-999999,-999999,-999999,-999999,2.3;10.730,10.728,-999999,1.138,-999999,-999999,-999999,-999999,-999999,-999999,-999999,0,1,-999999,-999999,1,-999999,-999999,0.025,-999999,-999999,-999999,-999999,-999999,2.5;10.750,10.748,-999999,0.994,-999999,-999999,-999999,-999999,-999999,-999999,-999999,0,1,-999999,-999999,1,-999999,-999999,0.025,-999999,-999999,-999999,-999999,-999999,2.6;10.770,10.768,-999999,0.821,-999999,-999999,-999999,-999999,-999999,-999999,-999999,0,1,-999999,-999999,1,-999999,-999999,0.027,-999999,-999999,-999999,-999999,-999999,3.0;10.790,10.788,-999999,0.750,-999999,-999999,-999999,-999999,-999999,-999999,-999999,0,1,-999999,-999999,1,-999999,-999999,0.028,-999999,-999999,-999999,-999999,-999999,3.2;10.810,10.808,-999999,0.760,-999999,-999999,-999999,-999999,-999999,-999999,-999999,0,1,-999999,-999999,1,-999999,-999999,0.029,-999999,-999999,-999999,-999999,-999999,3.6;10.830,10.828,-999999,0.798,-999999,-999999,-999999,-999999,-999999,-999999,-999999,0,1,-999999,-999999,1,-999999,-999999,0.028,-999999,-999999,-999999,-999999,-999999,3.6;10.850,10.848,-999999,0.785,-999999,-999999,-999999,-999999,-999999,-999999,-999999,0,1,-999999,-999999,1,-999999,-999999,0.024,-999999,-999999,-999999,-999999,-999999,3.2;10.870,10.868,-999999,0.776,-999999,-999999,-999999,-999999,-999999,-999999,-999999,0,0,-999999,-999999,1,-999999,-999999,0.020,-999999,-999999,-999999,-999999,-999999,2.7;10.890,10.888,-999999,0.708,-999999,-999999,-999999,-999999,-999999,-999999,-999999,0,1,-999999,-999999,1,-999999,-999999,0.017,-999999,-999999,-999999,-999999,-999999,2.4;10.910,10.908,-999999,0.686,-999999,-999999,-999999,-999999,-999999,-999999,-999999,0,1,-999999,-999999,1,-999999,-999999,0.016,-999999,-999999,-999999,-999999,-999999,2.3;10.930,10.928,-999999,0.673,-999999,-999999,-999999,-999999,-999999,-999999,-999999,0,1,-999999,-999999,1,-999999,-999999,0.017,-999999,-999999,-999999,-999999,-999999,2.5;10.950,10.948,-999999,0.670,-999999,-999999,-999999,-999999,-999999,-999999,-999999,0,0,-999999,-999999,1,-999999,-999999,0.017,-999999,-999999,-999999,-999999,-999999,2.5;10.970,10.968,-999999,0.673,-999999,-999999,-999999,-999999,-999999,-999999,-999999,0,0,-999999,-999999,1,-999999,-999999,0.017,-999999,-999999,-999999,-999999,-999999,2.5;10.990,10.988,-999999,0.689,-999999,-999999,-999999,-999999,-999999,-999999,-999999,0,0,-999999,-999999,1,-999999,-999999,0.015,-999999,-999999,-999999,-999999,-999999,2.3;11.010,11.008,-999999,0.705,-999999,-999999,-999999,-999999,-999999,-999999,-999999,0,0,-999999,-999999,1,-999999,-999999,0.016,-999999,-999999,-999999,-999999,-999999,2.3;11.030,11.028,-999999,0.724,-999999,-999999,-999999,-999999,-999999,-999999,-999999,0,1,-999999,-999999,1,-999999,-999999,0.017,-999999,-999999,-999999,-999999,-999999,2.4;11.050,11.048,-999999,0.708,-999999,-999999,-999999,-999999,-999999,-999999,-999999,0,0,-999999,-999999,1,-999999,-999999,0.016,-999999,-999999,-999999,-999999,-999999,2.3;11.070,11.068,-999999,0.699,-999999,-999999,-999999,-999999,-999999,-999999,-999999,0,0,-999999,-999999,1,-999999,-999999,0.015,-999999,-999999,-999999,-999999,-999999,2.2;11.090,11.088,-999999,0.692,-999999,-999999,-999999,-999999,-999999,-999999,-999999,0,1,-999999,-999999,1,-999999,-999999,0.016,-999999,-999999,-999999,-999999,-999999,2.3;11.110,11.108,-999999,0.680,-999999,-999999,-999999,-999999,-999999,-999999,-999999,0,0,-999999,-999999,1,-999999,-999999,0.017,-999999,-999999,-999999,-999999,-999999,2.5;11.130,11.128,-999999,0.686,-999999,-999999,-999999,-999999,-999999,-999999,-999999,0,0,-999999,-999999,1,-999999,-999999,0.017,-999999,-999999,-999999,-999999,-999999,2.5;11.150,11.148,-999999,0.683,-999999,-999999,-999999,-999999,-999999,-999999,-999999,0,0,-999999,-999999,1,-999999,-999999,0.017,-999999,-999999,-999999,-999999,-999999,2.4;11.170,11.168,-999999,0.683,-999999,-999999,-999999,-999999,-999999,-999999,-999999,0,0,-999999,-999999,1,-999999,-999999,0.017,-999999,-999999,-999999,-999999,-999999,2.5;11.190,11.188,-999999,0.676,-999999,-999999,-999999,-999999,-999999,-999999,-999999,0,0,-999999,-999999,1,-999999,-999999,0.017,-999999,-999999,-999999,-999999,-999999,2.6;11.210,11.208,-999999,0.673,-999999,-999999,-999999,-999999,-999999,-999999,-999999,0,0,-999999,-999999,1,-999999,-999999,0.017,-999999,-999999,-999999,-999999,-999999,2.5;11.230,11.228,-999999,0.670,-999999,-999999,-999999,-999999,-999999,-999999,-999999,0,0,-999999,-999999,1,-999999,-999999,0.016,-999999,-999999,-999999,-999999,-999999,2.4;11.250,11.248,-999999,0.673,-999999,-999999,-999999,-999999,-999999,-999999,-999999,0,0,-999999,-999999,1,-999999,-999999,0.016,-999999,-999999,-999999,-999999,-999999,2.4;11.270,11.268,-999999,0.680,-999999,-999999,-999999,-999999,-999999,-999999,-999999,0,0,-999999,-999999,1,-999999,-999999,0.016,-999999,-999999,-999999,-999999,-999999,2.4;11.290,11.288,-999999,0.692,-999999,-999999,-999999,-999999,-999999,-999999,-999999,0,0,-999999,-999999,1,-999999,-999999,0.016,-999999,-999999,-999999,-999999,-999999,2.3;11.310,11.308,-999999,0.708,-999999,-999999,-999999,-999999,-999999,-999999,-999999,0,0,-999999,-999999,1,-999999,-999999,0.016,-999999,-999999,-999999,-999999,-999999,2.3;11.330,11.328,-999999,0.718,-999999,-999999,-999999,-999999,-999999,-999999,-999999,0,0,-999999,-999999,1,-999999,-999999,0.015,-999999,-999999,-999999,-999999,-999999,2.2;11.350,11.348,-999999,0.724,-999999,-999999,-999999,-999999,-999999,-999999,-999999,0,0,-999999,-999999,0,-999999,-999999,0.016,-999999,-999999,-999999,-999999,-999999,2.3;11.370,11.368,-999999,0.724,-999999,-999999,-999999,-999999,-999999,-999999,-999999,0,0,-999999,-999999,1,-999999,-999999,0.015,-999999,-999999,-999999,-999999,-999999,2.2;11.390,11.388,-999999,0.696,-999999,-999999,-999999,-999999,-999999,-999999,-999999,0,0,-999999,-999999,0,-999999,-999999,0.015,-999999,-999999,-999999,-999999,-999999,2.2;11.410,11.408,-999999,0.689,-999999,-999999,-999999,-999999,-999999,-999999,-999999,0,0,-999999,-999999,1,-999999,-999999,0.015,-999999,-999999,-999999,-999999,-999999,2.2;11.430,11.428,-999999,0.673,-999999,-999999,-999999,-999999,-999999,-999999,-999999,0,0,-999999,-999999,0,-999999,-999999,0.015,-999999,-999999,-999999,-999999,-999999,2.2;11.450,11.448,-999999,0.673,-999999,-999999,-999999,-999999,-999999,-999999,-999999,0,0,-999999,-999999,1,-999999,-999999,0.015,-999999,-999999,-999999,-999999,-999999,2.2;11.470,11.468,-999999,0.670,-999999,-999999,-999999,-999999,-999999,-999999,-999999,0,0,-999999,-999999,1,-999999,-999999,0.015,-999999,-999999,-999999,-999999,-999999,2.2;11.490,11.488,-999999,0.670,-999999,-999999,-999999,-999999,-999999,-999999,-999999,0,0,-999999,-999999,0,-999999,-999999,0.014,-999999,-999999,-999999,-999999,-999999,2.1;11.510,11.508,-999999,0.680,-999999,-999999,-999999,-999999,-999999,-999999,-999999,0,0,-999999,-999999,0,-999999,-999999,0.015,-999999,-999999,-999999,-999999,-999999,2.1;11.530,11.528,-999999,0.696,-999999,-999999,-999999,-999999,-999999,-999999,-999999,0,0,-999999,-999999,1,-999999,-999999,0.015,-999999,-999999,-999999,-999999,-999999,2.1;11.550,11.548,-999999,0.728,-999999,-999999,-999999,-999999,-999999,-999999,-999999,0,0,-999999,-999999,0,-999999,-999999,0.015,-999999,-999999,-999999,-999999,-999999,2.0;11.570,11.568,-999999,0.760,-999999,-999999,-999999,-999999,-999999,-999999,-999999,0,0,-999999,-999999,0,-999999,-999999,0.015,-999999,-999999,-999999,-999999,-999999,2.0;11.590,11.588,-999999,0.782,-999999,-999999,-999999,-999999,-999999,-999999,-999999,0,0,-999999,-999999,1,-999999,-999999,0.015,-999999,-999999,-999999,-999999,-999999,1.9;11.610,11.608,-999999,0.798,-999999,-999999,-999999,-999999,-999999,-999999,-999999,0,0,-999999,-999999,0,-999999,-999999,0.016,-999999,-999999,-999999,-999999,-999999,2.0;11.630,11.628,-999999,0.814,-999999,-999999,-999999,-999999,-999999,-999999,-999999,0,0,-999999,-999999,0,-999999,-999999,0.019,-999999,-999999,-999999,-999999,-999999,2.3;11.650,11.648,-999999,0.814,-999999,-999999,-999999,-999999,-999999,-999999,-999999,0,0,-999999,-999999,0,-999999,-999999,0.019,-999999,-999999,-999999,-999999,-999999,2.5;11.670,11.668,-999999,0.824,-999999,-999999,-999999,-999999,-999999,-999999,-999999,0,0,-999999,-999999,0,-999999,-999999,0.019,-999999,-999999,-999999,-999999,-999999,2.5;11.690,11.688,-999999,0.773,-999999,-999999,-999999,-999999,-999999,-999999,-999999,0,0,-999999,-999999,0,-999999,-999999,0.019,-999999,-999999,-999999,-999999,-999999,2.5;11.710,11.708,-999999,0.715,-999999,-999999,-999999,-999999,-999999,-999999,-999999,0,0,-999999,-999999,1,-999999,-999999,0.019,-999999,-999999,-999999,-999999,-999999,2.5;11.730,11.728,-999999,0.728,-999999,-999999,-999999,-999999,-999999,-999999,-999999,0,0,-999999,-999999,0,-999999,-999999,0.019,-999999,-999999,-999999,-999999,-999999,2.5;11.750,11.748,-999999,0.750,-999999,-999999,-999999,-999999,-999999,-999999,-999999,0,0,-999999,-999999,0,-999999,-999999,0.020,-999999,-999999,-999999,-999999,-999999,2.6;11.770,11.768,-999999,0.756,-999999,-999999,-999999,-999999,-999999,-999999,-999999,0,0,-999999,-999999,0,-999999,-999999,0.019,-999999,-999999,-999999,-999999,-999999,2.5;11.790,11.788,-999999,0.766,-999999,-999999,-999999,-999999,-999999,-999999,-999999,0,0,-999999,-999999,0,-999999,-999999,0.018,-999999,-999999,-999999,-999999,-999999,2.3;11.810,11.808,-999999,0.789,-999999,-999999,-999999,-999999,-999999,-999999,-999999,0,0,-999999,-999999,0,-999999,-999999,0.015,-999999,-999999,-999999,-999999,-999999,1.9;11.830,11.828,-999999,0.817,-999999,-999999,-999999,-999999,-999999,-999999,-999999,0,0,-999999,-999999,0,-999999,-999999,0.016,-999999,-999999,-999999,-999999,-999999,2.0;11.850,11.848,-999999,0.837,-999999,-999999,-999999,-999999,-999999,-999999,-999999,0,0,-999999,-999999,0,-999999,-999999,0.018,-999999,-999999,-999999,-999999,-999999,2.3;11.870,11.868,-999999,0.785,-999999,-999999,-999999,-999999,-999999,-999999,-999999,0,0,-999999,-999999,0,-999999,-999999,0.017,-999999,-999999,-999999,-999999,-999999,2.1;11.890,11.888,-999999,0.795,-999999,-999999,-999999,-999999,-999999,-999999,-999999,0,0,-999999,-999999,0,-999999,-999999,0.016,-999999,-999999,-999999,-999999,-999999,1.8;11.910,11.908,-999999,0.795,-999999,-999999,-999999,-999999,-999999,-999999,-999999,0,0,-999999,-999999,0,-999999,-999999,0.012,-999999,-999999,-999999,-999999,-999999,1.2;11.930,11.928,-999999,0.923,-999999,-999999,-999999,-999999,-999999,-999999,-999999,0,0,-999999,-999999,0,-999999,-999999,0.016,-999999,-999999,-999999,-999999,-999999,1.4;11.950,11.948,-999999,1.254,-999999,-999999,-999999,-999999,-999999,-999999,-999999,0,0,-999999,-999999,0,-999999,-999999,0.017,-999999,-999999,-999999,-999999,-999999,1.4;11.970,11.968,-999999,1.574,-999999,-999999,-999999,-999999,-999999,-999999,-999999,0,0,-999999,-999999,0,-999999,-999999,0.029,-999999,-999999,-999999,-999999,-999999,2.3;11.990,11.988,-999999,1.764,-999999,-999999,-999999,-999999,-999999,-999999,-999999,0,0,-999999,-999999,0,-999999,-999999,0.033,-999999,-999999,-999999,-999999,-999999,2.5;12.010,12.008,-999999,1.491,-999999,-999999,-999999,-999999,-999999,-999999,-999999,0,0,-999999,-999999,0,-999999,-999999,0.037,-999999,-999999,-999999,-999999,-999999,2.9;12.030,12.028,-999999,1.199,-999999,-999999,-999999,-999999,-999999,-999999,-999999,0,0,-999999,-999999,0,-999999,-999999,0.038,-999999,-999999,-999999,-999999,-999999,3.2;12.050,12.048,-999999,0.904,-999999,-999999,-999999,-999999,-999999,-999999,-999999,0,0,-999999,-999999,0,-999999,-999999,0.037,-999999,-999999,-999999,-999999,-999999,3.4;12.070,12.068,-999999,0.760,-999999,-999999,-999999,-999999,-999999,-999999,-999999,0,0,-999999,-999999,0,-999999,-999999,0.036,-999999,-999999,-999999,-999999,-999999,3.9;12.090,12.088,-999999,0.718,-999999,-999999,-999999,-999999,-999999,-999999,-999999,0,0,-999999,-999999,0,-999999,-999999,0.033,-999999,-999999,-999999,-999999,-999999,4.1;12.110,12.108,-999999,0.699,-999999,-999999,-999999,-999999,-999999,-999999,-999999,0,0,-999999,-999999,0,-999999,-999999,0.029,-999999,-999999,-999999,-999999,-999999,4.0;12.130,12.128,-999999,0.692,-999999,-999999,-999999,-999999,-999999,-999999,-999999,0,0,-999999,-999999,0,-999999,-999999,0.027,-999999,-999999,-999999,-999999,-999999,3.9;12.150,12.148,-999999,0.670,-999999,-999999,-999999,-999999,-999999,-999999,-999999,0,0,-999999,-999999,0,-999999,-999999,0.019,-999999,-999999,-999999,-999999,-999999,2.8;12.170,12.168,-999999,0.686,-999999,-999999,-999999,-999999,-999999,-999999,-999999,0,0,-999999,-999999,0,-999999,-999999,0.013,-999999,-999999,-999999,-999999,-999999,2.0;12.190,12.188,-999999,0.667,-999999,-999999,-999999,-999999,-999999,-999999,-999999,0,0,-999999,-999999,0,-999999,-999999,0.012,-999999,-999999,-999999,-999999,-999999,1.9;12.210,12.208,-999999,0.657,-999999,-999999,-999999,-999999,-999999,-999999,-999999,0,0,-999999,-999999,0,-999999,-999999,0.012,-999999,-999999,-999999,-999999,-999999,1.9;12.230,12.228,-999999,0.667,-999999,-999999,-999999,-999999,-999999,-999999,-999999,0,0,-999999,-999999,0,-999999,-999999,0.012,-999999,-999999,-999999,-999999,-999999,1.8;12.250,12.248,-999999,0.699,-999999,-999999,-999999,-999999,-999999,-999999,-999999,0,0,-999999,-999999,0,-999999,-999999,0.013,-999999,-999999,-999999,-999999,-999999,1.9;12.270,12.268,-999999,0.718,-999999,-999999,-999999,-999999,-999999,-999999,-999999,0,0,-999999,-999999,0,-999999,-999999,0.014,-999999,-999999,-999999,-999999,-999999,2.1;12.290,12.288,-999999,0.721,-999999,-999999,-999999,-999999,-999999,-999999,-999999,0,0,-999999,-999999,0,-999999,-999999,0.013,-999999,-999999,-999999,-999999,-999999,1.8;12.310,12.308,-999999,0.705,-999999,-999999,-999999,-999999,-999999,-999999,-999999,0,0,-999999,-999999,0,-999999,-999999,0.014,-999999,-999999,-999999,-999999,-999999,2.0;12.330,12.328,-999999,0.705,-999999,-999999,-999999,-999999,-999999,-999999,-999999,0,0,-999999,-999999,0,-999999,-999999,0.015,-999999,-999999,-999999,-999999,-999999,2.1;12.350,12.348,-999999,0.763,-999999,-999999,-999999,-999999,-999999,-999999,-999999,0,0,-999999,-999999,0,-999999,-999999,0.016,-999999,-999999,-999999,-999999,-999999,2.2;12.370,12.368,-999999,0.798,-999999,-999999,-999999,-999999,-999999,-999999,-999999,0,0,-999999,-999999,0,-999999,-999999,0.014,-999999,-999999,-999999,-999999,-999999,2.0;12.390,12.388,-999999,0.708,-999999,-999999,-999999,-999999,-999999,-999999,-999999,0,0,-999999,-999999,0,-999999,-999999,0.015,-999999,-999999,-999999,-999999,-999999,2.1;12.410,12.408,-999999,0.663,-999999,-999999,-999999,-999999,-999999,-999999,-999999,0,0,-999999,-999999,0,-999999,-999999,0.014,-999999,-999999,-999999,-999999,-999999,2.0;12.430,12.428,-999999,0.647,-999999,-999999,-999999,-999999,-999999,-999999,-999999,0,0,-999999,-999999,0,-999999,-999999,0.014,-999999,-999999,-999999,-999999,-999999,2.0;12.450,12.448,-999999,0.663,-999999,-999999,-999999,-999999,-999999,-999999,-999999,0,0,-999999,-999999,0,-999999,-999999,0.013,-999999,-999999,-999999,-999999,-999999,2.0;12.470,12.468,-999999,0.696,-999999,-999999,-999999,-999999,-999999,-999999,-999999,0,0,-999999,-999999,0,-999999,-999999,0.014,-999999,-999999,-999999,-999999,-999999,2.1;12.490,12.488,-999999,0.715,-999999,-999999,-999999,-999999,-999999,-999999,-999999,0,0,-999999,-999999,0,-999999,-999999,0.014,-999999,-999999,-999999,-999999,-999999,2.0;12.510,12.508,-999999,0.728,-999999,-999999,-999999,-999999,-999999,-999999,-999999,0,0,-999999,-999999,0,-999999,-999999,0.015,-999999,-999999,-999999,-999999,-999999,2.1;12.530,12.528,-999999,0.721,-999999,-999999,-999999,-999999,-999999,-999999,-999999,0,0,-999999,-999999,0,-999999,-999999,0.014,-999999,-999999,-999999,-999999,-999999,2.0;12.550,12.548,-999999,0.728,-999999,-999999,-999999,-999999,-999999,-999999,-999999,0,0,-999999,-999999,0,-999999,-999999,0.014,-999999,-999999,-999999,-999999,-999999,2.0;12.570,12.568,-999999,0.696,-999999,-999999,-999999,-999999,-999999,-999999,-999999,0,0,-999999,-999999,0,-999999,-999999,0.014,-999999,-999999,-999999,-999999,-999999,2.0;12.590,12.588,-999999,0.680,-999999,-999999,-999999,-999999,-999999,-999999,-999999,0,0,-999999,-999999,0,-999999,-999999,0.014,-999999,-999999,-999999,-999999,-999999,2.0;12.610,12.608,-999999,0.689,-999999,-999999,-999999,-999999,-999999,-999999,-999999,0,0,-999999,-999999,0,-999999,-999999,0.014,-999999,-999999,-999999,-999999,-999999,2.1;12.630,12.628,-999999,0.676,-999999,-999999,-999999,-999999,-999999,-999999,-999999,0,0,-999999,-999999,0,-999999,-999999,0.014,-999999,-999999,-999999,-999999,-999999,2.0;12.650,12.648,-999999,0.683,-999999,-999999,-999999,-999999,-999999,-999999,-999999,0,0,-999999,-999999,0,-999999,-999999,0.015,-999999,-999999,-999999,-999999,-999999,2.1;12.670,12.668,-999999,0.683,-999999,-999999,-999999,-999999,-999999,-999999,-999999,0,0,-999999,-999999,0,-999999,-999999,0.014,-999999,-999999,-999999,-999999,-999999,2.1;12.690,12.688,-999999,0.689,-999999,-999999,-999999,-999999,-999999,-999999,-999999,0,0,-999999,-999999,0,-999999,-999999,0.015,-999999,-999999,-999999,-999999,-999999,2.1;12.710,12.708,-999999,0.705,-999999,-999999,-999999,-999999,-999999,-999999,-999999,0,0,-999999,-999999,0,-999999,-999999,0.015,-999999,-999999,-999999,-999999,-999999,2.1;12.730,12.728,-999999,0.718,-999999,-999999,-999999,-999999,-999999,-999999,-999999,0,0,-999999,-999999,0,-999999,-999999,0.015,-999999,-999999,-999999,-999999,-999999,2.1;12.750,12.748,-999999,0.740,-999999,-999999,-999999,-999999,-999999,-999999,-999999,0,0,-999999,-999999,0,-999999,-999999,0.016,-999999,-999999,-999999,-999999,-999999,2.2;12.770,12.768,-999999,0.756,-999999,-999999,-999999,-999999,-999999,-999999,-999999,0,0,-999999,-999999,0,-999999,-999999,0.016,-999999,-999999,-999999,-999999,-999999,2.2;12.790,12.788,-999999,0.753,-999999,-999999,-999999,-999999,-999999,-999999,-999999,0,0,-999999,-999999,0,-999999,-999999,0.017,-999999,-999999,-999999,-999999,-999999,2.3;12.810,12.808,-999999,0.753,-999999,-999999,-999999,-999999,-999999,-999999,-999999,0,0,-999999,-999999,0,-999999,-999999,0.018,-999999,-999999,-999999,-999999,-999999,2.4;12.830,12.828,-999999,0.737,-999999,-999999,-999999,-999999,-999999,-999999,-999999,0,0,-999999,-999999,0,-999999,-999999,0.017,-999999,-999999,-999999,-999999,-999999,2.3;12.850,12.848,-999999,0.731,-999999,-999999,-999999,-999999,-999999,-999999,-999999,0,0,-999999,-999999,0,-999999,-999999,0.017,-999999,-999999,-999999,-999999,-999999,2.3;12.870,12.868,-999999,0.728,-999999,-999999,-999999,-999999,-999999,-999999,-999999,0,0,-999999,-999999,0,-999999,-999999,0.019,-999999,-999999,-999999,-999999,-999999,2.5;12.890,12.888,-999999,0.737,-999999,-999999,-999999,-999999,-999999,-999999,-999999,0,0,-999999,-999999,0,-999999,-999999,0.018,-999999,-999999,-999999,-999999,-999999,2.5;12.910,12.908,-999999,0.740,-999999,-999999,-999999,-999999,-999999,-999999,-999999,0,0,-999999,-999999,0,-999999,-999999,0.019,-999999,-999999,-999999,-999999,-999999,2.5;12.930,12.928,-999999,0.750,-999999,-999999,-999999,-999999,-999999,-999999,-999999,0,0,-999999,-999999,0,-999999,-999999,0.019,-999999,-999999,-999999,-999999,-999999,2.5;12.950,12.948,-999999,0.734,-999999,-999999,-999999,-999999,-999999,-999999,-999999,0,0,-999999,-999999,0,-999999,-999999,0.019,-999999,-999999,-999999,-999999,-999999,2.4;12.970,12.968,-999999,0.817,-999999,-999999,-999999,-999999,-999999,-999999,-999999,0,0,-999999,-999999,0,-999999,-999999,0.019,-999999,-999999,-999999,-999999,-999999,2.3;12.990,12.988,-999999,0.875,-999999,-999999,-999999,-999999,-999999,-999999,-999999,0,0,-999999,-999999,0,-999999,-999999,0.021,-999999,-999999,-999999,-999999,-999999,2.4;13.010,13.008,-999999,0.930,-999999,-999999,-999999,-999999,-999999,-999999,-999999,0,0,-999999,-999999,0,-999999,-999999,0.025,-999999,-999999,-999999,-999999,-999999,2.7;13.030,13.028,-999999,0.971,-999999,-999999,-999999,-999999,-999999,-999999,-999999,0,0,-999999,-999999,0,-999999,-999999,0.030,-999999,-999999,-999999,-999999,-999999,3.0;13.050,13.048,-999999,1.026,-999999,-999999,-999999,-999999,-999999,-999999,-999999,0,0,-999999,-999999,0,-999999,-999999,0.035,-999999,-999999,-999999,-999999,-999999,3.5;13.070,13.068,-999999,1.071,-999999,-999999,-999999,-999999,-999999,-999999,-999999,0,0,-999999,-999999,0,-999999,-999999,0.040,-999999,-999999,-999999,-999999,-999999,3.8;13.090,13.088,-999999,1.093,-999999,-999999,-999999,-999999,-999999,-999999,-999999,0,0,-999999,-999999,0,-999999,-999999,0.043,-999999,-999999,-999999,-999999,-999999,4.0;13.110,13.108,-999999,1.090,-999999,-999999,-999999,-999999,-999999,-999999,-999999,0,0,-999999,-999999,0,-999999,-999999,0.046,-999999,-999999,-999999,-999999,-999999,4.2;13.130,13.128,-999999,1.097,-999999,-999999,-999999,-999999,-999999,-999999,-999999,0,0,-999999,-999999,0,-999999,-999999,0.051,-999999,-999999,-999999,-999999,-999999,4.6;13.150,13.148,-999999,1.103,-999999,-999999,-999999,-999999,-999999,-999999,-999999,0,0,-999999,-999999,0,-999999,-999999,0.054,-999999,-999999,-999999,-999999,-999999,4.8;13.170,13.168,-999999,1.148,-999999,-999999,-999999,-999999,-999999,-999999,-999999,0,0,-999999,-999999,0,-999999,-999999,0.055,-999999,-999999,-999999,-999999,-999999,4.8;13.190,13.188,-999999,1.196,-999999,-999999,-999999,-999999,-999999,-999999,-999999,0,0,-999999,-999999,0,-999999,-999999,0.055,-999999,-999999,-999999,-999999,-999999,4.8;13.210,13.208,-999999,1.157,-999999,-999999,-999999,-999999,-999999,-999999,-999999,0,0,-999999,-999999,0,-999999,-999999,0.054,-999999,-999999,-999999,-999999,-999999,4.8;13.230,13.228,-999999,1.132,-999999,-999999,-999999,-999999,-999999,-999999,-999999,0,0,-999999,-999999,0,-999999,-999999,0.053,-999999,-999999,-999999,-999999,-999999,4.8;13.250,13.248,-999999,1.077,-999999,-999999,-999999,-999999,-999999,-999999,-999999,0,0,-999999,-999999,0,-999999,-999999,0.052,-999999,-999999,-999999,-999999,-999999,4.7;13.270,13.268,-999999,1.052,-999999,-999999,-999999,-999999,-999999,-999999,-999999,0,0,-999999,-999999,0,-999999,-999999,0.050,-999999,-999999,-999999,-999999,-999999,4.7;13.290,13.288,-999999,1.042,-999999,-999999,-999999,-999999,-999999,-999999,-999999,0,0,-999999,-999999,0,-999999,-999999,0.048,-999999,-999999,-999999,-999999,-999999,4.5;13.310,13.308,-999999,1.039,-999999,-999999,-999999,-999999,-999999,-999999,-999999,0,0,-999999,-999999,0,-999999,-999999,0.045,-999999,-999999,-999999,-999999,-999999,4.3;13.330,13.328,-999999,1.036,-999999,-999999,-999999,-999999,-999999,-999999,-999999,0,0,-999999,-999999,0,-999999,-999999,0.043,-999999,-999999,-999999,-999999,-999999,4.1;13.350,13.348,-999999,1.029,-999999,-999999,-999999,-999999,-999999,-999999,-999999,0,0,-999999,-999999,0,-999999,-999999,0.042,-999999,-999999,-999999,-999999,-999999,4.1;13.370,13.368,-999999,1.013,-999999,-999999,-999999,-999999,-999999,-999999,-999999,0,0,-999999,-999999,0,-999999,-999999,0.040,-999999,-999999,-999999,-999999,-999999,4.0;13.390,13.388,-999999,1.010,-999999,-999999,-999999,-999999,-999999,-999999,-999999,0,0,-999999,-999999,0,-999999,-999999,0.039,-999999,-999999,-999999,-999999,-999999,3.9;13.410,13.408,-999999,1.000,-999999,-999999,-999999,-999999,-999999,-999999,-999999,0,0,-999999,-999999,0,-999999,-999999,0.040,-999999,-999999,-999999,-999999,-999999,4.0;13.430,13.428,-999999,1.000,-999999,-999999,-999999,-999999,-999999,-999999,-999999,0,0,-999999,-999999,0,-999999,-999999,0.040,-999999,-999999,-999999,-999999,-999999,4.0;13.450,13.448,-999999,0.978,-999999,-999999,-999999,-999999,-999999,-999999,-999999,0,0,-999999,-999999,0,-999999,-999999,0.040,-999999,-999999,-999999,-999999,-999999,4.1;13.470,13.468,-999999,0.968,-999999,-999999,-999999,-999999,-999999,-999999,-999999,0,0,-999999,-999999,0,-999999,-999999,0.040,-999999,-999999,-999999,-999999,-999999,4.2;13.490,13.488,-999999,0.949,-999999,-999999,-999999,-999999,-999999,-999999,-999999,0,0,-999999,-999999,0,-999999,-999999,0.040,-999999,-999999,-999999,-999999,-999999,4.3;13.510,13.508,-999999,0.920,-999999,-999999,-999999,-999999,-999999,-999999,-999999,0,0,-999999,-999999,0,-999999,-999999,0.039,-999999,-999999,-999999,-999999,-999999,4.3;13.530,13.528,-999999,0.904,-999999,-999999,-999999,-999999,-999999,-999999,-999999,0,0,-999999,-999999,0,-999999,-999999,0.039,-999999,-999999,-999999,-999999,-999999,4.3;13.550,13.548,-999999,0.885,-999999,-999999,-999999,-999999,-999999,-999999,-999999,0,0,-999999,-999999,0,-999999,-999999,0.038,-999999,-999999,-999999,-999999,-999999,4.3;13.570,13.568,-999999,0.866,-999999,-999999,-999999,-999999,-999999,-999999,-999999,0,0,-999999,-999999,0,-999999,-999999,0.037,-999999,-999999,-999999,-999999,-999999,4.3;13.590,13.588,-999999,0.846,-999999,-999999,-999999,-999999,-999999,-999999,-999999,0,0,-999999,-999999,0,-999999,-999999,0.036,-999999,-999999,-999999,-999999,-999999,4.3;13.610,13.608,-999999,0.843,-999999,-999999,-999999,-999999,-999999,-999999,-999999,0,0,-999999,-999999,0,-999999,-999999,0.034,-999999,-999999,-999999,-999999,-999999,4.0;13.630,13.628,-999999,0.837,-999999,-999999,-999999,-999999,-999999,-999999,-999999,0,0,-999999,-999999,0,-999999,-999999,0.032,-999999,-999999,-999999,-999999,-999999,3.8;13.650,13.648,-999999,0.811,-999999,-999999,-999999,-999999,-999999,-999999,-999999,0,0,-999999,-999999,0,-999999,-999999,0.030,-999999,-999999,-999999,-999999,-999999,3.6;13.670,13.668,-999999,0.805,-999999,-999999,-999999,-999999,-999999,-999999,-999999,0,0,-999999,-999999,0,-999999,-999999,0.029,-999999,-999999,-999999,-999999,-999999,3.5;13.690,13.688,-999999,0.814,-999999,-999999,-999999,-999999,-999999,-999999,-999999,0,0,-999999,-999999,0,-999999,-999999,0.029,-999999,-999999,-999999,-999999,-999999,3.5;13.710,13.708,-999999,0.824,-999999,-999999,-999999,-999999,-999999,-999999,-999999,0,0,-999999,-999999,0,-999999,-999999,0.027,-999999,-999999,-999999,-999999,-999999,3.4;13.730,13.728,-999999,0.824,-999999,-999999,-999999,-999999,-999999,-999999,-999999,0,0,-999999,-999999,0,-999999,-999999,0.026,-999999,-999999,-999999,-999999,-999999,3.3;13.750,13.748,-999999,0.817,-999999,-999999,-999999,-999999,-999999,-999999,-999999,0,0,-999999,-999999,0,-999999,-999999,0.025,-999999,-999999,-999999,-999999,-999999,3.1;13.770,13.768,-999999,0.795,-999999,-999999,-999999,-999999,-999999,-999999,-999999,0,0,-999999,-999999,0,-999999,-999999,0.024,-999999,-999999,-999999,-999999,-999999,3.1;13.790,13.788,-999999,0.779,-999999,-999999,-999999,-999999,-999999,-999999,-999999,0,0,-999999,-999999,0,-999999,-999999,0.024,-999999,-999999,-999999,-999999,-999999,3.1;13.810,13.808,-999999,0.769,-999999,-999999,-999999,-999999,-999999,-999999,-999999,0,0,-999999,-999999,0,-999999,-999999,0.023,-999999,-999999,-999999,-999999,-999999,3.0;13.830,13.828,-999999,0.753,-999999,-999999,-999999,-999999,-999999,-999999,-999999,0,0,-999999,-999999,0,-999999,-999999,0.022,-999999,-999999,-999999,-999999,-999999,3.0;13.850,13.848,-999999,0.728,-999999,-999999,-999999,-999999,-999999,-999999,-999999,0,0,-999999,-999999,0,-999999,-999999,0.021,-999999,-999999,-999999,-999999,-999999,2.9;13.870,13.868,-999999,0.712,-999999,-999999,-999999,-999999,-999999,-999999,-999999,0,0,-999999,-999999,0,-999999,-999999,0.020,-999999,-999999,-999999,-999999,-999999,2.7;13.890,13.888,-999999,0.702,-999999,-999999,-999999,-999999,-999999,-999999,-999999,0,0,-999999,-999999,0,-999999,-999999,0.019,-999999,-999999,-999999,-999999,-999999,2.7;13.910,13.908,-999999,0.702,-999999,-999999,-999999,-999999,-999999,-999999,-999999,0,0,-999999,-999999,0,-999999,-999999,0.019,-999999,-999999,-999999,-999999,-999999,2.6;13.930,13.928,-999999,0.715,-999999,-999999,-999999,-999999,-999999,-999999,-999999,0,0,-999999,-999999,0,-999999,-999999,0.018,-999999,-999999,-999999,-999999,-999999,2.6;13.950,13.948,-999999,0.721,-999999,-999999,-999999,-999999,-999999,-999999,-999999,0,0,-999999,-999999,0,-999999,-999999,0.018,-999999,-999999,-999999,-999999,-999999,2.5;13.970,13.968,-999999,0.724,-999999,-999999,-999999,-999999,-999999,-999999,-999999,0,0,-999999,-999999,0,-999999,-999999,0.017,-999999,-999999,-999999,-999999,-999999,2.4;13.990,13.988,-999999,0.724,-999999,-999999,-999999,-999999,-999999,-999999,-999999,0,0,-999999,-999999,0,-999999,-999999,0.018,-999999,-999999,-999999,-999999,-999999,2.5;14.010,14.008,-999999,0.724,-999999,-999999,-999999,-999999,-999999,-999999,-999999,0,0,-999999,-999999,0,-999999,-999999,0.017,-999999,-999999,-999999,-999999,-999999,2.4;14.030,14.028,-999999,0.731,-999999,-999999,-999999,-999999,-999999,-999999,-999999,0,0,-999999,-999999,0,-999999,-999999,0.017,-999999,-999999,-999999,-999999,-999999,2.4;14.050,14.048,-999999,0.740,-999999,-999999,-999999,-999999,-999999,-999999,-999999,0,0,-999999,-999999,0,-999999,-999999,0.017,-999999,-999999,-999999,-999999,-999999,2.4;14.070,14.068,-999999,0.744,-999999,-999999,-999999,-999999,-999999,-999999,-999999,0,0,-999999,-999999,0,-999999,-999999,0.018,-999999,-999999,-999999,-999999,-999999,2.4;14.090,14.088,-999999,0.747,-999999,-999999,-999999,-999999,-999999,-999999,-999999,0,0,-999999,-999999,0,-999999,-999999,0.017,-999999,-999999,-999999,-999999,-999999,2.3;14.110,14.108,-999999,0.734,-999999,-999999,-999999,-999999,-999999,-999999,-999999,0,0,-999999,-999999,0,-999999,-999999,0.018,-999999,-999999,-999999,-999999,-999999,2.5;14.130,14.128,-999999,0.734,-999999,-999999,-999999,-999999,-999999,-999999,-999999,0,0,-999999,-999999,0,-999999,-999999,0.018,-999999,-999999,-999999,-999999,-999999,2.4;14.150,14.148,-999999,0.724,-999999,-999999,-999999,-999999,-999999,-999999,-999999,0,0,-999999,-999999,0,-999999,-999999,0.018,-999999,-999999,-999999,-999999,-999999,2.4;14.170,14.168,-999999,0.724,-999999,-999999,-999999,-999999,-999999,-999999,-999999,0,0,-999999,-999999,0,-999999,-999999,0.017,-999999,-999999,-999999,-999999,-999999,2.3;14.190,14.188,-999999,0.712,-999999,-999999,-999999,-999999,-999999,-999999,-999999,0,0,-999999,-999999,0,-999999,-999999,0.016,-999999,-999999,-999999,-999999,-999999,2.2;14.210,14.208,-999999,0.715,-999999,-999999,-999999,-999999,-999999,-999999,-999999,0,0,-999999,-999999,0,-999999,-999999,0.016,-999999,-999999,-999999,-999999,-999999,2.2;14.230,14.228,-999999,0.715,-999999,-999999,-999999,-999999,-999999,-999999,-999999,0,0,-999999,-999999,0,-999999,-999999,0.015,-999999,-999999,-999999,-999999,-999999,2.1;14.250,14.248,-999999,0.731,-999999,-999999,-999999,-999999,-999999,-999999,-999999,0,0,-999999,-999999,0,-999999,-999999,0.015,-999999,-999999,-999999,-999999,-999999,2.1;14.270,14.268,-999999,0.737,-999999,-999999,-999999,-999999,-999999,-999999,-999999,0,0,-999999,-999999,0,-999999,-999999,0.015,-999999,-999999,-999999,-999999,-999999,2.1;14.290,14.288,-999999,0.737,-999999,-999999,-999999,-999999,-999999,-999999,-999999,0,0,-999999,-999999,0,-999999,-999999,0.015,-999999,-999999,-999999,-999999,-999999,2.0;14.310,14.308,-999999,0.737,-999999,-999999,-999999,-999999,-999999,-999999,-999999,0,0,-999999,-999999,0,-999999,-999999,0.013,-999999,-999999,-999999,-999999,-999999,1.8;14.330,14.328,-999999,0.740,-999999,-999999,-999999,-999999,-999999,-999999,-999999,0,0,-999999,-999999,0,-999999,-999999,0.014,-999999,-999999,-999999,-999999,-999999,2.0;14.350,14.348,-999999,0.734,-999999,-999999,-999999,-999999,-999999,-999999,-999999,0,0,-999999,-999999,0,-999999,-999999,0.015,-999999,-999999,-999999,-999999,-999999,2.0;14.370,14.368,-999999,0.740,-999999,-999999,-999999,-999999,-999999,-999999,-999999,0,0,-999999,-999999,0,-999999,-999999,0.015,-999999,-999999,-999999,-999999,-999999,2.0;14.390,14.388,-999999,0.737,-999999,-999999,-999999,-999999,-999999,-999999,-999999,0,0,-999999,-999999,0,-999999,-999999,0.015,-999999,-999999,-999999,-999999,-999999,2.1;14.410,14.408,-999999,0.744,-999999,-999999,-999999,-999999,-999999,-999999,-999999,0,0,-999999,-999999,0,-999999,-999999,0.016,-999999,-999999,-999999,-999999,-999999,2.1;14.430,14.428,-999999,0.744,-999999,-999999,-999999,-999999,-999999,-999999,-999999,0,0,-999999,-999999,0,-999999,-999999,0.015,-999999,-999999,-999999,-999999,-999999,2.1;14.450,14.448,-999999,0.740,-999999,-999999,-999999,-999999,-999999,-999999,-999999,0,0,-999999,-999999,0,-999999,-999999,0.015,-999999,-999999,-999999,-999999,-999999,2.1;14.470,14.468,-999999,0.740,-999999,-999999,-999999,-999999,-999999,-999999,-999999,0,0,-999999,-999999,0,-999999,-999999,0.015,-999999,-999999,-999999,-999999,-999999,2.0;14.490,14.488,-999999,0.737,-999999,-999999,-999999,-999999,-999999,-999999,-999999,0,0,-999999,-999999,0,-999999,-999999,0.015,-999999,-999999,-999999,-999999,-999999,2.1;14.510,14.508,-999999,0.747,-999999,-999999,-999999,-999999,-999999,-999999,-999999,0,0,-999999,-999999,0,-999999,-999999,0.015,-999999,-999999,-999999,-999999,-999999,2.1;14.530,14.528,-999999,0.750,-999999,-999999,-999999,-999999,-999999,-999999,-999999,0,0,-999999,-999999,0,-999999,-999999,0.016,-999999,-999999,-999999,-999999,-999999,2.1;14.550,14.548,-999999,0.750,-999999,-999999,-999999,-999999,-999999,-999999,-999999,0,0,-999999,-999999,0,-999999,-999999,0.016,-999999,-999999,-999999,-999999,-999999,2.1;14.570,14.568,-999999,0.747,-999999,-999999,-999999,-999999,-999999,-999999,-999999,0,0,-999999,-999999,0,-999999,-999999,0.016,-999999,-999999,-999999,-999999,-999999,2.1;14.590,14.588,-999999,0.744,-999999,-999999,-999999,-999999,-999999,-999999,-999999,0,0,-999999,-999999,0,-999999,-999999,0.015,-999999,-999999,-999999,-999999,-999999,2.1;14.610,14.608,-999999,0.740,-999999,-999999,-999999,-999999,-999999,-999999,-999999,0,0,-999999,-999999,0,-999999,-999999,0.016,-999999,-999999,-999999,-999999,-999999,2.2;14.630,14.628,-999999,0.737,-999999,-999999,-999999,-999999,-999999,-999999,-999999,0,0,-999999,-999999,0,-999999,-999999,0.016,-999999,-999999,-999999,-999999,-999999,2.2;14.650,14.648,-999999,0.734,-999999,-999999,-999999,-999999,-999999,-999999,-999999,0,0,-999999,-999999,0,-999999,-999999,0.016,-999999,-999999,-999999,-999999,-999999,2.1;14.670,14.668,-999999,0.731,-999999,-999999,-999999,-999999,-999999,-999999,-999999,0,0,-999999,-999999,0,-999999,-999999,0.015,-999999,-999999,-999999,-999999,-999999,2.1;14.690,14.688,-999999,0.724,-999999,-999999,-999999,-999999,-999999,-999999,-999999,0,0,-999999,-999999,0,-999999,-999999,0.016,-999999,-999999,-999999,-999999,-999999,2.2;14.710,14.708,-999999,0.724,-999999,-999999,-999999,-999999,-999999,-999999,-999999,0,0,-999999,-999999,0,-999999,-999999,0.016,-999999,-999999,-999999,-999999,-999999,2.2;14.730,14.728,-999999,0.728,-999999,-999999,-999999,-999999,-999999,-999999,-999999,0,0,-999999,-999999,0,-999999,-999999,0.015,-999999,-999999,-999999,-999999,-999999,2.1;14.750,14.748,-999999,0.731,-999999,-999999,-999999,-999999,-999999,-999999,-999999,0,0,-999999,-999999,0,-999999,-999999,0.015,-999999,-999999,-999999,-999999,-999999,2.0;14.770,14.768,-999999,0.728,-999999,-999999,-999999,-999999,-999999,-999999,-999999,0,0,-999999,-999999,0,-999999,-999999,0.014,-999999,-999999,-999999,-999999,-999999,2.0;14.790,14.788,-999999,0.728,-999999,-999999,-999999,-999999,-999999,-999999,-999999,0,0,-999999,-999999,0,-999999,-999999,0.014,-999999,-999999,-999999,-999999,-999999,2.0;14.810,14.808,-999999,0.724,-999999,-999999,-999999,-999999,-999999,-999999,-999999,0,0,-999999,-999999,0,-999999,-999999,0.015,-999999,-999999,-999999,-999999,-999999,2.0;14.830,14.828,-999999,0.724,-999999,-999999,-999999,-999999,-999999,-999999,-999999,0,0,-999999,-999999,0,-999999,-999999,0.014,-999999,-999999,-999999,-999999,-999999,1.9;14.850,14.848,-999999,0.731,-999999,-999999,-999999,-999999,-999999,-999999,-999999,0,0,-999999,-999999,0,-999999,-999999,0.014,-999999,-999999,-999999,-999999,-999999,1.9;14.870,14.868,-999999,0.731,-999999,-999999,-999999,-999999,-999999,-999999,-999999,0,0,-999999,-999999,0,-999999,-999999,0.014,-999999,-999999,-999999,-999999,-999999,1.9;14.890,14.888,-999999,0.728,-999999,-999999,-999999,-999999,-999999,-999999,-999999,0,0,-999999,-999999,0,-999999,-999999,0.014,-999999,-999999,-999999,-999999,-999999,1.9;14.910,14.908,-999999,0.737,-999999,-999999,-999999,-999999,-999999,-999999,-999999,0,0,-999999,-999999,0,-999999,-999999,0.014,-999999,-999999,-999999,-999999,-999999,1.9;14.930,14.928,-999999,0.737,-999999,-999999,-999999,-999999,-999999,-999999,-999999,0,0,-999999,-999999,0,-999999,-999999,0.014,-999999,-999999,-999999,-999999,-999999,1.9;14.950,14.948,-999999,0.737,-999999,-999999,-999999,-999999,-999999,-999999,-999999,0,0,-999999,-999999,0,-999999,-999999,0.015,-999999,-999999,-999999,-999999,-999999,2.0;14.970,14.968,-999999,0.737,-999999,-999999,-999999,-999999,-999999,-999999,-999999,0,0,-999999,-999999,0,-999999,-999999,0.014,-999999,-999999,-999999,-999999,-999999,2.0;14.990,14.988,-999999,0.737,-999999,-999999,-999999,-999999,-999999,-999999,-999999,0,0,-999999,-999999,0,-999999,-999999,0.015,-999999,-999999,-999999,-999999,-999999,2.0;15.010,15.008,-999999,0.737,-999999,-999999,-999999,-999999,-999999,-999999,-999999,0,0,-999999,-999999,0,-999999,-999999,0.015,-999999,-999999,-999999,-999999,-999999,2.0;15.030,15.028,-999999,0.737,-999999,-999999,-999999,-999999,-999999,-999999,-999999,0,0,-999999,-999999,0,-999999,-999999,0.015,-999999,-999999,-999999,-999999,-999999,2.0;15.050,15.048,-999999,0.740,-999999,-999999,-999999,-999999,-999999,-999999,-999999,0,0,-999999,-999999,0,-999999,-999999,0.015,-999999,-999999,-999999,-999999,-999999,2.0;15.070,15.068,-999999,0.731,-999999,-999999,-999999,-999999,-999999,-999999,-999999,0,0,-999999,-999999,0,-999999,-999999,0.015,-999999,-999999,-999999,-999999,-999999,2.0;15.090,15.088,-999999,0.734,-999999,-999999,-999999,-999999,-999999,-999999,-999999,0,0,-999999,-999999,0,-999999,-999999,0.015,-999999,-999999,-999999,-999999,-999999,2.0;15.110,15.108,-999999,0.734,-999999,-999999,-999999,-999999,-999999,-999999,-999999,0,0,-999999,-999999,0,-999999,-999999,0.015,-999999,-999999,-999999,-999999,-999999,2.1;15.130,15.128,-999999,0.747,-999999,-999999,-999999,-999999,-999999,-999999,-999999,0,0,-999999,-999999,0,-999999,-999999,0.015,-999999,-999999,-999999,-999999,-999999,2.1;15.150,15.148,-999999,0.747,-999999,-999999,-999999,-999999,-999999,-999999,-999999,0,0,-999999,-999999,0,-999999,-999999,0.015,-999999,-999999,-999999,-999999,-999999,2.0;15.170,15.168,-999999,0.740,-999999,-999999,-999999,-999999,-999999,-999999,-999999,0,0,-999999,-999999,0,-999999,-999999,0.014,-999999,-999999,-999999,-999999,-999999,1.9;15.190,15.188,-999999,0.734,-999999,-999999,-999999,-999999,-999999,-999999,-999999,0,0,-999999,-999999,0,-999999,-999999,0.014,-999999,-999999,-999999,-999999,-999999,1.9;15.210,15.208,-999999,0.731,-999999,-999999,-999999,-999999,-999999,-999999,-999999,0,0,-999999,-999999,0,-999999,-999999,0.014,-999999,-999999,-999999,-999999,-999999,1.9;15.230,15.228,-999999,0.737,-999999,-999999,-999999,-999999,-999999,-999999,-999999,0,0,-999999,-999999,0,-999999,-999999,0.014,-999999,-999999,-999999,-999999,-999999,1.9;15.250,15.248,-999999,0.744,-999999,-999999,-999999,-999999,-999999,-999999,-999999,0,0,-999999,-999999,0,-999999,-999999,0.014,-999999,-999999,-999999,-999999,-999999,1.9;15.270,15.268,-999999,0.747,-999999,-999999,-999999,-999999,-999999,-999999,-999999,0,0,-999999,-999999,0,-999999,-999999,0.014,-999999,-999999,-999999,-999999,-999999,1.8;15.290,15.288,-999999,0.750,-999999,-999999,-999999,-999999,-999999,-999999,-999999,0,0,-999999,-999999,0,-999999,-999999,0.014,-999999,-999999,-999999,-999999,-999999,1.8;15.310,15.308,-999999,0.756,-999999,-999999,-999999,-999999,-999999,-999999,-999999,0,0,-999999,-999999,0,-999999,-999999,0.014,-999999,-999999,-999999,-999999,-999999,1.9;15.330,15.328,-999999,0.756,-999999,-999999,-999999,-999999,-999999,-999999,-999999,0,0,-999999,-999999,0,-999999,-999999,0.014,-999999,-999999,-999999,-999999,-999999,1.9;15.350,15.348,-999999,0.760,-999999,-999999,-999999,-999999,-999999,-999999,-999999,0,0,-999999,-999999,0,-999999,-999999,0.014,-999999,-999999,-999999,-999999,-999999,1.9;15.370,15.368,-999999,0.753,-999999,-999999,-999999,-999999,-999999,-999999,-999999,0,0,-999999,-999999,0,-999999,-999999,0.014,-999999,-999999,-999999,-999999,-999999,1.9;15.390,15.388,-999999,0.750,-999999,-999999,-999999,-999999,-999999,-999999,-999999,0,0,-999999,-999999,0,-999999,-999999,0.014,-999999,-999999,-999999,-999999,-999999,1.9;15.410,15.408,-999999,0.753,-999999,-999999,-999999,-999999,-999999,-999999,-999999,0,0,-999999,-999999,0,-999999,-999999,0.014,-999999,-999999,-999999,-999999,-999999,1.9;15.430,15.428,-999999,0.760,-999999,-999999,-999999,-999999,-999999,-999999,-999999,0,0,-999999,-999999,0,-999999,-999999,0.014,-999999,-999999,-999999,-999999,-999999,1.9;15.450,15.448,-999999,0.766,-999999,-999999,-999999,-999999,-999999,-999999,-999999,0,0,-999999,-999999,0,-999999,-999999,0.014,-999999,-999999,-999999,-999999,-999999,1.9;15.470,15.468,-999999,0.763,-999999,-999999,-999999,-999999,-999999,-999999,-999999,0,0,-999999,-999999,0,-999999,-999999,0.014,-999999,-999999,-999999,-999999,-999999,1.9;15.490,15.488,-999999,0.766,-999999,-999999,-999999,-999999,-999999,-999999,-999999,0,0,-999999,-999999,0,-999999,-999999,0.015,-999999,-999999,-999999,-999999,-999999,1.9;15.510,15.508,-999999,0.763,-999999,-999999,-999999,-999999,-999999,-999999,-999999,0,0,-999999,-999999,0,-999999,-999999,0.014,-999999,-999999,-999999,-999999,-999999,1.9;15.530,15.528,-999999,0.769,-999999,-999999,-999999,-999999,-999999,-999999,-999999,0,0,-999999,-999999,0,-999999,-999999,0.014,-999999,-999999,-999999,-999999,-999999,1.9;15.550,15.548,-999999,0.769,-999999,-999999,-999999,-999999,-999999,-999999,-999999,0,0,-999999,-999999,0,-999999,-999999,0.014,-999999,-999999,-999999,-999999,-999999,1.9;15.570,15.568,-999999,0.766,-999999,-999999,-999999,-999999,-999999,-999999,-999999,0,0,-999999,-999999,0,-999999,-999999,0.015,-999999,-999999,-999999,-999999,-999999,2.0;15.590,15.588,-999999,0.769,-999999,-999999,-999999,-999999,-999999,-999999,-999999,0,0,-999999,-999999,0,-999999,-999999,0.015,-999999,-999999,-999999,-999999,-999999,2.0;15.610,15.608,-999999,0.773,-999999,-999999,-999999,-999999,-999999,-999999,-999999,0,0,-999999,-999999,0,-999999,-999999,0.015,-999999,-999999,-999999,-999999,-999999,1.9;15.630,15.628,-999999,0.769,-999999,-999999,-999999,-999999,-999999,-999999,-999999,0,0,-999999,-999999,0,-999999,-999999,0.015,-999999,-999999,-999999,-999999,-999999,2.0;15.650,15.648,-999999,0.766,-999999,-999999,-999999,-999999,-999999,-999999,-999999,0,0,-999999,-999999,0,-999999,-999999,0.014,-999999,-999999,-999999,-999999,-999999,1.9;15.670,15.668,-999999,0.766,-999999,-999999,-999999,-999999,-999999,-999999,-999999,0,0,-999999,-999999,0,-999999,-999999,0.015,-999999,-999999,-999999,-999999,-999999,1.9;15.690,15.688,-999999,0.769,-999999,-999999,-999999,-999999,-999999,-999999,-999999,0,0,-999999,-999999,0,-999999,-999999,0.015,-999999,-999999,-999999,-999999,-999999,2.0;15.710,15.708,-999999,0.769,-999999,-999999,-999999,-999999,-999999,-999999,-999999,0,0,-999999,-999999,0,-999999,-999999,0.015,-999999,-999999,-999999,-999999,-999999,1.9;15.730,15.728,-999999,0.769,-999999,-999999,-999999,-999999,-999999,-999999,-999999,0,0,-999999,-999999,0,-999999,-999999,0.015,-999999,-999999,-999999,-999999,-999999,1.9;15.750,15.748,-999999,0.763,-999999,-999999,-999999,-999999,-999999,-999999,-999999,0,0,-999999,-999999,0,-999999,-999999,0.014,-999999,-999999,-999999,-999999,-999999,1.9;15.770,15.768,-999999,0.760,-999999,-999999,-999999,-999999,-999999,-999999,-999999,0,0,-999999,-999999,0,-999999,-999999,0.014,-999999,-999999,-999999,-999999,-999999,1.9;15.790,15.788,-999999,0.760,-999999,-999999,-999999,-999999,-999999,-999999,-999999,0,0,-999999,-999999,0,-999999,-999999,0.014,-999999,-999999,-999999,-999999,-999999,1.9;15.810,15.808,-999999,0.769,-999999,-999999,-999999,-999999,-999999,-999999,-999999,0,0,-999999,-999999,0,-999999,-999999,0.015,-999999,-999999,-999999,-999999,-999999,2.0;15.830,15.828,-999999,0.769,-999999,-999999,-999999,-999999,-999999,-999999,-999999,0,0,-999999,-999999,0,-999999,-999999,0.015,-999999,-999999,-999999,-999999,-999999,2.0;15.850,15.848,-999999,0.773,-999999,-999999,-999999,-999999,-999999,-999999,-999999,0,0,-999999,-999999,0,-999999,-999999,0.015,-999999,-999999,-999999,-999999,-999999,2.0;15.870,15.868,-999999,0.773,-999999,-999999,-999999,-999999,-999999,-999999,-999999,0,0,-999999,-999999,0,-999999,-999999,0.016,-999999,-999999,-999999,-999999,-999999,2.0;15.890,15.888,-999999,0.766,-999999,-999999,-999999,-999999,-999999,-999999,-999999,0,0,-999999,-999999,0,-999999,-999999,0.016,-999999,-999999,-999999,-999999,-999999,2.0;15.910,15.908,-999999,0.763,-999999,-999999,-999999,-999999,-999999,-999999,-999999,0,0,-999999,-999999,0,-999999,-999999,0.016,-999999,-999999,-999999,-999999,-999999,2.1;15.930,15.928,-999999,0.769,-999999,-999999,-999999,-999999,-999999,-999999,-999999,0,0,-999999,-999999,0,-999999,-999999,0.016,-999999,-999999,-999999,-999999,-999999,2.1;15.950,15.948,-999999,0.769,-999999,-999999,-999999,-999999,-999999,-999999,-999999,0,0,-999999,-999999,0,-999999,-999999,0.016,-999999,-999999,-999999,-999999,-999999,2.1;15.970,15.968,-999999,0.773,-999999,-999999,-999999,-999999,-999999,-999999,-999999,0,0,-999999,-999999,0,-999999,-999999,0.016,-999999,-999999,-999999,-999999,-999999,2.1;15.990,15.988,-999999,0.773,-999999,-999999,-999999,-999999,-999999,-999999,-999999,0,0,-999999,-999999,0,-999999,-999999,0.016,-999999,-999999,-999999,-999999,-999999,2.1;16.010,16.008,-999999,0.769,-999999,-999999,-999999,-999999,-999999,-999999,-999999,0,0,-999999,-999999,0,-999999,-999999,0.016,-999999,-999999,-999999,-999999,-999999,2.1;16.030,16.028,-999999,0.773,-999999,-999999,-999999,-999999,-999999,-999999,-999999,0,0,-999999,-999999,0,-999999,-999999,0.016,-999999,-999999,-999999,-999999,-999999,2.1;16.050,16.048,-999999,0.779,-999999,-999999,-999999,-999999,-999999,-999999,-999999,0,0,-999999,-999999,0,-999999,-999999,0.016,-999999,-999999,-999999,-999999,-999999,2.1;16.070,16.068,-999999,0.782,-999999,-999999,-999999,-999999,-999999,-999999,-999999,0,0,-999999,-999999,0,-999999,-999999,0.016,-999999,-999999,-999999,-999999,-999999,2.0;16.090,16.088,-999999,0.785,-999999,-999999,-999999,-999999,-999999,-999999,-999999,0,0,-999999,-999999,0,-999999,-999999,0.015,-999999,-999999,-999999,-999999,-999999,1.9;16.110,16.108,-999999,0.808,-999999,-999999,-999999,-999999,-999999,-999999,-999999,0,0,-999999,-999999,0,-999999,-999999,0.016,-999999,-999999,-999999,-999999,-999999,1.9;16.130,16.128,-999999,0.840,-999999,-999999,-999999,-999999,-999999,-999999,-999999,0,0,-999999,-999999,0,-999999,-999999,0.017,-999999,-999999,-999999,-999999,-999999,2.0;16.150,16.148,-999999,0.875,-999999,-999999,-999999,-999999,-999999,-999999,-999999,0,0,-999999,-999999,0,-999999,-999999,0.018,-999999,-999999,-999999,-999999,-999999,2.1;16.170,16.168,-999999,0.910,-999999,-999999,-999999,-999999,-999999,-999999,-999999,0,0,-999999,-999999,0,-999999,-999999,0.019,-999999,-999999,-999999,-999999,-999999,2.2;16.190,16.188,-999999,0.927,-999999,-999999,-999999,-999999,-999999,-999999,-999999,0,0,-999999,-999999,0,-999999,-999999,0.022,-999999,-999999,-999999,-999999,-999999,2.4;16.210,16.208,-999999,0.949,-999999,-999999,-999999,-999999,-999999,-999999,-999999,0,0,-999999,-999999,0,-999999,-999999,0.024,-999999,-999999,-999999,-999999,-999999,2.6;16.230,16.228,-999999,0.949,-999999,-999999,-999999,-999999,-999999,-999999,-999999,0,0,-999999,-999999,0,-999999,-999999,0.026,-999999,-999999,-999999,-999999,-999999,2.7;16.250,16.248,-999999,0.991,-999999,-999999,-999999,-999999,-999999,-999999,-999999,0,0,-999999,-999999,0,-999999,-999999,0.028,-999999,-999999,-999999,-999999,-999999,2.8;16.270,16.268,-999999,1.020,-999999,-999999,-999999,-999999,-999999,-999999,-999999,0,0,-999999,-999999,0,-999999,-999999,0.030,-999999,-999999,-999999,-999999,-999999,2.9;16.290,16.288,-999999,1.055,-999999,-999999,-999999,-999999,-999999,-999999,-999999,0,0,-999999,-999999,0,-999999,-999999,0.033,-999999,-999999,-999999,-999999,-999999,3.1;16.310,16.308,-999999,1.087,-999999,-999999,-999999,-999999,-999999,-999999,-999999,0,0,-999999,-999999,0,-999999,-999999,0.035,-999999,-999999,-999999,-999999,-999999,3.3;16.330,16.328,-999999,1.106,-999999,-999999,-999999,-999999,-999999,-999999,-999999,0,0,-999999,-999999,0,-999999,-999999,0.037,-999999,-999999,-999999,-999999,-999999,3.4;16.350,16.348,-999999,1.125,-999999,-999999,-999999,-999999,-999999,-999999,-999999,0,0,-999999,-999999,0,-999999,-999999,0.040,-999999,-999999,-999999,-999999,-999999,3.6;16.370,16.368,-999999,1.119,-999999,-999999,-999999,-999999,-999999,-999999,-999999,0,0,-999999,-999999,0,-999999,-999999,0.041,-999999,-999999,-999999,-999999,-999999,3.7;16.390,16.388,-999999,1.122,-999999,-999999,-999999,-999999,-999999,-999999,-999999,0,0,-999999,-999999,0,-999999,-999999,0.043,-999999,-999999,-999999,-999999,-999999,3.8;16.410,16.408,-999999,1.087,-999999,-999999,-999999,-999999,-999999,-999999,-999999,0,0,-999999,-999999,0,-999999,-999999,0.042,-999999,-999999,-999999,-999999,-999999,3.8;16.430,16.428,-999999,1.080,-999999,-999999,-999999,-999999,-999999,-999999,-999999,0,0,-999999,-999999,0,-999999,-999999,0.042,-999999,-999999,-999999,-999999,-999999,3.7;16.450,16.448,-999999,1.103,-999999,-999999,-999999,-999999,-999999,-999999,-999999,0,0,-999999,-999999,0,-999999,-999999,0.044,-999999,-999999,-999999,-999999,-999999,3.8;16.470,16.468,-999999,1.145,-999999,-999999,-999999,-999999,-999999,-999999,-999999,0,0,-999999,-999999,0,-999999,-999999,0.046,-999999,-999999,-999999,-999999,-999999,4.0;16.490,16.488,-999999,1.215,-999999,-999999,-999999,-999999,-999999,-999999,-999999,0,0,-999999,-999999,0,-999999,-999999,0.048,-999999,-999999,-999999,-999999,-999999,4.0;16.510,16.508,-999999,1.270,-999999,-999999,-999999,-999999,-999999,-999999,-999999,0,0,-999999,-999999,0,-999999,-999999,0.050,-999999,-999999,-999999,-999999,-999999,4.0;16.530,16.528,-999999,1.283,-999999,-999999,-999999,-999999,-999999,-999999,-999999,0,0,-999999,-999999,0,-999999,-999999,0.053,-999999,-999999,-999999,-999999,-999999,4.2;16.550,16.548,-999999,1.292,-999999,-999999,-999999,-999999,-999999,-999999,-999999,0,0,-999999,-999999,0,-999999,-999999,0.058,-999999,-999999,-999999,-999999,-999999,4.5;16.570,16.568,-999999,1.308,-999999,-999999,-999999,-999999,-999999,-999999,-999999,0,0,-999999,-999999,0,-999999,-999999,0.065,-999999,-999999,-999999,-999999,-999999,5.0;16.590,16.588,-999999,1.350,-999999,-999999,-999999,-999999,-999999,-999999,-999999,0,0,-999999,-999999,0,-999999,-999999,0.070,-999999,-999999,-999999,-999999,-999999,5.3;16.610,16.608,-999999,1.347,-999999,-999999,-999999,-999999,-999999,-999999,-999999,0,0,-999999,-999999,0,-999999,-999999,0.073,-999999,-999999,-999999,-999999,-999999,5.6;16.630,16.628,-999999,1.311,-999999,-999999,-999999,-999999,-999999,-999999,-999999,0,0,-999999,-999999,0,-999999,-999999,0.075,-999999,-999999,-999999,-999999,-999999,5.9;16.650,16.648,-999999,1.241,-999999,-999999,-999999,-999999,-999999,-999999,-999999,0,0,-999999,-999999,0,-999999,-999999,0.077,-999999,-999999,-999999,-999999,-999999,6.2;16.670,16.668,-999999,1.183,-999999,-999999,-999999,-999999,-999999,-999999,-999999,0,0,-999999,-999999,0,-999999,-999999,0.075,-999999,-999999,-999999,-999999,-999999,6.2;16.690,16.688,-999999,1.154,-999999,-999999,-999999,-999999,-999999,-999999,-999999,0,0,-999999,-999999,0,-999999,-999999,0.071,-999999,-999999,-999999,-999999,-999999,6.1;16.710,16.708,-999999,1.122,-999999,-999999,-999999,-999999,-999999,-999999,-999999,0,0,-999999,-999999,0,-999999,-999999,0.068,-999999,-999999,-999999,-999999,-999999,6.0;16.730,16.728,-999999,1.084,-999999,-999999,-999999,-999999,-999999,-999999,-999999,0,0,-999999,-999999,0,-999999,-999999,0.061,-999999,-999999,-999999,-999999,-999999,5.6;16.750,16.748,-999999,1.045,-999999,-999999,-999999,-999999,-999999,-999999,-999999,0,0,-999999,-999999,0,-999999,-999999,0.054,-999999,-999999,-999999,-999999,-999999,5.0;16.770,16.768,-999999,1.039,-999999,-999999,-999999,-999999,-999999,-999999,-999999,0,0,-999999,-999999,0,-999999,-999999,0.052,-999999,-999999,-999999,-999999,-999999,4.9;16.790,16.788,-999999,1.048,-999999,-999999,-999999,-999999,-999999,-999999,-999999,0,0,-999999,-999999,0,-999999,-999999,0.050,-999999,-999999,-999999,-999999,-999999,4.7;16.810,16.808,-999999,1.080,-999999,-999999,-999999,-999999,-999999,-999999,-999999,0,0,-999999,-999999,0,-999999,-999999,0.046,-999999,-999999,-999999,-999999,-999999,4.3;16.830,16.828,-999999,1.097,-999999,-999999,-999999,-999999,-999999,-999999,-999999,0,0,-999999,-999999,0,-999999,-999999,0.045,-999999,-999999,-999999,-999999,-999999,4.2;16.850,16.848,-999999,1.109,-999999,-999999,-999999,-999999,-999999,-999999,-999999,0,0,-999999,-999999,0,-999999,-999999,0.044,-999999,-999999,-999999,-999999,-999999,4.1;16.870,16.868,-999999,1.103,-999999,-999999,-999999,-999999,-999999,-999999,-999999,0,0,-999999,-999999,0,-999999,-999999,0.048,-999999,-999999,-999999,-999999,-999999,4.4;16.890,16.888,-999999,1.045,-999999,-999999,-999999,-999999,-999999,-999999,-999999,0,0,-999999,-999999,0,-999999,-999999,0.047,-999999,-999999,-999999,-999999,-999999,4.4;16.910,16.908,-999999,1.080,-999999,-999999,-999999,-999999,-999999,-999999,-999999,0,0,-999999,-999999,0,-999999,-999999,0.047,-999999,-999999,-999999,-999999,-999999,4.4;16.930,16.928,-999999,1.052,-999999,-999999,-999999,-999999,-999999,-999999,-999999,0,0,-999999,-999999,0,-999999,-999999,0.044,-999999,-999999,-999999,-999999,-999999,4.2;16.950,16.948,-999999,0.991,-999999,-999999,-999999,-999999,-999999,-999999,-999999,0,0,-999999,-999999,0,-999999,-999999,0.041,-999999,-999999,-999999,-999999,-999999,4.0;16.970,16.968,-999999,0.978,-999999,-999999,-999999,-999999,-999999,-999999,-999999,0,0,-999999,-999999,0,-999999,-999999,0.040,-999999,-999999,-999999,-999999,-999999,4.0;16.990,16.988,-999999,0.955,-999999,-999999,-999999,-999999,-999999,-999999,-999999,0,0,-999999,-999999,0,-999999,-999999,0.039,-999999,-999999,-999999,-999999,-999999,4.0;17.010,17.008,-999999,0.946,-999999,-999999,-999999,-999999,-999999,-999999,-999999,0,0,-999999,-999999,0,-999999,-999999,0.037,-999999,-999999,-999999,-999999,-999999,3.9;17.030,17.028,-999999,0.923,-999999,-999999,-999999,-999999,-999999,-999999,-999999,0,0,-999999,-999999,0,-999999,-999999,0.035,-999999,-999999,-999999,-999999,-999999,3.9;17.050,17.048,-999999,0.882,-999999,-999999,-999999,-999999,-999999,-999999,-999999,0,0,-999999,-999999,0,-999999,-999999,0.033,-999999,-999999,-999999,-999999,-999999,3.7;17.070,17.068,-999999,0.859,-999999,-999999,-999999,-999999,-999999,-999999,-999999,0,0,-999999,-999999,0,-999999,-999999,0.031,-999999,-999999,-999999,-999999,-999999,3.6;17.090,17.088,-999999,0.850,-999999,-999999,-999999,-999999,-999999,-999999,-999999,0,0,-999999,-999999,0,-999999,-999999,0.029,-999999,-999999,-999999,-999999,-999999,3.5;17.110,17.108,-999999,0.817,-999999,-999999,-999999,-999999,-999999,-999999,-999999,0,0,-999999,-999999,0,-999999,-999999,0.029,-999999,-999999,-999999,-999999,-999999,3.5;17.130,17.128,-999999,0.805,-999999,-999999,-999999,-999999,-999999,-999999,-999999,0,0,-999999,-999999,0,-999999,-999999,0.029,-999999,-999999,-999999,-999999,-999999,3.5;17.150,17.148,-999999,0.805,-999999,-999999,-999999,-999999,-999999,-999999,-999999,0,0,-999999,-999999,0,-999999,-999999,0.027,-999999,-999999,-999999,-999999,-999999,3.4;17.170,17.168,-999999,0.814,-999999,-999999,-999999,-999999,-999999,-999999,-999999,0,0,-999999,-999999,0,-999999,-999999,0.026,-999999,-999999,-999999,-999999,-999999,3.2;17.190,17.188,-999999,0.814,-999999,-999999,-999999,-999999,-999999,-999999,-999999,0,0,-999999,-999999,0,-999999,-999999,0.025,-999999,-999999,-999999,-999999,-999999,3.1;17.210,17.208,-999999,0.798,-999999,-999999,-999999,-999999,-999999,-999999,-999999,0,0,-999999,-999999,0,-999999,-999999,0.025,-999999,-999999,-999999,-999999,-999999,3.1;17.230,17.228,-999999,0.798,-999999,-999999,-999999,-999999,-999999,-999999,-999999,0,0,-999999,-999999,0,-999999,-999999,0.024,-999999,-999999,-999999,-999999,-999999,3.0;17.250,17.248,-999999,0.798,-999999,-999999,-999999,-999999,-999999,-999999,-999999,0,0,-999999,-999999,0,-999999,-999999,0.023,-999999,-999999,-999999,-999999,-999999,2.9;17.270,17.268,-999999,0.795,-999999,-999999,-999999,-999999,-999999,-999999,-999999,0,0,-999999,-999999,0,-999999,-999999,0.023,-999999,-999999,-999999,-999999,-999999,2.9;17.290,17.288,-999999,0.789,-999999,-999999,-999999,-999999,-999999,-999999,-999999,0,0,-999999,-999999,0,-999999,-999999,0.023,-999999,-999999,-999999,-999999,-999999,2.9;17.310,17.308,-999999,0.808,-999999,-999999,-999999,-999999,-999999,-999999,-999999,0,0,-999999,-999999,0,-999999,-999999,0.023,-999999,-999999,-999999,-999999,-999999,2.8;17.330,17.328,-999999,0.827,-999999,-999999,-999999,-999999,-999999,-999999,-999999,0,0,-999999,-999999,0,-999999,-999999,0.023,-999999,-999999,-999999,-999999,-999999,2.8;17.350,17.348,-999999,0.853,-999999,-999999,-999999,-999999,-999999,-999999,-999999,0,0,-999999,-999999,0,-999999,-999999,0.022,-999999,-999999,-999999,-999999,-999999,2.6;17.370,17.368,-999999,0.901,-999999,-999999,-999999,-999999,-999999,-999999,-999999,0,0,-999999,-999999,0,-999999,-999999,0.022,-999999,-999999,-999999,-999999,-999999,2.5;17.390,17.388,-999999,0.914,-999999,-999999,-999999,-999999,-999999,-999999,-999999,0,0,-999999,-999999,0,-999999,-999999,0.024,-999999,-999999,-999999,-999999,-999999,2.7;17.410,17.408,-999999,0.904,-999999,-999999,-999999,-999999,-999999,-999999,-999999,0,0,-999999,-999999,0,-999999,-999999,0.026,-999999,-999999,-999999,-999999,-999999,2.9;17.430,17.428,-999999,0.907,-999999,-999999,-999999,-999999,-999999,-999999,-999999,0,0,-999999,-999999,1,-999999,-999999,0.026,-999999,-999999,-999999,-999999,-999999,2.9;17.450,17.448,-999999,0.907,-999999,-999999,-999999,-999999,-999999,-999999,-999999,0,0,-999999,-999999,0,-999999,-999999,0.025,-999999,-999999,-999999,-999999,-999999,2.8;17.470,17.468,-999999,0.898,-999999,-999999,-999999,-999999,-999999,-999999,-999999,0,0,-999999,-999999,0,-999999,-999999,0.026,-999999,-999999,-999999,-999999,-999999,2.9;17.490,17.488,-999999,0.891,-999999,-999999,-999999,-999999,-999999,-999999,-999999,0,0,-999999,-999999,0,-999999,-999999,0.027,-999999,-999999,-999999,-999999,-999999,3.0;17.510,17.507,-999999,0.885,-999999,-999999,-999999,-999999,-999999,-999999,-999999,0,0,-999999,-999999,0,-999999,-999999,0.027,-999999,-999999,-999999,-999999,-999999,3.0;17.530,17.527,-999999,0.885,-999999,-999999,-999999,-999999,-999999,-999999,-999999,0,0,-999999,-999999,0,-999999,-999999,0.026,-999999,-999999,-999999,-999999,-999999,2.9;17.550,17.547,-999999,0.885,-999999,-999999,-999999,-999999,-999999,-999999,-999999,0,0,-999999,-999999,1,-999999,-999999,0.025,-999999,-999999,-999999,-999999,-999999,2.8;17.570,17.567,-999999,0.901,-999999,-999999,-999999,-999999,-999999,-999999,-999999,0,0,-999999,-999999,1,-999999,-999999,0.025,-999999,-999999,-999999,-999999,-999999,2.7;17.590,17.587,-999999,0.930,-999999,-999999,-999999,-999999,-999999,-999999,-999999,0,0,-999999,-999999,0,-999999,-999999,0.026,-999999,-999999,-999999,-999999,-999999,2.7;17.610,17.607,-999999,0.975,-999999,-999999,-999999,-999999,-999999,-999999,-999999,0,0,-999999,-999999,0,-999999,-999999,0.026,-999999,-999999,-999999,-999999,-999999,2.6;17.630,17.627,-999999,1.048,-999999,-999999,-999999,-999999,-999999,-999999,-999999,0,0,-999999,-999999,0,-999999,-999999,0.027,-999999,-999999,-999999,-999999,-999999,2.6;17.650,17.647,-999999,1.113,-999999,-999999,-999999,-999999,-999999,-999999,-999999,0,0,-999999,-999999,0,-999999,-999999,0.030,-999999,-999999,-999999,-999999,-999999,2.7;17.670,17.667,-999999,1.173,-999999,-999999,-999999,-999999,-999999,-999999,-999999,0,1,-999999,-999999,1,-999999,-999999,0.033,-999999,-999999,-999999,-999999,-999999,2.9;17.690,17.687,-999999,1.209,-999999,-999999,-999999,-999999,-999999,-999999,-999999,0,0,-999999,-999999,1,-999999,-999999,0.037,-999999,-999999,-999999,-999999,-999999,3.2;17.710,17.707,-999999,1.231,-999999,-999999,-999999,-999999,-999999,-999999,-999999,0,0,-999999,-999999,0,-999999,-999999,0.041,-999999,-999999,-999999,-999999,-999999,3.4;17.730,17.727,-999999,1.222,-999999,-999999,-999999,-999999,-999999,-999999,-999999,0,0,-999999,-999999,1,-999999,-999999,0.044,-999999,-999999,-999999,-999999,-999999,3.6;17.750,17.747,-999999,1.215,-999999,-999999,-999999,-999999,-999999,-999999,-999999,0,0,-999999,-999999,0,-999999,-999999,0.050,-999999,-999999,-999999,-999999,-999999,4.0;17.770,17.767,-999999,1.228,-999999,-999999,-999999,-999999,-999999,-999999,-999999,0,0,-999999,-999999,0,-999999,-999999,0.057,-999999,-999999,-999999,-999999,-999999,4.5;17.790,17.787,-999999,1.267,-999999,-999999,-999999,-999999,-999999,-999999,-999999,0,1,-999999,-999999,1,-999999,-999999,0.059,-999999,-999999,-999999,-999999,-999999,4.7;17.810,17.807,-999999,1.302,-999999,-999999,-999999,-999999,-999999,-999999,-999999,0,0,-999999,-999999,1,-999999,-999999,0.055,-999999,-999999,-999999,-999999,-999999,4.3;17.830,17.827,-999999,1.318,-999999,-999999,-999999,-999999,-999999,-999999,-999999,0,1,-999999,-999999,1,-999999,-999999,0.066,-999999,-999999,-999999,-999999,-999999,5.1;17.850,17.847,-999999,1.292,-999999,-999999,-999999,-999999,-999999,-999999,-999999,0,1,-999999,-999999,1,-999999,-999999,0.068,-999999,-999999,-999999,-999999,-999999,5.3;17.870,17.867,-999999,1.286,-999999,-999999,-999999,-999999,-999999,-999999,-999999,0,1,-999999,-999999,1,-999999,-999999,0.067,-999999,-999999,-999999,-999999,-999999,5.2;17.890,17.887,-999999,1.286,-999999,-999999,-999999,-999999,-999999,-999999,-999999,0,1,-999999,-999999,1,-999999,-999999,0.068,-999999,-999999,-999999,-999999,-999999,5.4;17.910,17.907,-999999,1.250,-999999,-999999,-999999,-999999,-999999,-999999,-999999,0,0,-999999,-999999,1,-999999,-999999,0.067,-999999,-999999,-999999,-999999,-999999,5.4;17.930,17.927,-999999,1.209,-999999,-999999,-999999,-999999,-999999,-999999,-999999,0,0,-999999,-999999,1,-999999,-999999,0.064,-999999,-999999,-999999,-999999,-999999,5.3;17.950,17.947,-999999,1.196,-999999,-999999,-999999,-999999,-999999,-999999,-999999,0,1,-999999,-999999,1,-999999,-999999,0.060,-999999,-999999,-999999,-999999,-999999,5.1;17.970,17.967,-999999,1.145,-999999,-999999,-999999,-999999,-999999,-999999,-999999,0,1,-999999,-999999,1,-999999,-999999,0.059,-999999,-999999,-999999,-999999,-999999,5.1;17.990,17.987,-999999,1.106,-999999,-999999,-999999,-999999,-999999,-999999,-999999,0,1,-999999,-999999,1,-999999,-999999,0.055,-999999,-999999,-999999,-999999,-999999,4.8;18.010,18.007,-999999,1.080,-999999,-999999,-999999,-999999,-999999,-999999,-999999,0,1,-999999,-999999,1,-999999,-999999,0.051,-999999,-999999,-999999,-999999,-999999,4.6;18.030,18.027,-999999,1.080,-999999,-999999,-999999,-999999,-999999,-999999,-999999,0,1,-999999,-999999,1,-999999,-999999,0.049,-999999,-999999,-999999,-999999,-999999,4.4;18.050,18.047,-999999,1.093,-999999,-999999,-999999,-999999,-999999,-999999,-999999,0,1,-999999,-999999,1,-999999,-999999,0.046,-999999,-999999,-999999,-999999,-999999,4.2;18.070,18.067,-999999,1.100,-999999,-999999,-999999,-999999,-999999,-999999,-999999,0,0,-999999,-999999,1,-999999,-999999,0.042,-999999,-999999,-999999,-999999,-999999,3.8;18.090,18.087,-999999,1.122,-999999,-999999,-999999,-999999,-999999,-999999,-999999,0,1,-999999,-999999,1,-999999,-999999,0.040,-999999,-999999,-999999,-999999,-999999,3.6;18.110,18.107,-999999,1.106,-999999,-999999,-999999,-999999,-999999,-999999,-999999,0,1,-999999,-999999,1,-999999,-999999,0.039,-999999,-999999,-999999,-999999,-999999,3.6;18.130,18.127,-999999,1.087,-999999,-999999,-999999,-999999,-999999,-999999,-999999,0,1,-999999,-999999,1,-999999,-999999,0.041,-999999,-999999,-999999,-999999,-999999,3.8;18.150,18.147,-999999,1.048,-999999,-999999,-999999,-999999,-999999,-999999,-999999,0,1,-999999,-999999,1,-999999,-999999,0.041,-999999,-999999,-999999,-999999,-999999,3.8;18.170,18.167,-999999,1.032,-999999,-999999,-999999,-999999,-999999,-999999,-999999,0,1,-999999,-999999,1,-999999,-999999,0.040,-999999,-999999,-999999,-999999,-999999,3.8;18.190,18.187,-999999,1.032,-999999,-999999,-999999,-999999,-999999,-999999,-999999,0,1,-999999,-999999,1,-999999,-999999,0.039,-999999,-999999,-999999,-999999,-999999,3.8;18.210,18.207,-999999,1.016,-999999,-999999,-999999,-999999,-999999,-999999,-999999,0,1,-999999,-999999,1,-999999,-999999,0.038,-999999,-999999,-999999,-999999,-999999,3.8;18.230,18.227,-999999,1.013,-999999,-999999,-999999,-999999,-999999,-999999,-999999,0,1,-999999,-999999,1,-999999,-999999,0.039,-999999,-999999,-999999,-999999,-999999,3.9;18.250,18.247,-999999,0.987,-999999,-999999,-999999,-999999,-999999,-999999,-999999,0,1,-999999,-999999,1,-999999,-999999,0.040,-999999,-999999,-999999,-999999,-999999,4.1;18.270,18.267,-999999,0.968,-999999,-999999,-999999,-999999,-999999,-999999,-999999,0,1,-999999,-999999,1,-999999,-999999,0.040,-999999,-999999,-999999,-999999,-999999,4.1;18.290,18.287,-999999,0.968,-999999,-999999,-999999,-999999,-999999,-999999,-999999,0,1,-999999,-999999,1,-999999,-999999,0.038,-999999,-999999,-999999,-999999,-999999,4.0;18.310,18.307,-999999,0.959,-999999,-999999,-999999,-999999,-999999,-999999,-999999,0,1,-999999,-999999,1,-999999,-999999,0.038,-999999,-999999,-999999,-999999,-999999,4.0;18.330,18.327,-999999,0.927,-999999,-999999,-999999,-999999,-999999,-999999,-999999,0,1,-999999,-999999,1,-999999,-999999,0.037,-999999,-999999,-999999,-999999,-999999,4.0;18.350,18.347,-999999,0.914,-999999,-999999,-999999,-999999,-999999,-999999,-999999,0,1,-999999,-999999,1,-999999,-999999,0.038,-999999,-999999,-999999,-999999,-999999,4.2;18.370,18.367,-999999,0.882,-999999,-999999,-999999,-999999,-999999,-999999,-999999,0,1,-999999,-999999,1,-999999,-999999,0.038,-999999,-999999,-999999,-999999,-999999,4.3;18.390,18.387,-999999,0.862,-999999,-999999,-999999,-999999,-999999,-999999,-999999,0,1,-999999,-999999,1,-999999,-999999,0.036,-999999,-999999,-999999,-999999,-999999,4.2;18.410,18.407,-999999,0.850,-999999,-999999,-999999,-999999,-999999,-999999,-999999,0,1,-999999,-999999,1,-999999,-999999,0.034,-999999,-999999,-999999,-999999,-999999,3.9;18.430,18.427,-999999,0.840,-999999,-999999,-999999,-999999,-999999,-999999,-999999,0,1,-999999,-999999,1,-999999,-999999,0.031,-999999,-999999,-999999,-999999,-999999,3.6;18.450,18.447,-999999,0.850,-999999,-999999,-999999,-999999,-999999,-999999,-999999,0,1,-999999,-999999,1,-999999,-999999,0.028,-999999,-999999,-999999,-999999,-999999,3.4;18.470,18.467,-999999,0.840,-999999,-999999,-999999,-999999,-999999,-999999,-999999,0,1,-999999,-999999,1,-999999,-999999,0.026,-999999,-999999,-999999,-999999,-999999,3.1;18.490,18.487,-999999,0.837,-999999,-999999,-999999,-999999,-999999,-999999,-999999,0,1,-999999,-999999,1,-999999,-999999,0.024,-999999,-999999,-999999,-999999,-999999,2.9;18.510,18.507,-999999,0.837,-999999,-999999,-999999,-999999,-999999,-999999,-999999,0,1,-999999,-999999,1,-999999,-999999,0.023,-999999,-999999,-999999,-999999,-999999,2.8;18.530,18.527,-999999,0.821,-999999,-999999,-999999,-999999,-999999,-999999,-999999,0,1,-999999,-999999,1,-999999,-999999,0.023,-999999,-999999,-999999,-999999,-999999,2.8;18.550,18.547,-999999,0.821,-999999,-999999,-999999,-999999,-999999,-999999,-999999,0,1,-999999,-999999,1,-999999,-999999,0.024,-999999,-999999,-999999,-999999,-999999,3.0;18.570,18.567,-999999,0.821,-999999,-999999,-999999,-999999,-999999,-999999,-999999,0,1,-999999,-999999,1,-999999,-999999,0.025,-999999,-999999,-999999,-999999,-999999,3.1;18.590,18.587,-999999,0.798,-999999,-999999,-999999,-999999,-999999,-999999,-999999,0,1,-999999,-999999,1,-999999,-999999,0.025,-999999,-999999,-999999,-999999,-999999,3.2;18.610,18.607,-999999,0.782,-999999,-999999,-999999,-999999,-999999,-999999,-999999,0,1,-999999,-999999,1,-999999,-999999,0.024,-999999,-999999,-999999,-999999,-999999,3.1;18.630,18.627,-999999,0.760,-999999,-999999,-999999,-999999,-999999,-999999,-999999,0,1,-999999,-999999,1,-999999,-999999,0.024,-999999,-999999,-999999,-999999,-999999,3.2;18.650,18.647,-999999,0.750,-999999,-999999,-999999,-999999,-999999,-999999,-999999,0,1,-999999,-999999,1,-999999,-999999,0.025,-999999,-999999,-999999,-999999,-999999,3.3;18.670,18.667,-999999,0.740,-999999,-999999,-999999,-999999,-999999,-999999,-999999,0,1,-999999,-999999,1,-999999,-999999,0.025,-999999,-999999,-999999,-999999,-999999,3.3;18.690,18.687,-999999,0.731,-999999,-999999,-999999,-999999,-999999,-999999,-999999,0,1,-999999,-999999,1,-999999,-999999,0.026,-999999,-999999,-999999,-999999,-999999,3.5;18.710,18.707,-999999,0.734,-999999,-999999,-999999,-999999,-999999,-999999,-999999,0,1,-999999,-999999,1,-999999,-999999,0.019,-999999,-999999,-999999,-999999,-999999,2.4;18.730,18.727,-999999,0.760,-999999,-999999,-999999,-999999,-999999,-999999,-999999,0,1,-999999,-999999,1,-999999,-999999,0.018,-999999,-999999,-999999,-999999,-999999,1.6;18.750,18.747,-999999,0.789,-999999,-999999,-999999,-999999,-999999,-999999,-999999,0,1,-999999,-999999,1,-999999,-999999,0.020,-999999,-999999,-999999,-999999,-999999,1.2;18.770,18.767,-999999,1.263,-999999,-999999,-999999,-999999,-999999,-999999,-999999,0,1,-999999,-999999,1,-999999,-999999,0.026,-999999,-999999,-999999,-999999,-999999,1.1;18.790,18.787,-999999,2.755,-999999,-999999,-999999,-999999,-999999,-999999,-999999,0,1,-999999,-999999,1,-999999,-999999,0.025,-999999,-999999,-999999,-999999,-999999,0.8;18.810,18.807,-999999,4.012,-999999,-999999,-999999,-999999,-999999,-999999,-999999,0,1,-999999,-999999,1,-999999,-999999,0.030,-999999,-999999,-999999,-999999,-999999,0.7;18.830,18.827,-999999,5.100,-999999,-999999,-999999,-999999,-999999,-999999,-999999,0,0,-999999,-999999,1,-999999,-999999,0.034,-999999,-999999,-999999,-999999,-999999,0.7;18.850,18.847,-999999,6.023,-999999,-999999,-999999,-999999,-999999,-999999,-999999,0,1,-999999,-999999,1,-999999,-999999,0.039,-999999,-999999,-999999,-999999,-999999,0.6;18.870,18.867,-999999,6.934,-999999,-999999,-999999,-999999,-999999,-999999,-999999,0,1,-999999,-999999,1,-999999,-999999,0.043,-999999,-999999,-999999,-999999,-999999,0.6;18.890,18.887,-999999,7.755,-999999,-999999,-999999,-999999,-999999,-999999,-999999,0,1,-999999,-999999,1,-999999,-999999,0.056,-999999,-999999,-999999,-999999,-999999,0.7;18.910,18.907,-999999,8.413,-999999,-999999,-999999,-999999,-999999,-999999,-999999,0,1,-999999,-999999,1,-999999,-999999,0.063,-999999,-999999,-999999,-999999,-999999,0.7;18.930,18.927,-999999,9.061,-999999,-999999,-999999,-999999,-999999,-999999,-999999,0,0,-999999,-999999,1,-999999,-999999,0.069,-999999,-999999,-999999,-999999,-999999,0.7;18.950,18.947,-999999,9.686,-999999,-999999,-999999,-999999,-999999,-999999,-999999,0,1,-999999,-999999,1,-999999,-999999,0.076,-999999,-999999,-999999,-999999,-999999,0.7;18.970,18.967,-999999,10.270,-999999,-999999,-999999,-999999,-999999,-999999,-999999,0,1,-999999,-999999,1,-999999,-999999,0.082,-999999,-999999,-999999,-999999,-999999,0.8;18.990,18.987,-999999,10.771,-999999,-999999,-999999,-999999,-999999,-999999,-999999,0,1,-999999,-999999,1,-999999,-999999,0.084,-999999,-999999,-999999,-999999,-999999,0.8;19.010,19.007,-999999,10.986,-999999,-999999,-999999,-999999,-999999,-999999,-999999,0,1,-999999,-999999,1,-999999,-999999,0.089,-999999,-999999,-999999,-999999,-999999,0.8;19.030,19.027,-999999,11.544,-999999,-999999,-999999,-999999,-999999,-999999,-999999,0,1,-999999,-999999,1,-999999,-999999,0.094,-999999,-999999,-999999,-999999,-999999,0.8;19.050,19.047,-999999,11.704,-999999,-999999,-999999,-999999,-999999,-999999,-999999,0,1,-999999,-999999,1,-999999,-999999,0.098,-999999,-999999,-999999,-999999,-999999,0.8;19.070,19.067,-999999,12.022,-999999,-999999,-999999,-999999,-999999,-999999,-999999,0,1,-999999,-999999,1,-999999,-999999,0.099,-999999,-999999,-999999,-999999,-999999,0.8;19.090,19.087,-999999,12.381,-999999,-999999,-999999,-999999,-999999,-999999,-999999,0,1,-999999,-999999,1,-999999,-999999,0.102,-999999,-999999,-999999,-999999,-999999,0.8;19.110,19.107,-999999,12.817,-999999,-999999,-999999,-999999,-999999,-999999,-999999,0,1,-999999,-999999,1,-999999,-999999,0.105,-999999,-999999,-999999,-999999,-999999,0.8;19.130,19.127,-999999,13.285,-999999,-999999,-999999,-999999,-999999,-999999,-999999,0,1,-999999,-999999,1,-999999,-999999,0.109,-999999,-999999,-999999,-999999,-999999,0.8;19.150,19.147,-999999,13.725,-999999,-999999,-999999,-999999,-999999,-999999,-999999,0,1,-999999,-999999,1,-999999,-999999,0.114,-999999,-999999,-999999,-999999,-999999,0.8;19.170,19.167,-999999,14.190,-999999,-999999,-999999,-999999,-999999,-999999,-999999,0,1,-999999,-999999,1,-999999,-999999,0.122,-999999,-999999,-999999,-999999,-999999,0.8;19.190,19.187,-999999,14.588,-999999,-999999,-999999,-999999,-999999,-999999,-999999,0,1,-999999,-999999,1,-999999,-999999,0.129,-999999,-999999,-999999,-999999,-999999,0.9;19.210,19.207,-999999,14.886,-999999,-999999,-999999,-999999,-999999,-999999,-999999,0,1,-999999,-999999,1,-999999,-999999,0.134,-999999,-999999,-999999,-999999,-999999,0.9;19.230,19.227,-999999,15.050,-999999,-999999,-999999,-999999,-999999,-999999,-999999,0,1,-999999,-999999,1,-999999,-999999,0.140,-999999,-999999,-999999,-999999,-999999,0.9;19.250,19.247,-999999,15.197,-999999,-999999,-999999,-999999,-999999,-999999,-999999,0,1,-999999,-999999,1,-999999,-999999,0.146,-999999,-999999,-999999,-999999,-999999,0.9;19.270,19.267,-999999,15.418,-999999,-999999,-999999,-999999,-999999,-999999,-999999,0,1,-999999,-999999,1,-999999,-999999,0.150,-999999,-999999,-999999,-999999,-999999,0.9;19.290,19.287,-999999,15.723,-999999,-999999,-999999,-999999,-999999,-999999,-999999,0,1,-999999,-999999,1,-999999,-999999,0.155,-999999,-999999,-999999,-999999,-999999,0.9;19.310,19.307,-999999,16.079,-999999,-999999,-999999,-999999,-999999,-999999,-999999,0,1,-999999,-999999,1,-999999,-999999,0.151,-999999,-999999,-999999,-999999,-999999,0.9;19.330,19.327,-999999,16.541,-999999,-999999,-999999,-999999,-999999,-999999,-999999,0,1,-999999,-999999,1,-999999,-999999,0.152,-999999,-999999,-999999,-999999,-999999,0.9;19.350,19.347,-999999,17.244,-999999,-999999,-999999,-999999,-999999,-999999,-999999,0,1,-999999,-999999,1,-999999,-999999,0.150,-999999,-999999,-999999,-999999,-999999,0.8;19.370,19.367,-999999,18.187,-999999,-999999,-999999,-999999,-999999,-999999,-999999,0,1,-999999,-999999,1,-999999,-999999,0.151,-999999,-999999,-999999,-999999,-999999,0.8;19.390,19.387,-999999,19.197,-999999,-999999,-999999,-999999,-999999,-999999,-999999,0,1,-999999,-999999,1,-999999,-999999,0.152,-999999,-999999,-999999,-999999,-999999,0.8;19.410,19.407,-999999,20.034,-999999,-999999,-999999,-999999,-999999,-999999,-999999,0,1,-999999,-999999,1,-999999,-999999,0.154,-999999,-999999,-999999,-999999,-999999,0.7;19.430,19.427,-999999,20.701,-999999,-999999,-999999,-999999,-999999,-999999,-999999,0,1,-999999,-999999,1,-999999,-999999,0.156,-999999,-999999,-999999,-999999,-999999,0.7;19.450,19.447,-999999,21.199,-999999,-999999,-999999,-999999,-999999,-999999,-999999,0,1,-999999,-999999,1,-999999,-999999,0.166,-999999,-999999,-999999,-999999,-999999,0.7;19.470,19.467,-999999,21.606,-999999,-999999,-999999,-999999,-999999,-999999,-999999,0,1,-999999,-999999,1,-999999,-999999,0.172,-999999,-999999,-999999,-999999,-999999,0.7;19.490,19.487,-999999,22.074,-999999,-999999,-999999,-999999,-999999,-999999,-999999,0,1,-999999,-999999,1,-999999,-999999,0.177,-999999,-999999,-999999,-999999,-999999,0.8;19.510,19.507,-999999,22.299,-999999,-999999,-999999,-999999,-999999,-999999,-999999,0,1,-999999,-999999,1,-999999,-999999,0.185,-999999,-999999,-999999,-999999,-999999,0.8;19.530,19.527,-999999,22.963,-999999,-999999,-999999,-999999,-999999,-999999,-999999,0,1,-999999,-999999,1,-999999,-999999,0.196,-999999,-999999,-999999,-999999,-999999,0.8;19.550,19.547,-999999,23.421,-999999,-999999,-999999,-999999,-999999,-999999,-999999,0,1,-999999,-999999,1,-999999,-999999,0.204,-999999,-999999,-999999,-999999,-999999,0.8;19.570,19.567,-999999,23.617,-999999,-999999,-999999,-999999,-999999,-999999,-999999,0,1,-999999,-999999,1,-999999,-999999,0.208,-999999,-999999,-999999,-999999,-999999,0.8;19.590,19.587,-999999,24.008,-999999,-999999,-999999,-999999,-999999,-999999,-999999,0,1,-999999,-999999,1,-999999,-999999,0.211,-999999,-999999,-999999,-999999,-999999,0.8;19.610,19.607,-999999,24.319,-999999,-999999,-999999,-999999,-999999,-999999,-999999,0,1,-999999,-999999,1,-999999,-999999,0.216,-999999,-999999,-999999,-999999,-999999,0.8;19.630,19.627,-999999,24.704,-999999,-999999,-999999,-999999,-999999,-999999,-999999,0,1,-999999,-999999,1,-999999,-999999,0.221,-999999,-999999,-999999,-999999,-999999,0.9;19.650,19.647,-999999,25.041,-999999,-999999,-999999,-999999,-999999,-999999,-999999,0,1,-999999,-999999,1,-999999,-999999,0.226,-999999,-999999,-999999,-999999,-999999,0.9;19.670,19.667,-999999,25.243,-999999,-999999,-999999,-999999,-999999,-999999,-999999,0,1,-999999,-999999,1,-999999,-999999,0.227,-999999,-999999,-999999,-999999,-999999,0.9;19.690,19.687,-999999,25.298,-999999,-999999,-999999,-999999,-999999,-999999,-999999,0,1,-999999,-999999,1,-999999,-999999,0.226,-999999,-999999,-999999,-999999,-999999,0.8;19.710,19.707,-999999,25.384,-999999,-999999,-999999,-999999,-999999,-999999,-999999,0,1,-999999,-999999,1,-999999,-999999,0.224,-999999,-999999,-999999,-999999,-999999,0.8;19.730,19.727,-999999,25.680,-999999,-999999,-999999,-999999,-999999,-999999,-999999,0,1,-999999,-999999,1,-999999,-999999,0.227,-999999,-999999,-999999,-999999,-999999,0.8;19.750,19.747,-999999,26.395,-999999,-999999,-999999,-999999,-999999,-999999,-999999,0,1,-999999,-999999,1,-999999,-999999,0.232,-999999,-999999,-999999,-999999,-999999,0.8;19.770,19.767,-999999,27.158,-999999,-999999,-999999,-999999,-999999,-999999,-999999,0,1,-999999,-999999,1,-999999,-999999,0.234,-999999,-999999,-999999,-999999,-999999,0.8;19.790,19.787,-999999,27.630,-999999,-999999,-999999,-999999,-999999,-999999,-999999,0,1,-999999,-999999,1,-999999,-999999,0.237,-999999,-999999,-999999,-999999,-999999,0.8;19.810,19.807,-999999,28.015,-999999,-999999,-999999,-999999,-999999,-999999,-999999,0,1,-999999,-999999,1,-999999,-999999,0.237,-999999,-999999,-999999,-999999,-999999,0.8;19.830,19.827,-999999,28.457,-999999,-999999,-999999,-999999,-999999,-999999,-999999,0,1,-999999,-999999,1,-999999,-999999,0.233,-999999,-999999,-999999,-999999,-999999,0.8;19.850,19.847,-999999,28.929,-999999,-999999,-999999,-999999,-999999,-999999,-999999,0,1,-999999,-999999,1,-999999,-999999,0.237,-999999,-999999,-999999,-999999,-999999,0.8;19.870,19.867,-999999,29.551,-999999,-999999,-999999,-999999,-999999,-999999,-999999,0,1,-999999,-999999,1,-999999,-999999,0.237,-999999,-999999,-999999,-999999,-999999,0.7;19.890,19.887,-999999,30.427,-999999,-999999,-999999,-999999,-999999,-999999,-999999,0,1,-999999,-999999,1,-999999,-999999,0.236,-999999,-999999,-999999,-999999,-999999,0.7;19.910,19.907,-999999,31.084,-999999,-999999,-999999,-999999,-999999,-999999,-999999,0,1,-999999,-999999,1,-999999,-999999,0.232,-999999,-999999,-999999,-999999,-999999,0.7;19.930,19.927,-999999,31.559,-999999,-999999,-999999,-999999,-999999,-999999,-999999,0,1,-999999,-999999,1,-999999,-999999,0.230,-999999,-999999,-999999,-999999,-999999,0.7;19.950,19.947,-999999,32.255,-999999,-999999,-999999,-999999,-999999,-999999,-999999,0,1,-999999,-999999,1,-999999,-999999,0.232,-999999,-999999,-999999,-999999,-999999,0.7;19.970,19.967,-999999,32.983,-999999,-999999,-999999,-999999,-999999,-999999,-999999,0,1,-999999,-999999,1,-999999,-999999,0.228,-999999,-999999,-999999,-999999,-999999,0.7;19.990,19.987,-999999,33.477,-999999,-999999,-999999,-999999,-999999,-999999,-999999,0,1,-999999,-999999,1,-999999,-999999,0.237,-999999,-999999,-999999,-999999,-999999,0.7;20.010,20.007,-999999,33.586,-999999,-999999,-999999,-999999,-999999,-999999,-999999,0,1,-999999,-999999,1,-999999,-999999,0.244,-999999,-999999,-999999,-999999,-999999,0.7;20.030,20.027,-999999,33.628,-999999,-999999,-999999,-999999,-999999,-999999,-999999,0,1,-999999,-999999,1,-999999,-999999,0.245,-999999,-999999,-999999,-999999,-999999,0.7;20.050,20.047,-999999,33.798,-999999,-999999,-999999,-999999,-999999,-999999,-999999,0,1,-999999,-999999,1,-999999,-999999,0.266,-999999,-999999,-999999,-999999,-999999,0.7;20.070,20.067,-999999,33.971,-999999,-999999,-999999,-999999,-999999,-999999,-999999,0,1,-999999,-999999,1,-999999,-999999,0.264,-999999,-999999,-999999,-999999,-999999,0.7;20.090,20.087,-999999,34.115,-999999,-999999,-999999,-999999,-999999,-999999,-999999,0,1,-999999,-999999,1,-999999,-999999,0.282,-999999,-999999,-999999,-999999,-999999,0.8;20.110,20.107,-999999,34.523,-999999,-999999,-999999,-999999,-999999,-999999,-999999,0,1,-999999,-999999,1,-999999,-999999,0.291,-999999,-999999,-999999,-999999,-999999,0.8;20.130,20.127,-999999,34.799,-999999,-999999,-999999,-999999,-999999,-999999,-999999,0,1,-999999,-999999,1,-999999,-999999,0.296,-999999,-999999,-999999,-999999,-999999,0.8;20.150,20.147,-999999,35.476,-999999,-999999,-999999,-999999,-999999,-999999,-999999,0,1,-999999,-999999,1,-999999,-999999,0.302,-999999,-999999,-999999,-999999,-999999,0.8;20.170,20.167,-999999,35.591,-999999,-999999,-999999,-999999,-999999,-999999,-999999,0,1,-999999,-999999,1,-999999,-999999,0.307,-999999,-999999,-999999,-999999,-999999,0.8;20.190,20.187,-999999,35.623,-999999,-999999,-999999,-999999,-999999,-999999,-999999,0,1,-999999,-999999,1,-999999,-999999,0.316,-999999,-999999,-999999,-999999,-999999,0.8;20.210,20.207,-999999,35.543,-999999,-999999,-999999,-999999,-999999,-999999,-999999,0,1,-999999,-999999,1,-999999,-999999,0.324,-999999,-999999,-999999,-999999,-999999,0.9;20.230,20.227,-999999,35.421,-999999,-999999,-999999,-999999,-999999,-999999,-999999,0,1,-999999,-999999,1,-999999,-999999,0.330,-999999,-999999,-999999,-999999,-999999,0.9;20.250,20.247,-999999,35.203,-999999,-999999,-999999,-999999,-999999,-999999,-999999,0,1,-999999,-999999,1,-999999,-999999,0.332,-999999,-999999,-999999,-999999,-999999,0.9;20.270,20.267,-999999,35.046,-999999,-999999,-999999,-999999,-999999,-999999,-999999,0,1,-999999,-999999,1,-999999,-999999,0.335,-999999,-999999,-999999,-999999,-999999,0.9;20.290,20.287,-999999,34.933,-999999,-999999,-999999,-999999,-999999,-999999,-999999,0,1,-999999,-999999,1,-999999,-999999,0.338,-999999,-999999,-999999,-999999,-999999,0.9;20.310,20.307,-999999,34.966,-999999,-999999,-999999,-999999,-999999,-999999,-999999,0,1,-999999,-999999,1,-999999,-999999,0.339,-999999,-999999,-999999,-999999,-999999,0.9;20.330,20.327,-999999,35.110,-999999,-999999,-999999,-999999,-999999,-999999,-999999,0,1,-999999,-999999,1,-999999,-999999,0.338,-999999,-999999,-999999,-999999,-999999,0.9;20.350,20.347,-999999,35.421,-999999,-999999,-999999,-999999,-999999,-999999,-999999,0,1,-999999,-999999,1,-999999,-999999,0.341,-999999,-999999,-999999,-999999,-999999,0.9;20.370,20.367,-999999,35.825,-999999,-999999,-999999,-999999,-999999,-999999,-999999,0,1,-999999,-999999,1,-999999,-999999,0.345,-999999,-999999,-999999,-999999,-999999,0.9;20.390,20.387,-999999,36.136,-999999,-999999,-999999,-999999,-999999,-999999,-999999,0,1,-999999,-999999,1,-999999,-999999,0.348,-999999,-999999,-999999,-999999,-999999,0.9;20.410,20.407,-999999,36.316,-999999,-999999,-999999,-999999,-999999,-999999,-999999,0,1,-999999,-999999,1,-999999,-999999,0.347,-999999,-999999,-999999,-999999,-999999,0.9;20.430,20.427,-999999,36.354,-999999,-999999,-999999,-999999,-999999,-999999,-999999,0,1,-999999,-999999,1,-999999,-999999,0.348,-999999,-999999,-999999,-999999,-999999,0.9;20.450,20.447,-999999,36.560,-999999,-999999,-999999,-999999,-999999,-999999,-999999,0,1,-999999,-999999,1,-999999,-999999,0.353,-999999,-999999,-999999,-999999,-999999,0.9;20.470,20.467,-999999,37.012,-999999,-999999,-999999,-999999,-999999,-999999,-999999,0,1,-999999,-999999,1,-999999,-999999,0.364,-999999,-999999,-999999,-999999,-999999,0.9;20.490,20.487,-999999,37.560,-999999,-999999,-999999,-999999,-999999,-999999,-999999,0,1,-999999,-999999,1,-999999,-999999,0.371,-999999,-999999,-999999,-999999,-999999,0.9;20.510,20.507,-999999,37.997,-999999,-999999,-999999,-999999,-999999,-999999,-999999,0,1,-999999,-999999,1,-999999,-999999,0.370,-999999,-999999,-999999,-999999,-999999,0.9;20.530,20.527,-999999,38.202,-999999,-999999,-999999,-999999,-999999,-999999,-999999,0,1,-999999,-999999,1,-999999,-999999,0.369,-999999,-999999,-999999,-999999,-999999,0.9;20.550,20.547,-999999,38.638,-999999,-999999,-999999,-999999,-999999,-999999,-999999,0,1,-999999,-999999,1,-999999,-999999,0.373,-999999,-999999,-999999,-999999,-999999,0.9;20.570,20.567,-999999,39.453,-999999,-999999,-999999,-999999,-999999,-999999,-999999,0,1,-999999,-999999,1,-999999,-999999,0.375,-999999,-999999,-999999,-999999,-999999,0.9;20.590,20.587,-999999,39.844,-999999,-999999,-999999,-999999,-999999,-999999,-999999,0,1,-999999,-999999,1,-999999,-999999,0.383,-999999,-999999,-999999,-999999,-999999,0.9;20.610,20.607,-999999,39.912,-999999,-999999,-999999,-999999,-999999,-999999,-999999,0,1,-999999,-999999,1,-999999,-999999,0.384,-999999,-999999,-999999,-999999,-999999,0.9;20.630,20.627,-999999,39.937,-999999,-999999,-999999,-999999,-999999,-999999,-999999,0,1,-999999,-999999,1,-999999,-999999,0.374,-999999,-999999,-999999,-999999,-999999,0.9;20.650,20.647,-999999,39.998,-999999,-999999,-999999,-999999,-999999,-999999,-999999,1,2,-999999,-999999,2,-999999,-999999,0.366,-999999,-999999,-999999,-999999,-999999,0.9;20.670,20.667,-999999,40.303,-999999,-999999,-999999,-999999,-999999,-999999,-999999,0,2,-999999,-999999,2,-999999,-999999,0.351,-999999,-999999,-999999,-999999,-999999,0.8;20.690,20.687,-999999,40.980,-999999,-999999,-999999,-999999,-999999,-999999,-999999,4,3,-999999,-999999,5,-999999,-999999,0.341,-999999,-999999,-999999,-999999,-999999,0.8;20.710,20.706,-999999,41.746,-999999,-999999,-999999,-999999,-999999,-999999,-999999,8,3,-999999,-999999,9,-999999,-999999,0.328,-999999,-999999,-999999,-999999,-999999,0.7;20.730,20.726,-999999,42.077,-999999,-999999,-999999,-999999,-999999,-999999,-999999,8,3,-999999,-999999,9,-999999,-999999,0.317,-999999,-999999,-999999,-999999,-999999,0.7;20.750,20.746,-999999,42.260,-999999,-999999,-999999,-999999,-999999,-999999,-999999,10,3,-999999,-999999,10,-999999,-999999,0.301,-999999,-999999,-999999,-999999,-999999,0.7;20.770,20.766,-999999,42.269,-999999,-999999,-999999,-999999,-999999,-999999,-999999,9,3,-999999,-999999,10,-999999,-999999,0.298,-999999,-999999,-999999,-999999,-999999,0.7;20.790,20.785,-999999,42.494,-999999,-999999,-999999,-999999,-999999,-999999,-999999,10,3,-999999,-999999,11,-999999,-999999,0.305,-999999,-999999,-999999,-999999,-999999,0.7;20.810,20.805,-999999,42.481,-999999,-999999,-999999,-999999,-999999,-999999,-999999,9,5,-999999,-999999,11,-999999,-999999,0.311,-999999,-999999,-999999,-999999,-999999,0.7;20.830,20.825,-999999,42.288,-999999,-999999,-999999,-999999,-999999,-999999,-999999,8,5,-999999,-999999,9,-999999,-999999,0.310,-999999,-999999,-999999,-999999,-999999,0.7;20.850,20.844,-999999,42.195,-999999,-999999,-999999,-999999,-999999,-999999,-999999,7,5,-999999,-999999,9,-999999,-999999,0.309,-999999,-999999,-999999,-999999,-999999,0.7;20.870,20.864,-999999,42.439,-999999,-999999,-999999,-999999,-999999,-999999,-999999,9,5,-999999,-999999,10,-999999,-999999,0.316,-999999,-999999,-999999,-999999,-999999,0.7;20.890,20.884,-999999,42.452,-999999,-999999,-999999,-999999,-999999,-999999,-999999,10,1,-999999,-999999,10,-999999,-999999,0.321,-999999,-999999,-999999,-999999,-999999,0.7;20.910,20.903,-999999,43.171,-999999,-999999,-999999,-999999,-999999,-999999,-999999,10,5,-999999,-999999,12,-999999,-999999,0.331,-999999,-999999,-999999,-999999,-999999,0.7;20.930,20.923,-999999,43.353,-999999,-999999,-999999,-999999,-999999,-999999,-999999,10,1,-999999,-999999,10,-999999,-999999,0.336,-999999,-999999,-999999,-999999,-999999,0.7;20.950,20.943,-999999,43.527,-999999,-999999,-999999,-999999,-999999,-999999,-999999,7,7,-999999,-999999,10,-999999,-999999,0.334,-999999,-999999,-999999,-999999,-999999,0.7;20.970,20.962,-999999,43.661,-999999,-999999,-999999,-999999,-999999,-999999,-999999,6,5,-999999,-999999,8,-999999,-999999,0.331,-999999,-999999,-999999,-999999,-999999,0.7;20.990,20.982,-999999,43.732,-999999,-999999,-999999,-999999,-999999,-999999,-999999,7,2,-999999,-999999,8,-999999,-999999,0.331,-999999,-999999,-999999,-999999,-999999,0.7;21.010,21.002,-999999,43.928,-999999,-999999,-999999,-999999,-999999,-999999,-999999,11,4,-999999,-999999,12,-999999,-999999,0.332,-999999,-999999,-999999,-999999,-999999,0.7;21.030,21.021,-999999,44.239,-999999,-999999,-999999,-999999,-999999,-999999,-999999,12,5,-999999,-999999,13,-999999,-999999,0.335,-999999,-999999,-999999,-999999,-999999,0.7;21.050,21.041,-999999,44.248,-999999,-999999,-999999,-999999,-999999,-999999,-999999,11,5,-999999,-999999,12,-999999,-999999,0.343,-999999,-999999,-999999,-999999,-999999,0.7;21.070,21.060,-999999,44.053,-999999,-999999,-999999,-999999,-999999,-999999,-999999,10,5,-999999,-999999,12,-999999,-999999,0.345,-999999,-999999,-999999,-999999,-999999,0.7;21.090,21.080,-999999,43.911,-999999,-999999,-999999,-999999,-999999,-999999,-999999,10,4,-999999,-999999,11,-999999,-999999,0.348,-999999,-999999,-999999,-999999,-999999,0.7;21.110,21.099,-999999,43.632,-999999,-999999,-999999,-999999,-999999,-999999,-999999,10,3,-999999,-999999,11,-999999,-999999,0.348,-999999,-999999,-999999,-999999,-999999,0.7;21.130,21.119,-999999,43.437,-999999,-999999,-999999,-999999,-999999,-999999,-999999,10,3,-999999,-999999,10,-999999,-999999,0.349,-999999,-999999,-999999,-999999,-999999,0.7;21.150,21.139,-999999,43.591,-999999,-999999,-999999,-999999,-999999,-999999,-999999,10,4,-999999,-999999,11,-999999,-999999,0.345,-999999,-999999,-999999,-999999,-999999,0.7;21.170,21.158,-999999,44.024,-999999,-999999,-999999,-999999,-999999,-999999,-999999,9,4,-999999,-999999,10,-999999,-999999,0.342,-999999,-999999,-999999,-999999,-999999,0.7;21.190,21.178,-999999,44.925,-999999,-999999,-999999,-999999,-999999,-999999,-999999,8,3,-999999,-999999,9,-999999,-999999,0.343,-999999,-999999,-999999,-999999,-999999,0.7;21.210,21.198,-999999,45.650,-999999,-999999,-999999,-999999,-999999,-999999,-999999,7,4,-999999,-999999,9,-999999,-999999,0.345,-999999,-999999,-999999,-999999,-999999,0.7;21.230,21.217,-999999,46.551,-999999,-999999,-999999,-999999,-999999,-999999,-999999,8,5,-999999,-999999,9,-999999,-999999,0.345,-999999,-999999,-999999,-999999,-999999,0.7;21.250,21.237,-999999,47.193,-999999,-999999,-999999,-999999,-999999,-999999,-999999,8,5,-999999,-999999,9,-999999,-999999,0.353,-999999,-999999,-999999,-999999,-999999,0.7;21.270,21.257,-999999,47.530,-999999,-999999,-999999,-999999,-999999,-999999,-999999,8,4,-999999,-999999,10,-999999,-999999,0.365,-999999,-999999,-999999,-999999,-999999,0.7;21.290,21.276,-999999,47.648,-999999,-999999,-999999,-999999,-999999,-999999,-999999,10,3,-999999,-999999,10,-999999,-999999,0.380,-999999,-999999,-999999,-999999,-999999,0.8;21.310,21.296,-999999,47.680,-999999,-999999,-999999,-999999,-999999,-999999,-999999,10,0,-999999,-999999,10,-999999,-999999,0.391,-999999,-999999,-999999,-999999,-999999,0.8;21.330,21.316,-999999,47.722,-999999,-999999,-999999,-999999,-999999,-999999,-999999,11,4,-999999,-999999,12,-999999,-999999,0.408,-999999,-999999,-999999,-999999,-999999,0.8;21.350,21.335,-999999,47.873,-999999,-999999,-999999,-999999,-999999,-999999,-999999,12,6,-999999,-999999,14,-999999,-999999,0.424,-999999,-999999,-999999,-999999,-999999,0.8;21.370,21.355,-999999,48.014,-999999,-999999,-999999,-999999,-999999,-999999,-999999,12,0,-999999,-999999,12,-999999,-999999,0.431,-999999,-999999,-999999,-999999,-999999,0.8;21.390,21.374,-999999,47.754,-999999,-999999,-999999,-999999,-999999,-999999,-999999,11,2,-999999,-999999,11,-999999,-999999,0.447,-999999,-999999,-999999,-999999,-999999,0.9;21.410,21.394,-999999,48.332,-999999,-999999,-999999,-999999,-999999,-999999,-999999,8,5,-999999,-999999,9,-999999,-999999,0.459,-999999,-999999,-999999,-999999,-999999,0.9;21.430,21.414,-999999,48.293,-999999,-999999,-999999,-999999,-999999,-999999,-999999,7,4,-999999,-999999,8,-999999,-999999,0.482,-999999,-999999,-999999,-999999,-999999,1.0;21.450,21.433,-999999,48.293,-999999,-999999,-999999,-999999,-999999,-999999,-999999,6,4,-999999,-999999,7,-999999,-999999,0.474,-999999,-999999,-999999,-999999,-999999,0.9;21.470,21.453,-999999,48.181,-999999,-999999,-999999,-999999,-999999,-999999,-999999,4,3,-999999,-999999,6,-999999,-999999,0.482,-999999,-999999,-999999,-999999,-999999,1.0;21.490,21.473,-999999,47.793,-999999,-999999,-999999,-999999,-999999,-999999,-999999,4,4,-999999,-999999,6,-999999,-999999,0.490,-999999,-999999,-999999,-999999,-999999,1.0;21.510,21.493,-999999,47.395,-999999,-999999,-999999,-999999,-999999,-999999,-999999,4,5,-999999,-999999,6,-999999,-999999,0.478,-999999,-999999,-999999,-999999,-999999,1.0;21.530,21.513,-999999,46.866,-999999,-999999,-999999,-999999,-999999,-999999,-999999,2,4,-999999,-999999,5,-999999,-999999,0.483,-999999,-999999,-999999,-999999,-999999,1.0;21.550,21.533,-999999,46.314,-999999,-999999,-999999,-999999,-999999,-999999,-999999,0,2,-999999,-999999,2,-999999,-999999,0.492,-999999,-999999,-999999,-999999,-999999,1.0;21.570,21.553,-999999,46.000,-999999,-999999,-999999,-999999,-999999,-999999,-999999,1,3,-999999,-999999,4,-999999,-999999,0.488,-999999,-999999,-999999,-999999,-999999,1.0;21.590,21.573,-999999,45.987,-999999,-999999,-999999,-999999,-999999,-999999,-999999,0,1,-999999,-999999,2,-999999,-999999,0.483,-999999,-999999,-999999,-999999,-999999,1.0;21.610,21.593,-999999,45.711,-999999,-999999,-999999,-999999,-999999,-999999,-999999,0,1,-999999,-999999,2,-999999,-999999,0.465,-999999,-999999,-999999,-999999,-999999,1.0;21.630,21.613,-999999,45.400,-999999,-999999,-999999,-999999,-999999,-999999,-999999,0,1,-999999,-999999,2,-999999,-999999,0.455,-999999,-999999,-999999,-999999,-999999,1.0;21.650,21.633,-999999,45.114,-999999,-999999,-999999,-999999,-999999,-999999,-999999,0,1,-999999,-999999,2,-999999,-999999,0.440,-999999,-999999,-999999,-999999,-999999,0.9;21.670,21.653,-999999,44.832,-999999,-999999,-999999,-999999,-999999,-999999,-999999,0,1,-999999,-999999,2,-999999,-999999,0.435,-999999,-999999,-999999,-999999,-999999,0.9;21.690,21.673,-999999,44.726,-999999,-999999,-999999,-999999,-999999,-999999,-999999,0,1,-999999,-999999,2,-999999,-999999,0.431,-999999,-999999,-999999,-999999,-999999,0.9;21.710,21.693,-999999,44.633,-999999,-999999,-999999,-999999,-999999,-999999,-999999,0,1,-999999,-999999,2,-999999,-999999,0.428,-999999,-999999,-999999,-999999,-999999,0.9;21.730,21.713,-999999,44.226,-999999,-999999,-999999,-999999,-999999,-999999,-999999,0,1,-999999,-999999,2,-999999,-999999,0.426,-999999,-999999,-999999,-999999,-999999,0.9;21.750,21.733,-999999,43.671,-999999,-999999,-999999,-999999,-999999,-999999,-999999,0,2,-999999,-999999,2,-999999,-999999,0.416,-999999,-999999,-999999,-999999,-999999,0.9;21.770,21.753,-999999,42.558,-999999,-999999,-999999,-999999,-999999,-999999,-999999,0,1,-999999,-999999,2,-999999,-999999,0.421,-999999,-999999,-999999,-999999,-999999,1.0;21.790,21.773,-999999,41.284,-999999,-999999,-999999,-999999,-999999,-999999,-999999,0,1,-999999,-999999,2,-999999,-999999,0.408,-999999,-999999,-999999,-999999,-999999,0.9;21.810,21.793,-999999,39.770,-999999,-999999,-999999,-999999,-999999,-999999,-999999,0,2,-999999,-999999,2,-999999,-999999,0.405,-999999,-999999,-999999,-999999,-999999,1.0;21.830,21.813,-999999,38.439,-999999,-999999,-999999,-999999,-999999,-999999,-999999,0,1,-999999,-999999,2,-999999,-999999,0.398,-999999,-999999,-999999,-999999,-999999,1.0;21.850,21.833,-999999,36.890,-999999,-999999,-999999,-999999,-999999,-999999,-999999,0,1,-999999,-999999,2,-999999,-999999,0.392,-999999,-999999,-999999,-999999,-999999,1.0;21.870,21.853,-999999,35.601,-999999,-999999,-999999,-999999,-999999,-999999,-999999,0,1,-999999,-999999,2,-999999,-999999,0.380,-999999,-999999,-999999,-999999,-999999,1.0;21.890,21.873,-999999,34.488,-999999,-999999,-999999,-999999,-999999,-999999,-999999,0,1,-999999,-999999,2,-999999,-999999,0.367,-999999,-999999,-999999,-999999,-999999,1.0;21.910,21.893,-999999,33.464,-999999,-999999,-999999,-999999,-999999,-999999,-999999,0,1,-999999,-999999,2,-999999,-999999,0.358,-999999,-999999,-999999,-999999,-999999,1.0;21.930,21.913,-999999,32.595,-999999,-999999,-999999,-999999,-999999,-999999,-999999,0,1,-999999,-999999,2,-999999,-999999,0.332,-999999,-999999,-999999,-999999,-999999,0.9;21.950,21.933,-999999,32.616,-999999,-999999,-999999,-999999,-999999,-999999,-999999,0,1,-999999,-999999,2,-999999,-999999,0.308,-999999,-999999,-999999,-999999,-999999,0.9;21.970,21.953,-999999,32.637,-999999,-999999,-999999,-999999,-999999,-999999,-999999,0,2,-999999,-999999,2,-999999,-999999,0.296,-999999,-999999,-999999,-999999,-999999,0.8;21.990,21.973,-999999,33.650,-999999,-999999,-999999,-999999,-999999,-999999,-999999,0,2,-999999,-999999,2,-999999,-999999,0.300,-999999,-999999,-999999,-999999,-999999,0.9;22.010,21.993,-999999,34.164,-999999,-999999,-999999,-999999,-999999,-999999,-999999,0,2,-999999,-999999,2,-999999,-999999,0.295,-999999,-999999,-999999,-999999,-999999,0.8;22.030,22.013,-999999,33.682,-999999,-999999,-999999,-999999,-999999,-999999,-999999,0,2,-999999,-999999,2,-999999,-999999,0.287,-999999,-999999,-999999,-999999,-999999,0.8;22.050,22.033,-999999,32.659,-999999,-999999,-999999,-999999,-999999,-999999,-999999,0,2,-999999,-999999,2,-999999,-999999,0.280,-999999,-999999,-999999,-999999,-999999,0.8;22.070,22.053,-999999,31.572,-999999,-999999,-999999,-999999,-999999,-999999,-999999,0,2,-999999,-999999,2,-999999,-999999,0.275,-999999,-999999,-999999,-999999,-999999,0.8;22.090,22.072,-999999,30.664,-999999,-999999,-999999,-999999,-999999,-999999,-999999,0,2,-999999,-999999,2,-999999,-999999,0.277,-999999,-999999,-999999,-999999,-999999,0.8;22.110,22.092,-999999,29.869,-999999,-999999,-999999,-999999,-999999,-999999,-999999,0,2,-999999,-999999,2,-999999,-999999,0.278,-999999,-999999,-999999,-999999,-999999,0.9;22.130,22.112,-999999,29.262,-999999,-999999,-999999,-999999,-999999,-999999,-999999,0,2,-999999,-999999,2,-999999,-999999,0.280,-999999,-999999,-999999,-999999,-999999,0.9;22.150,22.132,-999999,28.691,-999999,-999999,-999999,-999999,-999999,-999999,-999999,0,2,-999999,-999999,2,-999999,-999999,0.269,-999999,-999999,-999999,-999999,-999999,0.9;22.170,22.152,-999999,28.069,-999999,-999999,-999999,-999999,-999999,-999999,-999999,0,2,-999999,-999999,2,-999999,-999999,0.253,-999999,-999999,-999999,-999999,-999999,0.8;22.190,22.172,-999999,27.736,-999999,-999999,-999999,-999999,-999999,-999999,-999999,0,2,-999999,-999999,2,-999999,-999999,0.249,-999999,-999999,-999999,-999999,-999999,0.8;22.210,22.192,-999999,27.107,-999999,-999999,-999999,-999999,-999999,-999999,-999999,0,2,-999999,-999999,2,-999999,-999999,0.246,-999999,-999999,-999999,-999999,-999999,0.8;22.230,22.212,-999999,27.161,-999999,-999999,-999999,-999999,-999999,-999999,-999999,0,2,-999999,-999999,2,-999999,-999999,0.242,-999999,-999999,-999999,-999999,-999999,0.8;22.250,22.232,-999999,27.165,-999999,-999999,-999999,-999999,-999999,-999999,-999999,0,2,-999999,-999999,2,-999999,-999999,0.231,-999999,-999999,-999999,-999999,-999999,0.8;22.270,22.252,-999999,27.476,-999999,-999999,-999999,-999999,-999999,-999999,-999999,0,2,-999999,-999999,2,-999999,-999999,0.225,-999999,-999999,-999999,-999999,-999999,0.7;22.290,22.272,-999999,28.165,-999999,-999999,-999999,-999999,-999999,-999999,-999999,0,2,-999999,-999999,2,-999999,-999999,0.219,-999999,-999999,-999999,-999999,-999999,0.7;22.310,22.292,-999999,29.452,-999999,-999999,-999999,-999999,-999999,-999999,-999999,0,2,-999999,-999999,2,-999999,-999999,0.216,-999999,-999999,-999999,-999999,-999999,0.7;22.330,22.312,-999999,31.036,-999999,-999999,-999999,-999999,-999999,-999999,-999999,0,2,-999999,-999999,2,-999999,-999999,0.251,-999999,-999999,-999999,-999999,-999999,0.8;22.350,22.332,-999999,32.441,-999999,-999999,-999999,-999999,-999999,-999999,-999999,0,2,-999999,-999999,2,-999999,-999999,0.258,-999999,-999999,-999999,-999999,-999999,0.8;22.370,22.352,-999999,32.823,-999999,-999999,-999999,-999999,-999999,-999999,-999999,0,2,-999999,-999999,2,-999999,-999999,0.264,-999999,-999999,-999999,-999999,-999999,0.8;22.390,22.372,-999999,32.377,-999999,-999999,-999999,-999999,-999999,-999999,-999999,0,2,-999999,-999999,2,-999999,-999999,0.250,-999999,-999999,-999999,-999999,-999999,0.8;22.410,22.392,-999999,31.447,-999999,-999999,-999999,-999999,-999999,-999999,-999999,0,2,-999999,-999999,2,-999999,-999999,0.239,-999999,-999999,-999999,-999999,-999999,0.7;22.430,22.412,-999999,30.468,-999999,-999999,-999999,-999999,-999999,-999999,-999999,0,2,-999999,-999999,2,-999999,-999999,0.228,-999999,-999999,-999999,-999999,-999999,0.7;22.450,22.432,-999999,27.495,-999999,-999999,-999999,-999999,-999999,-999999,-999999,0,2,-999999,-999999,2,-999999,-999999,0.205,-999999,-999999,-999999,-999999,-999999,0.7;22.470,22.452,-999999,25.779,-999999,-999999,-999999,-999999,-999999,-999999,-999999,0,2,-999999,-999999,2,-999999,-999999,0.200,-999999,-999999,-999999,-999999,-999999,0.7;22.490,22.472,-999999,25.173,-999999,-999999,-999999,-999999,-999999,-999999,-999999,0,2,-999999,-999999,2,-999999,-999999,0.195,-999999,-999999,-999999,-999999,-999999,0.7;22.510,22.492,-999999,23.838,-999999,-999999,-999999,-999999,-999999,-999999,-999999,0,2,-999999,-999999,2,-999999,-999999,0.195,-999999,-999999,-999999,-999999,-999999,0.7;22.530,22.512,-999999,23.563,-999999,-999999,-999999,-999999,-999999,-999999,-999999,0,2,-999999,-999999,2,-999999,-999999,0.194,-999999,-999999,-999999,-999999,-999999,0.8;22.550,22.532,-999999,23.190,-999999,-999999,-999999,-999999,-999999,-999999,-999999,0,2,-999999,-999999,2,-999999,-999999,0.186,-999999,-999999,-999999,-999999,-999999,0.7;22.570,22.552,-999999,23.174,-999999,-999999,-999999,-999999,-999999,-999999,-999999,0,2,-999999,-999999,2,-999999,-999999,0.182,-999999,-999999,-999999,-999999,-999999,0.7;22.590,22.572,-999999,23.489,-999999,-999999,-999999,-999999,-999999,-999999,-999999,0,2,-999999,-999999,2,-999999,-999999,0.178,-999999,-999999,-999999,-999999,-999999,0.7;22.610,22.592,-999999,24.194,-999999,-999999,-999999,-999999,-999999,-999999,-999999,0,2,-999999,-999999,2,-999999,-999999,0.178,-999999,-999999,-999999,-999999,-999999,0.7;22.630,22.612,-999999,25.323,-999999,-999999,-999999,-999999,-999999,-999999,-999999,0,2,-999999,-999999,2,-999999,-999999,0.163,-999999,-999999,-999999,-999999,-999999,0.6;22.650,22.632,-999999,26.770,-999999,-999999,-999999,-999999,-999999,-999999,-999999,0,2,-999999,-999999,2,-999999,-999999,0.155,-999999,-999999,-999999,-999999,-999999,0.5;22.670,22.652,-999999,28.496,-999999,-999999,-999999,-999999,-999999,-999999,-999999,0,2,-999999,-999999,2,-999999,-999999,0.148,-999999,-999999,-999999,-999999,-999999,0.5;22.690,22.672,-999999,30.003,-999999,-999999,-999999,-999999,-999999,-999999,-999999,0,2,-999999,-999999,2,-999999,-999999,0.150,-999999,-999999,-999999,-999999,-999999,0.5;22.710,22.692,-999999,30.690,-999999,-999999,-999999,-999999,-999999,-999999,-999999,0,2,-999999,-999999,2,-999999,-999999,0.155,-999999,-999999,-999999,-999999,-999999,0.5;22.730,22.712,-999999,29.968,-999999,-999999,-999999,-999999,-999999,-999999,-999999,0,2,-999999,-999999,2,-999999,-999999,0.154,-999999,-999999,-999999,-999999,-999999,0.5;22.750,22.732,-999999,27.912,-999999,-999999,-999999,-999999,-999999,-999999,-999999,0,2,-999999,-999999,2,-999999,-999999,0.156,-999999,-999999,-999999,-999999,-999999,0.5;22.770,22.752,-999999,25.814,-999999,-999999,-999999,-999999,-999999,-999999,-999999,0,2,-999999,-999999,2,-999999,-999999,0.157,-999999,-999999,-999999,-999999,-999999,0.5;22.790,22.772,-999999,24.191,-999999,-999999,-999999,-999999,-999999,-999999,-999999,0,2,-999999,-999999,2,-999999,-999999,0.154,-999999,-999999,-999999,-999999,-999999,0.6;22.810,22.792,-999999,23.174,-999999,-999999,-999999,-999999,-999999,-999999,-999999,0,2,-999999,-999999,2,-999999,-999999,0.153,-999999,-999999,-999999,-999999,-999999,0.6;22.830,22.812,-999999,22.459,-999999,-999999,-999999,-999999,-999999,-999999,-999999,0,2,-999999,-999999,2,-999999,-999999,0.154,-999999,-999999,-999999,-999999,-999999,0.6;22.850,22.832,-999999,21.968,-999999,-999999,-999999,-999999,-999999,-999999,-999999,0,2,-999999,-999999,2,-999999,-999999,0.152,-999999,-999999,-999999,-999999,-999999,0.6;22.870,22.852,-999999,21.522,-999999,-999999,-999999,-999999,-999999,-999999,-999999,0,2,-999999,-999999,2,-999999,-999999,0.155,-999999,-999999,-999999,-999999,-999999,0.7;22.890,22.872,-999999,20.859,-999999,-999999,-999999,-999999,-999999,-999999,-999999,0,2,-999999,-999999,2,-999999,-999999,0.149,-999999,-999999,-999999,-999999,-999999,0.7;22.910,22.892,-999999,20.140,-999999,-999999,-999999,-999999,-999999,-999999,-999999,0,2,-999999,-999999,2,-999999,-999999,0.147,-999999,-999999,-999999,-999999,-999999,0.7;22.930,22.912,-999999,19.511,-999999,-999999,-999999,-999999,-999999,-999999,-999999,0,2,-999999,-999999,2,-999999,-999999,0.155,-999999,-999999,-999999,-999999,-999999,0.7;22.950,22.932,-999999,18.950,-999999,-999999,-999999,-999999,-999999,-999999,-999999,0,2,-999999,-999999,2,-999999,-999999,0.140,-999999,-999999,-999999,-999999,-999999,0.7;22.970,22.952,-999999,18.501,-999999,-999999,-999999,-999999,-999999,-999999,-999999,0,2,-999999,-999999,2,-999999,-999999,0.137,-999999,-999999,-999999,-999999,-999999,0.7;22.990,22.972,-999999,18.110,-999999,-999999,-999999,-999999,-999999,-999999,-999999,0,2,-999999,-999999,2,-999999,-999999,0.136,-999999,-999999,-999999,-999999,-999999,0.7;23.010,22.992,-999999,17.795,-999999,-999999,-999999,-999999,-999999,-999999,-999999,0,2,-999999,-999999,2,-999999,-999999,0.127,-999999,-999999,-999999,-999999,-999999,0.7;23.030,23.012,-999999,17.542,-999999,-999999,-999999,-999999,-999999,-999999,-999999,0,2,-999999,-999999,2,-999999,-999999,0.131,-999999,-999999,-999999,-999999,-999999,0.7;23.050,23.032,-999999,17.388,-999999,-999999,-999999,-999999,-999999,-999999,-999999,0,2,-999999,-999999,2,-999999,-999999,0.129,-999999,-999999,-999999,-999999,-999999,0.7;23.070,23.052,-999999,17.385,-999999,-999999,-999999,-999999,-999999,-999999,-999999,0,2,-999999,-999999,2,-999999,-999999,0.130,-999999,-999999,-999999,-999999,-999999,0.7;23.090,23.072,-999999,17.532,-999999,-999999,-999999,-999999,-999999,-999999,-999999,0,2,-999999,-999999,2,-999999,-999999,0.127,-999999,-999999,-999999,-999999,-999999,0.7;23.110,23.092,-999999,17.680,-999999,-999999,-999999,-999999,-999999,-999999,-999999,0,2,-999999,-999999,2,-999999,-999999,0.127,-999999,-999999,-999999,-999999,-999999,0.7;23.130,23.112,-999999,18.049,-999999,-999999,-999999,-999999,-999999,-999999,-999999,0,2,-999999,-999999,2,-999999,-999999,0.128,-999999,-999999,-999999,-999999,-999999,0.7;23.150,23.132,-999999,18.491,-999999,-999999,-999999,-999999,-999999,-999999,-999999,0,2,-999999,-999999,2,-999999,-999999,0.129,-999999,-999999,-999999,-999999,-999999,0.6;23.170,23.152,-999999,19.200,-999999,-999999,-999999,-999999,-999999,-999999,-999999,0,2,-999999,-999999,2,-999999,-999999,0.125,-999999,-999999,-999999,-999999,-999999,0.6;23.190,23.171,-999999,19.816,-999999,-999999,-999999,-999999,-999999,-999999,-999999,0,2,-999999,-999999,2,-999999,-999999,0.122,-999999,-999999,-999999,-999999,-999999,0.6;23.210,23.191,-999999,20.352,-999999,-999999,-999999,-999999,-999999,-999999,-999999,0,2,-999999,-999999,2,-999999,-999999,0.129,-999999,-999999,-999999,-999999,-999999,0.6;23.230,23.211,-999999,20.621,-999999,-999999,-999999,-999999,-999999,-999999,-999999,0,2,-999999,-999999,2,-999999,-999999,0.134,-999999,-999999,-999999,-999999,-999999,0.6;23.250,23.231,-999999,20.448,-999999,-999999,-999999,-999999,-999999,-999999,-999999,0,2,-999999,-999999,2,-999999,-999999,0.136,-999999,-999999,-999999,-999999,-999999,0.7;23.270,23.251,-999999,19.293,-999999,-999999,-999999,-999999,-999999,-999999,-999999,0,2,-999999,-999999,2,-999999,-999999,0.136,-999999,-999999,-999999,-999999,-999999,0.7;23.290,23.271,-999999,17.715,-999999,-999999,-999999,-999999,-999999,-999999,-999999,0,2,-999999,-999999,2,-999999,-999999,0.135,-999999,-999999,-999999,-999999,-999999,0.7;23.310,23.291,-999999,16.333,-999999,-999999,-999999,-999999,-999999,-999999,-999999,0,2,-999999,-999999,2,-999999,-999999,0.132,-999999,-999999,-999999,-999999,-999999,0.7;23.330,23.311,-999999,15.290,-999999,-999999,-999999,-999999,-999999,-999999,-999999,0,2,-999999,-999999,2,-999999,-999999,0.129,-999999,-999999,-999999,-999999,-999999,0.8;23.350,23.331,-999999,14.501,-999999,-999999,-999999,-999999,-999999,-999999,-999999,0,2,-999999,-999999,2,-999999,-999999,0.120,-999999,-999999,-999999,-999999,-999999,0.8;23.370,23.351,-999999,13.888,-999999,-999999,-999999,-999999,-999999,-999999,-999999,0,2,-999999,-999999,2,-999999,-999999,0.113,-999999,-999999,-999999,-999999,-999999,0.8;23.390,23.371,-999999,13.372,-999999,-999999,-999999,-999999,-999999,-999999,-999999,0,2,-999999,-999999,2,-999999,-999999,0.109,-999999,-999999,-999999,-999999,-999999,0.8;23.410,23.391,-999999,12.987,-999999,-999999,-999999,-999999,-999999,-999999,-999999,0,2,-999999,-999999,2,-999999,-999999,0.105,-999999,-999999,-999999,-999999,-999999,0.8;23.430,23.411,-999999,12.657,-999999,-999999,-999999,-999999,-999999,-999999,-999999,0,2,-999999,-999999,2,-999999,-999999,0.102,-999999,-999999,-999999,-999999,-999999,0.8;23.450,23.431,-999999,12.365,-999999,-999999,-999999,-999999,-999999,-999999,-999999,0,2,-999999,-999999,2,-999999,-999999,0.105,-999999,-999999,-999999,-999999,-999999,0.8;23.470,23.451,-999999,12.092,-999999,-999999,-999999,-999999,-999999,-999999,-999999,0,2,-999999,-999999,2,-999999,-999999,0.102,-999999,-999999,-999999,-999999,-999999,0.8;23.490,23.471,-999999,11.871,-999999,-999999,-999999,-999999,-999999,-999999,-999999,0,2,-999999,-999999,2,-999999,-999999,0.095,-999999,-999999,-999999,-999999,-999999,0.7;23.510,23.491,-999999,11.675,-999999,-999999,-999999,-999999,-999999,-999999,-999999,0,2,-999999,-999999,2,-999999,-999999,0.095,-999999,-999999,-999999,-999999,-999999,0.8;23.530,23.511,-999999,11.512,-999999,-999999,-999999,-999999,-999999,-999999,-999999,0,2,-999999,-999999,2,-999999,-999999,0.092,-999999,-999999,-999999,-999999,-999999,0.7;23.550,23.531,-999999,11.386,-999999,-999999,-999999,-999999,-999999,-999999,-999999,0,2,-999999,-999999,2,-999999,-999999,0.091,-999999,-999999,-999999,-999999,-999999,0.7;23.570,23.551,-999999,11.326,-999999,-999999,-999999,-999999,-999999,-999999,-999999,0,2,-999999,-999999,2,-999999,-999999,0.094,-999999,-999999,-999999,-999999,-999999,0.8;23.590,23.571,-999999,11.159,-999999,-999999,-999999,-999999,-999999,-999999,-999999,0,2,-999999,-999999,2,-999999,-999999,0.089,-999999,-999999,-999999,-999999,-999999,0.7;23.610,23.591,-999999,11.114,-999999,-999999,-999999,-999999,-999999,-999999,-999999,0,2,-999999,-999999,2,-999999,-999999,0.088,-999999,-999999,-999999,-999999,-999999,0.7;23.630,23.611,-999999,11.046,-999999,-999999,-999999,-999999,-999999,-999999,-999999,0,2,-999999,-999999,2,-999999,-999999,0.087,-999999,-999999,-999999,-999999,-999999,0.7;23.650,23.631,-999999,10.931,-999999,-999999,-999999,-999999,-999999,-999999,-999999,0,2,-999999,-999999,2,-999999,-999999,0.086,-999999,-999999,-999999,-999999,-999999,0.7;23.670,23.651,-999999,10.925,-999999,-999999,-999999,-999999,-999999,-999999,-999999,0,2,-999999,-999999,2,-999999,-999999,0.086,-999999,-999999,-999999,-999999,-999999,0.7;23.690,23.671,-999999,10.867,-999999,-999999,-999999,-999999,-999999,-999999,-999999,0,2,-999999,-999999,2,-999999,-999999,0.085,-999999,-999999,-999999,-999999,-999999,0.7;23.710,23.691,-999999,10.803,-999999,-999999,-999999,-999999,-999999,-999999,-999999,0,2,-999999,-999999,2,-999999,-999999,0.085,-999999,-999999,-999999,-999999,-999999,0.7;23.730,23.711,-999999,10.729,-999999,-999999,-999999,-999999,-999999,-999999,-999999,0,2,-999999,-999999,2,-999999,-999999,0.085,-999999,-999999,-999999,-999999,-999999,0.7;23.750,23.731,-999999,10.681,-999999,-999999,-999999,-999999,-999999,-999999,-999999,0,2,-999999,-999999,2,-999999,-999999,0.085,-999999,-999999,-999999,-999999,-999999,0.7;23.770,23.751,-999999,10.671,-999999,-999999,-999999,-999999,-999999,-999999,-999999,0,2,-999999,-999999,2,-999999,-999999,0.085,-999999,-999999,-999999,-999999,-999999,0.7;23.790,23.771,-999999,10.716,-999999,-999999,-999999,-999999,-999999,-999999,-999999,0,2,-999999,-999999,2,-999999,-999999,0.085,-999999,-999999,-999999,-999999,-999999,0.7;23.810,23.791,-999999,10.822,-999999,-999999,-999999,-999999,-999999,-999999,-999999,0,2,-999999,-999999,2,-999999,-999999,0.085,-999999,-999999,-999999,-999999,-999999,0.7;23.830,23.811,-999999,10.950,-999999,-999999,-999999,-999999,-999999,-999999,-999999,0,2,-999999,-999999,2,-999999,-999999,0.087,-999999,-999999,-999999,-999999,-999999,0.7;23.850,23.831,-999999,11.191,-999999,-999999,-999999,-999999,-999999,-999999,-999999,0,2,-999999,-999999,2,-999999,-999999,0.087,-999999,-999999,-999999,-999999,-999999,0.7;23.870,23.851,-999999,11.486,-999999,-999999,-999999,-999999,-999999,-999999,-999999,0,2,-999999,-999999,2,-999999,-999999,0.088,-999999,-999999,-999999,-999999,-999999,0.7;23.890,23.871,-999999,11.951,-999999,-999999,-999999,-999999,-999999,-999999,-999999,0,2,-999999,-999999,2,-999999,-999999,0.088,-999999,-999999,-999999,-999999,-999999,0.7;23.910,23.891,-999999,12.567,-999999,-999999,-999999,-999999,-999999,-999999,-999999,0,2,-999999,-999999,2,-999999,-999999,0.091,-999999,-999999,-999999,-999999,-999999,0.7;23.930,23.911,-999999,13.362,-999999,-999999,-999999,-999999,-999999,-999999,-999999,0,2,-999999,-999999,2,-999999,-999999,0.094,-999999,-999999,-999999,-999999,-999999,0.7;23.950,23.931,-999999,14.148,-999999,-999999,-999999,-999999,-999999,-999999,-999999,0,2,-999999,-999999,2,-999999,-999999,0.099,-999999,-999999,-999999,-999999,-999999,0.7;23.970,23.951,-999999,14.716,-999999,-999999,-999999,-999999,-999999,-999999,-999999,0,2,-999999,-999999,2,-999999,-999999,0.107,-999999,-999999,-999999,-999999,-999999,0.7;23.990,23.971,-999999,15.149,-999999,-999999,-999999,-999999,-999999,-999999,-999999,0,2,-999999,-999999,2,-999999,-999999,0.115,-999999,-999999,-999999,-999999,-999999,0.7;24.010,23.990,-999999,15.688,-999999,-999999,-999999,-999999,-999999,-999999,-999999,0,2,-999999,-999999,2,-999999,-999999,0.120,-999999,-999999,-999999,-999999,-999999,0.7;24.030,24.010,-999999,16.461,-999999,-999999,-999999,-999999,-999999,-999999,-999999,0,2,-999999,-999999,2,-999999,-999999,0.120,-999999,-999999,-999999,-999999,-999999,0.7;24.050,24.030,-999999,17.587,-999999,-999999,-999999,-999999,-999999,-999999,-999999,0,2,-999999,-999999,2,-999999,-999999,0.120,-999999,-999999,-999999,-999999,-999999,0.6;24.070,24.050,-999999,19.158,-999999,-999999,-999999,-999999,-999999,-999999,-999999,0,2,-999999,-999999,2,-999999,-999999,0.119,-999999,-999999,-999999,-999999,-999999,0.6;24.090,24.070,-999999,21.054,-999999,-999999,-999999,-999999,-999999,-999999,-999999,0,3,-999999,-999999,3,-999999,-999999,0.122,-999999,-999999,-999999,-999999,-999999,0.5;24.110,24.090,-999999,23.062,-999999,-999999,-999999,-999999,-999999,-999999,-999999,0,3,-999999,-999999,3,-999999,-999999,0.125,-999999,-999999,-999999,-999999,-999999,0.5;24.130,24.110,-999999,24.595,-999999,-999999,-999999,-999999,-999999,-999999,-999999,0,3,-999999,-999999,3,-999999,-999999,0.135,-999999,-999999,-999999,-999999,-999999,0.5;24.150,24.130,-999999,25.599,-999999,-999999,-999999,-999999,-999999,-999999,-999999,0,3,-999999,-999999,3,-999999,-999999,0.139,-999999,-999999,-999999,-999999,-999999,0.5;24.170,24.150,-999999,26.222,-999999,-999999,-999999,-999999,-999999,-999999,-999999,0,3,-999999,-999999,3,-999999,-999999,0.158,-999999,-999999,-999999,-999999,-999999,0.6;24.190,24.170,-999999,26.148,-999999,-999999,-999999,-999999,-999999,-999999,-999999,0,3,-999999,-999999,3,-999999,-999999,0.203,-999999,-999999,-999999,-999999,-999999,0.8;24.210,24.190,-999999,25.503,-999999,-999999,-999999,-999999,-999999,-999999,-999999,0,3,-999999,-999999,3,-999999,-999999,0.192,-999999,-999999,-999999,-999999,-999999,0.7;24.230,24.210,-999999,25.070,-999999,-999999,-999999,-999999,-999999,-999999,-999999,0,3,-999999,-999999,3,-999999,-999999,0.212,-999999,-999999,-999999,-999999,-999999,0.8;24.250,24.230,-999999,23.469,-999999,-999999,-999999,-999999,-999999,-999999,-999999,0,3,-999999,-999999,3,-999999,-999999,0.232,-999999,-999999,-999999,-999999,-999999,0.9;24.270,24.250,-999999,22.308,-999999,-999999,-999999,-999999,-999999,-999999,-999999,0,3,-999999,-999999,3,-999999,-999999,0.191,-999999,-999999,-999999,-999999,-999999,0.8;24.290,24.270,-999999,21.583,-999999,-999999,-999999,-999999,-999999,-999999,-999999,0,3,-999999,-999999,3,-999999,-999999,0.188,-999999,-999999,-999999,-999999,-999999,0.9;24.310,24.290,-999999,19.736,-999999,-999999,-999999,-999999,-999999,-999999,-999999,0,3,-999999,-999999,3,-999999,-999999,0.180,-999999,-999999,-999999,-999999,-999999,0.9;24.330,24.310,-999999,17.372,-999999,-999999,-999999,-999999,-999999,-999999,-999999,0,3,-999999,-999999,3,-999999,-999999,0.171,-999999,-999999,-999999,-999999,-999999,0.9;24.350,24.330,-999999,16.772,-999999,-999999,-999999,-999999,-999999,-999999,-999999,0,3,-999999,-999999,3,-999999,-999999,0.166,-999999,-999999,-999999,-999999,-999999,0.9;24.370,24.350,-999999,15.944,-999999,-999999,-999999,-999999,-999999,-999999,-999999,0,3,-999999,-999999,3,-999999,-999999,0.163,-999999,-999999,-999999,-999999,-999999,0.9;24.390,24.370,-999999,15.351,-999999,-999999,-999999,-999999,-999999,-999999,-999999,0,3,-999999,-999999,3,-999999,-999999,0.155,-999999,-999999,-999999,-999999,-999999,0.9;24.410,24.390,-999999,14.873,-999999,-999999,-999999,-999999,-999999,-999999,-999999,0,3,-999999,-999999,3,-999999,-999999,0.144,-999999,-999999,-999999,-999999,-999999,0.9;24.430,24.410,-999999,14.463,-999999,-999999,-999999,-999999,-999999,-999999,-999999,0,3,-999999,-999999,3,-999999,-999999,0.138,-999999,-999999,-999999,-999999,-999999,0.9;24.450,24.430,-999999,14.164,-999999,-999999,-999999,-999999,-999999,-999999,-999999,0,3,-999999,-999999,3,-999999,-999999,0.136,-999999,-999999,-999999,-999999,-999999,0.9;24.470,24.450,-999999,13.981,-999999,-999999,-999999,-999999,-999999,-999999,-999999,0,3,-999999,-999999,3,-999999,-999999,0.134,-999999,-999999,-999999,-999999,-999999,0.9;24.490,24.470,-999999,13.872,-999999,-999999,-999999,-999999,-999999,-999999,-999999,0,3,-999999,-999999,3,-999999,-999999,0.130,-999999,-999999,-999999,-999999,-999999,0.9;24.510,24.490,-999999,13.827,-999999,-999999,-999999,-999999,-999999,-999999,-999999,0,3,-999999,-999999,3,-999999,-999999,0.126,-999999,-999999,-999999,-999999,-999999,0.9;24.530,24.510,-999999,13.860,-999999,-999999,-999999,-999999,-999999,-999999,-999999,0,3,-999999,-999999,3,-999999,-999999,0.124,-999999,-999999,-999999,-999999,-999999,0.8;24.550,24.530,-999999,14.030,-999999,-999999,-999999,-999999,-999999,-999999,-999999,0,3,-999999,-999999,3,-999999,-999999,0.122,-999999,-999999,-999999,-999999,-999999,0.8;24.570,24.550,-999999,14.305,-999999,-999999,-999999,-999999,-999999,-999999,-999999,0,3,-999999,-999999,3,-999999,-999999,0.121,-999999,-999999,-999999,-999999,-999999,0.8;24.590,24.570,-999999,14.642,-999999,-999999,-999999,-999999,-999999,-999999,-999999,0,3,-999999,-999999,3,-999999,-999999,0.122,-999999,-999999,-999999,-999999,-999999,0.8;24.610,24.590,-999999,15.050,-999999,-999999,-999999,-999999,-999999,-999999,-999999,0,3,-999999,-999999,3,-999999,-999999,0.123,-999999,-999999,-999999,-999999,-999999,0.8;24.630,24.610,-999999,15.492,-999999,-999999,-999999,-999999,-999999,-999999,-999999,0,3,-999999,-999999,3,-999999,-999999,0.124,-999999,-999999,-999999,-999999,-999999,0.8;24.650,24.630,-999999,15.957,-999999,-999999,-999999,-999999,-999999,-999999,-999999,0,3,-999999,-999999,3,-999999,-999999,0.126,-999999,-999999,-999999,-999999,-999999,0.7;24.670,24.650,-999999,16.474,-999999,-999999,-999999,-999999,-999999,-999999,-999999,0,3,-999999,-999999,3,-999999,-999999,0.129,-999999,-999999,-999999,-999999,-999999,0.7;24.690,24.669,-999999,17.151,-999999,-999999,-999999,-999999,-999999,-999999,-999999,0,3,-999999,-999999,3,-999999,-999999,0.132,-999999,-999999,-999999,-999999,-999999,0.7;24.710,24.689,-999999,17.821,-999999,-999999,-999999,-999999,-999999,-999999,-999999,0,3,-999999,-999999,3,-999999,-999999,0.135,-999999,-999999,-999999,-999999,-999999,0.7;24.730,24.709,-999999,18.228,-999999,-999999,-999999,-999999,-999999,-999999,-999999,0,3,-999999,-999999,3,-999999,-999999,0.136,-999999,-999999,-999999,-999999,-999999,0.7;24.750,24.729,-999999,19.813,-999999,-999999,-999999,-999999,-999999,-999999,-999999,0,3,-999999,-999999,3,-999999,-999999,0.138,-999999,-999999,-999999,-999999,-999999,0.7;24.770,24.749,-999999,21.019,-999999,-999999,-999999,-999999,-999999,-999999,-999999,0,3,-999999,-999999,3,-999999,-999999,0.132,-999999,-999999,-999999,-999999,-999999,0.6;24.790,24.769,-999999,21.571,-999999,-999999,-999999,-999999,-999999,-999999,-999999,0,3,-999999,-999999,3,-999999,-999999,0.139,-999999,-999999,-999999,-999999,-999999,0.6;24.810,24.789,-999999,22.478,-999999,-999999,-999999,-999999,-999999,-999999,-999999,0,3,-999999,-999999,3,-999999,-999999,0.148,-999999,-999999,-999999,-999999,-999999,0.6;24.830,24.809,-999999,22.924,-999999,-999999,-999999,-999999,-999999,-999999,-999999,0,3,-999999,-999999,3,-999999,-999999,0.157,-999999,-999999,-999999,-999999,-999999,0.7;24.850,24.829,-999999,22.376,-999999,-999999,-999999,-999999,-999999,-999999,-999999,0,3,-999999,-999999,3,-999999,-999999,0.165,-999999,-999999,-999999,-999999,-999999,0.7;24.870,24.849,-999999,22.328,-999999,-999999,-999999,-999999,-999999,-999999,-999999,0,3,-999999,-999999,3,-999999,-999999,0.171,-999999,-999999,-999999,-999999,-999999,0.7;24.890,24.869,-999999,22.068,-999999,-999999,-999999,-999999,-999999,-999999,-999999,0,3,-999999,-999999,3,-999999,-999999,0.177,-999999,-999999,-999999,-999999,-999999,0.8;24.910,24.889,-999999,21.705,-999999,-999999,-999999,-999999,-999999,-999999,-999999,0,3,-999999,-999999,3,-999999,-999999,0.181,-999999,-999999,-999999,-999999,-999999,0.8;24.930,24.909,-999999,21.336,-999999,-999999,-999999,-999999,-999999,-999999,-999999,0,3,-999999,-999999,3,-999999,-999999,0.188,-999999,-999999,-999999,-999999,-999999,0.8;24.950,24.929,-999999,20.984,-999999,-999999,-999999,-999999,-999999,-999999,-999999,0,3,-999999,-999999,3,-999999,-999999,0.185,-999999,-999999,-999999,-999999,-999999,0.8;24.970,24.949,-999999,20.740,-999999,-999999,-999999,-999999,-999999,-999999,-999999,0,3,-999999,-999999,3,-999999,-999999,0.186,-999999,-999999,-999999,-999999,-999999,0.8;24.990,24.969,-999999,20.470,-999999,-999999,-999999,-999999,-999999,-999999,-999999,0,3,-999999,-999999,3,-999999,-999999,0.162,-999999,-999999,-999999,-999999,-999999,0.7;25.010,24.989,-999999,20.268,-999999,-999999,-999999,-999999,-999999,-999999,-999999,0,3,-999999,-999999,3,-999999,-999999,0.137,-999999,-999999,-999999,-999999,-999999,0.6;25.030,25.009,-999999,20.246,-999999,-999999,-999999,-999999,-999999,-999999,-999999,0,3,-999999,-999999,3,-999999,-999999,0.139,-999999,-999999,-999999,-999999,-999999,0.6;25.050,25.029,-999999,20.538,-999999,-999999,-999999,-999999,-999999,-999999,-999999,0,3,-999999,-999999,3,-999999,-999999,0.143,-999999,-999999,-999999,-999999,-999999,0.6;25.070,25.049,-999999,21.022,-999999,-999999,-999999,-999999,-999999,-999999,-999999,0,3,-999999,-999999,3,-999999,-999999,0.150,-999999,-999999,-999999,-999999,-999999,0.7;25.090,25.069,-999999,21.506,-999999,-999999,-999999,-999999,-999999,-999999,-999999,0,3,-999999,-999999,3,-999999,-999999,0.154,-999999,-999999,-999999,-999999,-999999,0.7;25.110,25.089,-999999,22.222,-999999,-999999,-999999,-999999,-999999,-999999,-999999,0,3,-999999,-999999,3,-999999,-999999,0.159,-999999,-999999,-999999,-999999,-999999,0.7;25.130,25.109,-999999,22.931,-999999,-999999,-999999,-999999,-999999,-999999,-999999,0,3,-999999,-999999,3,-999999,-999999,0.167,-999999,-999999,-999999,-999999,-999999,0.7;25.150,25.129,-999999,23.742,-999999,-999999,-999999,-999999,-999999,-999999,-999999,0,3,-999999,-999999,3,-999999,-999999,0.176,-999999,-999999,-999999,-999999,-999999,0.7;25.170,25.149,-999999,24.608,-999999,-999999,-999999,-999999,-999999,-999999,-999999,0,3,-999999,-999999,3,-999999,-999999,0.226,-999999,-999999,-999999,-999999,-999999,0.9;25.190,25.169,-999999,25.487,-999999,-999999,-999999,-999999,-999999,-999999,-999999,0,3,-999999,-999999,3,-999999,-999999,0.182,-999999,-999999,-999999,-999999,-999999,0.7;25.210,25.189,-999999,26.209,-999999,-999999,-999999,-999999,-999999,-999999,-999999,0,3,-999999,-999999,3,-999999,-999999,0.188,-999999,-999999,-999999,-999999,-999999,0.7;25.230,25.209,-999999,26.902,-999999,-999999,-999999,-999999,-999999,-999999,-999999,0,3,-999999,-999999,3,-999999,-999999,0.196,-999999,-999999,-999999,-999999,-999999,0.7;25.250,25.229,-999999,27.102,-999999,-999999,-999999,-999999,-999999,-999999,-999999,0,3,-999999,-999999,3,-999999,-999999,0.201,-999999,-999999,-999999,-999999,-999999,0.7;25.270,25.248,-999999,27.303,-999999,-999999,-999999,-999999,-999999,-999999,-999999,0,3,-999999,-999999,3,-999999,-999999,0.199,-999999,-999999,-999999,-999999,-999999,0.7;25.290,25.268,-999999,27.364,-999999,-999999,-999999,-999999,-999999,-999999,-999999,0,3,-999999,-999999,3,-999999,-999999,0.208,-999999,-999999,-999999,-999999,-999999,0.7;25.310,25.288,-999999,27.283,-999999,-999999,-999999,-999999,-999999,-999999,-999999,0,3,-999999,-999999,3,-999999,-999999,0.214,-999999,-999999,-999999,-999999,-999999,0.7;25.330,25.308,-999999,27.174,-999999,-999999,-999999,-999999,-999999,-999999,-999999,0,3,-999999,-999999,3,-999999,-999999,0.218,-999999,-999999,-999999,-999999,-999999,0.8;25.350,25.328,-999999,26.626,-999999,-999999,-999999,-999999,-999999,-999999,-999999,0,3,-999999,-999999,3,-999999,-999999,0.219,-999999,-999999,-999999,-999999,-999999,0.8;25.370,25.348,-999999,25.798,-999999,-999999,-999999,-999999,-999999,-999999,-999999,0,3,-999999,-999999,3,-999999,-999999,0.215,-999999,-999999,-999999,-999999,-999999,0.8;25.390,25.368,-999999,24.910,-999999,-999999,-999999,-999999,-999999,-999999,-999999,0,3,-999999,-999999,3,-999999,-999999,0.206,-999999,-999999,-999999,-999999,-999999,0.8;25.410,25.388,-999999,24.294,-999999,-999999,-999999,-999999,-999999,-999999,-999999,0,3,-999999,-999999,3,-999999,-999999,0.200,-999999,-999999,-999999,-999999,-999999,0.7;25.430,25.408,-999999,24.332,-999999,-999999,-999999,-999999,-999999,-999999,-999999,0,3,-999999,-999999,3,-999999,-999999,0.184,-999999,-999999,-999999,-999999,-999999,0.7;25.450,25.428,-999999,24.983,-999999,-999999,-999999,-999999,-999999,-999999,-999999,0,3,-999999,-999999,3,-999999,-999999,0.175,-999999,-999999,-999999,-999999,-999999,0.6;25.470,25.448,-999999,26.000,-999999,-999999,-999999,-999999,-999999,-999999,-999999,0,3,-999999,-999999,3,-999999,-999999,0.169,-999999,-999999,-999999,-999999,-999999,0.6;25.490,25.468,-999999,27.072,-999999,-999999,-999999,-999999,-999999,-999999,-999999,0,3,-999999,-999999,3,-999999,-999999,0.161,-999999,-999999,-999999,-999999,-999999,0.6;25.510,25.488,-999999,27.399,-999999,-999999,-999999,-999999,-999999,-999999,-999999,0,3,-999999,-999999,3,-999999,-999999,0.162,-999999,-999999,-999999,-999999,-999999,0.6;25.530,25.508,-999999,27.287,-999999,-999999,-999999,-999999,-999999,-999999,-999999,0,3,-999999,-999999,3,-999999,-999999,0.169,-999999,-999999,-999999,-999999,-999999,0.6;25.550,25.528,-999999,26.809,-999999,-999999,-999999,-999999,-999999,-999999,-999999,0,3,-999999,-999999,3,-999999,-999999,0.176,-999999,-999999,-999999,-999999,-999999,0.6;25.570,25.548,-999999,26.324,-999999,-999999,-999999,-999999,-999999,-999999,-999999,0,3,-999999,-999999,3,-999999,-999999,0.186,-999999,-999999,-999999,-999999,-999999,0.7;25.590,25.568,-999999,26.331,-999999,-999999,-999999,-999999,-999999,-999999,-999999,0,3,-999999,-999999,3,-999999,-999999,0.180,-999999,-999999,-999999,-999999,-999999,0.6;25.610,25.588,-999999,26.036,-999999,-999999,-999999,-999999,-999999,-999999,-999999,0,3,-999999,-999999,3,-999999,-999999,0.175,-999999,-999999,-999999,-999999,-999999,0.6;25.630,25.608,-999999,25.256,-999999,-999999,-999999,-999999,-999999,-999999,-999999,0,3,-999999,-999999,3,-999999,-999999,0.124,-999999,-999999,-999999,-999999,-999999,0.5;25.650,25.628,-999999,24.175,-999999,-999999,-999999,-999999,-999999,-999999,-999999,0,3,-999999,-999999,3,-999999,-999999,0.128,-999999,-999999,-999999,-999999,-999999,0.5;25.670,25.648,-999999,23.473,-999999,-999999,-999999,-999999,-999999,-999999,-999999,0,3,-999999,-999999,3,-999999,-999999,0.133,-999999,-999999,-999999,-999999,-999999,0.5;25.690,25.668,-999999,21.221,-999999,-999999,-999999,-999999,-999999,-999999,-999999,0,3,-999999,-999999,3,-999999,-999999,0.129,-999999,-999999,-999999,-999999,-999999,0.6;25.710,25.688,-999999,20.374,-999999,-999999,-999999,-999999,-999999,-999999,-999999,0,3,-999999,-999999,3,-999999,-999999,0.126,-999999,-999999,-999999,-999999,-999999,0.6;25.730,25.708,-999999,18.854,-999999,-999999,-999999,-999999,-999999,-999999,-999999,0,3,-999999,-999999,3,-999999,-999999,0.123,-999999,-999999,-999999,-999999,-999999,0.6;25.750,25.727,-999999,17.500,-999999,-999999,-999999,-999999,-999999,-999999,-999999,0,3,-999999,-999999,3,-999999,-999999,0.124,-999999,-999999,-999999,-999999,-999999,0.6;25.770,25.747,-999999,16.458,-999999,-999999,-999999,-999999,-999999,-999999,-999999,0,3,-999999,-999999,3,-999999,-999999,0.115,-999999,-999999,-999999,-999999,-999999,0.6;25.790,25.767,-999999,15.742,-999999,-999999,-999999,-999999,-999999,-999999,-999999,0,3,-999999,-999999,3,-999999,-999999,0.117,-999999,-999999,-999999,-999999,-999999,0.7;25.810,25.787,-999999,15.165,-999999,-999999,-999999,-999999,-999999,-999999,-999999,0,3,-999999,-999999,3,-999999,-999999,0.117,-999999,-999999,-999999,-999999,-999999,0.7;25.830,25.807,-999999,14.668,-999999,-999999,-999999,-999999,-999999,-999999,-999999,0,3,-999999,-999999,3,-999999,-999999,0.109,-999999,-999999,-999999,-999999,-999999,0.7;25.850,25.827,-999999,14.248,-999999,-999999,-999999,-999999,-999999,-999999,-999999,0,3,-999999,-999999,3,-999999,-999999,0.105,-999999,-999999,-999999,-999999,-999999,0.7;25.870,25.847,-999999,13.965,-999999,-999999,-999999,-999999,-999999,-999999,-999999,0,3,-999999,-999999,3,-999999,-999999,0.105,-999999,-999999,-999999,-999999,-999999,0.7;25.890,25.867,-999999,13.901,-999999,-999999,-999999,-999999,-999999,-999999,-999999,0,3,-999999,-999999,3,-999999,-999999,0.104,-999999,-999999,-999999,-999999,-999999,0.7;25.910,25.887,-999999,14.094,-999999,-999999,-999999,-999999,-999999,-999999,-999999,0,3,-999999,-999999,3,-999999,-999999,0.106,-999999,-999999,-999999,-999999,-999999,0.7;25.930,25.907,-999999,14.511,-999999,-999999,-999999,-999999,-999999,-999999,-999999,0,3,-999999,-999999,3,-999999,-999999,0.106,-999999,-999999,-999999,-999999,-999999,0.7;25.950,25.927,-999999,14.931,-999999,-999999,-999999,-999999,-999999,-999999,-999999,0,3,-999999,-999999,3,-999999,-999999,0.105,-999999,-999999,-999999,-999999,-999999,0.7;25.970,25.947,-999999,15.011,-999999,-999999,-999999,-999999,-999999,-999999,-999999,0,3,-999999,-999999,3,-999999,-999999,0.105,-999999,-999999,-999999,-999999,-999999,0.7;25.990,25.967,-999999,14.870,-999999,-999999,-999999,-999999,-999999,-999999,-999999,0,3,-999999,-999999,3,-999999,-999999,0.106,-999999,-999999,-999999,-999999,-999999,0.7;26.010,25.987,-999999,14.867,-999999,-999999,-999999,-999999,-999999,-999999,-999999,0,3,-999999,-999999,3,-999999,-999999,0.108,-999999,-999999,-999999,-999999,-999999,0.7;26.030,26.007,-999999,15.069,-999999,-999999,-999999,-999999,-999999,-999999,-999999,0,3,-999999,-999999,3,-999999,-999999,0.109,-999999,-999999,-999999,-999999,-999999,0.7;26.050,26.027,-999999,15.178,-999999,-999999,-999999,-999999,-999999,-999999,-999999,0,3,-999999,-999999,3,-999999,-999999,0.110,-999999,-999999,-999999,-999999,-999999,0.7;26.070,26.047,-999999,15.001,-999999,-999999,-999999,-999999,-999999,-999999,-999999,0,3,-999999,-999999,3,-999999,-999999,0.105,-999999,-999999,-999999,-999999,-999999,0.7;26.090,26.067,-999999,14.806,-999999,-999999,-999999,-999999,-999999,-999999,-999999,0,3,-999999,-999999,3,-999999,-999999,0.101,-999999,-999999,-999999,-999999,-999999,0.6;26.110,26.087,-999999,14.899,-999999,-999999,-999999,-999999,-999999,-999999,-999999,0,3,-999999,-999999,3,-999999,-999999,0.099,-999999,-999999,-999999,-999999,-999999,0.6;26.130,26.107,-999999,15.370,-999999,-999999,-999999,-999999,-999999,-999999,-999999,0,3,-999999,-999999,3,-999999,-999999,0.123,-999999,-999999,-999999,-999999,-999999,0.7;26.150,26.127,-999999,16.233,-999999,-999999,-999999,-999999,-999999,-999999,-999999,0,3,-999999,-999999,3,-999999,-999999,0.108,-999999,-999999,-999999,-999999,-999999,0.6;26.170,26.147,-999999,16.843,-999999,-999999,-999999,-999999,-999999,-999999,-999999,0,3,-999999,-999999,3,-999999,-999999,0.110,-999999,-999999,-999999,-999999,-999999,0.6;26.190,26.167,-999999,16.788,-999999,-999999,-999999,-999999,-999999,-999999,-999999,0,3,-999999,-999999,3,-999999,-999999,0.108,-999999,-999999,-999999,-999999,-999999,0.6;26.210,26.186,-999999,16.131,-999999,-999999,-999999,-999999,-999999,-999999,-999999,0,3,-999999,-999999,3,-999999,-999999,0.107,-999999,-999999,-999999,-999999,-999999,0.6;26.230,26.206,-999999,15.418,-999999,-999999,-999999,-999999,-999999,-999999,-999999,0,3,-999999,-999999,3,-999999,-999999,0.111,-999999,-999999,-999999,-999999,-999999,0.7;26.250,26.226,-999999,15.168,-999999,-999999,-999999,-999999,-999999,-999999,-999999,0,3,-999999,-999999,3,-999999,-999999,0.116,-999999,-999999,-999999,-999999,-999999,0.7;26.270,26.246,-999999,14.758,-999999,-999999,-999999,-999999,-999999,-999999,-999999,0,3,-999999,-999999,3,-999999,-999999,0.117,-999999,-999999,-999999,-999999,-999999,0.7;26.290,26.266,-999999,14.543,-999999,-999999,-999999,-999999,-999999,-999999,-999999,0,3,-999999,-999999,3,-999999,-999999,0.113,-999999,-999999,-999999,-999999,-999999,0.7;26.310,26.286,-999999,14.530,-999999,-999999,-999999,-999999,-999999,-999999,-999999,0,3,-999999,-999999,3,-999999,-999999,0.108,-999999,-999999,-999999,-999999,-999999,0.7;26.330,26.306,-999999,14.735,-999999,-999999,-999999,-999999,-999999,-999999,-999999,0,3,-999999,-999999,3,-999999,-999999,0.103,-999999,-999999,-999999,-999999,-999999,0.7;26.350,26.326,-999999,14.629,-999999,-999999,-999999,-999999,-999999,-999999,-999999,0,3,-999999,-999999,3,-999999,-999999,0.099,-999999,-999999,-999999,-999999,-999999,0.7;26.370,26.346,-999999,14.023,-999999,-999999,-999999,-999999,-999999,-999999,-999999,0,3,-999999,-999999,3,-999999,-999999,0.099,-999999,-999999,-999999,-999999,-999999,0.7;26.390,26.366,-999999,13.536,-999999,-999999,-999999,-999999,-999999,-999999,-999999,0,3,-999999,-999999,3,-999999,-999999,0.098,-999999,-999999,-999999,-999999,-999999,0.7;26.410,26.386,-999999,13.083,-999999,-999999,-999999,-999999,-999999,-999999,-999999,0,3,-999999,-999999,3,-999999,-999999,0.093,-999999,-999999,-999999,-999999,-999999,0.7;26.430,26.406,-999999,12.798,-999999,-999999,-999999,-999999,-999999,-999999,-999999,0,3,-999999,-999999,3,-999999,-999999,0.091,-999999,-999999,-999999,-999999,-999999,0.7;26.450,26.426,-999999,12.512,-999999,-999999,-999999,-999999,-999999,-999999,-999999,0,3,-999999,-999999,3,-999999,-999999,0.088,-999999,-999999,-999999,-999999,-999999,0.7;26.470,26.446,-999999,12.243,-999999,-999999,-999999,-999999,-999999,-999999,-999999,0,3,-999999,-999999,3,-999999,-999999,0.087,-999999,-999999,-999999,-999999,-999999,0.7;26.490,26.466,-999999,12.047,-999999,-999999,-999999,-999999,-999999,-999999,-999999,0,3,-999999,-999999,3,-999999,-999999,0.086,-999999,-999999,-999999,-999999,-999999,0.7;26.510,26.486,-999999,11.906,-999999,-999999,-999999,-999999,-999999,-999999,-999999,0,3,-999999,-999999,3,-999999,-999999,0.085,-999999,-999999,-999999,-999999,-999999,0.7;26.530,26.506,-999999,11.871,-999999,-999999,-999999,-999999,-999999,-999999,-999999,0,3,-999999,-999999,3,-999999,-999999,0.087,-999999,-999999,-999999,-999999,-999999,0.7;26.550,26.526,-999999,11.877,-999999,-999999,-999999,-999999,-999999,-999999,-999999,0,3,-999999,-999999,3,-999999,-999999,0.083,-999999,-999999,-999999,-999999,-999999,0.6;26.570,26.546,-999999,12.041,-999999,-999999,-999999,-999999,-999999,-999999,-999999,0,3,-999999,-999999,3,-999999,-999999,0.079,-999999,-999999,-999999,-999999,-999999,0.6;26.590,26.566,-999999,12.086,-999999,-999999,-999999,-999999,-999999,-999999,-999999,0,3,-999999,-999999,3,-999999,-999999,0.075,-999999,-999999,-999999,-999999,-999999,0.6;26.610,26.586,-999999,12.108,-999999,-999999,-999999,-999999,-999999,-999999,-999999,0,3,-999999,-999999,3,-999999,-999999,0.074,-999999,-999999,-999999,-999999,-999999,0.6;26.630,26.605,-999999,12.227,-999999,-999999,-999999,-999999,-999999,-999999,-999999,0,3,-999999,-999999,3,-999999,-999999,0.076,-999999,-999999,-999999,-999999,-999999,0.6;26.650,26.625,-999999,12.275,-999999,-999999,-999999,-999999,-999999,-999999,-999999,0,3,-999999,-999999,3,-999999,-999999,0.078,-999999,-999999,-999999,-999999,-999999,0.6;26.670,26.645,-999999,12.333,-999999,-999999,-999999,-999999,-999999,-999999,-999999,0,3,-999999,-999999,3,-999999,-999999,0.080,-999999,-999999,-999999,-999999,-999999,0.6;26.690,26.665,-999999,12.397,-999999,-999999,-999999,-999999,-999999,-999999,-999999,0,3,-999999,-999999,3,-999999,-999999,0.079,-999999,-999999,-999999,-999999,-999999,0.6;26.710,26.685,-999999,12.403,-999999,-999999,-999999,-999999,-999999,-999999,-999999,0,3,-999999,-999999,3,-999999,-999999,0.072,-999999,-999999,-999999,-999999,-999999,0.5;26.730,26.705,-999999,12.374,-999999,-999999,-999999,-999999,-999999,-999999,-999999,0,3,-999999,-999999,3,-999999,-999999,0.075,-999999,-999999,-999999,-999999,-999999,0.6;26.750,26.725,-999999,12.378,-999999,-999999,-999999,-999999,-999999,-999999,-999999,0,3,-999999,-999999,4,-999999,-999999,0.070,-999999,-999999,-999999,-999999,-999999,0.5;26.770,26.745,-999999,12.451,-999999,-999999,-999999,-999999,-999999,-999999,-999999,0,3,-999999,-999999,3,-999999,-999999,0.073,-999999,-999999,-999999,-999999,-999999,0.5;26.790,26.765,-999999,12.631,-999999,-999999,-999999,-999999,-999999,-999999,-999999,0,3,-999999,-999999,3,-999999,-999999,0.072,-999999,-999999,-999999,-999999,-999999,0.5;26.810,26.785,-999999,12.711,-999999,-999999,-999999,-999999,-999999,-999999,-999999,0,3,-999999,-999999,3,-999999,-999999,0.070,-999999,-999999,-999999,-999999,-999999,0.5;26.830,26.805,-999999,12.987,-999999,-999999,-999999,-999999,-999999,-999999,-999999,0,3,-999999,-999999,4,-999999,-999999,0.075,-999999,-999999,-999999,-999999,-999999,0.5;26.850,26.825,-999999,13.061,-999999,-999999,-999999,-999999,-999999,-999999,-999999,0,3,-999999,-999999,4,-999999,-999999,0.073,-999999,-999999,-999999,-999999,-999999,0.5;26.870,26.845,-999999,13.131,-999999,-999999,-999999,-999999,-999999,-999999,-999999,0,3,-999999,-999999,4,-999999,-999999,0.075,-999999,-999999,-999999,-999999,-999999,0.5;26.890,26.865,-999999,13.221,-999999,-999999,-999999,-999999,-999999,-999999,-999999,0,3,-999999,-999999,4,-999999,-999999,0.077,-999999,-999999,-999999,-999999,-999999,0.5;26.910,26.885,-999999,13.292,-999999,-999999,-999999,-999999,-999999,-999999,-999999,0,3,-999999,-999999,4,-999999,-999999,0.078,-999999,-999999,-999999,-999999,-999999,0.5;26.930,26.905,-999999,13.510,-999999,-999999,-999999,-999999,-999999,-999999,-999999,0,3,-999999,-999999,4,-999999,-999999,0.082,-999999,-999999,-999999,-999999,-999999,0.5;26.950,26.925,-999999,13.866,-999999,-999999,-999999,-999999,-999999,-999999,-999999,0,3,-999999,-999999,4,-999999,-999999,0.080,-999999,-999999,-999999,-999999,-999999,0.5;26.970,26.945,-999999,14.379,-999999,-999999,-999999,-999999,-999999,-999999,-999999,0,3,-999999,-999999,4,-999999,-999999,0.081,-999999,-999999,-999999,-999999,-999999,0.5;26.990,26.965,-999999,14.902,-999999,-999999,-999999,-999999,-999999,-999999,-999999,0,3,-999999,-999999,4,-999999,-999999,0.082,-999999,-999999,-999999,-999999,-999999,0.5;27.010,26.985,-999999,15.550,-999999,-999999,-999999,-999999,-999999,-999999,-999999,0,3,-999999,-999999,3,-999999,-999999,0.085,-999999,-999999,-999999,-999999,-999999,0.5;27.030,27.005,-999999,16.098,-999999,-999999,-999999,-999999,-999999,-999999,-999999,0,3,-999999,-999999,4,-999999,-999999,0.087,-999999,-999999,-999999,-999999,-999999,0.5;27.050,27.024,-999999,16.618,-999999,-999999,-999999,-999999,-999999,-999999,-999999,0,3,-999999,-999999,4,-999999,-999999,0.089,-999999,-999999,-999999,-999999,-999999,0.5;27.070,27.044,-999999,17.147,-999999,-999999,-999999,-999999,-999999,-999999,-999999,0,3,-999999,-999999,3,-999999,-999999,0.090,-999999,-999999,-999999,-999999,-999999,0.5;27.090,27.064,-999999,17.757,-999999,-999999,-999999,-999999,-999999,-999999,-999999,0,3,-999999,-999999,4,-999999,-999999,0.085,-999999,-999999,-999999,-999999,-999999,0.4;27.110,27.084,-999999,18.774,-999999,-999999,-999999,-999999,-999999,-999999,-999999,0,3,-999999,-999999,4,-999999,-999999,0.082,-999999,-999999,-999999,-999999,-999999,0.4;27.130,27.104,-999999,20.201,-999999,-999999,-999999,-999999,-999999,-999999,-999999,0,3,-999999,-999999,4,-999999,-999999,0.082,-999999,-999999,-999999,-999999,-999999,0.4;27.150,27.124,-999999,21.580,-999999,-999999,-999999,-999999,-999999,-999999,-999999,0,3,-999999,-999999,4,-999999,-999999,0.086,-999999,-999999,-999999,-999999,-999999,0.4;27.170,27.144,-999999,22.664,-999999,-999999,-999999,-999999,-999999,-999999,-999999,0,3,-999999,-999999,3,-999999,-999999,0.090,-999999,-999999,-999999,-999999,-999999,0.4;27.190,27.164,-999999,23.354,-999999,-999999,-999999,-999999,-999999,-999999,-999999,0,3,-999999,-999999,4,-999999,-999999,0.098,-999999,-999999,-999999,-999999,-999999,0.4;27.210,27.184,-999999,23.223,-999999,-999999,-999999,-999999,-999999,-999999,-999999,0,3,-999999,-999999,4,-999999,-999999,0.108,-999999,-999999,-999999,-999999,-999999,0.4;27.230,27.204,-999999,22.773,-999999,-999999,-999999,-999999,-999999,-999999,-999999,0,4,-999999,-999999,4,-999999,-999999,0.116,-999999,-999999,-999999,-999999,-999999,0.5;27.250,27.224,-999999,21.811,-999999,-999999,-999999,-999999,-999999,-999999,-999999,0,4,-999999,-999999,4,-999999,-999999,0.125,-999999,-999999,-999999,-999999,-999999,0.5;27.270,27.244,-999999,20.486,-999999,-999999,-999999,-999999,-999999,-999999,-999999,0,4,-999999,-999999,4,-999999,-999999,0.128,-999999,-999999,-999999,-999999,-999999,0.6;27.290,27.264,-999999,19.348,-999999,-999999,-999999,-999999,-999999,-999999,-999999,0,3,-999999,-999999,4,-999999,-999999,0.130,-999999,-999999,-999999,-999999,-999999,0.6;27.310,27.284,-999999,18.511,-999999,-999999,-999999,-999999,-999999,-999999,-999999,0,3,-999999,-999999,4,-999999,-999999,0.135,-999999,-999999,-999999,-999999,-999999,0.7;27.330,27.304,-999999,17.924,-999999,-999999,-999999,-999999,-999999,-999999,-999999,0,3,-999999,-999999,4,-999999,-999999,0.135,-999999,-999999,-999999,-999999,-999999,0.7;27.350,27.324,-999999,17.523,-999999,-999999,-999999,-999999,-999999,-999999,-999999,0,4,-999999,-999999,4,-999999,-999999,0.134,-999999,-999999,-999999,-999999,-999999,0.7;27.370,27.344,-999999,17.279,-999999,-999999,-999999,-999999,-999999,-999999,-999999,0,4,-999999,-999999,4,-999999,-999999,0.127,-999999,-999999,-999999,-999999,-999999,0.7;27.390,27.364,-999999,17.061,-999999,-999999,-999999,-999999,-999999,-999999,-999999,0,4,-999999,-999999,4,-999999,-999999,0.121,-999999,-999999,-999999,-999999,-999999,0.7;27.410,27.384,-999999,17.086,-999999,-999999,-999999,-999999,-999999,-999999,-999999,0,4,-999999,-999999,4,-999999,-999999,0.127,-999999,-999999,-999999,-999999,-999999,0.7;27.430,27.404,-999999,17.141,-999999,-999999,-999999,-999999,-999999,-999999,-999999,0,4,-999999,-999999,4,-999999,-999999,0.127,-999999,-999999,-999999,-999999,-999999,0.7;27.450,27.423,-999999,17.407,-999999,-999999,-999999,-999999,-999999,-999999,-999999,0,4,-999999,-999999,4,-999999,-999999,0.127,-999999,-999999,-999999,-999999,-999999,0.7;27.470,27.443,-999999,17.596,-999999,-999999,-999999,-999999,-999999,-999999,-999999,0,4,-999999,-999999,4,-999999,-999999,0.129,-999999,-999999,-999999,-999999,-999999,0.7;27.490,27.463,-999999,17.750,-999999,-999999,-999999,-999999,-999999,-999999,-999999,0,4,-999999,-999999,4,-999999,-999999,0.131,-999999,-999999,-999999,-999999,-999999,0.7;27.510,27.483,-999999,18.511,-999999,-999999,-999999,-999999,-999999,-999999,-999999,0,4,-999999,-999999,4,-999999,-999999,0.131,-999999,-999999,-999999,-999999,-999999,0.7;27.530,27.503,-999999,18.825,-999999,-999999,-999999,-999999,-999999,-999999,-999999,0,4,-999999,-999999,4,-999999,-999999,0.134,-999999,-999999,-999999,-999999,-999999,0.6;27.550,27.523,-999999,19.608,-999999,-999999,-999999,-999999,-999999,-999999,-999999,0,4,-999999,-999999,4,-999999,-999999,0.130,-999999,-999999,-999999,-999999,-999999,0.6;27.570,27.543,-999999,20.660,-999999,-999999,-999999,-999999,-999999,-999999,-999999,0,4,-999999,-999999,4,-999999,-999999,0.131,-999999,-999999,-999999,-999999,-999999,0.6;27.590,27.563,-999999,21.622,-999999,-999999,-999999,-999999,-999999,-999999,-999999,0,4,-999999,-999999,4,-999999,-999999,0.131,-999999,-999999,-999999,-999999,-999999,0.6;27.610,27.583,-999999,22.456,-999999,-999999,-999999,-999999,-999999,-999999,-999999,0,4,-999999,-999999,4,-999999,-999999,0.133,-999999,-999999,-999999,-999999,-999999,0.5;27.630,27.603,-999999,23.508,-999999,-999999,-999999,-999999,-999999,-999999,-999999,0,4,-999999,-999999,4,-999999,-999999,0.135,-999999,-999999,-999999,-999999,-999999,0.5;27.650,27.623,-999999,24.380,-999999,-999999,-999999,-999999,-999999,-999999,-999999,0,4,-999999,-999999,4,-999999,-999999,0.141,-999999,-999999,-999999,-999999,-999999,0.5;27.670,27.643,-999999,24.826,-999999,-999999,-999999,-999999,-999999,-999999,-999999,0,4,-999999,-999999,4,-999999,-999999,0.145,-999999,-999999,-999999,-999999,-999999,0.6;27.690,27.663,-999999,24.794,-999999,-999999,-999999,-999999,-999999,-999999,-999999,0,4,-999999,-999999,4,-999999,-999999,0.153,-999999,-999999,-999999,-999999,-999999,0.6;27.710,27.683,-999999,24.618,-999999,-999999,-999999,-999999,-999999,-999999,-999999,0,4,-999999,-999999,4,-999999,-999999,0.158,-999999,-999999,-999999,-999999,-999999,0.6;27.730,27.703,-999999,24.037,-999999,-999999,-999999,-999999,-999999,-999999,-999999,0,4,-999999,-999999,4,-999999,-999999,0.168,-999999,-999999,-999999,-999999,-999999,0.7;27.750,27.723,-999999,23.444,-999999,-999999,-999999,-999999,-999999,-999999,-999999,0,4,-999999,-999999,4,-999999,-999999,0.171,-999999,-999999,-999999,-999999,-999999,0.7;27.770,27.743,-999999,22.773,-999999,-999999,-999999,-999999,-999999,-999999,-999999,0,4,-999999,-999999,4,-999999,-999999,0.173,-999999,-999999,-999999,-999999,-999999,0.7;27.790,27.763,-999999,22.231,-999999,-999999,-999999,-999999,-999999,-999999,-999999,0,4,-999999,-999999,4,-999999,-999999,0.178,-999999,-999999,-999999,-999999,-999999,0.7;27.810,27.783,-999999,21.763,-999999,-999999,-999999,-999999,-999999,-999999,-999999,0,4,-999999,-999999,4,-999999,-999999,0.175,-999999,-999999,-999999,-999999,-999999,0.7;27.830,27.802,-999999,21.497,-999999,-999999,-999999,-999999,-999999,-999999,-999999,0,4,-999999,-999999,4,-999999,-999999,0.172,-999999,-999999,-999999,-999999,-999999,0.7;27.850,27.822,-999999,21.394,-999999,-999999,-999999,-999999,-999999,-999999,-999999,0,4,-999999,-999999,4,-999999,-999999,0.168,-999999,-999999,-999999,-999999,-999999,0.7;27.870,27.842,-999999,21.388,-999999,-999999,-999999,-999999,-999999,-999999,-999999,0,4,-999999,-999999,4,-999999,-999999,0.165,-999999,-999999,-999999,-999999,-999999,0.7;27.890,27.862,-999999,21.676,-999999,-999999,-999999,-999999,-999999,-999999,-999999,0,4,-999999,-999999,4,-999999,-999999,0.162,-999999,-999999,-999999,-999999,-999999,0.7;27.910,27.882,-999999,22.145,-999999,-999999,-999999,-999999,-999999,-999999,-999999,0,4,-999999,-999999,4,-999999,-999999,0.174,-999999,-999999,-999999,-999999,-999999,0.7;27.930,27.902,-999999,22.834,-999999,-999999,-999999,-999999,-999999,-999999,-999999,0,4,-999999,-999999,4,-999999,-999999,0.161,-999999,-999999,-999999,-999999,-999999,0.7;27.950,27.922,-999999,23.668,-999999,-999999,-999999,-999999,-999999,-999999,-999999,0,4,-999999,-999999,4,-999999,-999999,0.162,-999999,-999999,-999999,-999999,-999999,0.7;27.970,27.942,-999999,24.076,-999999,-999999,-999999,-999999,-999999,-999999,-999999,0,4,-999999,-999999,4,-999999,-999999,0.164,-999999,-999999,-999999,-999999,-999999,0.7;27.990,27.962,-999999,23.848,-999999,-999999,-999999,-999999,-999999,-999999,-999999,0,4,-999999,-999999,4,-999999,-999999,0.160,-999999,-999999,-999999,-999999,-999999,0.6;28.010,27.982,-999999,23.136,-999999,-999999,-999999,-999999,-999999,-999999,-999999,0,4,-999999,-999999,4,-999999,-999999,0.188,-999999,-999999,-999999,-999999,-999999,0.8;28.030,28.002,-999999,22.372,-999999,-999999,-999999,-999999,-999999,-999999,-999999,0,4,-999999,-999999,4,-999999,-999999,0.173,-999999,-999999,-999999,-999999,-999999,0.7;28.050,28.022,-999999,22.045,-999999,-999999,-999999,-999999,-999999,-999999,-999999,0,4,-999999,-999999,4,-999999,-999999,0.174,-999999,-999999,-999999,-999999,-999999,0.8;28.070,28.042,-999999,20.692,-999999,-999999,-999999,-999999,-999999,-999999,-999999,0,4,-999999,-999999,4,-999999,-999999,0.176,-999999,-999999,-999999,-999999,-999999,0.8;28.090,28.062,-999999,19.434,-999999,-999999,-999999,-999999,-999999,-999999,-999999,0,4,-999999,-999999,4,-999999,-999999,0.182,-999999,-999999,-999999,-999999,-999999,0.8;28.110,28.082,-999999,19.370,-999999,-999999,-999999,-999999,-999999,-999999,-999999,0,4,-999999,-999999,4,-999999,-999999,0.176,-999999,-999999,-999999,-999999,-999999,0.8;28.130,28.102,-999999,19.601,-999999,-999999,-999999,-999999,-999999,-999999,-999999,0,4,-999999,-999999,4,-999999,-999999,0.162,-999999,-999999,-999999,-999999,-999999,0.7;28.150,28.122,-999999,20.608,-999999,-999999,-999999,-999999,-999999,-999999,-999999,0,4,-999999,-999999,4,-999999,-999999,0.163,-999999,-999999,-999999,-999999,-999999,0.7;28.170,28.141,-999999,22.626,-999999,-999999,-999999,-999999,-999999,-999999,-999999,0,4,-999999,-999999,4,-999999,-999999,0.158,-999999,-999999,-999999,-999999,-999999,0.6;28.190,28.161,-999999,25.295,-999999,-999999,-999999,-999999,-999999,-999999,-999999,0,4,-999999,-999999,4,-999999,-999999,0.157,-999999,-999999,-999999,-999999,-999999,0.6;28.210,28.181,-999999,27.517,-999999,-999999,-999999,-999999,-999999,-999999,-999999,0,4,-999999,-999999,4,-999999,-999999,0.162,-999999,-999999,-999999,-999999,-999999,0.6;28.230,28.201,-999999,29.108,-999999,-999999,-999999,-999999,-999999,-999999,-999999,0,4,-999999,-999999,4,-999999,-999999,0.169,-999999,-999999,-999999,-999999,-999999,0.6;28.250,28.221,-999999,30.029,-999999,-999999,-999999,-999999,-999999,-999999,-999999,0,4,-999999,-999999,4,-999999,-999999,0.177,-999999,-999999,-999999,-999999,-999999,0.6;28.270,28.241,-999999,30.340,-999999,-999999,-999999,-999999,-999999,-999999,-999999,0,4,-999999,-999999,4,-999999,-999999,0.190,-999999,-999999,-999999,-999999,-999999,0.6;28.290,28.261,-999999,30.074,-999999,-999999,-999999,-999999,-999999,-999999,-999999,0,4,-999999,-999999,4,-999999,-999999,0.197,-999999,-999999,-999999,-999999,-999999,0.6;28.310,28.281,-999999,29.481,-999999,-999999,-999999,-999999,-999999,-999999,-999999,0,4,-999999,-999999,4,-999999,-999999,0.213,-999999,-999999,-999999,-999999,-999999,0.7;28.330,28.301,-999999,28.663,-999999,-999999,-999999,-999999,-999999,-999999,-999999,0,4,-999999,-999999,4,-999999,-999999,0.222,-999999,-999999,-999999,-999999,-999999,0.7;28.350,28.321,-999999,27.755,-999999,-999999,-999999,-999999,-999999,-999999,-999999,0,4,-999999,-999999,4,-999999,-999999,0.228,-999999,-999999,-999999,-999999,-999999,0.8;28.370,28.341,-999999,26.725,-999999,-999999,-999999,-999999,-999999,-999999,-999999,0,4,-999999,-999999,4,-999999,-999999,0.231,-999999,-999999,-999999,-999999,-999999,0.8;28.390,28.361,-999999,25.603,-999999,-999999,-999999,-999999,-999999,-999999,-999999,0,4,-999999,-999999,4,-999999,-999999,0.233,-999999,-999999,-999999,-999999,-999999,0.9;28.410,28.381,-999999,24.400,-999999,-999999,-999999,-999999,-999999,-999999,-999999,0,4,-999999,-999999,4,-999999,-999999,0.231,-999999,-999999,-999999,-999999,-999999,0.9;28.430,28.401,-999999,23.190,-999999,-999999,-999999,-999999,-999999,-999999,-999999,0,4,-999999,-999999,4,-999999,-999999,0.227,-999999,-999999,-999999,-999999,-999999,0.9;28.450,28.421,-999999,22.164,-999999,-999999,-999999,-999999,-999999,-999999,-999999,0,4,-999999,-999999,4,-999999,-999999,0.220,-999999,-999999,-999999,-999999,-999999,0.9;28.470,28.441,-999999,21.417,-999999,-999999,-999999,-999999,-999999,-999999,-999999,0,4,-999999,-999999,4,-999999,-999999,0.213,-999999,-999999,-999999,-999999,-999999,0.9;28.490,28.460,-999999,20.932,-999999,-999999,-999999,-999999,-999999,-999999,-999999,0,4,-999999,-999999,4,-999999,-999999,0.204,-999999,-999999,-999999,-999999,-999999,0.9;28.510,28.480,-999999,20.714,-999999,-999999,-999999,-999999,-999999,-999999,-999999,0,4,-999999,-999999,4,-999999,-999999,0.198,-999999,-999999,-999999,-999999,-999999,0.9;28.530,28.500,-999999,20.846,-999999,-999999,-999999,-999999,-999999,-999999,-999999,0,4,-999999,-999999,4,-999999,-999999,0.189,-999999,-999999,-999999,-999999,-999999,0.8;28.550,28.520,-999999,21.240,-999999,-999999,-999999,-999999,-999999,-999999,-999999,0,4,-999999,-999999,4,-999999,-999999,0.176,-999999,-999999,-999999,-999999,-999999,0.8;28.570,28.540,-999999,21.920,-999999,-999999,-999999,-999999,-999999,-999999,-999999,0,4,-999999,-999999,4,-999999,-999999,0.167,-999999,-999999,-999999,-999999,-999999,0.7;28.590,28.560,-999999,23.120,-999999,-999999,-999999,-999999,-999999,-999999,-999999,0,4,-999999,-999999,4,-999999,-999999,0.166,-999999,-999999,-999999,-999999,-999999,0.7;28.610,28.580,-999999,24.746,-999999,-999999,-999999,-999999,-999999,-999999,-999999,0,4,-999999,-999999,4,-999999,-999999,0.167,-999999,-999999,-999999,-999999,-999999,0.7;28.630,28.600,-999999,25.750,-999999,-999999,-999999,-999999,-999999,-999999,-999999,0,4,-999999,-999999,4,-999999,-999999,0.172,-999999,-999999,-999999,-999999,-999999,0.7;28.650,28.620,-999999,25.708,-999999,-999999,-999999,-999999,-999999,-999999,-999999,0,4,-999999,-999999,4,-999999,-999999,0.177,-999999,-999999,-999999,-999999,-999999,0.7;28.670,28.640,-999999,25.025,-999999,-999999,-999999,-999999,-999999,-999999,-999999,0,4,-999999,-999999,4,-999999,-999999,0.198,-999999,-999999,-999999,-999999,-999999,0.8;28.690,28.660,-999999,24.336,-999999,-999999,-999999,-999999,-999999,-999999,-999999,0,4,-999999,-999999,4,-999999,-999999,0.188,-999999,-999999,-999999,-999999,-999999,0.7;28.710,28.680,-999999,23.790,-999999,-999999,-999999,-999999,-999999,-999999,-999999,0,4,-999999,-999999,4,-999999,-999999,0.195,-999999,-999999,-999999,-999999,-999999,0.8;28.730,28.700,-999999,23.328,-999999,-999999,-999999,-999999,-999999,-999999,-999999,0,4,-999999,-999999,4,-999999,-999999,0.221,-999999,-999999,-999999,-999999,-999999,0.9;28.750,28.720,-999999,22.786,-999999,-999999,-999999,-999999,-999999,-999999,-999999,0,4,-999999,-999999,4,-999999,-999999,0.228,-999999,-999999,-999999,-999999,-999999,1.0;28.770,28.740,-999999,21.853,-999999,-999999,-999999,-999999,-999999,-999999,-999999,0,4,-999999,-999999,4,-999999,-999999,0.234,-999999,-999999,-999999,-999999,-999999,1.0;28.790,28.759,-999999,20.807,-999999,-999999,-999999,-999999,-999999,-999999,-999999,0,4,-999999,-999999,4,-999999,-999999,0.195,-999999,-999999,-999999,-999999,-999999,0.9;28.810,28.779,-999999,20.015,-999999,-999999,-999999,-999999,-999999,-999999,-999999,0,4,-999999,-999999,4,-999999,-999999,0.193,-999999,-999999,-999999,-999999,-999999,0.9;28.830,28.799,-999999,19.649,-999999,-999999,-999999,-999999,-999999,-999999,-999999,0,4,-999999,-999999,4,-999999,-999999,0.200,-999999,-999999,-999999,-999999,-999999,1.0;28.850,28.819,-999999,18.450,-999999,-999999,-999999,-999999,-999999,-999999,-999999,0,4,-999999,-999999,4,-999999,-999999,0.165,-999999,-999999,-999999,-999999,-999999,0.8;28.870,28.839,-999999,17.997,-999999,-999999,-999999,-999999,-999999,-999999,-999999,0,4,-999999,-999999,4,-999999,-999999,0.147,-999999,-999999,-999999,-999999,-999999,0.8;28.890,28.859,-999999,17.696,-999999,-999999,-999999,-999999,-999999,-999999,-999999,0,4,-999999,-999999,4,-999999,-999999,0.149,-999999,-999999,-999999,-999999,-999999,0.8;28.910,28.879,-999999,15.576,-999999,-999999,-999999,-999999,-999999,-999999,-999999,0,4,-999999,-999999,4,-999999,-999999,0.139,-999999,-999999,-999999,-999999,-999999,0.8;28.930,28.899,-999999,15.210,-999999,-999999,-999999,-999999,-999999,-999999,-999999,0,4,-999999,-999999,4,-999999,-999999,0.127,-999999,-999999,-999999,-999999,-999999,0.8;28.950,28.919,-999999,14.953,-999999,-999999,-999999,-999999,-999999,-999999,-999999,0,4,-999999,-999999,4,-999999,-999999,0.127,-999999,-999999,-999999,-999999,-999999,0.8;28.970,28.939,-999999,14.373,-999999,-999999,-999999,-999999,-999999,-999999,-999999,0,4,-999999,-999999,4,-999999,-999999,0.129,-999999,-999999,-999999,-999999,-999999,0.8;28.990,28.959,-999999,13.917,-999999,-999999,-999999,-999999,-999999,-999999,-999999,0,4,-999999,-999999,4,-999999,-999999,0.131,-999999,-999999,-999999,-999999,-999999,0.9;29.010,28.979,-999999,13.683,-999999,-999999,-999999,-999999,-999999,-999999,-999999,0,4,-999999,-999999,4,-999999,-999999,0.110,-999999,-999999,-999999,-999999,-999999,0.7;29.030,28.999,-999999,13.558,-999999,-999999,-999999,-999999,-999999,-999999,-999999,0,4,-999999,-999999,4,-999999,-999999,0.114,-999999,-999999,-999999,-999999,-999999,0.8;29.050,29.019,-999999,13.532,-999999,-999999,-999999,-999999,-999999,-999999,-999999,0,4,-999999,-999999,4,-999999,-999999,0.112,-999999,-999999,-999999,-999999,-999999,0.8;29.070,29.039,-999999,13.699,-999999,-999999,-999999,-999999,-999999,-999999,-999999,0,4,-999999,-999999,4,-999999,-999999,0.107,-999999,-999999,-999999,-999999,-999999,0.7;29.090,29.058,-999999,13.843,-999999,-999999,-999999,-999999,-999999,-999999,-999999,0,4,-999999,-999999,4,-999999,-999999,0.100,-999999,-999999,-999999,-999999,-999999,0.7;29.110,29.078,-999999,14.001,-999999,-999999,-999999,-999999,-999999,-999999,-999999,0,4,-999999,-999999,4,-999999,-999999,0.098,-999999,-999999,-999999,-999999,-999999,0.7;29.130,29.098,-999999,14.177,-999999,-999999,-999999,-999999,-999999,-999999,-999999,0,4,-999999,-999999,4,-999999,-999999,0.100,-999999,-999999,-999999,-999999,-999999,0.7;29.150,29.118,-999999,14.447,-999999,-999999,-999999,-999999,-999999,-999999,-999999,0,4,-999999,-999999,4,-999999,-999999,0.104,-999999,-999999,-999999,-999999,-999999,0.7;29.170,29.138,-999999,14.527,-999999,-999999,-999999,-999999,-999999,-999999,-999999,0,4,-999999,-999999,4,-999999,-999999,0.105,-999999,-999999,-999999,-999999,-999999,0.7;29.190,29.158,-999999,14.030,-999999,-999999,-999999,-999999,-999999,-999999,-999999,0,4,-999999,-999999,4,-999999,-999999,0.107,-999999,-999999,-999999,-999999,-999999,0.7;29.210,29.178,-999999,13.321,-999999,-999999,-999999,-999999,-999999,-999999,-999999,0,4,-999999,-999999,4,-999999,-999999,0.108,-999999,-999999,-999999,-999999,-999999,0.8;29.230,29.198,-999999,12.660,-999999,-999999,-999999,-999999,-999999,-999999,-999999,0,4,-999999,-999999,4,-999999,-999999,0.144,-999999,-999999,-999999,-999999,-999999,1.1;29.250,29.218,-999999,12.118,-999999,-999999,-999999,-999999,-999999,-999999,-999999,0,4,-999999,-999999,4,-999999,-999999,0.138,-999999,-999999,-999999,-999999,-999999,1.1;29.270,29.238,-999999,11.621,-999999,-999999,-999999,-999999,-999999,-999999,-999999,0,4,-999999,-999999,4,-999999,-999999,0.133,-999999,-999999,-999999,-999999,-999999,1.1;29.290,29.258,-999999,10.889,-999999,-999999,-999999,-999999,-999999,-999999,-999999,0,4,-999999,-999999,4,-999999,-999999,0.149,-999999,-999999,-999999,-999999,-999999,1.3;29.310,29.278,-999999,10.001,-999999,-999999,-999999,-999999,-999999,-999999,-999999,0,4,-999999,-999999,4,-999999,-999999,0.146,-999999,-999999,-999999,-999999,-999999,1.4;29.330,29.298,-999999,8.650,-999999,-999999,-999999,-999999,-999999,-999999,-999999,0,4,-999999,-999999,4,-999999,-999999,0.143,-999999,-999999,-999999,-999999,-999999,1.4;29.350,29.318,-999999,9.035,-999999,-999999,-999999,-999999,-999999,-999999,-999999,0,4,-999999,-999999,4,-999999,-999999,0.132,-999999,-999999,-999999,-999999,-999999,1.3;29.370,29.337,-999999,9.420,-999999,-999999,-999999,-999999,-999999,-999999,-999999,0,5,-999999,-999999,5,-999999,-999999,0.120,-999999,-999999,-999999,-999999,-999999,1.2;29.390,29.357,-999999,10.597,-999999,-999999,-999999,-999999,-999999,-999999,-999999,0,4,-999999,-999999,4,-999999,-999999,0.118,-999999,-999999,-999999,-999999,-999999,1.1;29.410,29.377,-999999,11.008,-999999,-999999,-999999,-999999,-999999,-999999,-999999,0,4,-999999,-999999,4,-999999,-999999,0.115,-999999,-999999,-999999,-999999,-999999,1.1;29.430,29.397,-999999,11.399,-999999,-999999,-999999,-999999,-999999,-999999,-999999,0,5,-999999,-999999,5,-999999,-999999,0.111,-999999,-999999,-999999,-999999,-999999,1.0;29.450,29.417,-999999,10.783,-999999,-999999,-999999,-999999,-999999,-999999,-999999,0,5,-999999,-999999,5,-999999,-999999,0.107,-999999,-999999,-999999,-999999,-999999,1.0;29.470,29.437,-999999,10.357,-999999,-999999,-999999,-999999,-999999,-999999,-999999,0,5,-999999,-999999,5,-999999,-999999,0.108,-999999,-999999,-999999,-999999,-999999,1.0;29.490,29.457,-999999,10.318,-999999,-999999,-999999,-999999,-999999,-999999,-999999,0,4,-999999,-999999,4,-999999,-999999,0.109,-999999,-999999,-999999,-999999,-999999,1.0;29.510,29.477,-999999,10.517,-999999,-999999,-999999,-999999,-999999,-999999,-999999,0,5,-999999,-999999,5,-999999,-999999,0.094,-999999,-999999,-999999,-999999,-999999,0.8;29.530,29.497,-999999,10.722,-999999,-999999,-999999,-999999,-999999,-999999,-999999,0,4,-999999,-999999,4,-999999,-999999,0.086,-999999,-999999,-999999,-999999,-999999,0.7;29.550,29.517,-999999,10.976,-999999,-999999,-999999,-999999,-999999,-999999,-999999,0,4,-999999,-999999,4,-999999,-999999,0.099,-999999,-999999,-999999,-999999,-999999,0.8;29.570,29.537,-999999,11.515,-999999,-999999,-999999,-999999,-999999,-999999,-999999,0,4,-999999,-999999,4,-999999,-999999,0.108,-999999,-999999,-999999,-999999,-999999,0.8;29.590,29.557,-999999,13.032,-999999,-999999,-999999,-999999,-999999,-999999,-999999,0,4,-999999,-999999,4,-999999,-999999,0.101,-999999,-999999,-999999,-999999,-999999,0.7;29.610,29.577,-999999,14.629,-999999,-999999,-999999,-999999,-999999,-999999,-999999,0,4,-999999,-999999,4,-999999,-999999,0.099,-999999,-999999,-999999,-999999,-999999,0.6;29.630,29.596,-999999,16.435,-999999,-999999,-999999,-999999,-999999,-999999,-999999,0,4,-999999,-999999,4,-999999,-999999,0.100,-999999,-999999,-999999,-999999,-999999,0.6;29.650,29.616,-999999,18.299,-999999,-999999,-999999,-999999,-999999,-999999,-999999,0,4,-999999,-999999,4,-999999,-999999,0.104,-999999,-999999,-999999,-999999,-999999,0.5;29.670,29.636,-999999,19.418,-999999,-999999,-999999,-999999,-999999,-999999,-999999,0,4,-999999,-999999,4,-999999,-999999,0.112,-999999,-999999,-999999,-999999,-999999,0.5;29.690,29.656,-999999,20.493,-999999,-999999,-999999,-999999,-999999,-999999,-999999,0,4,-999999,-999999,4,-999999,-999999,0.119,-999999,-999999,-999999,-999999,-999999,0.5;29.710,29.676,-999999,21.506,-999999,-999999,-999999,-999999,-999999,-999999,-999999,0,4,-999999,-999999,4,-999999,-999999,0.123,-999999,-999999,-999999,-999999,-999999,0.5;29.730,29.696,-999999,22.417,-999999,-999999,-999999,-999999,-999999,-999999,-999999,0,4,-999999,-999999,4,-999999,-999999,0.128,-999999,-999999,-999999,-999999,-999999,0.5;29.750,29.716,-999999,23.274,-999999,-999999,-999999,-999999,-999999,-999999,-999999,0,4,-999999,-999999,4,-999999,-999999,0.136,-999999,-999999,-999999,-999999,-999999,0.5;29.770,29.736,-999999,24.105,-999999,-999999,-999999,-999999,-999999,-999999,-999999,0,4,-999999,-999999,4,-999999,-999999,0.146,-999999,-999999,-999999,-999999,-999999,0.6;29.790,29.756,-999999,24.813,-999999,-999999,-999999,-999999,-999999,-999999,-999999,0,4,-999999,-999999,4,-999999,-999999,0.161,-999999,-999999,-999999,-999999,-999999,0.6;29.810,29.776,-999999,25.356,-999999,-999999,-999999,-999999,-999999,-999999,-999999,0,4,-999999,-999999,4,-999999,-999999,0.165,-999999,-999999,-999999,-999999,-999999,0.6;29.830,29.796,-999999,25.872,-999999,-999999,-999999,-999999,-999999,-999999,-999999,0,4,-999999,-999999,4,-999999,-999999,0.160,-999999,-999999,-999999,-999999,-999999,0.6;29.850,29.816,-999999,26.356,-999999,-999999,-999999,-999999,-999999,-999999,-999999,0,4,-999999,-999999,4,-999999,-999999,0.172,-999999,-999999,-999999,-999999,-999999,0.6;29.870,29.836,-999999,26.709,-999999,-999999,-999999,-999999,-999999,-999999,-999999,0,4,-999999,-999999,4,-999999,-999999,0.181,-999999,-999999,-999999,-999999,-999999,0.6;29.890,29.856,-999999,27.145,-999999,-999999,-999999,-999999,-999999,-999999,-999999,0,4,-999999,-999999,4,-999999,-999999,0.190,-999999,-999999,-999999,-999999,-999999,0.7;29.910,29.875,-999999,27.476,-999999,-999999,-999999,-999999,-999999,-999999,-999999,0,4,-999999,-999999,4,-999999,-999999,0.204,-999999,-999999,-999999,-999999,-999999,0.7;29.930,29.895,-999999,27.790,-999999,-999999,-999999,-999999,-999999,-999999,-999999,0,4,-999999,-999999,4,-999999,-999999,0.205,-999999,-999999,-999999,-999999,-999999,0.7;29.950,29.915,-999999,28.034,-999999,-999999,-999999,-999999,-999999,-999999,-999999,0,4,-999999,-999999,4,-999999,-999999,0.217,-999999,-999999,-999999,-999999,-999999,0.7;29.970,29.935,-999999,28.246,-999999,-999999,-999999,-999999,-999999,-999999,-999999,0,4,-999999,-999999,4,-999999,-999999,0.222,-999999,-999999,-999999,-999999,-999999,0.7;29.990,29.955,-999999,28.319,-999999,-999999,-999999,-999999,-999999,-999999,-999999,0,4,-999999,-999999,4,-999999,-999999,0.227,-999999,-999999,-999999,-999999,-999999,0.8;30.010,29.975,-999999,28.656,-999999,-999999,-999999,-999999,-999999,-999999,-999999,0,4,-999999,-999999,4,-999999,-999999,0.229,-999999,-999999,-999999,-999999,-999999,0.8;30.030,29.995,-999999,28.740,-999999,-999999,-999999,-999999,-999999,-999999,-999999,0,4,-999999,-999999,4,-999999,-999999,0.232,-999999,-999999,-999999,-999999,-999999,0.8;30.050,30.015,-999999,28.926,-999999,-999999,-999999,-999999,-999999,-999999,-999999,0,5,-999999,-999999,5,-999999,-999999,0.235,-999999,-999999,-999999,-999999,-999999,0.8;30.070,30.035,-999999,29.099,-999999,-999999,-999999,-999999,-999999,-999999,-999999,0,5,-999999,-999999,5,-999999,-999999,0.238,-999999,-999999,-999999,-999999,-999999,0.8;30.090,30.055,-999999,29.269,-999999,-999999,-999999,-999999,-999999,-999999,-999999,0,4,-999999,-999999,4,-999999,-999999,0.241,-999999,-999999,-999999,-999999,-999999,0.8;30.110,30.075,-999999,29.439,-999999,-999999,-999999,-999999,-999999,-999999,-999999,0,4,-999999,-999999,4,-999999,-999999,0.241,-999999,-999999,-999999,-999999,-999999,0.8;30.130,30.095,-999999,29.625,-999999,-999999,-999999,-999999,-999999,-999999,-999999,0,5,-999999,-999999,5,-999999,-999999,0.244,-999999,-999999,-999999,-999999,-999999,0.8;30.150,30.115,-999999,29.843,-999999,-999999,-999999,-999999,-999999,-999999,-999999,0,5,-999999,-999999,5,-999999,-999999,0.245,-999999,-999999,-999999,-999999,-999999,0.8;30.170,30.134,-999999,30.061,-999999,-999999,-999999,-999999,-999999,-999999,-999999,0,4,-999999,-999999,4,-999999,-999999,0.247,-999999,-999999,-999999,-999999,-999999,0.8;30.190,30.154,-999999,30.308,-999999,-999999,-999999,-999999,-999999,-999999,-999999,0,4,-999999,-999999,4,-999999,-999999,0.250,-999999,-999999,-999999,-999999,-999999,0.8;30.210,30.174,-999999,30.456,-999999,-999999,-999999,-999999,-999999,-999999,-999999,0,4,-999999,-999999,4,-999999,-999999,0.250,-999999,-999999,-999999,-999999,-999999,0.8;30.230,30.194,-999999,30.600,-999999,-999999,-999999,-999999,-999999,-999999,-999999,0,4,-999999,-999999,4,-999999,-999999,0.252,-999999,-999999,-999999,-999999,-999999,0.8;30.250,30.214,-999999,30.741,-999999,-999999,-999999,-999999,-999999,-999999,-999999,0,5,-999999,-999999,5,-999999,-999999,0.255,-999999,-999999,-999999,-999999,-999999,0.8;30.270,30.234,-999999,30.844,-999999,-999999,-999999,-999999,-999999,-999999,-999999,0,5,-999999,-999999,5,-999999,-999999,0.257,-999999,-999999,-999999,-999999,-999999,0.8;30.290,30.254,-999999,30.956,-999999,-999999,-999999,-999999,-999999,-999999,-999999,0,5,-999999,-999999,5,-999999,-999999,0.268,-999999,-999999,-999999,-999999,-999999,0.8;30.310,30.274,-999999,31.039,-999999,-999999,-999999,-999999,-999999,-999999,-999999,0,5,-999999,-999999,5,-999999,-999999,0.261,-999999,-999999,-999999,-999999,-999999,0.8;30.330,30.294,-999999,31.071,-999999,-999999,-999999,-999999,-999999,-999999,-999999,0,5,-999999,-999999,5,-999999,-999999,0.262,-999999,-999999,-999999,-999999,-999999,0.8;30.350,30.314,-999999,31.062,-999999,-999999,-999999,-999999,-999999,-999999,-999999,0,5,-999999,-999999,5,-999999,-999999,0.266,-999999,-999999,-999999,-999999,-999999,0.8;30.370,30.334,-999999,30.837,-999999,-999999,-999999,-999999,-999999,-999999,-999999,0,5,-999999,-999999,5,-999999,-999999,0.268,-999999,-999999,-999999,-999999,-999999,0.8;30.390,30.354,-999999,30.885,-999999,-999999,-999999,-999999,-999999,-999999,-999999,0,5,-999999,-999999,5,-999999,-999999,0.267,-999999,-999999,-999999,-999999,-999999,0.8;30.410,30.374,-999999,30.773,-999999,-999999,-999999,-999999,-999999,-999999,-999999,0,5,-999999,-999999,5,-999999,-999999,0.265,-999999,-999999,-999999,-999999,-999999,0.8;30.430,30.393,-999999,30.715,-999999,-999999,-999999,-999999,-999999,-999999,-999999,0,5,-999999,-999999,5,-999999,-999999,0.266,-999999,-999999,-999999,-999999,-999999,0.8;30.450,30.413,-999999,30.844,-999999,-999999,-999999,-999999,-999999,-999999,-999999,0,5,-999999,-999999,5,-999999,-999999,0.266,-999999,-999999,-999999,-999999,-999999,0.8;30.470,30.433,-999999,30.889,-999999,-999999,-999999,-999999,-999999,-999999,-999999,0,5,-999999,-999999,5,-999999,-999999,0.264,-999999,-999999,-999999,-999999,-999999,0.8;30.490,30.453,-999999,30.946,-999999,-999999,-999999,-999999,-999999,-999999,-999999,0,5,-999999,-999999,5,-999999,-999999,0.264,-999999,-999999,-999999,-999999,-999999,0.8;30.510,30.473,-999999,30.889,-999999,-999999,-999999,-999999,-999999,-999999,-999999,0,5,-999999,-999999,5,-999999,-999999,0.262,-999999,-999999,-999999,-999999,-999999,0.8;30.530,30.493,-999999,30.885,-999999,-999999,-999999,-999999,-999999,-999999,-999999,0,5,-999999,-999999,5,-999999,-999999,0.262,-999999,-999999,-999999,-999999,-999999,0.8;30.550,30.513,-999999,30.882,-999999,-999999,-999999,-999999,-999999,-999999,-999999,0,5,-999999,-999999,5,-999999,-999999,0.262,-999999,-999999,-999999,-999999,-999999,0.8;30.570,30.533,-999999,30.873,-999999,-999999,-999999,-999999,-999999,-999999,-999999,0,5,-999999,-999999,5,-999999,-999999,0.262,-999999,-999999,-999999,-999999,-999999,0.8;30.590,30.553,-999999,30.841,-999999,-999999,-999999,-999999,-999999,-999999,-999999,0,5,-999999,-999999,5,-999999,-999999,0.258,-999999,-999999,-999999,-999999,-999999,0.8;30.610,30.573,-999999,30.879,-999999,-999999,-999999,-999999,-999999,-999999,-999999,0,5,-999999,-999999,5,-999999,-999999,0.260,-999999,-999999,-999999,-999999,-999999,0.8;30.630,30.593,-999999,30.889,-999999,-999999,-999999,-999999,-999999,-999999,-999999,0,5,-999999,-999999,5,-999999,-999999,0.261,-999999,-999999,-999999,-999999,-999999,0.8;30.650,30.613,-999999,30.908,-999999,-999999,-999999,-999999,-999999,-999999,-999999,0,5,-999999,-999999,5,-999999,-999999,0.261,-999999,-999999,-999999,-999999,-999999,0.8;30.670,30.633,-999999,30.953,-999999,-999999,-999999,-999999,-999999,-999999,-999999,0,5,-999999,-999999,5,-999999,-999999,0.263,-999999,-999999,-999999,-999999,-999999,0.8;30.690,30.652,-999999,30.975,-999999,-999999,-999999,-999999,-999999,-999999,-999999,0,5,-999999,-999999,5,-999999,-999999,0.263,-999999,-999999,-999999,-999999,-999999,0.8;30.710,30.672,-999999,31.052,-999999,-999999,-999999,-999999,-999999,-999999,-999999,0,5,-999999,-999999,5,-999999,-999999,0.260,-999999,-999999,-999999,-999999,-999999,0.8;30.730,30.692,-999999,31.097,-999999,-999999,-999999,-999999,-999999,-999999,-999999,0,5,-999999,-999999,5,-999999,-999999,0.262,-999999,-999999,-999999,-999999,-999999,0.8;30.750,30.712,-999999,31.071,-999999,-999999,-999999,-999999,-999999,-999999,-999999,0,5,-999999,-999999,5,-999999,-999999,0.262,-999999,-999999,-999999,-999999,-999999,0.8;30.770,30.732,-999999,31.084,-999999,-999999,-999999,-999999,-999999,-999999,-999999,0,5,-999999,-999999,5,-999999,-999999,0.263,-999999,-999999,-999999,-999999,-999999,0.8;30.790,30.752,-999999,31.075,-999999,-999999,-999999,-999999,-999999,-999999,-999999,0,5,-999999,-999999,5,-999999,-999999,0.263,-999999,-999999,-999999,-999999,-999999,0.8;30.810,30.772,-999999,31.049,-999999,-999999,-999999,-999999,-999999,-999999,-999999,0,5,-999999,-999999,5,-999999,-999999,0.262,-999999,-999999,-999999,-999999,-999999,0.8;30.830,30.792,-999999,31.068,-999999,-999999,-999999,-999999,-999999,-999999,-999999,0,5,-999999,-999999,5,-999999,-999999,0.263,-999999,-999999,-999999,-999999,-999999,0.8;30.850,30.812,-999999,31.081,-999999,-999999,-999999,-999999,-999999,-999999,-999999,0,5,-999999,-999999,5,-999999,-999999,0.264,-999999,-999999,-999999,-999999,-999999,0.8;30.870,30.832,-999999,31.094,-999999,-999999,-999999,-999999,-999999,-999999,-999999,0,5,-999999,-999999,5,-999999,-999999,0.265,-999999,-999999,-999999,-999999,-999999,0.8;30.890,30.852,-999999,31.014,-999999,-999999,-999999,-999999,-999999,-999999,-999999,0,5,-999999,-999999,5,-999999,-999999,0.265,-999999,-999999,-999999,-999999,-999999,0.8;30.910,30.872,-999999,30.962,-999999,-999999,-999999,-999999,-999999,-999999,-999999,0,5,-999999,-999999,5,-999999,-999999,0.265,-999999,-999999,-999999,-999999,-999999,0.8;30.930,30.892,-999999,30.934,-999999,-999999,-999999,-999999,-999999,-999999,-999999,0,5,-999999,-999999,5,-999999,-999999,0.265,-999999,-999999,-999999,-999999,-999999,0.8;30.950,30.911,-999999,30.937,-999999,-999999,-999999,-999999,-999999,-999999,-999999,0,5,-999999,-999999,5,-999999,-999999,0.268,-999999,-999999,-999999,-999999,-999999,0.8;30.970,30.931,-999999,30.892,-999999,-999999,-999999,-999999,-999999,-999999,-999999,0,5,-999999,-999999,5,-999999,-999999,0.265,-999999,-999999,-999999,-999999,-999999,0.8;30.990,30.951,-999999,30.889,-999999,-999999,-999999,-999999,-999999,-999999,-999999,0,5,-999999,-999999,5,-999999,-999999,0.266,-999999,-999999,-999999,-999999,-999999,0.8;31.010,30.971,-999999,30.876,-999999,-999999,-999999,-999999,-999999,-999999,-999999,0,5,-999999,-999999,5,-999999,-999999,0.266,-999999,-999999,-999999,-999999,-999999,0.8;31.030,30.991,-999999,30.863,-999999,-999999,-999999,-999999,-999999,-999999,-999999,0,5,-999999,-999999,5,-999999,-999999,0.263,-999999,-999999,-999999,-999999,-999999,0.8;31.050,31.011,-999999,30.831,-999999,-999999,-999999,-999999,-999999,-999999,-999999,0,5,-999999,-999999,5,-999999,-999999,0.261,-999999,-999999,-999999,-999999,-999999,0.8;31.070,31.031,-999999,30.770,-999999,-999999,-999999,-999999,-999999,-999999,-999999,0,5,-999999,-999999,5,-999999,-999999,0.263,-999999,-999999,-999999,-999999,-999999,0.8;31.090,31.051,-999999,30.715,-999999,-999999,-999999,-999999,-999999,-999999,-999999,0,5,-999999,-999999,5,-999999,-999999,0.262,-999999,-999999,-999999,-999999,-999999,0.8;31.110,31.071,-999999,30.667,-999999,-999999,-999999,-999999,-999999,-999999,-999999,0,5,-999999,-999999,5,-999999,-999999,0.260,-999999,-999999,-999999,-999999,-999999,0.8;31.130,31.091,-999999,30.751,-999999,-999999,-999999,-999999,-999999,-999999,-999999,0,5,-999999,-999999,5,-999999,-999999,0.258,-999999,-999999,-999999,-999999,-999999,0.8;31.150,31.111,-999999,30.770,-999999,-999999,-999999,-999999,-999999,-999999,-999999,0,5,-999999,-999999,5,-999999,-999999,0.256,-999999,-999999,-999999,-999999,-999999,0.8;31.170,31.131,-999999,30.715,-999999,-999999,-999999,-999999,-999999,-999999,-999999,0,5,-999999,-999999,5,-999999,-999999,0.258,-999999,-999999,-999999,-999999,-999999,0.8;31.190,31.150,-999999,30.770,-999999,-999999,-999999,-999999,-999999,-999999,-999999,0,5,-999999,-999999,5,-999999,-999999,0.257,-999999,-999999,-999999,-999999,-999999,0.8;31.210,31.170,-999999,30.677,-999999,-999999,-999999,-999999,-999999,-999999,-999999,0,5,-999999,-999999,5,-999999,-999999,0.257,-999999,-999999,-999999,-999999,-999999,0.8;31.230,31.190,-999999,30.504,-999999,-999999,-999999,-999999,-999999,-999999,-999999,0,5,-999999,-999999,5,-999999,-999999,0.257,-999999,-999999,-999999,-999999,-999999,0.8;31.250,31.210,-999999,30.314,-999999,-999999,-999999,-999999,-999999,-999999,-999999,0,5,-999999,-999999,5,-999999,-999999,0.255,-999999,-999999,-999999,-999999,-999999,0.8;31.270,31.230,-999999,30.087,-999999,-999999,-999999,-999999,-999999,-999999,-999999,0,5,-999999,-999999,5,-999999,-999999,0.256,-999999,-999999,-999999,-999999,-999999,0.8;31.290,31.250,-999999,29.853,-999999,-999999,-999999,-999999,-999999,-999999,-999999,0,5,-999999,-999999,5,-999999,-999999,0.261,-999999,-999999,-999999,-999999,-999999,0.8;31.310,31.270,-999999,29.657,-999999,-999999,-999999,-999999,-999999,-999999,-999999,0,5,-999999,-999999,5,-999999,-999999,0.253,-999999,-999999,-999999,-999999,-999999,0.8;31.330,31.290,-999999,29.570,-999999,-999999,-999999,-999999,-999999,-999999,-999999,0,5,-999999,-999999,5,-999999,-999999,0.254,-999999,-999999,-999999,-999999,-999999,0.8;31.350,31.310,-999999,29.529,-999999,-999999,-999999,-999999,-999999,-999999,-999999,0,5,-999999,-999999,5,-999999,-999999,0.253,-999999,-999999,-999999,-999999,-999999,0.8;31.370,31.330,-999999,29.336,-999999,-999999,-999999,-999999,-999999,-999999,-999999,0,5,-999999,-999999,5,-999999,-999999,0.253,-999999,-999999,-999999,-999999,-999999,0.8;31.390,31.350,-999999,29.352,-999999,-999999,-999999,-999999,-999999,-999999,-999999,0,5,-999999,-999999,5,-999999,-999999,0.252,-999999,-999999,-999999,-999999,-999999,0.8;31.410,31.370,-999999,29.214,-999999,-999999,-999999,-999999,-999999,-999999,-999999,0,5,-999999,-999999,5,-999999,-999999,0.252,-999999,-999999,-999999,-999999,-999999,0.8;31.430,31.389,-999999,28.971,-999999,-999999,-999999,-999999,-999999,-999999,-999999,0,5,-999999,-999999,5,-999999,-999999,0.251,-999999,-999999,-999999,-999999,-999999,0.8;31.450,31.409,-999999,28.810,-999999,-999999,-999999,-999999,-999999,-999999,-999999,0,5,-999999,-999999,5,-999999,-999999,0.248,-999999,-999999,-999999,-999999,-999999,0.8;31.470,31.429,-999999,28.714,-999999,-999999,-999999,-999999,-999999,-999999,-999999,0,5,-999999,-999999,5,-999999,-999999,0.255,-999999,-999999,-999999,-999999,-999999,0.8;31.490,31.449,-999999,28.669,-999999,-999999,-999999,-999999,-999999,-999999,-999999,0,5,-999999,-999999,5,-999999,-999999,0.248,-999999,-999999,-999999,-999999,-999999,0.8;31.510,31.469,-999999,28.672,-999999,-999999,-999999,-999999,-999999,-999999,-999999,0,5,-999999,-999999,5,-999999,-999999,0.249,-999999,-999999,-999999,-999999,-999999,0.8;31.530,31.489,-999999,28.724,-999999,-999999,-999999,-999999,-999999,-999999,-999999,0,5,-999999,-999999,5,-999999,-999999,0.245,-999999,-999999,-999999,-999999,-999999,0.8;31.550,31.509,-999999,28.531,-999999,-999999,-999999,-999999,-999999,-999999,-999999,0,5,-999999,-999999,5,-999999,-999999,0.243,-999999,-999999,-999999,-999999,-999999,0.8;31.570,31.529,-999999,28.339,-999999,-999999,-999999,-999999,-999999,-999999,-999999,0,5,-999999,-999999,5,-999999,-999999,0.238,-999999,-999999,-999999,-999999,-999999,0.8;31.590,31.549,-999999,28.291,-999999,-999999,-999999,-999999,-999999,-999999,-999999,0,5,-999999,-999999,5,-999999,-999999,0.243,-999999,-999999,-999999,-999999,-999999,0.8;31.610,31.569,-999999,28.252,-999999,-999999,-999999,-999999,-999999,-999999,-999999,0,5,-999999,-999999,5,-999999,-999999,0.242,-999999,-999999,-999999,-999999,-999999,0.8;31.630,31.589,-999999,28.252,-999999,-999999,-999999,-999999,-999999,-999999,-999999,0,5,-999999,-999999,5,-999999,-999999,0.238,-999999,-999999,-999999,-999999,-999999,0.8;31.650,31.609,-999999,28.384,-999999,-999999,-999999,-999999,-999999,-999999,-999999,0,5,-999999,-999999,5,-999999,-999999,0.241,-999999,-999999,-999999,-999999,-999999,0.8;31.670,31.628,-999999,28.393,-999999,-999999,-999999,-999999,-999999,-999999,-999999,0,5,-999999,-999999,5,-999999,-999999,0.245,-999999,-999999,-999999,-999999,-999999,0.8;31.690,31.648,-999999,28.428,-999999,-999999,-999999,-999999,-999999,-999999,-999999,0,5,-999999,-999999,5,-999999,-999999,0.239,-999999,-999999,-999999,-999999,-999999,0.8;31.710,31.668,-999999,28.528,-999999,-999999,-999999,-999999,-999999,-999999,-999999,0,5,-999999,-999999,5,-999999,-999999,0.241,-999999,-999999,-999999,-999999,-999999,0.8;31.730,31.688,-999999,28.537,-999999,-999999,-999999,-999999,-999999,-999999,-999999,0,5,-999999,-999999,5,-999999,-999999,0.242,-999999,-999999,-999999,-999999,-999999,0.8;31.750,31.708,-999999,28.361,-999999,-999999,-999999,-999999,-999999,-999999,-999999,0,5,-999999,-999999,5,-999999,-999999,0.242,-999999,-999999,-999999,-999999,-999999,0.8;31.770,31.728,-999999,28.284,-999999,-999999,-999999,-999999,-999999,-999999,-999999,0,5,-999999,-999999,5,-999999,-999999,0.240,-999999,-999999,-999999,-999999,-999999,0.8;31.790,31.748,-999999,28.172,-999999,-999999,-999999,-999999,-999999,-999999,-999999,0,5,-999999,-999999,5,-999999,-999999,0.241,-999999,-999999,-999999,-999999,-999999,0.8;31.810,31.768,-999999,28.140,-999999,-999999,-999999,-999999,-999999,-999999,-999999,0,5,-999999,-999999,5,-999999,-999999,0.242,-999999,-999999,-999999,-999999,-999999,0.8;31.830,31.788,-999999,28.130,-999999,-999999,-999999,-999999,-999999,-999999,-999999,0,5,-999999,-999999,5,-999999,-999999,0.243,-999999,-999999,-999999,-999999,-999999,0.8;31.850,31.808,-999999,28.008,-999999,-999999,-999999,-999999,-999999,-999999,-999999,0,5,-999999,-999999,5,-999999,-999999,0.241,-999999,-999999,-999999,-999999,-999999,0.8;31.870,31.828,-999999,28.085,-999999,-999999,-999999,-999999,-999999,-999999,-999999,0,5,-999999,-999999,5,-999999,-999999,0.240,-999999,-999999,-999999,-999999,-999999,0.8;31.890,31.847,-999999,28.092,-999999,-999999,-999999,-999999,-999999,-999999,-999999,0,5,-999999,-999999,5,-999999,-999999,0.237,-999999,-999999,-999999,-999999,-999999,0.8;31.910,31.867,-999999,28.169,-999999,-999999,-999999,-999999,-999999,-999999,-999999,0,5,-999999,-999999,5,-999999,-999999,0.238,-999999,-999999,-999999,-999999,-999999,0.8;31.930,31.887,-999999,28.355,-999999,-999999,-999999,-999999,-999999,-999999,-999999,0,5,-999999,-999999,5,-999999,-999999,0.238,-999999,-999999,-999999,-999999,-999999,0.8;31.950,31.907,-999999,28.547,-999999,-999999,-999999,-999999,-999999,-999999,-999999,0,5,-999999,-999999,5,-999999,-999999,0.239,-999999,-999999,-999999,-999999,-999999,0.8;31.970,31.927,-999999,28.720,-999999,-999999,-999999,-999999,-999999,-999999,-999999,0,5,-999999,-999999,5,-999999,-999999,0.238,-999999,-999999,-999999,-999999,-999999,0.8;31.990,31.947,-999999,28.926,-999999,-999999,-999999,-999999,-999999,-999999,-999999,0,5,-999999,-999999,5,-999999,-999999,0.239,-999999,-999999,-999999,-999999,-999999,0.8;32.010,31.967,-999999,29.266,-999999,-999999,-999999,-999999,-999999,-999999,-999999,0,5,-999999,-999999,5,-999999,-999999,0.242,-999999,-999999,-999999,-999999,-999999,0.8;32.030,31.987,-999999,29.590,-999999,-999999,-999999,-999999,-999999,-999999,-999999,0,5,-999999,-999999,5,-999999,-999999,0.244,-999999,-999999,-999999,-999999,-999999,0.8;32.050,32.007,-999999,29.683,-999999,-999999,-999999,-999999,-999999,-999999,-999999,0,5,-999999,-999999,5,-999999,-999999,0.248,-999999,-999999,-999999,-999999,-999999,0.8;32.070,32.027,-999999,29.654,-999999,-999999,-999999,-999999,-999999,-999999,-999999,0,5,-999999,-999999,5,-999999,-999999,0.251,-999999,-999999,-999999,-999999,-999999,0.8;32.090,32.047,-999999,29.683,-999999,-999999,-999999,-999999,-999999,-999999,-999999,0,5,-999999,-999999,5,-999999,-999999,0.256,-999999,-999999,-999999,-999999,-999999,0.8;32.110,32.066,-999999,29.590,-999999,-999999,-999999,-999999,-999999,-999999,-999999,0,5,-999999,-999999,5,-999999,-999999,0.258,-999999,-999999,-999999,-999999,-999999,0.8;32.130,32.086,-999999,29.493,-999999,-999999,-999999,-999999,-999999,-999999,-999999,0,5,-999999,-999999,5,-999999,-999999,0.259,-999999,-999999,-999999,-999999,-999999,0.8;32.150,32.106,-999999,29.423,-999999,-999999,-999999,-999999,-999999,-999999,-999999,0,5,-999999,-999999,5,-999999,-999999,0.259,-999999,-999999,-999999,-999999,-999999,0.8;32.170,32.126,-999999,29.311,-999999,-999999,-999999,-999999,-999999,-999999,-999999,0,5,-999999,-999999,5,-999999,-999999,0.257,-999999,-999999,-999999,-999999,-999999,0.8;32.190,32.146,-999999,29.214,-999999,-999999,-999999,-999999,-999999,-999999,-999999,0,5,-999999,-999999,5,-999999,-999999,0.255,-999999,-999999,-999999,-999999,-999999,0.8;32.210,32.166,-999999,29.195,-999999,-999999,-999999,-999999,-999999,-999999,-999999,0,5,-999999,-999999,5,-999999,-999999,0.256,-999999,-999999,-999999,-999999,-999999,0.8;32.230,32.186,-999999,29.330,-999999,-999999,-999999,-999999,-999999,-999999,-999999,0,5,-999999,-999999,5,-999999,-999999,0.255,-999999,-999999,-999999,-999999,-999999,0.8;32.250,32.206,-999999,29.487,-999999,-999999,-999999,-999999,-999999,-999999,-999999,0,5,-999999,-999999,5,-999999,-999999,0.246,-999999,-999999,-999999,-999999,-999999,0.8;32.270,32.226,-999999,29.618,-999999,-999999,-999999,-999999,-999999,-999999,-999999,0,5,-999999,-999999,5,-999999,-999999,0.251,-999999,-999999,-999999,-999999,-999999,0.8;32.290,32.246,-999999,29.737,-999999,-999999,-999999,-999999,-999999,-999999,-999999,0,5,-999999,-999999,5,-999999,-999999,0.251,-999999,-999999,-999999,-999999,-999999,0.8;32.310,32.266,-999999,29.907,-999999,-999999,-999999,-999999,-999999,-999999,-999999,0,5,-999999,-999999,5,-999999,-999999,0.255,-999999,-999999,-999999,-999999,-999999,0.8;32.330,32.285,-999999,30.148,-999999,-999999,-999999,-999999,-999999,-999999,-999999,0,5,-999999,-999999,5,-999999,-999999,0.258,-999999,-999999,-999999,-999999,-999999,0.8;32.350,32.305,-999999,30.411,-999999,-999999,-999999,-999999,-999999,-999999,-999999,0,5,-999999,-999999,5,-999999,-999999,0.259,-999999,-999999,-999999,-999999,-999999,0.8;32.370,32.325,-999999,30.568,-999999,-999999,-999999,-999999,-999999,-999999,-999999,0,5,-999999,-999999,5,-999999,-999999,0.260,-999999,-999999,-999999,-999999,-999999,0.8;32.390,32.345,-999999,30.671,-999999,-999999,-999999,-999999,-999999,-999999,-999999,0,5,-999999,-999999,5,-999999,-999999,0.241,-999999,-999999,-999999,-999999,-999999,0.7;32.410,32.365,-999999,30.889,-999999,-999999,-999999,-999999,-999999,-999999,-999999,0,5,-999999,-999999,5,-999999,-999999,0.241,-999999,-999999,-999999,-999999,-999999,0.7;32.430,32.385,-999999,31.318,-999999,-999999,-999999,-999999,-999999,-999999,-999999,0,5,-999999,-999999,5,-999999,-999999,0.256,-999999,-999999,-999999,-999999,-999999,0.8;32.450,32.405,-999999,31.514,-999999,-999999,-999999,-999999,-999999,-999999,-999999,0,5,-999999,-999999,5,-999999,-999999,0.265,-999999,-999999,-999999,-999999,-999999,0.8;32.470,32.425,-999999,32.281,-999999,-999999,-999999,-999999,-999999,-999999,-999999,0,5,-999999,-999999,5,-999999,-999999,0.259,-999999,-999999,-999999,-999999,-999999,0.8;32.490,32.445,-999999,32.810,-999999,-999999,-999999,-999999,-999999,-999999,-999999,0,5,-999999,-999999,5,-999999,-999999,0.262,-999999,-999999,-999999,-999999,-999999,0.8;32.510,32.465,-999999,33.022,-999999,-999999,-999999,-999999,-999999,-999999,-999999,0,5,-999999,-999999,5,-999999,-999999,0.265,-999999,-999999,-999999,-999999,-999999,0.8;32.530,32.484,-999999,33.044,-999999,-999999,-999999,-999999,-999999,-999999,-999999,0,5,-999999,-999999,5,-999999,-999999,0.270,-999999,-999999,-999999,-999999,-999999,0.8;32.550,32.504,-999999,32.935,-999999,-999999,-999999,-999999,-999999,-999999,-999999,0,5,-999999,-999999,5,-999999,-999999,0.276,-999999,-999999,-999999,-999999,-999999,0.8;32.570,32.524,-999999,32.688,-999999,-999999,-999999,-999999,-999999,-999999,-999999,0,5,-999999,-999999,5,-999999,-999999,0.283,-999999,-999999,-999999,-999999,-999999,0.8;32.590,32.544,-999999,32.364,-999999,-999999,-999999,-999999,-999999,-999999,-999999,0,5,-999999,-999999,5,-999999,-999999,0.286,-999999,-999999,-999999,-999999,-999999,0.8;32.610,32.564,-999999,31.716,-999999,-999999,-999999,-999999,-999999,-999999,-999999,0,5,-999999,-999999,5,-999999,-999999,0.285,-999999,-999999,-999999,-999999,-999999,0.9;32.630,32.584,-999999,30.898,-999999,-999999,-999999,-999999,-999999,-999999,-999999,0,5,-999999,-999999,5,-999999,-999999,0.281,-999999,-999999,-999999,-999999,-999999,0.9;32.650,32.604,-999999,30.039,-999999,-999999,-999999,-999999,-999999,-999999,-999999,0,5,-999999,-999999,5,-999999,-999999,0.273,-999999,-999999,-999999,-999999,-999999,0.9;32.670,32.624,-999999,29.227,-999999,-999999,-999999,-999999,-999999,-999999,-999999,0,5,-999999,-999999,5,-999999,-999999,0.269,-999999,-999999,-999999,-999999,-999999,0.9;32.690,32.644,-999999,28.409,-999999,-999999,-999999,-999999,-999999,-999999,-999999,0,5,-999999,-999999,5,-999999,-999999,0.265,-999999,-999999,-999999,-999999,-999999,0.9;32.710,32.664,-999999,27.036,-999999,-999999,-999999,-999999,-999999,-999999,-999999,0,5,-999999,-999999,5,-999999,-999999,0.257,-999999,-999999,-999999,-999999,-999999,0.9;32.730,32.684,-999999,25.211,-999999,-999999,-999999,-999999,-999999,-999999,-999999,0,5,-999999,-999999,5,-999999,-999999,0.246,-999999,-999999,-999999,-999999,-999999,0.9;32.750,32.703,-999999,23.280,-999999,-999999,-999999,-999999,-999999,-999999,-999999,0,5,-999999,-999999,5,-999999,-999999,0.234,-999999,-999999,-999999,-999999,-999999,0.9;32.770,32.723,-999999,21.702,-999999,-999999,-999999,-999999,-999999,-999999,-999999,0,5,-999999,-999999,5,-999999,-999999,0.223,-999999,-999999,-999999,-999999,-999999,0.9;32.790,32.743,-999999,20.509,-999999,-999999,-999999,-999999,-999999,-999999,-999999,0,5,-999999,-999999,5,-999999,-999999,0.214,-999999,-999999,-999999,-999999,-999999,1.0;32.810,32.763,-999999,19.745,-999999,-999999,-999999,-999999,-999999,-999999,-999999,0,5,-999999,-999999,5,-999999,-999999,0.201,-999999,-999999,-999999,-999999,-999999,0.9;32.830,32.783,-999999,19.139,-999999,-999999,-999999,-999999,-999999,-999999,-999999,0,5,-999999,-999999,5,-999999,-999999,0.187,-999999,-999999,-999999,-999999,-999999,0.9;32.850,32.803,-999999,18.665,-999999,-999999,-999999,-999999,-999999,-999999,-999999,0,5,-999999,-999999,5,-999999,-999999,0.177,-999999,-999999,-999999,-999999,-999999,0.9;32.870,32.823,-999999,18.369,-999999,-999999,-999999,-999999,-999999,-999999,-999999,0,5,-999999,-999999,5,-999999,-999999,0.169,-999999,-999999,-999999,-999999,-999999,0.9;32.890,32.843,-999999,18.135,-999999,-999999,-999999,-999999,-999999,-999999,-999999,0,5,-999999,-999999,5,-999999,-999999,0.171,-999999,-999999,-999999,-999999,-999999,0.9;32.910,32.863,-999999,17.869,-999999,-999999,-999999,-999999,-999999,-999999,-999999,0,5,-999999,-999999,5,-999999,-999999,0.155,-999999,-999999,-999999,-999999,-999999,0.8;32.930,32.883,-999999,17.561,-999999,-999999,-999999,-999999,-999999,-999999,-999999,0,5,-999999,-999999,5,-999999,-999999,0.149,-999999,-999999,-999999,-999999,-999999,0.8;32.950,32.902,-999999,17.337,-999999,-999999,-999999,-999999,-999999,-999999,-999999,0,5,-999999,-999999,5,-999999,-999999,0.171,-999999,-999999,-999999,-999999,-999999,0.9;32.970,32.922,-999999,17.144,-999999,-999999,-999999,-999999,-999999,-999999,-999999,0,5,-999999,-999999,5,-999999,-999999,0.168,-999999,-999999,-999999,-999999,-999999,0.9;32.990,32.942,-999999,16.894,-999999,-999999,-999999,-999999,-999999,-999999,-999999,0,5,-999999,-999999,5,-999999,-999999,0.156,-999999,-999999,-999999,-999999,-999999,0.9;33.010,32.962,-999999,16.445,-999999,-999999,-999999,-999999,-999999,-999999,-999999,0,5,-999999,-999999,5,-999999,-999999,0.136,-999999,-999999,-999999,-999999,-999999,0.8;33.030,32.982,-999999,15.781,-999999,-999999,-999999,-999999,-999999,-999999,-999999,0,5,-999999,-999999,5,-999999,-999999,0.137,-999999,-999999,-999999,-999999,-999999,0.8;33.050,33.002,-999999,15.027,-999999,-999999,-999999,-999999,-999999,-999999,-999999,0,5,-999999,-999999,5,-999999,-999999,0.123,-999999,-999999,-999999,-999999,-999999,0.8;33.070,33.022,-999999,14.456,-999999,-999999,-999999,-999999,-999999,-999999,-999999,0,5,-999999,-999999,5,-999999,-999999,0.123,-999999,-999999,-999999,-999999,-999999,0.8;33.090,33.042,-999999,14.238,-999999,-999999,-999999,-999999,-999999,-999999,-999999,0,5,-999999,-999999,5,-999999,-999999,0.118,-999999,-999999,-999999,-999999,-999999,0.8;33.110,33.062,-999999,13.847,-999999,-999999,-999999,-999999,-999999,-999999,-999999,0,5,-999999,-999999,5,-999999,-999999,0.113,-999999,-999999,-999999,-999999,-999999,0.8;33.130,33.081,-999999,13.789,-999999,-999999,-999999,-999999,-999999,-999999,-999999,0,5,-999999,-999999,5,-999999,-999999,0.110,-999999,-999999,-999999,-999999,-999999,0.7;33.150,33.101,-999999,13.651,-999999,-999999,-999999,-999999,-999999,-999999,-999999,0,5,-999999,-999999,5,-999999,-999999,0.105,-999999,-999999,-999999,-999999,-999999,0.7;33.170,33.121,-999999,13.606,-999999,-999999,-999999,-999999,-999999,-999999,-999999,0,5,-999999,-999999,5,-999999,-999999,0.101,-999999,-999999,-999999,-999999,-999999,0.7;33.190,33.141,-999999,13.738,-999999,-999999,-999999,-999999,-999999,-999999,-999999,0,5,-999999,-999999,5,-999999,-999999,0.097,-999999,-999999,-999999,-999999,-999999,0.6;33.210,33.161,-999999,14.039,-999999,-999999,-999999,-999999,-999999,-999999,-999999,0,5,-999999,-999999,5,-999999,-999999,0.091,-999999,-999999,-999999,-999999,-999999,0.6;33.230,33.181,-999999,14.485,-999999,-999999,-999999,-999999,-999999,-999999,-999999,0,5,-999999,-999999,5,-999999,-999999,0.092,-999999,-999999,-999999,-999999,-999999,0.6;33.250,33.201,-999999,14.831,-999999,-999999,-999999,-999999,-999999,-999999,-999999,0,5,-999999,-999999,5,-999999,-999999,0.090,-999999,-999999,-999999,-999999,-999999,0.6;33.270,33.221,-999999,14.998,-999999,-999999,-999999,-999999,-999999,-999999,-999999,0,5,-999999,-999999,5,-999999,-999999,0.087,-999999,-999999,-999999,-999999,-999999,0.5;33.290,33.241,-999999,14.681,-999999,-999999,-999999,-999999,-999999,-999999,-999999,0,5,-999999,-999999,5,-999999,-999999,0.085,-999999,-999999,-999999,-999999,-999999,0.5;33.310,33.261,-999999,14.620,-999999,-999999,-999999,-999999,-999999,-999999,-999999,0,5,-999999,-999999,5,-999999,-999999,0.081,-999999,-999999,-999999,-999999,-999999,0.5;33.330,33.280,-999999,14.674,-999999,-999999,-999999,-999999,-999999,-999999,-999999,0,5,-999999,-999999,5,-999999,-999999,0.078,-999999,-999999,-999999,-999999,-999999,0.5;33.350,33.300,-999999,14.864,-999999,-999999,-999999,-999999,-999999,-999999,-999999,0,5,-999999,-999999,5,-999999,-999999,0.079,-999999,-999999,-999999,-999999,-999999,0.5;33.370,33.320,-999999,15.101,-999999,-999999,-999999,-999999,-999999,-999999,-999999,0,5,-999999,-999999,5,-999999,-999999,0.082,-999999,-999999,-999999,-999999,-999999,0.5;33.390,33.340,-999999,15.268,-999999,-999999,-999999,-999999,-999999,-999999,-999999,0,5,-999999,-999999,5,-999999,-999999,0.080,-999999,-999999,-999999,-999999,-999999,0.5;33.410,33.360,-999999,15.162,-999999,-999999,-999999,-999999,-999999,-999999,-999999,0,5,-999999,-999999,5,-999999,-999999,0.077,-999999,-999999,-999999,-999999,-999999,0.5;33.430,33.380,-999999,14.751,-999999,-999999,-999999,-999999,-999999,-999999,-999999,0,5,-999999,-999999,5,-999999,-999999,0.074,-999999,-999999,-999999,-999999,-999999,0.5;33.450,33.400,-999999,14.174,-999999,-999999,-999999,-999999,-999999,-999999,-999999,0,5,-999999,-999999,5,-999999,-999999,0.084,-999999,-999999,-999999,-999999,-999999,0.5;33.470,33.420,-999999,13.680,-999999,-999999,-999999,-999999,-999999,-999999,-999999,0,5,-999999,-999999,5,-999999,-999999,0.079,-999999,-999999,-999999,-999999,-999999,0.5;33.490,33.440,-999999,13.314,-999999,-999999,-999999,-999999,-999999,-999999,-999999,0,5,-999999,-999999,5,-999999,-999999,0.085,-999999,-999999,-999999,-999999,-999999,0.6;33.510,33.459,-999999,12.958,-999999,-999999,-999999,-999999,-999999,-999999,-999999,0,5,-999999,-999999,5,-999999,-999999,0.081,-999999,-999999,-999999,-999999,-999999,0.6;33.530,33.479,-999999,12.670,-999999,-999999,-999999,-999999,-999999,-999999,-999999,0,5,-999999,-999999,5,-999999,-999999,0.083,-999999,-999999,-999999,-999999,-999999,0.6;33.550,33.499,-999999,12.448,-999999,-999999,-999999,-999999,-999999,-999999,-999999,0,6,-999999,-999999,6,-999999,-999999,0.081,-999999,-999999,-999999,-999999,-999999,0.6;33.570,33.519,-999999,12.278,-999999,-999999,-999999,-999999,-999999,-999999,-999999,0,5,-999999,-999999,5,-999999,-999999,0.082,-999999,-999999,-999999,-999999,-999999,0.6;33.590,33.539,-999999,12.224,-999999,-999999,-999999,-999999,-999999,-999999,-999999,0,5,-999999,-999999,5,-999999,-999999,0.078,-999999,-999999,-999999,-999999,-999999,0.6;33.610,33.559,-999999,12.198,-999999,-999999,-999999,-999999,-999999,-999999,-999999,0,5,-999999,-999999,5,-999999,-999999,0.085,-999999,-999999,-999999,-999999,-999999,0.6;33.630,33.579,-999999,12.192,-999999,-999999,-999999,-999999,-999999,-999999,-999999,0,5,-999999,-999999,5,-999999,-999999,0.083,-999999,-999999,-999999,-999999,-999999,0.6;33.650,33.599,-999999,12.278,-999999,-999999,-999999,-999999,-999999,-999999,-999999,0,6,-999999,-999999,6,-999999,-999999,0.087,-999999,-999999,-999999,-999999,-999999,0.7;33.670,33.619,-999999,12.480,-999999,-999999,-999999,-999999,-999999,-999999,-999999,0,5,-999999,-999999,5,-999999,-999999,0.084,-999999,-999999,-999999,-999999,-999999,0.6;33.690,33.639,-999999,12.631,-999999,-999999,-999999,-999999,-999999,-999999,-999999,0,5,-999999,-999999,5,-999999,-999999,0.088,-999999,-999999,-999999,-999999,-999999,0.6;33.710,33.658,-999999,12.987,-999999,-999999,-999999,-999999,-999999,-999999,-999999,0,5,-999999,-999999,5,-999999,-999999,0.090,-999999,-999999,-999999,-999999,-999999,0.6;33.730,33.678,-999999,13.513,-999999,-999999,-999999,-999999,-999999,-999999,-999999,0,5,-999999,-999999,5,-999999,-999999,0.090,-999999,-999999,-999999,-999999,-999999,0.6;33.750,33.698,-999999,14.347,-999999,-999999,-999999,-999999,-999999,-999999,-999999,0,6,-999999,-999999,6,-999999,-999999,0.092,-999999,-999999,-999999,-999999,-999999,0.6;33.770,33.718,-999999,15.245,-999999,-999999,-999999,-999999,-999999,-999999,-999999,0,6,-999999,-999999,6,-999999,-999999,0.096,-999999,-999999,-999999,-999999,-999999,0.6;33.790,33.738,-999999,16.243,-999999,-999999,-999999,-999999,-999999,-999999,-999999,0,6,-999999,-999999,6,-999999,-999999,0.098,-999999,-999999,-999999,-999999,-999999,0.5;33.810,33.758,-999999,17.394,-999999,-999999,-999999,-999999,-999999,-999999,-999999,0,6,-999999,-999999,6,-999999,-999999,0.098,-999999,-999999,-999999,-999999,-999999,0.5;33.830,33.778,-999999,18.857,-999999,-999999,-999999,-999999,-999999,-999999,-999999,0,6,-999999,-999999,6,-999999,-999999,0.100,-999999,-999999,-999999,-999999,-999999,0.5;33.850,33.798,-999999,20.442,-999999,-999999,-999999,-999999,-999999,-999999,-999999,0,5,-999999,-999999,5,-999999,-999999,0.106,-999999,-999999,-999999,-999999,-999999,0.5;33.870,33.818,-999999,21.959,-999999,-999999,-999999,-999999,-999999,-999999,-999999,0,6,-999999,-999999,6,-999999,-999999,0.110,-999999,-999999,-999999,-999999,-999999,0.5;33.890,33.837,-999999,23.566,-999999,-999999,-999999,-999999,-999999,-999999,-999999,0,6,-999999,-999999,6,-999999,-999999,0.114,-999999,-999999,-999999,-999999,-999999,0.4;33.910,33.857,-999999,24.881,-999999,-999999,-999999,-999999,-999999,-999999,-999999,0,6,-999999,-999999,6,-999999,-999999,0.127,-999999,-999999,-999999,-999999,-999999,0.5;33.930,33.877,-999999,25.955,-999999,-999999,-999999,-999999,-999999,-999999,-999999,0,6,-999999,-999999,6,-999999,-999999,0.136,-999999,-999999,-999999,-999999,-999999,0.5;33.950,33.897,-999999,26.924,-999999,-999999,-999999,-999999,-999999,-999999,-999999,0,6,-999999,-999999,6,-999999,-999999,0.149,-999999,-999999,-999999,-999999,-999999,0.5;33.970,33.917,-999999,27.238,-999999,-999999,-999999,-999999,-999999,-999999,-999999,0,6,-999999,-999999,6,-999999,-999999,0.152,-999999,-999999,-999999,-999999,-999999,0.5;33.990,33.937,-999999,27.473,-999999,-999999,-999999,-999999,-999999,-999999,-999999,0,6,-999999,-999999,6,-999999,-999999,0.160,-999999,-999999,-999999,-999999,-999999,0.5;34.010,33.957,-999999,27.485,-999999,-999999,-999999,-999999,-999999,-999999,-999999,0,6,-999999,-999999,6,-999999,-999999,0.172,-999999,-999999,-999999,-999999,-999999,0.6;34.030,33.977,-999999,27.155,-999999,-999999,-999999,-999999,-999999,-999999,-999999,0,6,-999999,-999999,6,-999999,-999999,0.184,-999999,-999999,-999999,-999999,-999999,0.6;34.050,33.997,-999999,26.555,-999999,-999999,-999999,-999999,-999999,-999999,-999999,0,6,-999999,-999999,6,-999999,-999999,0.194,-999999,-999999,-999999,-999999,-999999,0.7;34.070,34.016,-999999,25.455,-999999,-999999,-999999,-999999,-999999,-999999,-999999,0,6,-999999,-999999,6,-999999,-999999,0.215,-999999,-999999,-999999,-999999,-999999,0.8;34.090,34.036,-999999,23.758,-999999,-999999,-999999,-999999,-999999,-999999,-999999,0,6,-999999,-999999,6,-999999,-999999,0.188,-999999,-999999,-999999,-999999,-999999,0.7;34.110,34.056,-999999,22.219,-999999,-999999,-999999,-999999,-999999,-999999,-999999,0,6,-999999,-999999,6,-999999,-999999,0.192,-999999,-999999,-999999,-999999,-999999,0.8;34.130,34.076,-999999,20.926,-999999,-999999,-999999,-999999,-999999,-999999,-999999,0,6,-999999,-999999,6,-999999,-999999,0.188,-999999,-999999,-999999,-999999,-999999,0.8;34.150,34.096,-999999,20.166,-999999,-999999,-999999,-999999,-999999,-999999,-999999,0,6,-999999,-999999,6,-999999,-999999,0.178,-999999,-999999,-999999,-999999,-999999,0.8;34.170,34.116,-999999,19.896,-999999,-999999,-999999,-999999,-999999,-999999,-999999,0,6,-999999,-999999,6,-999999,-999999,0.174,-999999,-999999,-999999,-999999,-999999,0.8;34.190,34.136,-999999,19.396,-999999,-999999,-999999,-999999,-999999,-999999,-999999,0,6,-999999,-999999,6,-999999,-999999,0.159,-999999,-999999,-999999,-999999,-999999,0.7;34.210,34.156,-999999,19.447,-999999,-999999,-999999,-999999,-999999,-999999,-999999,0,6,-999999,-999999,6,-999999,-999999,0.148,-999999,-999999,-999999,-999999,-999999,0.7;34.230,34.176,-999999,19.893,-999999,-999999,-999999,-999999,-999999,-999999,-999999,0,6,-999999,-999999,6,-999999,-999999,0.143,-999999,-999999,-999999,-999999,-999999,0.7;34.250,34.195,-999999,20.249,-999999,-999999,-999999,-999999,-999999,-999999,-999999,0,6,-999999,-999999,6,-999999,-999999,0.143,-999999,-999999,-999999,-999999,-999999,0.7;34.270,34.215,-999999,20.352,-999999,-999999,-999999,-999999,-999999,-999999,-999999,0,6,-999999,-999999,6,-999999,-999999,0.140,-999999,-999999,-999999,-999999,-999999,0.7;34.290,34.235,-999999,20.066,-999999,-999999,-999999,-999999,-999999,-999999,-999999,0,6,-999999,-999999,6,-999999,-999999,0.134,-999999,-999999,-999999,-999999,-999999,0.6;34.310,34.255,-999999,19.636,-999999,-999999,-999999,-999999,-999999,-999999,-999999,0,6,-999999,-999999,6,-999999,-999999,0.135,-999999,-999999,-999999,-999999,-999999,0.6;34.330,34.275,-999999,19.457,-999999,-999999,-999999,-999999,-999999,-999999,-999999,0,6,-999999,-999999,6,-999999,-999999,0.134,-999999,-999999,-999999,-999999,-999999,0.6;34.350,34.295,-999999,19.502,-999999,-999999,-999999,-999999,-999999,-999999,-999999,0,6,-999999,-999999,6,-999999,-999999,0.132,-999999,-999999,-999999,-999999,-999999,0.6;34.370,34.315,-999999,19.486,-999999,-999999,-999999,-999999,-999999,-999999,-999999,0,6,-999999,-999999,6,-999999,-999999,0.128,-999999,-999999,-999999,-999999,-999999,0.6;34.390,34.335,-999999,19.383,-999999,-999999,-999999,-999999,-999999,-999999,-999999,0,6,-999999,-999999,6,-999999,-999999,0.129,-999999,-999999,-999999,-999999,-999999,0.6;34.410,34.354,-999999,19.133,-999999,-999999,-999999,-999999,-999999,-999999,-999999,0,6,-999999,-999999,6,-999999,-999999,0.127,-999999,-999999,-999999,-999999,-999999,0.6;34.430,34.374,-999999,18.674,-999999,-999999,-999999,-999999,-999999,-999999,-999999,0,6,-999999,-999999,6,-999999,-999999,0.127,-999999,-999999,-999999,-999999,-999999,0.6;34.450,34.394,-999999,17.997,-999999,-999999,-999999,-999999,-999999,-999999,-999999,0,6,-999999,-999999,6,-999999,-999999,0.127,-999999,-999999,-999999,-999999,-999999,0.7;34.470,34.414,-999999,17.410,-999999,-999999,-999999,-999999,-999999,-999999,-999999,0,6,-999999,-999999,6,-999999,-999999,0.125,-999999,-999999,-999999,-999999,-999999,0.7;34.490,34.434,-999999,17.000,-999999,-999999,-999999,-999999,-999999,-999999,-999999,0,6,-999999,-999999,6,-999999,-999999,0.122,-999999,-999999,-999999,-999999,-999999,0.7;34.510,34.454,-999999,16.663,-999999,-999999,-999999,-999999,-999999,-999999,-999999,0,6,-999999,-999999,6,-999999,-999999,0.120,-999999,-999999,-999999,-999999,-999999,0.7;34.530,34.474,-999999,16.445,-999999,-999999,-999999,-999999,-999999,-999999,-999999,0,6,-999999,-999999,6,-999999,-999999,0.128,-999999,-999999,-999999,-999999,-999999,0.7;34.550,34.494,-999999,16.464,-999999,-999999,-999999,-999999,-999999,-999999,-999999,0,6,-999999,-999999,6,-999999,-999999,0.125,-999999,-999999,-999999,-999999,-999999,0.7;34.570,34.514,-999999,16.717,-999999,-999999,-999999,-999999,-999999,-999999,-999999,0,6,-999999,-999999,6,-999999,-999999,0.131,-999999,-999999,-999999,-999999,-999999,0.7;34.590,34.533,-999999,17.086,-999999,-999999,-999999,-999999,-999999,-999999,-999999,0,6,-999999,-999999,6,-999999,-999999,0.133,-999999,-999999,-999999,-999999,-999999,0.7;34.610,34.553,-999999,17.580,-999999,-999999,-999999,-999999,-999999,-999999,-999999,0,6,-999999,-999999,6,-999999,-999999,0.133,-999999,-999999,-999999,-999999,-999999,0.7;34.630,34.573,-999999,18.360,-999999,-999999,-999999,-999999,-999999,-999999,-999999,0,6,-999999,-999999,6,-999999,-999999,0.140,-999999,-999999,-999999,-999999,-999999,0.7;34.650,34.593,-999999,19.495,-999999,-999999,-999999,-999999,-999999,-999999,-999999,0,6,-999999,-999999,6,-999999,-999999,0.136,-999999,-999999,-999999,-999999,-999999,0.6;34.670,34.613,-999999,20.977,-999999,-999999,-999999,-999999,-999999,-999999,-999999,0,6,-999999,-999999,6,-999999,-999999,0.141,-999999,-999999,-999999,-999999,-999999,0.6;34.690,34.633,-999999,22.796,-999999,-999999,-999999,-999999,-999999,-999999,-999999,0,6,-999999,-999999,6,-999999,-999999,0.146,-999999,-999999,-999999,-999999,-999999,0.6;34.710,34.653,-999999,24.788,-999999,-999999,-999999,-999999,-999999,-999999,-999999,0,6,-999999,-999999,6,-999999,-999999,0.143,-999999,-999999,-999999,-999999,-999999,0.5;34.730,34.673,-999999,26.587,-999999,-999999,-999999,-999999,-999999,-999999,-999999,0,6,-999999,-999999,6,-999999,-999999,0.139,-999999,-999999,-999999,-999999,-999999,0.5;34.750,34.692,-999999,28.201,-999999,-999999,-999999,-999999,-999999,-999999,-999999,0,6,-999999,-999999,6,-999999,-999999,0.159,-999999,-999999,-999999,-999999,-999999,0.5;34.770,34.712,-999999,28.813,-999999,-999999,-999999,-999999,-999999,-999999,-999999,0,6,-999999,-999999,6,-999999,-999999,0.184,-999999,-999999,-999999,-999999,-999999,0.6;34.790,34.732,-999999,30.100,-999999,-999999,-999999,-999999,-999999,-999999,-999999,0,6,-999999,-999999,6,-999999,-999999,0.179,-999999,-999999,-999999,-999999,-999999,0.6;34.810,34.752,-999999,30.587,-999999,-999999,-999999,-999999,-999999,-999999,-999999,0,6,-999999,-999999,6,-999999,-999999,0.181,-999999,-999999,-999999,-999999,-999999,0.6;34.830,34.772,-999999,30.760,-999999,-999999,-999999,-999999,-999999,-999999,-999999,0,6,-999999,-999999,6,-999999,-999999,0.251,-999999,-999999,-999999,-999999,-999999,0.8;34.850,34.792,-999999,30.244,-999999,-999999,-999999,-999999,-999999,-999999,-999999,0,6,-999999,-999999,6,-999999,-999999,0.207,-999999,-999999,-999999,-999999,-999999,0.7;34.870,34.812,-999999,30.048,-999999,-999999,-999999,-999999,-999999,-999999,-999999,0,6,-999999,-999999,6,-999999,-999999,0.212,-999999,-999999,-999999,-999999,-999999,0.7;34.890,34.832,-999999,29.173,-999999,-999999,-999999,-999999,-999999,-999999,-999999,0,6,-999999,-999999,6,-999999,-999999,0.216,-999999,-999999,-999999,-999999,-999999,0.7;34.910,34.851,-999999,26.975,-999999,-999999,-999999,-999999,-999999,-999999,-999999,0,6,-999999,-999999,6,-999999,-999999,0.221,-999999,-999999,-999999,-999999,-999999,0.8;34.930,34.871,-999999,26.228,-999999,-999999,-999999,-999999,-999999,-999999,-999999,0,6,-999999,-999999,6,-999999,-999999,0.219,-999999,-999999,-999999,-999999,-999999,0.8;34.950,34.891,-999999,24.730,-999999,-999999,-999999,-999999,-999999,-999999,-999999,0,6,-999999,-999999,6,-999999,-999999,0.216,-999999,-999999,-999999,-999999,-999999,0.8;34.970,34.911,-999999,23.450,-999999,-999999,-999999,-999999,-999999,-999999,-999999,0,6,-999999,-999999,6,-999999,-999999,0.210,-999999,-999999,-999999,-999999,-999999,0.8;34.990,34.931,-999999,22.475,-999999,-999999,-999999,-999999,-999999,-999999,-999999,0,6,-999999,-999999,6,-999999,-999999,0.204,-999999,-999999,-999999,-999999,-999999,0.8;35.010,34.951,-999999,21.802,-999999,-999999,-999999,-999999,-999999,-999999,-999999,0,6,-999999,-999999,6,-999999,-999999,0.194,-999999,-999999,-999999,-999999,-999999,0.8;35.030,34.971,-999999,21.038,-999999,-999999,-999999,-999999,-999999,-999999,-999999,0,6,-999999,-999999,6,-999999,-999999,0.183,-999999,-999999,-999999,-999999,-999999,0.8;35.050,34.991,-999999,20.451,-999999,-999999,-999999,-999999,-999999,-999999,-999999,0,6,-999999,-999999,6,-999999,-999999,0.177,-999999,-999999,-999999,-999999,-999999,0.8;35.070,35.010,-999999,20.089,-999999,-999999,-999999,-999999,-999999,-999999,-999999,0,6,-999999,-999999,6,-999999,-999999,0.174,-999999,-999999,-999999,-999999,-999999,0.8;35.090,35.030,-999999,19.832,-999999,-999999,-999999,-999999,-999999,-999999,-999999,0,6,-999999,-999999,6,-999999,-999999,0.166,-999999,-999999,-999999,-999999,-999999,0.8;35.110,35.050,-999999,19.739,-999999,-999999,-999999,-999999,-999999,-999999,-999999,0,6,-999999,-999999,6,-999999,-999999,0.160,-999999,-999999,-999999,-999999,-999999,0.8;35.130,35.070,-999999,19.717,-999999,-999999,-999999,-999999,-999999,-999999,-999999,0,6,-999999,-999999,6,-999999,-999999,0.156,-999999,-999999,-999999,-999999,-999999,0.7;35.150,35.090,-999999,19.835,-999999,-999999,-999999,-999999,-999999,-999999,-999999,0,6,-999999,-999999,6,-999999,-999999,0.154,-999999,-999999,-999999,-999999,-999999,0.7;35.170,35.110,-999999,19.980,-999999,-999999,-999999,-999999,-999999,-999999,-999999,0,6,-999999,-999999,6,-999999,-999999,0.153,-999999,-999999,-999999,-999999,-999999,0.7;35.190,35.130,-999999,19.925,-999999,-999999,-999999,-999999,-999999,-999999,-999999,0,6,-999999,-999999,6,-999999,-999999,0.152,-999999,-999999,-999999,-999999,-999999,0.7;35.210,35.150,-999999,19.810,-999999,-999999,-999999,-999999,-999999,-999999,-999999,0,6,-999999,-999999,6,-999999,-999999,0.152,-999999,-999999,-999999,-999999,-999999,0.7;35.230,35.170,-999999,19.810,-999999,-999999,-999999,-999999,-999999,-999999,-999999,0,6,-999999,-999999,6,-999999,-999999,0.146,-999999,-999999,-999999,-999999,-999999,0.7;35.250,35.189,-999999,20.191,-999999,-999999,-999999,-999999,-999999,-999999,-999999,0,6,-999999,-999999,6,-999999,-999999,0.140,-999999,-999999,-999999,-999999,-999999,0.6;35.270,35.209,-999999,20.948,-999999,-999999,-999999,-999999,-999999,-999999,-999999,0,6,-999999,-999999,6,-999999,-999999,0.132,-999999,-999999,-999999,-999999,-999999,0.6;35.290,35.229,-999999,22.032,-999999,-999999,-999999,-999999,-999999,-999999,-999999,0,6,-999999,-999999,6,-999999,-999999,0.137,-999999,-999999,-999999,-999999,-999999,0.6;35.310,35.249,-999999,23.248,-999999,-999999,-999999,-999999,-999999,-999999,-999999,0,6,-999999,-999999,6,-999999,-999999,0.134,-999999,-999999,-999999,-999999,-999999,0.5;35.330,35.269,-999999,24.220,-999999,-999999,-999999,-999999,-999999,-999999,-999999,0,6,-999999,-999999,6,-999999,-999999,0.140,-999999,-999999,-999999,-999999,-999999,0.6;35.350,35.289,-999999,24.518,-999999,-999999,-999999,-999999,-999999,-999999,-999999,0,6,-999999,-999999,6,-999999,-999999,0.145,-999999,-999999,-999999,-999999,-999999,0.6;35.370,35.309,-999999,24.085,-999999,-999999,-999999,-999999,-999999,-999999,-999999,0,6,-999999,-999999,6,-999999,-999999,0.154,-999999,-999999,-999999,-999999,-999999,0.6;35.390,35.329,-999999,23.226,-999999,-999999,-999999,-999999,-999999,-999999,-999999,0,6,-999999,-999999,6,-999999,-999999,0.150,-999999,-999999,-999999,-999999,-999999,0.6;35.410,35.348,-999999,22.299,-999999,-999999,-999999,-999999,-999999,-999999,-999999,0,6,-999999,-999999,6,-999999,-999999,0.141,-999999,-999999,-999999,-999999,-999999,0.6;35.430,35.368,-999999,21.692,-999999,-999999,-999999,-999999,-999999,-999999,-999999,0,6,-999999,-999999,6,-999999,-999999,0.137,-999999,-999999,-999999,-999999,-999999,0.6;35.450,35.388,-999999,21.433,-999999,-999999,-999999,-999999,-999999,-999999,-999999,0,6,-999999,-999999,6,-999999,-999999,0.162,-999999,-999999,-999999,-999999,-999999,0.7;35.470,35.408,-999999,21.413,-999999,-999999,-999999,-999999,-999999,-999999,-999999,0,6,-999999,-999999,6,-999999,-999999,0.163,-999999,-999999,-999999,-999999,-999999,0.7;35.490,35.428,-999999,21.763,-999999,-999999,-999999,-999999,-999999,-999999,-999999,0,6,-999999,-999999,6,-999999,-999999,0.164,-999999,-999999,-999999,-999999,-999999,0.7;35.510,35.448,-999999,22.398,-999999,-999999,-999999,-999999,-999999,-999999,-999999,0,6,-999999,-999999,6,-999999,-999999,0.163,-999999,-999999,-999999,-999999,-999999,0.7;35.530,35.468,-999999,22.818,-999999,-999999,-999999,-999999,-999999,-999999,-999999,0,6,-999999,-999999,6,-999999,-999999,0.162,-999999,-999999,-999999,-999999,-999999,0.6;35.550,35.487,-999999,24.611,-999999,-999999,-999999,-999999,-999999,-999999,-999999,0,6,-999999,-999999,6,-999999,-999999,0.162,-999999,-999999,-999999,-999999,-999999,0.6;35.570,35.507,-999999,25.346,-999999,-999999,-999999,-999999,-999999,-999999,-999999,0,6,-999999,-999999,6,-999999,-999999,0.166,-999999,-999999,-999999,-999999,-999999,0.6;35.590,35.527,-999999,27.219,-999999,-999999,-999999,-999999,-999999,-999999,-999999,0,6,-999999,-999999,6,-999999,-999999,0.169,-999999,-999999,-999999,-999999,-999999,0.6;35.610,35.547,-999999,29.131,-999999,-999999,-999999,-999999,-999999,-999999,-999999,0,6,-999999,-999999,6,-999999,-999999,0.172,-999999,-999999,-999999,-999999,-999999,0.5;35.630,35.567,-999999,31.229,-999999,-999999,-999999,-999999,-999999,-999999,-999999,0,6,-999999,-999999,6,-999999,-999999,0.177,-999999,-999999,-999999,-999999,-999999,0.5;35.650,35.587,-999999,32.922,-999999,-999999,-999999,-999999,-999999,-999999,-999999,0,6,-999999,-999999,6,-999999,-999999,0.189,-999999,-999999,-999999,-999999,-999999,0.5;35.670,35.607,-999999,34.433,-999999,-999999,-999999,-999999,-999999,-999999,-999999,0,6,-999999,-999999,6,-999999,-999999,0.202,-999999,-999999,-999999,-999999,-999999,0.6;35.690,35.627,-999999,35.395,-999999,-999999,-999999,-999999,-999999,-999999,-999999,0,6,-999999,-999999,6,-999999,-999999,0.208,-999999,-999999,-999999,-999999,-999999,0.6;35.710,35.646,-999999,35.184,-999999,-999999,-999999,-999999,-999999,-999999,-999999,0,6,-999999,-999999,6,-999999,-999999,0.225,-999999,-999999,-999999,-999999,-999999,0.6;35.730,35.666,-999999,34.183,-999999,-999999,-999999,-999999,-999999,-999999,-999999,0,6,-999999,-999999,6,-999999,-999999,0.236,-999999,-999999,-999999,-999999,-999999,0.7;35.750,35.686,-999999,32.865,-999999,-999999,-999999,-999999,-999999,-999999,-999999,0,6,-999999,-999999,6,-999999,-999999,0.241,-999999,-999999,-999999,-999999,-999999,0.7;35.770,35.706,-999999,31.485,-999999,-999999,-999999,-999999,-999999,-999999,-999999,0,6,-999999,-999999,6,-999999,-999999,0.232,-999999,-999999,-999999,-999999,-999999,0.7;35.790,35.726,-999999,29.904,-999999,-999999,-999999,-999999,-999999,-999999,-999999,0,6,-999999,-999999,6,-999999,-999999,0.231,-999999,-999999,-999999,-999999,-999999,0.7;35.810,35.746,-999999,28.804,-999999,-999999,-999999,-999999,-999999,-999999,-999999,0,6,-999999,-999999,6,-999999,-999999,0.223,-999999,-999999,-999999,-999999,-999999,0.7;35.830,35.766,-999999,28.448,-999999,-999999,-999999,-999999,-999999,-999999,-999999,0,6,-999999,-999999,6,-999999,-999999,0.220,-999999,-999999,-999999,-999999,-999999,0.7;35.850,35.786,-999999,27.627,-999999,-999999,-999999,-999999,-999999,-999999,-999999,0,6,-999999,-999999,6,-999999,-999999,0.215,-999999,-999999,-999999,-999999,-999999,0.7;35.870,35.805,-999999,26.356,-999999,-999999,-999999,-999999,-999999,-999999,-999999,0,6,-999999,-999999,6,-999999,-999999,0.209,-999999,-999999,-999999,-999999,-999999,0.7;35.890,35.825,-999999,25.157,-999999,-999999,-999999,-999999,-999999,-999999,-999999,0,6,-999999,-999999,6,-999999,-999999,0.193,-999999,-999999,-999999,-999999,-999999,0.7;35.910,35.845,-999999,23.915,-999999,-999999,-999999,-999999,-999999,-999999,-999999,0,6,-999999,-999999,6,-999999,-999999,0.180,-999999,-999999,-999999,-999999,-999999,0.7;35.930,35.865,-999999,23.749,-999999,-999999,-999999,-999999,-999999,-999999,-999999,0,6,-999999,-999999,6,-999999,-999999,0.166,-999999,-999999,-999999,-999999,-999999,0.6;35.950,35.885,-999999,24.188,-999999,-999999,-999999,-999999,-999999,-999999,-999999,0,6,-999999,-999999,6,-999999,-999999,0.156,-999999,-999999,-999999,-999999,-999999,0.6;35.970,35.905,-999999,24.425,-999999,-999999,-999999,-999999,-999999,-999999,-999999,0,6,-999999,-999999,6,-999999,-999999,0.159,-999999,-999999,-999999,-999999,-999999,0.6;35.990,35.925,-999999,23.944,-999999,-999999,-999999,-999999,-999999,-999999,-999999,0,6,-999999,-999999,6,-999999,-999999,0.167,-999999,-999999,-999999,-999999,-999999,0.7;36.010,35.944,-999999,23.344,-999999,-999999,-999999,-999999,-999999,-999999,-999999,0,6,-999999,-999999,6,-999999,-999999,0.162,-999999,-999999,-999999,-999999,-999999,0.6;36.030,35.964,-999999,23.024,-999999,-999999,-999999,-999999,-999999,-999999,-999999,0,6,-999999,-999999,6,-999999,-999999,0.148,-999999,-999999,-999999,-999999,-999999,0.6;36.050,35.984,-999999,23.149,-999999,-999999,-999999,-999999,-999999,-999999,-999999,0,6,-999999,-999999,6,-999999,-999999,0.139,-999999,-999999,-999999,-999999,-999999,0.5;36.070,36.004,-999999,23.662,-999999,-999999,-999999,-999999,-999999,-999999,-999999,0,6,-999999,-999999,6,-999999,-999999,0.146,-999999,-999999,-999999,-999999,-999999,0.6;36.090,36.024,-999999,24.627,-999999,-999999,-999999,-999999,-999999,-999999,-999999,0,6,-999999,-999999,6,-999999,-999999,0.140,-999999,-999999,-999999,-999999,-999999,0.5;36.110,36.044,-999999,25.404,-999999,-999999,-999999,-999999,-999999,-999999,-999999,0,6,-999999,-999999,6,-999999,-999999,0.139,-999999,-999999,-999999,-999999,-999999,0.5;36.130,36.064,-999999,25.064,-999999,-999999,-999999,-999999,-999999,-999999,-999999,0,6,-999999,-999999,6,-999999,-999999,0.139,-999999,-999999,-999999,-999999,-999999,0.5;36.150,36.084,-999999,23.935,-999999,-999999,-999999,-999999,-999999,-999999,-999999,0,6,-999999,-999999,6,-999999,-999999,0.142,-999999,-999999,-999999,-999999,-999999,0.6;36.170,36.103,-999999,22.754,-999999,-999999,-999999,-999999,-999999,-999999,-999999,0,6,-999999,-999999,6,-999999,-999999,0.177,-999999,-999999,-999999,-999999,-999999,0.7;36.190,36.123,-999999,21.782,-999999,-999999,-999999,-999999,-999999,-999999,-999999,0,6,-999999,-999999,6,-999999,-999999,0.172,-999999,-999999,-999999,-999999,-999999,0.7;36.210,36.143,-999999,20.817,-999999,-999999,-999999,-999999,-999999,-999999,-999999,0,6,-999999,-999999,6,-999999,-999999,0.168,-999999,-999999,-999999,-999999,-999999,0.8;36.230,36.163,-999999,19.838,-999999,-999999,-999999,-999999,-999999,-999999,-999999,0,6,-999999,-999999,6,-999999,-999999,0.137,-999999,-999999,-999999,-999999,-999999,0.6;36.250,36.183,-999999,18.895,-999999,-999999,-999999,-999999,-999999,-999999,-999999,0,6,-999999,-999999,6,-999999,-999999,0.133,-999999,-999999,-999999,-999999,-999999,0.6;36.270,36.203,-999999,18.459,-999999,-999999,-999999,-999999,-999999,-999999,-999999,0,6,-999999,-999999,6,-999999,-999999,0.131,-999999,-999999,-999999,-999999,-999999,0.7;36.290,36.223,-999999,17.138,-999999,-999999,-999999,-999999,-999999,-999999,-999999,0,6,-999999,-999999,6,-999999,-999999,0.129,-999999,-999999,-999999,-999999,-999999,0.7;36.310,36.242,-999999,16.695,-999999,-999999,-999999,-999999,-999999,-999999,-999999,0,6,-999999,-999999,6,-999999,-999999,0.121,-999999,-999999,-999999,-999999,-999999,0.7;36.330,36.262,-999999,15.816,-999999,-999999,-999999,-999999,-999999,-999999,-999999,0,6,-999999,-999999,6,-999999,-999999,0.111,-999999,-999999,-999999,-999999,-999999,0.7;36.350,36.282,-999999,15.008,-999999,-999999,-999999,-999999,-999999,-999999,-999999,0,6,-999999,-999999,6,-999999,-999999,0.107,-999999,-999999,-999999,-999999,-999999,0.7;36.370,36.302,-999999,14.514,-999999,-999999,-999999,-999999,-999999,-999999,-999999,0,6,-999999,-999999,6,-999999,-999999,0.094,-999999,-999999,-999999,-999999,-999999,0.6;36.390,36.322,-999999,14.058,-999999,-999999,-999999,-999999,-999999,-999999,-999999,0,6,-999999,-999999,6,-999999,-999999,0.090,-999999,-999999,-999999,-999999,-999999,0.6;36.410,36.342,-999999,13.542,-999999,-999999,-999999,-999999,-999999,-999999,-999999,0,6,-999999,-999999,6,-999999,-999999,0.090,-999999,-999999,-999999,-999999,-999999,0.6;36.430,36.362,-999999,12.856,-999999,-999999,-999999,-999999,-999999,-999999,-999999,0,6,-999999,-999999,6,-999999,-999999,0.095,-999999,-999999,-999999,-999999,-999999,0.7;36.450,36.381,-999999,12.057,-999999,-999999,-999999,-999999,-999999,-999999,-999999,0,6,-999999,-999999,6,-999999,-999999,0.098,-999999,-999999,-999999,-999999,-999999,0.8;36.470,36.401,-999999,10.549,-999999,-999999,-999999,-999999,-999999,-999999,-999999,0,6,-999999,-999999,6,-999999,-999999,0.110,-999999,-999999,-999999,-999999,-999999,1.0;36.490,36.421,-999999,8.942,-999999,-999999,-999999,-999999,-999999,-999999,-999999,0,6,-999999,-999999,6,-999999,-999999,0.117,-999999,-999999,-999999,-999999,-999999,1.3;36.510,36.441,-999999,7.303,-999999,-999999,-999999,-999999,-999999,-999999,-999999,0,6,-999999,-999999,6,-999999,-999999,0.113,-999999,-999999,-999999,-999999,-999999,1.4;36.530,36.461,-999999,6.007,-999999,-999999,-999999,-999999,-999999,-999999,-999999,0,6,-999999,-999999,6,-999999,-999999,0.124,-999999,-999999,-999999,-999999,-999999,1.8;36.550,36.481,-999999,5.347,-999999,-999999,-999999,-999999,-999999,-999999,-999999,0,6,-999999,-999999,6,-999999,-999999,0.110,-999999,-999999,-999999,-999999,-999999,1.8;36.570,36.501,-999999,5.007,-999999,-999999,-999999,-999999,-999999,-999999,-999999,0,6,-999999,-999999,6,-999999,-999999,0.100,-999999,-999999,-999999,-999999,-999999,1.9;36.590,36.520,-999999,4.580,-999999,-999999,-999999,-999999,-999999,-999999,-999999,0,6,-999999,-999999,6,-999999,-999999,0.094,-999999,-999999,-999999,-999999,-999999,2.1;36.610,36.540,-999999,3.634,-999999,-999999,-999999,-999999,-999999,-999999,-999999,0,6,-999999,-999999,6,-999999,-999999,0.080,-999999,-999999,-999999,-999999,-999999,1.9;36.630,36.560,-999999,3.287,-999999,-999999,-999999,-999999,-999999,-999999,-999999,0,6,-999999,-999999,6,-999999,-999999,0.064,-999999,-999999,-999999,-999999,-999999,1.6;36.650,36.580,-999999,3.390,-999999,-999999,-999999,-999999,-999999,-999999,-999999,0,6,-999999,-999999,6,-999999,-999999,0.061,-999999,-999999,-999999,-999999,-999999,1.5;36.670,36.600,-999999,3.637,-999999,-999999,-999999,-999999,-999999,-999999,-999999,0,6,-999999,-999999,6,-999999,-999999,0.069,-999999,-999999,-999999,-999999,-999999,1.8;36.690,36.620,-999999,4.169,-999999,-999999,-999999,-999999,-999999,-999999,-999999,0,6,-999999,-999999,6,-999999,-999999,0.074,-999999,-999999,-999999,-999999,-999999,1.9;36.710,36.640,-999999,4.413,-999999,-999999,-999999,-999999,-999999,-999999,-999999,0,6,-999999,-999999,6,-999999,-999999,0.075,-999999,-999999,-999999,-999999,-999999,1.9;36.730,36.659,-999999,4.246,-999999,-999999,-999999,-999999,-999999,-999999,-999999,0,6,-999999,-999999,6,-999999,-999999,0.076,-999999,-999999,-999999,-999999,-999999,1.9;36.750,36.679,-999999,3.489,-999999,-999999,-999999,-999999,-999999,-999999,-999999,0,6,-999999,-999999,6,-999999,-999999,0.077,-999999,-999999,-999999,-999999,-999999,1.9;36.770,36.699,-999999,3.271,-999999,-999999,-999999,-999999,-999999,-999999,-999999,0,6,-999999,-999999,6,-999999,-999999,0.078,-999999,-999999,-999999,-999999,-999999,1.9;36.790,36.719,-999999,3.486,-999999,-999999,-999999,-999999,-999999,-999999,-999999,0,6,-999999,-999999,6,-999999,-999999,0.076,-999999,-999999,-999999,-999999,-999999,1.8;36.810,36.739,-999999,4.124,-999999,-999999,-999999,-999999,-999999,-999999,-999999,0,7,-999999,-999999,7,-999999,-999999,0.091,-999999,-999999,-999999,-999999,-999999,2.1;36.830,36.759,-999999,4.853,-999999,-999999,-999999,-999999,-999999,-999999,-999999,0,6,-999999,-999999,6,-999999,-999999,0.088,-999999,-999999,-999999,-999999,-999999,1.9;36.850,36.779,-999999,5.321,-999999,-999999,-999999,-999999,-999999,-999999,-999999,0,6,-999999,-999999,6,-999999,-999999,0.087,-999999,-999999,-999999,-999999,-999999,1.7;36.870,36.798,-999999,5.857,-999999,-999999,-999999,-999999,-999999,-999999,-999999,0,7,-999999,-999999,7,-999999,-999999,0.078,-999999,-999999,-999999,-999999,-999999,1.5;36.890,36.818,-999999,5.658,-999999,-999999,-999999,-999999,-999999,-999999,-999999,0,7,-999999,-999999,7,-999999,-999999,0.081,-999999,-999999,-999999,-999999,-999999,1.5;36.910,36.838,-999999,5.353,-999999,-999999,-999999,-999999,-999999,-999999,-999999,0,6,-999999,-999999,6,-999999,-999999,0.080,-999999,-999999,-999999,-999999,-999999,1.6;36.930,36.858,-999999,4.910,-999999,-999999,-999999,-999999,-999999,-999999,-999999,0,7,-999999,-999999,7,-999999,-999999,0.077,-999999,-999999,-999999,-999999,-999999,1.6;36.950,36.878,-999999,4.096,-999999,-999999,-999999,-999999,-999999,-999999,-999999,0,7,-999999,-999999,7,-999999,-999999,0.077,-999999,-999999,-999999,-999999,-999999,1.8;36.970,36.898,-999999,3.278,-999999,-999999,-999999,-999999,-999999,-999999,-999999,0,7,-999999,-999999,7,-999999,-999999,0.086,-999999,-999999,-999999,-999999,-999999,2.3;36.990,36.917,-999999,2.742,-999999,-999999,-999999,-999999,-999999,-999999,-999999,0,6,-999999,-999999,6,-999999,-999999,0.086,-999999,-999999,-999999,-999999,-999999,2.6;37.010,36.937,-999999,2.704,-999999,-999999,-999999,-999999,-999999,-999999,-999999,0,7,-999999,-999999,7,-999999,-999999,0.089,-999999,-999999,-999999,-999999,-999999,3.0;37.030,36.957,-999999,2.774,-999999,-999999,-999999,-999999,-999999,-999999,-999999,0,7,-999999,-999999,7,-999999,-999999,0.091,-999999,-999999,-999999,-999999,-999999,3.3;37.050,36.977,-999999,2.659,-999999,-999999,-999999,-999999,-999999,-999999,-999999,0,7,-999999,-999999,7,-999999,-999999,0.096,-999999,-999999,-999999,-999999,-999999,3.6;37.070,36.997,-999999,2.678,-999999,-999999,-999999,-999999,-999999,-999999,-999999,0,7,-999999,-999999,7,-999999,-999999,0.089,-999999,-999999,-999999,-999999,-999999,3.3;37.090,37.017,-999999,2.569,-999999,-999999,-999999,-999999,-999999,-999999,-999999,0,7,-999999,-999999,7,-999999,-999999,0.078,-999999,-999999,-999999,-999999,-999999,2.9;37.110,37.037,-999999,2.578,-999999,-999999,-999999,-999999,-999999,-999999,-999999,0,7,-999999,-999999,7,-999999,-999999,0.079,-999999,-999999,-999999,-999999,-999999,2.9;37.130,37.056,-999999,2.681,-999999,-999999,-999999,-999999,-999999,-999999,-999999,0,7,-999999,-999999,7,-999999,-999999,0.074,-999999,-999999,-999999,-999999,-999999,2.7;37.150,37.076,-999999,2.841,-999999,-999999,-999999,-999999,-999999,-999999,-999999,0,7,-999999,-999999,7,-999999,-999999,0.083,-999999,-999999,-999999,-999999,-999999,3.0;37.170,37.096,-999999,2.931,-999999,-999999,-999999,-999999,-999999,-999999,-999999,0,7,-999999,-999999,7,-999999,-999999,0.084,-999999,-999999,-999999,-999999,-999999,3.0;37.190,37.116,-999999,2.909,-999999,-999999,-999999,-999999,-999999,-999999,-999999,0,7,-999999,-999999,7,-999999,-999999,0.083,-999999,-999999,-999999,-999999,-999999,2.9;37.210,37.136,-999999,2.851,-999999,-999999,-999999,-999999,-999999,-999999,-999999,0,7,-999999,-999999,7,-999999,-999999,0.082,-999999,-999999,-999999,-999999,-999999,2.8;37.230,37.156,-999999,2.835,-999999,-999999,-999999,-999999,-999999,-999999,-999999,0,7,-999999,-999999,7,-999999,-999999,0.083,-999999,-999999,-999999,-999999,-999999,2.9;37.250,37.175,-999999,2.835,-999999,-999999,-999999,-999999,-999999,-999999,-999999,0,7,-999999,-999999,7,-999999,-999999,0.090,-999999,-999999,-999999,-999999,-999999,3.1;37.270,37.195,-999999,2.835,-999999,-999999,-999999,-999999,-999999,-999999,-999999,0,7,-999999,-999999,7,-999999,-999999,0.086,-999999,-999999,-999999,-999999,-999999,3.0;37.290,37.215,-999999,2.854,-999999,-999999,-999999,-999999,-999999,-999999,-999999,0,7,-999999,-999999,7,-999999,-999999,0.095,-999999,-999999,-999999,-999999,-999999,3.3;37.310,37.235,-999999,2.832,-999999,-999999,-999999,-999999,-999999,-999999,-999999,0,7,-999999,-999999,7,-999999,-999999,0.086,-999999,-999999,-999999,-999999,-999999,3.0;37.330,37.255,-999999,2.835,-999999,-999999,-999999,-999999,-999999,-999999,-999999,0,7,-999999,-999999,7,-999999,-999999,0.084,-999999,-999999,-999999,-999999,-999999,3.0;37.350,37.275,-999999,2.780,-999999,-999999,-999999,-999999,-999999,-999999,-999999,0,7,-999999,-999999,7,-999999,-999999,0.088,-999999,-999999,-999999,-999999,-999999,3.1;37.370,37.295,-999999,2.771,-999999,-999999,-999999,-999999,-999999,-999999,-999999,0,7,-999999,-999999,7,-999999,-999999,0.090,-999999,-999999,-999999,-999999,-999999,3.2;37.390,37.314,-999999,2.790,-999999,-999999,-999999,-999999,-999999,-999999,-999999,0,7,-999999,-999999,7,-999999,-999999,0.086,-999999,-999999,-999999,-999999,-999999,3.0;37.410,37.334,-999999,2.825,-999999,-999999,-999999,-999999,-999999,-999999,-999999,0,7,-999999,-999999,7,-999999,-999999,0.085,-999999,-999999,-999999,-999999,-999999,2.9;37.430,37.354,-999999,2.941,-999999,-999999,-999999,-999999,-999999,-999999,-999999,0,7,-999999,-999999,7,-999999,-999999,0.087,-999999,-999999,-999999,-999999,-999999,3.0;37.450,37.374,-999999,2.963,-999999,-999999,-999999,-999999,-999999,-999999,-999999,0,7,-999999,-999999,7,-999999,-999999,0.090,-999999,-999999,-999999,-999999,-999999,3.1;37.470,37.394,-999999,3.024,-999999,-999999,-999999,-999999,-999999,-999999,-999999,0,7,-999999,-999999,7,-999999,-999999,0.095,-999999,-999999,-999999,-999999,-999999,3.2;37.490,37.414,-999999,3.034,-999999,-999999,-999999,-999999,-999999,-999999,-999999,0,7,-999999,-999999,7,-999999,-999999,0.094,-999999,-999999,-999999,-999999,-999999,3.2;37.510,37.433,-999999,2.890,-999999,-999999,-999999,-999999,-999999,-999999,-999999,0,7,-999999,-999999,7,-999999,-999999,0.095,-999999,-999999,-999999,-999999,-999999,3.2;37.530,37.453,-999999,2.848,-999999,-999999,-999999,-999999,-999999,-999999,-999999,0,7,-999999,-999999,7,-999999,-999999,0.096,-999999,-999999,-999999,-999999,-999999,3.3;37.550,37.473,-999999,2.841,-999999,-999999,-999999,-999999,-999999,-999999,-999999,0,7,-999999,-999999,7,-999999,-999999,0.095,-999999,-999999,-999999,-999999,-999999,3.3;37.570,37.493,-999999,2.813,-999999,-999999,-999999,-999999,-999999,-999999,-999999,0,7,-999999,-999999,7,-999999,-999999,0.096,-999999,-999999,-999999,-999999,-999999,3.4;37.590,37.513,-999999,2.809,-999999,-999999,-999999,-999999,-999999,-999999,-999999,0,7,-999999,-999999,7,-999999,-999999,0.091,-999999,-999999,-999999,-999999,-999999,3.2;37.610,37.533,-999999,2.742,-999999,-999999,-999999,-999999,-999999,-999999,-999999,0,7,-999999,-999999,7,-999999,-999999,0.086,-999999,-999999,-999999,-999999,-999999,3.0;37.630,37.552,-999999,2.771,-999999,-999999,-999999,-999999,-999999,-999999,-999999,0,7,-999999,-999999,7,-999999,-999999,0.087,-999999,-999999,-999999,-999999,-999999,3.1;37.650,37.572,-999999,2.784,-999999,-999999,-999999,-999999,-999999,-999999,-999999,0,7,-999999,-999999,7,-999999,-999999,0.081,-999999,-999999,-999999,-999999,-999999,2.8;37.670,37.592,-999999,2.861,-999999,-999999,-999999,-999999,-999999,-999999,-999999,0,7,-999999,-999999,7,-999999,-999999,0.086,-999999,-999999,-999999,-999999,-999999,2.9;37.690,37.612,-999999,2.970,-999999,-999999,-999999,-999999,-999999,-999999,-999999,0,7,-999999,-999999,7,-999999,-999999,0.080,-999999,-999999,-999999,-999999,-999999,2.7;37.710,37.632,-999999,3.111,-999999,-999999,-999999,-999999,-999999,-999999,-999999,0,7,-999999,-999999,7,-999999,-999999,0.084,-999999,-999999,-999999,-999999,-999999,2.7;37.730,37.652,-999999,3.207,-999999,-999999,-999999,-999999,-999999,-999999,-999999,0,7,-999999,-999999,7,-999999,-999999,0.101,-999999,-999999,-999999,-999999,-999999,3.2;37.750,37.672,-999999,3.104,-999999,-999999,-999999,-999999,-999999,-999999,-999999,0,7,-999999,-999999,7,-999999,-999999,0.105,-999999,-999999,-999999,-999999,-999999,3.3;37.770,37.691,-999999,3.204,-999999,-999999,-999999,-999999,-999999,-999999,-999999,0,7,-999999,-999999,7,-999999,-999999,0.098,-999999,-999999,-999999,-999999,-999999,3.1;37.790,37.711,-999999,3.255,-999999,-999999,-999999,-999999,-999999,-999999,-999999,0,7,-999999,-999999,7,-999999,-999999,0.114,-999999,-999999,-999999,-999999,-999999,3.6;37.810,37.731,-999999,3.143,-999999,-999999,-999999,-999999,-999999,-999999,-999999,0,7,-999999,-999999,7,-999999,-999999,0.118,-999999,-999999,-999999,-999999,-999999,3.7;37.830,37.751,-999999,3.169,-999999,-999999,-999999,-999999,-999999,-999999,-999999,0,7,-999999,-999999,7,-999999,-999999,0.119,-999999,-999999,-999999,-999999,-999999,3.7;37.850,37.771,-999999,3.156,-999999,-999999,-999999,-999999,-999999,-999999,-999999,0,7,-999999,-999999,7,-999999,-999999,0.123,-999999,-999999,-999999,-999999,-999999,3.9;37.870,37.791,-999999,3.156,-999999,-999999,-999999,-999999,-999999,-999999,-999999,0,7,-999999,-999999,7,-999999,-999999,0.125,-999999,-999999,-999999,-999999,-999999,4.0;37.890,37.810,-999999,3.079,-999999,-999999,-999999,-999999,-999999,-999999,-999999,0,7,-999999,-999999,7,-999999,-999999,0.113,-999999,-999999,-999999,-999999,-999999,3.6;37.910,37.830,-999999,3.021,-999999,-999999,-999999,-999999,-999999,-999999,-999999,0,7,-999999,-999999,7,-999999,-999999,0.114,-999999,-999999,-999999,-999999,-999999,3.7;37.930,37.850,-999999,3.008,-999999,-999999,-999999,-999999,-999999,-999999,-999999,0,7,-999999,-999999,7,-999999,-999999,0.112,-999999,-999999,-999999,-999999,-999999,3.6;37.950,37.870,-999999,3.066,-999999,-999999,-999999,-999999,-999999,-999999,-999999,0,7,-999999,-999999,7,-999999,-999999,0.116,-999999,-999999,-999999,-999999,-999999,3.7;37.970,37.890,-999999,3.143,-999999,-999999,-999999,-999999,-999999,-999999,-999999,0,7,-999999,-999999,7,-999999,-999999,0.109,-999999,-999999,-999999,-999999,-999999,3.4;37.990,37.910,-999999,3.194,-999999,-999999,-999999,-999999,-999999,-999999,-999999,0,7,-999999,-999999,7,-999999,-999999,0.109,-999999,-999999,-999999,-999999,-999999,3.4;38.010,37.929,-999999,3.326,-999999,-999999,-999999,-999999,-999999,-999999,-999999,0,7,-999999,-999999,7,-999999,-999999,0.114,-999999,-999999,-999999,-999999,-999999,3.5;38.030,37.949,-999999,3.297,-999999,-999999,-999999,-999999,-999999,-999999,-999999,0,7,-999999,-999999,7,-999999,-999999,0.126,-999999,-999999,-999999,-999999,-999999,3.8;38.050,37.969,-999999,3.438,-999999,-999999,-999999,-999999,-999999,-999999,-999999,0,7,-999999,-999999,7,-999999,-999999,0.131,-999999,-999999,-999999,-999999,-999999,3.9;38.070,37.989,-999999,3.390,-999999,-999999,-999999,-999999,-999999,-999999,-999999,0,7,-999999,-999999,7,-999999,-999999,0.133,-999999,-999999,-999999,-999999,-999999,4.0;38.090,38.009,-999999,3.355,-999999,-999999,-999999,-999999,-999999,-999999,-999999,0,7,-999999,-999999,7,-999999,-999999,0.128,-999999,-999999,-999999,-999999,-999999,3.9;38.110,38.028,-999999,3.233,-999999,-999999,-999999,-999999,-999999,-999999,-999999,0,7,-999999,-999999,7,-999999,-999999,0.131,-999999,-999999,-999999,-999999,-999999,4.0;38.130,38.048,-999999,3.063,-999999,-999999,-999999,-999999,-999999,-999999,-999999,0,7,-999999,-999999,7,-999999,-999999,0.139,-999999,-999999,-999999,-999999,-999999,4.4;38.150,38.068,-999999,2.986,-999999,-999999,-999999,-999999,-999999,-999999,-999999,0,7,-999999,-999999,7,-999999,-999999,0.127,-999999,-999999,-999999,-999999,-999999,4.2;38.170,38.088,-999999,2.995,-999999,-999999,-999999,-999999,-999999,-999999,-999999,0,7,-999999,-999999,7,-999999,-999999,0.124,-999999,-999999,-999999,-999999,-999999,4.2;38.190,38.108,-999999,2.829,-999999,-999999,-999999,-999999,-999999,-999999,-999999,0,7,-999999,-999999,7,-999999,-999999,0.112,-999999,-999999,-999999,-999999,-999999,3.9;38.210,38.128,-999999,2.736,-999999,-999999,-999999,-999999,-999999,-999999,-999999,0,7,-999999,-999999,7,-999999,-999999,0.102,-999999,-999999,-999999,-999999,-999999,3.6;38.230,38.147,-999999,2.780,-999999,-999999,-999999,-999999,-999999,-999999,-999999,0,7,-999999,-999999,7,-999999,-999999,0.096,-999999,-999999,-999999,-999999,-999999,3.4;38.250,38.167,-999999,2.707,-999999,-999999,-999999,-999999,-999999,-999999,-999999,0,7,-999999,-999999,7,-999999,-999999,0.096,-999999,-999999,-999999,-999999,-999999,3.4;38.270,38.187,-999999,2.752,-999999,-999999,-999999,-999999,-999999,-999999,-999999,0,7,-999999,-999999,7,-999999,-999999,0.092,-999999,-999999,-999999,-999999,-999999,3.3;38.290,38.207,-999999,2.790,-999999,-999999,-999999,-999999,-999999,-999999,-999999,0,7,-999999,-999999,7,-999999,-999999,0.086,-999999,-999999,-999999,-999999,-999999,3.1;38.310,38.227,-999999,2.813,-999999,-999999,-999999,-999999,-999999,-999999,-999999,0,7,-999999,-999999,7,-999999,-999999,0.083,-999999,-999999,-999999,-999999,-999999,2.9;38.330,38.247,-999999,2.832,-999999,-999999,-999999,-999999,-999999,-999999,-999999,0,7,-999999,-999999,7,-999999,-999999,0.082,-999999,-999999,-999999,-999999,-999999,2.8;38.350,38.266,-999999,2.870,-999999,-999999,-999999,-999999,-999999,-999999,-999999,0,7,-999999,-999999,7,-999999,-999999,0.092,-999999,-999999,-999999,-999999,-999999,3.2;38.370,38.286,-999999,2.944,-999999,-999999,-999999,-999999,-999999,-999999,-999999,0,7,-999999,-999999,7,-999999,-999999,0.090,-999999,-999999,-999999,-999999,-999999,3.1;38.390,38.306,-999999,3.044,-999999,-999999,-999999,-999999,-999999,-999999,-999999,0,7,-999999,-999999,7,-999999,-999999,0.090,-999999,-999999,-999999,-999999,-999999,3.1;38.410,38.326,-999999,2.832,-999999,-999999,-999999,-999999,-999999,-999999,-999999,0,7,-999999,-999999,7,-999999,-999999,0.089,-999999,-999999,-999999,-999999,-999999,3.1;38.430,38.346,-999999,2.707,-999999,-999999,-999999,-999999,-999999,-999999,-999999,0,7,-999999,-999999,7,-999999,-999999,0.087,-999999,-999999,-999999,-999999,-999999,3.0;38.450,38.365,-999999,2.761,-999999,-999999,-999999,-999999,-999999,-999999,-999999,0,7,-999999,-999999,7,-999999,-999999,0.088,-999999,-999999,-999999,-999999,-999999,3.1;38.470,38.385,-999999,2.816,-999999,-999999,-999999,-999999,-999999,-999999,-999999,0,7,-999999,-999999,7,-999999,-999999,0.090,-999999,-999999,-999999,-999999,-999999,3.2;38.490,38.405,-999999,2.851,-999999,-999999,-999999,-999999,-999999,-999999,-999999,0,7,-999999,-999999,7,-999999,-999999,0.092,-999999,-999999,-999999,-999999,-999999,3.2;38.510,38.425,-999999,2.902,-999999,-999999,-999999,-999999,-999999,-999999,-999999,0,7,-999999,-999999,7,-999999,-999999,0.083,-999999,-999999,-999999,-999999,-999999,2.9;38.530,38.445,-999999,2.851,-999999,-999999,-999999,-999999,-999999,-999999,-999999,0,7,-999999,-999999,7,-999999,-999999,0.080,-999999,-999999,-999999,-999999,-999999,2.7;38.550,38.465,-999999,2.886,-999999,-999999,-999999,-999999,-999999,-999999,-999999,0,7,-999999,-999999,7,-999999,-999999,0.082,-999999,-999999,-999999,-999999,-999999,2.8;38.570,38.484,-999999,2.947,-999999,-999999,-999999,-999999,-999999,-999999,-999999,0,7,-999999,-999999,7,-999999,-999999,0.088,-999999,-999999,-999999,-999999,-999999,2.9;38.590,38.504,-999999,2.957,-999999,-999999,-999999,-999999,-999999,-999999,-999999,0,7,-999999,-999999,7,-999999,-999999,0.099,-999999,-999999,-999999,-999999,-999999,3.2;38.610,38.524,-999999,3.085,-999999,-999999,-999999,-999999,-999999,-999999,-999999,0,7,-999999,-999999,7,-999999,-999999,0.095,-999999,-999999,-999999,-999999,-999999,2.9;38.630,38.544,-999999,3.153,-999999,-999999,-999999,-999999,-999999,-999999,-999999,0,7,-999999,-999999,7,-999999,-999999,0.093,-999999,-999999,-999999,-999999,-999999,2.7;38.650,38.564,-999999,3.473,-999999,-999999,-999999,-999999,-999999,-999999,-999999,0,7,-999999,-999999,7,-999999,-999999,0.092,-999999,-999999,-999999,-999999,-999999,2.5;38.670,38.584,-999999,3.910,-999999,-999999,-999999,-999999,-999999,-999999,-999999,0,7,-999999,-999999,7,-999999,-999999,0.098,-999999,-999999,-999999,-999999,-999999,2.5;38.690,38.603,-999999,4.416,-999999,-999999,-999999,-999999,-999999,-999999,-999999,0,7,-999999,-999999,7,-999999,-999999,0.112,-999999,-999999,-999999,-999999,-999999,2.8;38.710,38.623,-999999,4.551,-999999,-999999,-999999,-999999,-999999,-999999,-999999,0,7,-999999,-999999,7,-999999,-999999,0.128,-999999,-999999,-999999,-999999,-999999,3.2;38.730,38.643,-999999,4.108,-999999,-999999,-999999,-999999,-999999,-999999,-999999,0,7,-999999,-999999,7,-999999,-999999,0.124,-999999,-999999,-999999,-999999,-999999,3.0;38.750,38.663,-999999,3.663,-999999,-999999,-999999,-999999,-999999,-999999,-999999,0,7,-999999,-999999,7,-999999,-999999,0.111,-999999,-999999,-999999,-999999,-999999,2.4;38.770,38.683,-999999,3.887,-999999,-999999,-999999,-999999,-999999,-999999,-999999,0,7,-999999,-999999,7,-999999,-999999,0.093,-999999,-999999,-999999,-999999,-999999,1.7;38.790,38.702,-999999,4.112,-999999,-999999,-999999,-999999,-999999,-999999,-999999,0,7,-999999,-999999,7,-999999,-999999,0.102,-999999,-999999,-999999,-999999,-999999,1.6;38.810,38.722,-999999,7.172,-999999,-999999,-999999,-999999,-999999,-999999,-999999,0,7,-999999,-999999,7,-999999,-999999,0.109,-999999,-999999,-999999,-999999,-999999,1.5;38.830,38.742,-999999,10.158,-999999,-999999,-999999,-999999,-999999,-999999,-999999,0,7,-999999,-999999,7,-999999,-999999,0.113,-999999,-999999,-999999,-999999,-999999,1.3;38.850,38.762,-999999,10.950,-999999,-999999,-999999,-999999,-999999,-999999,-999999,0,7,-999999,-999999,7,-999999,-999999,0.115,-999999,-999999,-999999,-999999,-999999,1.3;38.870,38.782,-999999,10.485,-999999,-999999,-999999,-999999,-999999,-999999,-999999,0,7,-999999,-999999,7,-999999,-999999,0.105,-999999,-999999,-999999,-999999,-999999,1.1;38.890,38.802,-999999,9.840,-999999,-999999,-999999,-999999,-999999,-999999,-999999,0,7,-999999,-999999,7,-999999,-999999,0.122,-999999,-999999,-999999,-999999,-999999,1.2;38.910,38.821,-999999,9.391,-999999,-999999,-999999,-999999,-999999,-999999,-999999,0,7,-999999,-999999,7,-999999,-999999,0.145,-999999,-999999,-999999,-999999,-999999,1.4;38.930,38.841,-999999,9.125,-999999,-999999,-999999,-999999,-999999,-999999,-999999,0,7,-999999,-999999,7,-999999,-999999,0.176,-999999,-999999,-999999,-999999,-999999,1.7;38.950,38.861,-999999,9.282,-999999,-999999,-999999,-999999,-999999,-999999,-999999,0,7,-999999,-999999,7,-999999,-999999,0.207,-999999,-999999,-999999,-999999,-999999,2.0;38.970,38.881,-999999,9.597,-999999,-999999,-999999,-999999,-999999,-999999,-999999,0,7,-999999,-999999,7,-999999,-999999,0.206,-999999,-999999,-999999,-999999,-999999,1.9;38.990,38.901,-999999,11.056,-999999,-999999,-999999,-999999,-999999,-999999,-999999,0,7,-999999,-999999,7,-999999,-999999,0.205,-999999,-999999,-999999,-999999,-999999,1.7;39.010,38.920,-999999,13.256,-999999,-999999,-999999,-999999,-999999,-999999,-999999,0,7,-999999,-999999,7,-999999,-999999,0.202,-999999,-999999,-999999,-999999,-999999,1.6;39.030,38.940,-999999,14.171,-999999,-999999,-999999,-999999,-999999,-999999,-999999,0,7,-999999,-999999,7,-999999,-999999,0.182,-999999,-999999,-999999,-999999,-999999,1.3;39.050,38.960,-999999,15.104,-999999,-999999,-999999,-999999,-999999,-999999,-999999,0,7,-999999,-999999,7,-999999,-999999,0.166,-999999,-999999,-999999,-999999,-999999,1.1;39.070,38.980,-999999,14.982,-999999,-999999,-999999,-999999,-999999,-999999,-999999,0,7,-999999,-999999,7,-999999,-999999,0.171,-999999,-999999,-999999,-999999,-999999,1.1;39.090,39.000,-999999,14.591,-999999,-999999,-999999,-999999,-999999,-999999,-999999,0,7,-999999,-999999,7,-999999,-999999,0.175,-999999,-999999,-999999,-999999,-999999,1.2;39.110,39.019,-999999,14.475,-999999,-999999,-999999,-999999,-999999,-999999,-999999,0,7,-999999,-999999,7,-999999,-999999,0.161,-999999,-999999,-999999,-999999,-999999,1.1;39.130,39.039,-999999,14.421,-999999,-999999,-999999,-999999,-999999,-999999,-999999,0,7,-999999,-999999,7,-999999,-999999,0.145,-999999,-999999,-999999,-999999,-999999,1.0;39.150,39.059,-999999,14.132,-999999,-999999,-999999,-999999,-999999,-999999,-999999,0,7,-999999,-999999,7,-999999,-999999,0.144,-999999,-999999,-999999,-999999,-999999,1.0;39.170,39.079,-999999,13.754,-999999,-999999,-999999,-999999,-999999,-999999,-999999,0,8,-999999,-999999,8,-999999,-999999,0.150,-999999,-999999,-999999,-999999,-999999,1.1;39.190,39.099,-999999,13.096,-999999,-999999,-999999,-999999,-999999,-999999,-999999,0,8,-999999,-999999,8,-999999,-999999,0.158,-999999,-999999,-999999,-999999,-999999,1.1;39.210,39.118,-999999,12.455,-999999,-999999,-999999,-999999,-999999,-999999,-999999,0,7,-999999,-999999,7,-999999,-999999,0.178,-999999,-999999,-999999,-999999,-999999,1.3;39.230,39.138,-999999,12.272,-999999,-999999,-999999,-999999,-999999,-999999,-999999,0,7,-999999,-999999,7,-999999,-999999,0.185,-999999,-999999,-999999,-999999,-999999,1.4;39.250,39.158,-999999,12.310,-999999,-999999,-999999,-999999,-999999,-999999,-999999,0,8,-999999,-999999,8,-999999,-999999,0.201,-999999,-999999,-999999,-999999,-999999,1.6;39.270,39.178,-999999,12.185,-999999,-999999,-999999,-999999,-999999,-999999,-999999,0,7,-999999,-999999,7,-999999,-999999,0.189,-999999,-999999,-999999,-999999,-999999,1.5;39.290,39.198,-999999,11.816,-999999,-999999,-999999,-999999,-999999,-999999,-999999,0,8,-999999,-999999,8,-999999,-999999,0.160,-999999,-999999,-999999,-999999,-999999,1.3;39.310,39.217,-999999,11.528,-999999,-999999,-999999,-999999,-999999,-999999,-999999,0,7,-999999,-999999,7,-999999,-999999,0.144,-999999,-999999,-999999,-999999,-999999,1.2;39.330,39.237,-999999,11.268,-999999,-999999,-999999,-999999,-999999,-999999,-999999,0,8,-999999,-999999,8,-999999,-999999,0.148,-999999,-999999,-999999,-999999,-999999,1.2;39.350,39.257,-999999,11.111,-999999,-999999,-999999,-999999,-999999,-999999,-999999,0,7,-999999,-999999,7,-999999,-999999,0.163,-999999,-999999,-999999,-999999,-999999,1.3;39.370,39.277,-999999,11.358,-999999,-999999,-999999,-999999,-999999,-999999,-999999,0,8,-999999,-999999,8,-999999,-999999,0.179,-999999,-999999,-999999,-999999,-999999,1.4;39.390,39.297,-999999,12.038,-999999,-999999,-999999,-999999,-999999,-999999,-999999,0,8,-999999,-999999,8,-999999,-999999,0.155,-999999,-999999,-999999,-999999,-999999,1.2;39.410,39.317,-999999,13.074,-999999,-999999,-999999,-999999,-999999,-999999,-999999,0,8,-999999,-999999,8,-999999,-999999,0.165,-999999,-999999,-999999,-999999,-999999,1.2;39.430,39.336,-999999,14.450,-999999,-999999,-999999,-999999,-999999,-999999,-999999,0,8,-999999,-999999,8,-999999,-999999,0.185,-999999,-999999,-999999,-999999,-999999,1.3;39.450,39.356,-999999,14.456,-999999,-999999,-999999,-999999,-999999,-999999,-999999,0,8,-999999,-999999,8,-999999,-999999,0.168,-999999,-999999,-999999,-999999,-999999,1.1;39.470,39.376,-999999,15.781,-999999,-999999,-999999,-999999,-999999,-999999,-999999,0,8,-999999,-999999,8,-999999,-999999,0.171,-999999,-999999,-999999,-999999,-999999,1.1;39.490,39.396,-999999,15.701,-999999,-999999,-999999,-999999,-999999,-999999,-999999,0,8,-999999,-999999,8,-999999,-999999,0.207,-999999,-999999,-999999,-999999,-999999,1.3;39.510,39.416,-999999,14.905,-999999,-999999,-999999,-999999,-999999,-999999,-999999,0,8,-999999,-999999,8,-999999,-999999,0.194,-999999,-999999,-999999,-999999,-999999,1.3;39.530,39.435,-999999,14.315,-999999,-999999,-999999,-999999,-999999,-999999,-999999,0,8,-999999,-999999,8,-999999,-999999,0.198,-999999,-999999,-999999,-999999,-999999,1.3;39.550,39.455,-999999,14.155,-999999,-999999,-999999,-999999,-999999,-999999,-999999,0,8,-999999,-999999,8,-999999,-999999,0.195,-999999,-999999,-999999,-999999,-999999,1.3;39.570,39.475,-999999,13.879,-999999,-999999,-999999,-999999,-999999,-999999,-999999,0,8,-999999,-999999,8,-999999,-999999,0.196,-999999,-999999,-999999,-999999,-999999,1.3;39.590,39.495,-999999,14.161,-999999,-999999,-999999,-999999,-999999,-999999,-999999,0,8,-999999,-999999,8,-999999,-999999,0.201,-999999,-999999,-999999,-999999,-999999,1.4;39.610,39.515,-999999,13.741,-999999,-999999,-999999,-999999,-999999,-999999,-999999,0,8,-999999,-999999,8,-999999,-999999,0.193,-999999,-999999,-999999,-999999,-999999,1.4;39.630,39.534,-999999,13.356,-999999,-999999,-999999,-999999,-999999,-999999,-999999,0,8,-999999,-999999,8,-999999,-999999,0.188,-999999,-999999,-999999,-999999,-999999,1.4;39.650,39.554,-999999,12.942,-999999,-999999,-999999,-999999,-999999,-999999,-999999,0,8,-999999,-999999,8,-999999,-999999,0.189,-999999,-999999,-999999,-999999,-999999,1.4;39.670,39.574,-999999,12.814,-999999,-999999,-999999,-999999,-999999,-999999,-999999,0,8,-999999,-999999,8,-999999,-999999,0.185,-999999,-999999,-999999,-999999,-999999,1.4;39.690,39.594,-999999,12.807,-999999,-999999,-999999,-999999,-999999,-999999,-999999,0,7,-999999,-999999,7,-999999,-999999,0.173,-999999,-999999,-999999,-999999,-999999,1.3;39.710,39.614,-999999,12.993,-999999,-999999,-999999,-999999,-999999,-999999,-999999,0,8,-999999,-999999,8,-999999,-999999,0.169,-999999,-999999,-999999,-999999,-999999,1.3;39.730,39.633,-999999,13.022,-999999,-999999,-999999,-999999,-999999,-999999,-999999,0,8,-999999,-999999,8,-999999,-999999,0.164,-999999,-999999,-999999,-999999,-999999,1.2;39.750,39.653,-999999,13.003,-999999,-999999,-999999,-999999,-999999,-999999,-999999,0,8,-999999,-999999,8,-999999,-999999,0.158,-999999,-999999,-999999,-999999,-999999,1.2;39.770,39.673,-999999,12.910,-999999,-999999,-999999,-999999,-999999,-999999,-999999,0,8,-999999,-999999,8,-999999,-999999,0.163,-999999,-999999,-999999,-999999,-999999,1.3;39.790,39.693,-999999,12.615,-999999,-999999,-999999,-999999,-999999,-999999,-999999,0,8,-999999,-999999,8,-999999,-999999,0.177,-999999,-999999,-999999,-999999,-999999,1.4;39.810,39.713,-999999,12.028,-999999,-999999,-999999,-999999,-999999,-999999,-999999,0,7,-999999,-999999,7,-999999,-999999,0.186,-999999,-999999,-999999,-999999,-999999,1.5;39.830,39.732,-999999,11.239,-999999,-999999,-999999,-999999,-999999,-999999,-999999,0,8,-999999,-999999,8,-999999,-999999,0.192,-999999,-999999,-999999,-999999,-999999,1.6;39.850,39.752,-999999,10.751,-999999,-999999,-999999,-999999,-999999,-999999,-999999,0,7,-999999,-999999,7,-999999,-999999,0.216,-999999,-999999,-999999,-999999,-999999,1.9;39.870,39.772,-999999,10.719,-999999,-999999,-999999,-999999,-999999,-999999,-999999,0,8,-999999,-999999,8,-999999,-999999,0.249,-999999,-999999,-999999,-999999,-999999,2.2;39.890,39.792,-999999,10.867,-999999,-999999,-999999,-999999,-999999,-999999,-999999,0,8,-999999,-999999,8,-999999,-999999,0.246,-999999,-999999,-999999,-999999,-999999,2.3;39.910,39.812,-999999,10.816,-999999,-999999,-999999,-999999,-999999,-999999,-999999,0,8,-999999,-999999,8,-999999,-999999,0.228,-999999,-999999,-999999,-999999,-999999,2.1;39.930,39.831,-999999,10.456,-999999,-999999,-999999,-999999,-999999,-999999,-999999,0,8,-999999,-999999,8,-999999,-999999,0.220,-999999,-999999,-999999,-999999,-999999,2.1;39.950,39.851,-999999,9.933,-999999,-999999,-999999,-999999,-999999,-999999,-999999,0,8,-999999,-999999,8,-999999,-999999,0.211,-999999,-999999,-999999,-999999,-999999,2.0;39.970,39.871,-999999,9.783,-999999,-999999,-999999,-999999,-999999,-999999,-999999,0,8,-999999,-999999,8,-999999,-999999,0.221,-999999,-999999,-999999,-999999,-999999,2.1;39.990,39.891,-999999,10.094,-999999,-999999,-999999,-999999,-999999,-999999,-999999,0,8,-999999,-999999,8,-999999,-999999,0.231,-999999,-999999,-999999,-999999,-999999,2.1;40.010,39.911,-999999,10.867,-999999,-999999,-999999,-999999,-999999,-999999,-999999,0,8,-999999,-999999,8,-999999,-999999,0.255,-999999,-999999,-999999,-999999,-999999,2.2;40.030,39.930,-999999,11.832,-999999,-999999,-999999,-999999,-999999,-999999,-999999,0,8,-999999,-999999,8,-999999,-999999,0.219,-999999,-999999,-999999,-999999,-999999,1.8;40.050,39.950,-999999,12.920,-999999,-999999,-999999,-999999,-999999,-999999,-999999,0,8,-999999,-999999,8,-999999,-999999,0.168,-999999,-999999,-999999,-999999,-999999,1.4;40.070,39.970,-999999,13.196,-999999,-999999,-999999,-999999,-999999,-999999,-999999,0,8,-999999,-999999,8,-999999,-999999,0.151,-999999,-999999,-999999,-999999,-999999,1.2;40.090,39.990,-999999,12.830,-999999,-999999,-999999,-999999,-999999,-999999,-999999,0,8,-999999,-999999,8,-999999,-999999,0.151,-999999,-999999,-999999,-999999,-999999,1.2;40.110,40.010,-999999,12.374,-999999,-999999,-999999,-999999,-999999,-999999,-999999,0,8,-999999,-999999,8,-999999,-999999,0.161,-999999,-999999,-999999,-999999,-999999,1.3;40.130,40.029,-999999,11.143,-999999,-999999,-999999,-999999,-999999,-999999,-999999,0,8,-999999,-999999,8,-999999,-999999,0.160,-999999,-999999,-999999,-999999,-999999,1.4;40.150,40.049,-999999,10.100,-999999,-999999,-999999,-999999,-999999,-999999,-999999,0,8,-999999,-999999,8,-999999,-999999,0.163,-999999,-999999,-999999,-999999,-999999,1.5;40.170,40.069,-999999,9.513,-999999,-999999,-999999,-999999,-999999,-999999,-999999,0,8,-999999,-999999,8,-999999,-999999,0.173,-999999,-999999,-999999,-999999,-999999,1.7;40.190,40.089,-999999,9.263,-999999,-999999,-999999,-999999,-999999,-999999,-999999,0,8,-999999,-999999,8,-999999,-999999,0.191,-999999,-999999,-999999,-999999,-999999,2.0;40.210,40.109,-999999,9.026,-999999,-999999,-999999,-999999,-999999,-999999,-999999,0,8,-999999,-999999,8,-999999,-999999,0.200,-999999,-999999,-999999,-999999,-999999,2.2;40.230,40.128,-999999,8.625,-999999,-999999,-999999,-999999,-999999,-999999,-999999,0,8,-999999,-999999,8,-999999,-999999,0.205,-999999,-999999,-999999,-999999,-999999,2.4;40.250,40.148,-999999,8.134,-999999,-999999,-999999,-999999,-999999,-999999,-999999,0,8,-999999,-999999,8,-999999,-999999,0.204,-999999,-999999,-999999,-999999,-999999,2.5;40.270,40.168,-999999,7.759,-999999,-999999,-999999,-999999,-999999,-999999,-999999,0,8,-999999,-999999,8,-999999,-999999,0.214,-999999,-999999,-999999,-999999,-999999,2.7;40.290,40.188,-999999,7.294,-999999,-999999,-999999,-999999,-999999,-999999,-999999,0,8,-999999,-999999,8,-999999,-999999,0.213,-999999,-999999,-999999,-999999,-999999,2.9;40.310,40.208,-999999,6.745,-999999,-999999,-999999,-999999,-999999,-999999,-999999,0,8,-999999,-999999,8,-999999,-999999,0.165,-999999,-999999,-999999,-999999,-999999,2.4;40.330,40.227,-999999,6.331,-999999,-999999,-999999,-999999,-999999,-999999,-999999,0,8,-999999,-999999,8,-999999,-999999,0.144,-999999,-999999,-999999,-999999,-999999,2.2;40.350,40.247,-999999,6.229,-999999,-999999,-999999,-999999,-999999,-999999,-999999,0,8,-999999,-999999,8,-999999,-999999,0.137,-999999,-999999,-999999,-999999,-999999,2.3;40.370,40.267,-999999,5.375,-999999,-999999,-999999,-999999,-999999,-999999,-999999,0,8,-999999,-999999,8,-999999,-999999,0.149,-999999,-999999,-999999,-999999,-999999,2.8;40.390,40.287,-999999,4.545,-999999,-999999,-999999,-999999,-999999,-999999,-999999,0,8,-999999,-999999,8,-999999,-999999,0.161,-999999,-999999,-999999,-999999,-999999,3.4;40.410,40.307,-999999,3.884,-999999,-999999,-999999,-999999,-999999,-999999,-999999,0,8,-999999,-999999,8,-999999,-999999,0.147,-999999,-999999,-999999,-999999,-999999,3.4;40.430,40.326,-999999,3.499,-999999,-999999,-999999,-999999,-999999,-999999,-999999,0,8,-999999,-999999,8,-999999,-999999,0.134,-999999,-999999,-999999,-999999,-999999,3.5;40.450,40.346,-999999,3.127,-999999,-999999,-999999,-999999,-999999,-999999,-999999,0,8,-999999,-999999,8,-999999,-999999,0.126,-999999,-999999,-999999,-999999,-999999,3.6;40.470,40.366,-999999,2.915,-999999,-999999,-999999,-999999,-999999,-999999,-999999,0,8,-999999,-999999,8,-999999,-999999,0.134,-999999,-999999,-999999,-999999,-999999,4.2;40.490,40.386,-999999,2.890,-999999,-999999,-999999,-999999,-999999,-999999,-999999,0,8,-999999,-999999,8,-999999,-999999,0.119,-999999,-999999,-999999,-999999,-999999,3.8;40.510,40.406,-999999,3.027,-999999,-999999,-999999,-999999,-999999,-999999,-999999,0,8,-999999,-999999,8,-999999,-999999,0.109,-999999,-999999,-999999,-999999,-999999,3.6;40.530,40.425,-999999,3.076,-999999,-999999,-999999,-999999,-999999,-999999,-999999,0,8,-999999,-999999,8,-999999,-999999,0.108,-999999,-999999,-999999,-999999,-999999,3.5;40.550,40.445,-999999,2.999,-999999,-999999,-999999,-999999,-999999,-999999,-999999,0,8,-999999,-999999,8,-999999,-999999,0.100,-999999,-999999,-999999,-999999,-999999,3.3;40.570,40.465,-999999,3.079,-999999,-999999,-999999,-999999,-999999,-999999,-999999,0,8,-999999,-999999,8,-999999,-999999,0.101,-999999,-999999,-999999,-999999,-999999,3.2;40.590,40.485,-999999,3.069,-999999,-999999,-999999,-999999,-999999,-999999,-999999,0,8,-999999,-999999,8,-999999,-999999,0.111,-999999,-999999,-999999,-999999,-999999,3.5;40.610,40.505,-999999,3.076,-999999,-999999,-999999,-999999,-999999,-999999,-999999,0,8,-999999,-999999,8,-999999,-999999,0.114,-999999,-999999,-999999,-999999,-999999,3.6;40.630,40.524,-999999,3.194,-999999,-999999,-999999,-999999,-999999,-999999,-999999,0,8,-999999,-999999,8,-999999,-999999,0.115,-999999,-999999,-999999,-999999,-999999,3.6;40.650,40.544,-999999,3.181,-999999,-999999,-999999,-999999,-999999,-999999,-999999,0,8,-999999,-999999,8,-999999,-999999,0.106,-999999,-999999,-999999,-999999,-999999,3.3;40.670,40.564,-999999,3.197,-999999,-999999,-999999,-999999,-999999,-999999,-999999,0,8,-999999,-999999,8,-999999,-999999,0.114,-999999,-999999,-999999,-999999,-999999,3.5;40.690,40.584,-999999,3.262,-999999,-999999,-999999,-999999,-999999,-999999,-999999,0,8,-999999,-999999,8,-999999,-999999,0.113,-999999,-999999,-999999,-999999,-999999,3.5;40.710,40.604,-999999,3.181,-999999,-999999,-999999,-999999,-999999,-999999,-999999,0,8,-999999,-999999,8,-999999,-999999,0.113,-999999,-999999,-999999,-999999,-999999,3.6;40.730,40.623,-999999,3.153,-999999,-999999,-999999,-999999,-999999,-999999,-999999,0,8,-999999,-999999,8,-999999,-999999,0.111,-999999,-999999,-999999,-999999,-999999,3.5;40.750,40.643,-999999,3.050,-999999,-999999,-999999,-999999,-999999,-999999,-999999,0,8,-999999,-999999,8,-999999,-999999,0.103,-999999,-999999,-999999,-999999,-999999,3.3;40.770,40.663,-999999,2.979,-999999,-999999,-999999,-999999,-999999,-999999,-999999,0,8,-999999,-999999,8,-999999,-999999,0.101,-999999,-999999,-999999,-999999,-999999,3.3;40.790,40.683,-999999,2.896,-999999,-999999,-999999,-999999,-999999,-999999,-999999,0,8,-999999,-999999,8,-999999,-999999,0.102,-999999,-999999,-999999,-999999,-999999,3.4;40.810,40.703,-999999,2.883,-999999,-999999,-999999,-999999,-999999,-999999,-999999,0,8,-999999,-999999,8,-999999,-999999,0.095,-999999,-999999,-999999,-999999,-999999,3.2;40.830,40.722,-999999,2.851,-999999,-999999,-999999,-999999,-999999,-999999,-999999,0,8,-999999,-999999,8,-999999,-999999,0.083,-999999,-999999,-999999,-999999,-999999,2.9;40.850,40.742,-999999,2.825,-999999,-999999,-999999,-999999,-999999,-999999,-999999,0,8,-999999,-999999,8,-999999,-999999,0.077,-999999,-999999,-999999,-999999,-999999,2.7;40.870,40.762,-999999,2.797,-999999,-999999,-999999,-999999,-999999,-999999,-999999,0,8,-999999,-999999,8,-999999,-999999,0.075,-999999,-999999,-999999,-999999,-999999,2.6;40.890,40.782,-999999,2.736,-999999,-999999,-999999,-999999,-999999,-999999,-999999,0,8,-999999,-999999,8,-999999,-999999,0.075,-999999,-999999,-999999,-999999,-999999,2.6;40.910,40.801,-999999,2.768,-999999,-999999,-999999,-999999,-999999,-999999,-999999,0,8,-999999,-999999,8,-999999,-999999,0.071,-999999,-999999,-999999,-999999,-999999,2.5;40.930,40.821,-999999,2.777,-999999,-999999,-999999,-999999,-999999,-999999,-999999,0,8,-999999,-999999,8,-999999,-999999,0.071,-999999,-999999,-999999,-999999,-999999,2.5;40.950,40.841,-999999,2.793,-999999,-999999,-999999,-999999,-999999,-999999,-999999,0,8,-999999,-999999,8,-999999,-999999,0.068,-999999,-999999,-999999,-999999,-999999,2.4;40.970,40.861,-999999,2.864,-999999,-999999,-999999,-999999,-999999,-999999,-999999,0,8,-999999,-999999,8,-999999,-999999,0.067,-999999,-999999,-999999,-999999,-999999,2.3;40.990,40.881,-999999,2.912,-999999,-999999,-999999,-999999,-999999,-999999,-999999,0,8,-999999,-999999,8,-999999,-999999,0.071,-999999,-999999,-999999,-999999,-999999,2.4;41.010,40.900,-999999,2.970,-999999,-999999,-999999,-999999,-999999,-999999,-999999,0,8,-999999,-999999,8,-999999,-999999,0.071,-999999,-999999,-999999,-999999,-999999,2.4;41.030,40.920,-999999,3.050,-999999,-999999,-999999,-999999,-999999,-999999,-999999,0,8,-999999,-999999,8,-999999,-999999,0.078,-999999,-999999,-999999,-999999,-999999,2.5;41.050,40.940,-999999,3.088,-999999,-999999,-999999,-999999,-999999,-999999,-999999,0,8,-999999,-999999,8,-999999,-999999,0.082,-999999,-999999,-999999,-999999,-999999,2.7;41.070,40.960,-999999,3.082,-999999,-999999,-999999,-999999,-999999,-999999,-999999,0,8,-999999,-999999,8,-999999,-999999,0.083,-999999,-999999,-999999,-999999,-999999,2.7;41.090,40.980,-999999,3.060,-999999,-999999,-999999,-999999,-999999,-999999,-999999,0,8,-999999,-999999,8,-999999,-999999,0.092,-999999,-999999,-999999,-999999,-999999,3.0;41.110,40.999,-999999,3.008,-999999,-999999,-999999,-999999,-999999,-999999,-999999,0,8,-999999,-999999,8,-999999,-999999,0.092,-999999,-999999,-999999,-999999,-999999,3.0;41.130,41.019,-999999,2.992,-999999,-999999,-999999,-999999,-999999,-999999,-999999,0,8,-999999,-999999,8,-999999,-999999,0.097,-999999,-999999,-999999,-999999,-999999,3.1;41.150,41.039,-999999,3.060,-999999,-999999,-999999,-999999,-999999,-999999,-999999,0,8,-999999,-999999,8,-999999,-999999,0.095,-999999,-999999,-999999,-999999,-999999,3.0;41.170,41.059,-999999,3.031,-999999,-999999,-999999,-999999,-999999,-999999,-999999,0,8,-999999,-999999,8,-999999,-999999,0.100,-999999,-999999,-999999,-999999,-999999,3.2;41.190,41.078,-999999,3.169,-999999,-999999,-999999,-999999,-999999,-999999,-999999,0,8,-999999,-999999,8,-999999,-999999,0.099,-999999,-999999,-999999,-999999,-999999,3.1;41.210,41.098,-999999,3.194,-999999,-999999,-999999,-999999,-999999,-999999,-999999,0,8,-999999,-999999,8,-999999,-999999,0.102,-999999,-999999,-999999,-999999,-999999,3.2;41.230,41.118,-999999,3.252,-999999,-999999,-999999,-999999,-999999,-999999,-999999,0,8,-999999,-999999,8,-999999,-999999,0.107,-999999,-999999,-999999,-999999,-999999,3.3;41.250,41.138,-999999,3.191,-999999,-999999,-999999,-999999,-999999,-999999,-999999,0,8,-999999,-999999,8,-999999,-999999,0.114,-999999,-999999,-999999,-999999,-999999,3.5;41.270,41.158,-999999,3.268,-999999,-999999,-999999,-999999,-999999,-999999,-999999,0,8,-999999,-999999,8,-999999,-999999,0.121,-999999,-999999,-999999,-999999,-999999,3.7;41.290,41.177,-999999,3.242,-999999,-999999,-999999,-999999,-999999,-999999,-999999,0,8,-999999,-999999,8,-999999,-999999,0.116,-999999,-999999,-999999,-999999,-999999,3.6;41.310,41.197,-999999,3.287,-999999,-999999,-999999,-999999,-999999,-999999,-999999,0,8,-999999,-999999,8,-999999,-999999,0.130,-999999,-999999,-999999,-999999,-999999,4.0;41.330,41.217,-999999,3.140,-999999,-999999,-999999,-999999,-999999,-999999,-999999,0,8,-999999,-999999,8,-999999,-999999,0.130,-999999,-999999,-999999,-999999,-999999,4.0;41.350,41.237,-999999,3.130,-999999,-999999,-999999,-999999,-999999,-999999,-999999,0,8,-999999,-999999,8,-999999,-999999,0.126,-999999,-999999,-999999,-999999,-999999,3.9;41.370,41.256,-999999,3.159,-999999,-999999,-999999,-999999,-999999,-999999,-999999,0,8,-999999,-999999,8,-999999,-999999,0.130,-999999,-999999,-999999,-999999,-999999,4.0;41.390,41.276,-999999,3.210,-999999,-999999,-999999,-999999,-999999,-999999,-999999,0,8,-999999,-999999,8,-999999,-999999,0.134,-999999,-999999,-999999,-999999,-999999,4.2;41.410,41.296,-999999,3.246,-999999,-999999,-999999,-999999,-999999,-999999,-999999,0,8,-999999,-999999,8,-999999,-999999,0.134,-999999,-999999,-999999,-999999,-999999,4.3;41.430,41.316,-999999,3.181,-999999,-999999,-999999,-999999,-999999,-999999,-999999,0,8,-999999,-999999,8,-999999,-999999,0.121,-999999,-999999,-999999,-999999,-999999,3.9;41.450,41.336,-999999,3.027,-999999,-999999,-999999,-999999,-999999,-999999,-999999,0,8,-999999,-999999,8,-999999,-999999,0.115,-999999,-999999,-999999,-999999,-999999,3.8;41.470,41.355,-999999,2.883,-999999,-999999,-999999,-999999,-999999,-999999,-999999,0,8,-999999,-999999,8,-999999,-999999,0.113,-999999,-999999,-999999,-999999,-999999,3.8;41.490,41.375,-999999,2.716,-999999,-999999,-999999,-999999,-999999,-999999,-999999,0,8,-999999,-999999,8,-999999,-999999,0.115,-999999,-999999,-999999,-999999,-999999,4.0;41.510,41.395,-999999,2.700,-999999,-999999,-999999,-999999,-999999,-999999,-999999,0,8,-999999,-999999,8,-999999,-999999,0.120,-999999,-999999,-999999,-999999,-999999,4.3;41.530,41.415,-999999,2.710,-999999,-999999,-999999,-999999,-999999,-999999,-999999,0,8,-999999,-999999,8,-999999,-999999,0.116,-999999,-999999,-999999,-999999,-999999,4.2;41.550,41.434,-999999,2.710,-999999,-999999,-999999,-999999,-999999,-999999,-999999,0,8,-999999,-999999,8,-999999,-999999,0.107,-999999,-999999,-999999,-999999,-999999,3.9;41.570,41.454,-999999,2.684,-999999,-999999,-999999,-999999,-999999,-999999,-999999,0,8,-999999,-999999,8,-999999,-999999,0.093,-999999,-999999,-999999,-999999,-999999,3.4;41.590,41.474,-999999,2.716,-999999,-999999,-999999,-999999,-999999,-999999,-999999,0,8,-999999,-999999,8,-999999,-999999,0.096,-999999,-999999,-999999,-999999,-999999,3.4;41.610,41.494,-999999,2.768,-999999,-999999,-999999,-999999,-999999,-999999,-999999,0,8,-999999,-999999,8,-999999,-999999,0.099,-999999,-999999,-999999,-999999,-999999,3.5;41.630,41.514,-999999,2.861,-999999,-999999,-999999,-999999,-999999,-999999,-999999,0,8,-999999,-999999,8,-999999,-999999,0.101,-999999,-999999,-999999,-999999,-999999,3.5;41.650,41.533,-999999,2.960,-999999,-999999,-999999,-999999,-999999,-999999,-999999,0,8,-999999,-999999,8,-999999,-999999,0.100,-999999,-999999,-999999,-999999,-999999,3.4;41.670,41.553,-999999,2.983,-999999,-999999,-999999,-999999,-999999,-999999,-999999,0,8,-999999,-999999,8,-999999,-999999,0.099,-999999,-999999,-999999,-999999,-999999,3.3;41.690,41.573,-999999,3.063,-999999,-999999,-999999,-999999,-999999,-999999,-999999,0,8,-999999,-999999,8,-999999,-999999,0.097,-999999,-999999,-999999,-999999,-999999,3.1;41.710,41.593,-999999,3.137,-999999,-999999,-999999,-999999,-999999,-999999,-999999,0,8,-999999,-999999,8,-999999,-999999,0.097,-999999,-999999,-999999,-999999,-999999,3.1;41.730,41.612,-999999,3.194,-999999,-999999,-999999,-999999,-999999,-999999,-999999,0,8,-999999,-999999,8,-999999,-999999,0.104,-999999,-999999,-999999,-999999,-999999,3.2;41.750,41.632,-999999,3.249,-999999,-999999,-999999,-999999,-999999,-999999,-999999,0,8,-999999,-999999,8,-999999,-999999,0.110,-999999,-999999,-999999,-999999,-999999,3.4;41.770,41.652,-999999,3.287,-999999,-999999,-999999,-999999,-999999,-999999,-999999,0,8,-999999,-999999,8,-999999,-999999,0.118,-999999,-999999,-999999,-999999,-999999,3.6;41.790,41.672,-999999,3.310,-999999,-999999,-999999,-999999,-999999,-999999,-999999,0,8,-999999,-999999,8,-999999,-999999,0.120,-999999,-999999,-999999,-999999,-999999,3.7;41.810,41.691,-999999,3.265,-999999,-999999,-999999,-999999,-999999,-999999,-999999,0,8,-999999,-999999,8,-999999,-999999,0.118,-999999,-999999,-999999,-999999,-999999,3.6;41.830,41.711,-999999,3.220,-999999,-999999,-999999,-999999,-999999,-999999,-999999,0,8,-999999,-999999,8,-999999,-999999,0.117,-999999,-999999,-999999,-999999,-999999,3.6;41.850,41.731,-999999,3.149,-999999,-999999,-999999,-999999,-999999,-999999,-999999,0,8,-999999,-999999,8,-999999,-999999,0.116,-999999,-999999,-999999,-999999,-999999,3.6;41.870,41.751,-999999,3.175,-999999,-999999,-999999,-999999,-999999,-999999,-999999,0,8,-999999,-999999,8,-999999,-999999,0.118,-999999,-999999,-999999,-999999,-999999,3.7;41.890,41.771,-999999,3.181,-999999,-999999,-999999,-999999,-999999,-999999,-999999,0,8,-999999,-999999,8,-999999,-999999,0.116,-999999,-999999,-999999,-999999,-999999,3.6;41.910,41.790,-999999,3.172,-999999,-999999,-999999,-999999,-999999,-999999,-999999,0,8,-999999,-999999,8,-999999,-999999,0.110,-999999,-999999,-999999,-999999,-999999,3.5;41.930,41.810,-999999,3.175,-999999,-999999,-999999,-999999,-999999,-999999,-999999,0,8,-999999,-999999,8,-999999,-999999,0.105,-999999,-999999,-999999,-999999,-999999,3.3;41.950,41.830,-999999,3.140,-999999,-999999,-999999,-999999,-999999,-999999,-999999,0,8,-999999,-999999,8,-999999,-999999,0.099,-999999,-999999,-999999,-999999,-999999,3.2;41.970,41.850,-999999,3.063,-999999,-999999,-999999,-999999,-999999,-999999,-999999,0,8,-999999,-999999,8,-999999,-999999,0.105,-999999,-999999,-999999,-999999,-999999,3.4;41.990,41.869,-999999,2.992,-999999,-999999,-999999,-999999,-999999,-999999,-999999,0,8,-999999,-999999,8,-999999,-999999,0.104,-999999,-999999,-999999,-999999,-999999,3.4;42.010,41.889,-999999,2.938,-999999,-999999,-999999,-999999,-999999,-999999,-999999,0,8,-999999,-999999,8,-999999,-999999,0.100,-999999,-999999,-999999,-999999,-999999,3.4;42.030,41.909,-999999,2.861,-999999,-999999,-999999,-999999,-999999,-999999,-999999,0,8,-999999,-999999,8,-999999,-999999,0.093,-999999,-999999,-999999,-999999,-999999,3.2;42.050,41.929,-999999,2.819,-999999,-999999,-999999,-999999,-999999,-999999,-999999,0,8,-999999,-999999,8,-999999,-999999,0.096,-999999,-999999,-999999,-999999,-999999,3.3;42.070,41.948,-999999,2.822,-999999,-999999,-999999,-999999,-999999,-999999,-999999,0,8,-999999,-999999,8,-999999,-999999,0.085,-999999,-999999,-999999,-999999,-999999,3.0;42.090,41.968,-999999,2.835,-999999,-999999,-999999,-999999,-999999,-999999,-999999,0,8,-999999,-999999,8,-999999,-999999,0.081,-999999,-999999,-999999,-999999,-999999,2.8;42.110,41.988,-999999,2.861,-999999,-999999,-999999,-999999,-999999,-999999,-999999,0,8,-999999,-999999,8,-999999,-999999,0.074,-999999,-999999,-999999,-999999,-999999,2.6;42.130,42.008,-999999,2.777,-999999,-999999,-999999,-999999,-999999,-999999,-999999,0,8,-999999,-999999,8,-999999,-999999,0.066,-999999,-999999,-999999,-999999,-999999,2.4;42.150,42.027,-999999,2.739,-999999,-999999,-999999,-999999,-999999,-999999,-999999,0,8,-999999,-999999,8,-999999,-999999,0.063,-999999,-999999,-999999,-999999,-999999,2.3;42.170,42.047,-999999,2.687,-999999,-999999,-999999,-999999,-999999,-999999,-999999,0,8,-999999,-999999,8,-999999,-999999,0.060,-999999,-999999,-999999,-999999,-999999,2.2;42.190,42.067,-999999,2.627,-999999,-999999,-999999,-999999,-999999,-999999,-999999,0,8,-999999,-999999,8,-999999,-999999,0.058,-999999,-999999,-999999,-999999,-999999,2.2;42.210,42.087,-999999,2.553,-999999,-999999,-999999,-999999,-999999,-999999,-999999,0,8,-999999,-999999,8,-999999,-999999,0.051,-999999,-999999,-999999,-999999,-999999,1.9;42.230,42.107,-999999,2.492,-999999,-999999,-999999,-999999,-999999,-999999,-999999,0,8,-999999,-999999,8,-999999,-999999,0.051,-999999,-999999,-999999,-999999,-999999,1.9;42.250,42.126,-999999,2.517,-999999,-999999,-999999,-999999,-999999,-999999,-999999,0,8,-999999,-999999,8,-999999,-999999,0.048,-999999,-999999,-999999,-999999,-999999,1.8;42.270,42.146,-999999,2.607,-999999,-999999,-999999,-999999,-999999,-999999,-999999,0,8,-999999,-999999,8,-999999,-999999,0.047,-999999,-999999,-999999,-999999,-999999,1.8;42.290,42.166,-999999,2.643,-999999,-999999,-999999,-999999,-999999,-999999,-999999,0,8,-999999,-999999,8,-999999,-999999,0.046,-999999,-999999,-999999,-999999,-999999,1.7;42.310,42.186,-999999,2.633,-999999,-999999,-999999,-999999,-999999,-999999,-999999,0,8,-999999,-999999,8,-999999,-999999,0.050,-999999,-999999,-999999,-999999,-999999,1.9;42.330,42.205,-999999,2.687,-999999,-999999,-999999,-999999,-999999,-999999,-999999,0,8,-999999,-999999,8,-999999,-999999,0.048,-999999,-999999,-999999,-999999,-999999,1.8;42.350,42.225,-999999,2.649,-999999,-999999,-999999,-999999,-999999,-999999,-999999,0,8,-999999,-999999,8,-999999,-999999,0.048,-999999,-999999,-999999,-999999,-999999,1.8;42.370,42.245,-999999,2.633,-999999,-999999,-999999,-999999,-999999,-999999,-999999,0,8,-999999,-999999,8,-999999,-999999,0.050,-999999,-999999,-999999,-999999,-999999,1.9;42.390,42.265,-999999,2.575,-999999,-999999,-999999,-999999,-999999,-999999,-999999,0,8,-999999,-999999,8,-999999,-999999,0.049,-999999,-999999,-999999,-999999,-999999,1.9;42.410,42.284,-999999,2.578,-999999,-999999,-999999,-999999,-999999,-999999,-999999,0,8,-999999,-999999,8,-999999,-999999,0.052,-999999,-999999,-999999,-999999,-999999,2.0;42.430,42.304,-999999,2.585,-999999,-999999,-999999,-999999,-999999,-999999,-999999,0,9,-999999,-999999,9,-999999,-999999,0.054,-999999,-999999,-999999,-999999,-999999,2.0;42.450,42.324,-999999,2.591,-999999,-999999,-999999,-999999,-999999,-999999,-999999,0,8,-999999,-999999,8,-999999,-999999,0.052,-999999,-999999,-999999,-999999,-999999,2.0;42.470,42.344,-999999,2.649,-999999,-999999,-999999,-999999,-999999,-999999,-999999,0,9,-999999,-999999,9,-999999,-999999,0.053,-999999,-999999,-999999,-999999,-999999,2.0;42.490,42.363,-999999,2.572,-999999,-999999,-999999,-999999,-999999,-999999,-999999,0,9,-999999,-999999,9,-999999,-999999,0.052,-999999,-999999,-999999,-999999,-999999,2.0;42.510,42.383,-999999,2.553,-999999,-999999,-999999,-999999,-999999,-999999,-999999,0,8,-999999,-999999,8,-999999,-999999,0.051,-999999,-999999,-999999,-999999,-999999,1.9;42.530,42.403,-999999,2.553,-999999,-999999,-999999,-999999,-999999,-999999,-999999,0,9,-999999,-999999,9,-999999,-999999,0.047,-999999,-999999,-999999,-999999,-999999,1.8;42.550,42.423,-999999,2.643,-999999,-999999,-999999,-999999,-999999,-999999,-999999,0,9,-999999,-999999,9,-999999,-999999,0.052,-999999,-999999,-999999,-999999,-999999,1.9;42.570,42.442,-999999,2.707,-999999,-999999,-999999,-999999,-999999,-999999,-999999,0,9,-999999,-999999,9,-999999,-999999,0.050,-999999,-999999,-999999,-999999,-999999,1.8;42.590,42.462,-999999,2.841,-999999,-999999,-999999,-999999,-999999,-999999,-999999,0,9,-999999,-999999,9,-999999,-999999,0.056,-999999,-999999,-999999,-999999,-999999,1.9;42.610,42.482,-999999,3.047,-999999,-999999,-999999,-999999,-999999,-999999,-999999,0,9,-999999,-999999,9,-999999,-999999,0.059,-999999,-999999,-999999,-999999,-999999,1.9;42.630,42.502,-999999,3.130,-999999,-999999,-999999,-999999,-999999,-999999,-999999,0,9,-999999,-999999,9,-999999,-999999,0.060,-999999,-999999,-999999,-999999,-999999,1.9;42.650,42.521,-999999,3.367,-999999,-999999,-999999,-999999,-999999,-999999,-999999,0,9,-999999,-999999,9,-999999,-999999,0.057,-999999,-999999,-999999,-999999,-999999,1.7;42.670,42.541,-999999,3.480,-999999,-999999,-999999,-999999,-999999,-999999,-999999,0,9,-999999,-999999,9,-999999,-999999,0.062,-999999,-999999,-999999,-999999,-999999,1.6;42.690,42.561,-999999,3.570,-999999,-999999,-999999,-999999,-999999,-999999,-999999,0,9,-999999,-999999,9,-999999,-999999,0.071,-999999,-999999,-999999,-999999,-999999,1.7;42.710,42.581,-999999,4.067,-999999,-999999,-999999,-999999,-999999,-999999,-999999,0,9,-999999,-999999,9,-999999,-999999,0.088,-999999,-999999,-999999,-999999,-999999,1.8;42.730,42.600,-999999,5.007,-999999,-999999,-999999,-999999,-999999,-999999,-999999,0,9,-999999,-999999,9,-999999,-999999,0.104,-999999,-999999,-999999,-999999,-999999,1.9;42.750,42.620,-999999,6.001,-999999,-999999,-999999,-999999,-999999,-999999,-999999,0,9,-999999,-999999,9,-999999,-999999,0.122,-999999,-999999,-999999,-999999,-999999,2.0;42.770,42.640,-999999,7.236,-999999,-999999,-999999,-999999,-999999,-999999,-999999,0,9,-999999,-999999,9,-999999,-999999,0.128,-999999,-999999,-999999,-999999,-999999,2.0;42.790,42.660,-999999,7.598,-999999,-999999,-999999,-999999,-999999,-999999,-999999,0,9,-999999,-999999,9,-999999,-999999,0.137,-999999,-999999,-999999,-999999,-999999,2.0;42.810,42.679,-999999,7.435,-999999,-999999,-999999,-999999,-999999,-999999,-999999,0,9,-999999,-999999,9,-999999,-999999,0.127,-999999,-999999,-999999,-999999,-999999,1.8;42.830,42.699,-999999,6.995,-999999,-999999,-999999,-999999,-999999,-999999,-999999,0,9,-999999,-999999,9,-999999,-999999,0.124,-999999,-999999,-999999,-999999,-999999,1.8;42.850,42.719,-999999,6.392,-999999,-999999,-999999,-999999,-999999,-999999,-999999,0,9,-999999,-999999,9,-999999,-999999,0.126,-999999,-999999,-999999,-999999,-999999,2.0;42.870,42.739,-999999,5.715,-999999,-999999,-999999,-999999,-999999,-999999,-999999,0,9,-999999,-999999,9,-999999,-999999,0.122,-999999,-999999,-999999,-999999,-999999,2.2;42.890,42.758,-999999,4.737,-999999,-999999,-999999,-999999,-999999,-999999,-999999,0,9,-999999,-999999,9,-999999,-999999,0.128,-999999,-999999,-999999,-999999,-999999,2.6;42.910,42.778,-999999,3.833,-999999,-999999,-999999,-999999,-999999,-999999,-999999,0,9,-999999,-999999,9,-999999,-999999,0.125,-999999,-999999,-999999,-999999,-999999,2.8;42.930,42.798,-999999,3.300,-999999,-999999,-999999,-999999,-999999,-999999,-999999,0,9,-999999,-999999,9,-999999,-999999,0.118,-999999,-999999,-999999,-999999,-999999,2.9;42.950,42.818,-999999,3.130,-999999,-999999,-999999,-999999,-999999,-999999,-999999,0,9,-999999,-999999,9,-999999,-999999,0.112,-999999,-999999,-999999,-999999,-999999,2.9;42.970,42.837,-999999,3.274,-999999,-999999,-999999,-999999,-999999,-999999,-999999,0,9,-999999,-999999,9,-999999,-999999,0.102,-999999,-999999,-999999,-999999,-999999,2.6;42.990,42.857,-999999,3.772,-999999,-999999,-999999,-999999,-999999,-999999,-999999,0,9,-999999,-999999,9,-999999,-999999,0.103,-999999,-999999,-999999,-999999,-999999,2.3;43.010,42.877,-999999,4.538,-999999,-999999,-999999,-999999,-999999,-999999,-999999,0,9,-999999,-999999,9,-999999,-999999,0.116,-999999,-999999,-999999,-999999,-999999,2.2;43.030,42.897,-999999,5.773,-999999,-999999,-999999,-999999,-999999,-999999,-999999,0,9,-999999,-999999,9,-999999,-999999,0.141,-999999,-999999,-999999,-999999,-999999,2.2;43.050,42.916,-999999,7.351,-999999,-999999,-999999,-999999,-999999,-999999,-999999,0,9,-999999,-999999,9,-999999,-999999,0.166,-999999,-999999,-999999,-999999,-999999,2.2;43.070,42.936,-999999,8.747,-999999,-999999,-999999,-999999,-999999,-999999,-999999,0,9,-999999,-999999,9,-999999,-999999,0.186,-999999,-999999,-999999,-999999,-999999,2.2;43.090,42.956,-999999,9.882,-999999,-999999,-999999,-999999,-999999,-999999,-999999,0,9,-999999,-999999,9,-999999,-999999,0.204,-999999,-999999,-999999,-999999,-999999,2.1;43.110,42.975,-999999,10.848,-999999,-999999,-999999,-999999,-999999,-999999,-999999,0,9,-999999,-999999,9,-999999,-999999,0.199,-999999,-999999,-999999,-999999,-999999,1.9;43.130,42.995,-999999,11.473,-999999,-999999,-999999,-999999,-999999,-999999,-999999,0,9,-999999,-999999,9,-999999,-999999,0.202,-999999,-999999,-999999,-999999,-999999,1.8;43.150,43.015,-999999,11.608,-999999,-999999,-999999,-999999,-999999,-999999,-999999,0,9,-999999,-999999,9,-999999,-999999,0.136,-999999,-999999,-999999,-999999,-999999,1.2;43.170,43.035,-999999,11.361,-999999,-999999,-999999,-999999,-999999,-999999,-999999,0,9,-999999,-999999,9,-999999,-999999,0.138,-999999,-999999,-999999,-999999,-999999,1.2;43.190,43.054,-999999,10.851,-999999,-999999,-999999,-999999,-999999,-999999,-999999,0,9,-999999,-999999,9,-999999,-999999,0.178,-999999,-999999,-999999,-999999,-999999,1.6;43.210,43.074,-999999,10.277,-999999,-999999,-999999,-999999,-999999,-999999,-999999,0,9,-999999,-999999,9,-999999,-999999,0.182,-999999,-999999,-999999,-999999,-999999,1.8;43.230,43.094,-999999,9.927,-999999,-999999,-999999,-999999,-999999,-999999,-999999,0,9,-999999,-999999,9,-999999,-999999,0.231,-999999,-999999,-999999,-999999,-999999,2.4;43.250,43.114,-999999,8.705,-999999,-999999,-999999,-999999,-999999,-999999,-999999,0,9,-999999,-999999,9,-999999,-999999,0.202,-999999,-999999,-999999,-999999,-999999,2.3;43.270,43.133,-999999,7.765,-999999,-999999,-999999,-999999,-999999,-999999,-999999,0,9,-999999,-999999,9,-999999,-999999,0.180,-999999,-999999,-999999,-999999,-999999,2.2;43.290,43.153,-999999,7.390,-999999,-999999,-999999,-999999,-999999,-999999,-999999,0,9,-999999,-999999,9,-999999,-999999,0.155,-999999,-999999,-999999,-999999,-999999,2.0;43.310,43.173,-999999,6.312,-999999,-999999,-999999,-999999,-999999,-999999,-999999,0,9,-999999,-999999,9,-999999,-999999,0.148,-999999,-999999,-999999,-999999,-999999,2.1;43.330,43.192,-999999,5.975,-999999,-999999,-999999,-999999,-999999,-999999,-999999,0,9,-999999,-999999,9,-999999,-999999,0.178,-999999,-999999,-999999,-999999,-999999,2.7;43.350,43.212,-999999,5.969,-999999,-999999,-999999,-999999,-999999,-999999,-999999,0,9,-999999,-999999,9,-999999,-999999,0.177,-999999,-999999,-999999,-999999,-999999,2.8;43.370,43.232,-999999,5.687,-999999,-999999,-999999,-999999,-999999,-999999,-999999,0,9,-999999,-999999,9,-999999,-999999,0.180,-999999,-999999,-999999,-999999,-999999,2.7;43.390,43.252,-999999,5.565,-999999,-999999,-999999,-999999,-999999,-999999,-999999,0,9,-999999,-999999,9,-999999,-999999,0.158,-999999,-999999,-999999,-999999,-999999,2.2;43.410,43.271,-999999,6.982,-999999,-999999,-999999,-999999,-999999,-999999,-999999,0,9,-999999,-999999,9,-999999,-999999,0.151,-999999,-999999,-999999,-999999,-999999,1.9;43.430,43.291,-999999,8.641,-999999,-999999,-999999,-999999,-999999,-999999,-999999,0,9,-999999,-999999,9,-999999,-999999,0.128,-999999,-999999,-999999,-999999,-999999,1.5;43.450,43.311,-999999,10.010,-999999,-999999,-999999,-999999,-999999,-999999,-999999,0,9,-999999,-999999,9,-999999,-999999,0.121,-999999,-999999,-999999,-999999,-999999,1.2;43.470,43.331,-999999,10.963,-999999,-999999,-999999,-999999,-999999,-999999,-999999,0,9,-999999,-999999,9,-999999,-999999,0.138,-999999,-999999,-999999,-999999,-999999,1.3;43.490,43.350,-999999,11.556,-999999,-999999,-999999,-999999,-999999,-999999,-999999,0,9,-999999,-999999,9,-999999,-999999,0.161,-999999,-999999,-999999,-999999,-999999,1.4;43.510,43.370,-999999,12.028,-999999,-999999,-999999,-999999,-999999,-999999,-999999,0,9,-999999,-999999,9,-999999,-999999,0.191,-999999,-999999,-999999,-999999,-999999,1.5;43.530,43.390,-999999,12.628,-999999,-999999,-999999,-999999,-999999,-999999,-999999,0,9,-999999,-999999,9,-999999,-999999,0.198,-999999,-999999,-999999,-999999,-999999,1.5;43.550,43.409,-999999,13.176,-999999,-999999,-999999,-999999,-999999,-999999,-999999,0,9,-999999,-999999,9,-999999,-999999,0.181,-999999,-999999,-999999,-999999,-999999,1.3;43.570,43.429,-999999,13.991,-999999,-999999,-999999,-999999,-999999,-999999,-999999,0,9,-999999,-999999,9,-999999,-999999,0.173,-999999,-999999,-999999,-999999,-999999,1.3;43.590,43.449,-999999,14.344,-999999,-999999,-999999,-999999,-999999,-999999,-999999,0,9,-999999,-999999,9,-999999,-999999,0.158,-999999,-999999,-999999,-999999,-999999,1.1;43.610,43.469,-999999,13.853,-999999,-999999,-999999,-999999,-999999,-999999,-999999,0,9,-999999,-999999,9,-999999,-999999,0.163,-999999,-999999,-999999,-999999,-999999,1.2;43.630,43.488,-999999,13.119,-999999,-999999,-999999,-999999,-999999,-999999,-999999,0,9,-999999,-999999,9,-999999,-999999,0.176,-999999,-999999,-999999,-999999,-999999,1.3;43.650,43.508,-999999,12.464,-999999,-999999,-999999,-999999,-999999,-999999,-999999,0,9,-999999,-999999,9,-999999,-999999,0.179,-999999,-999999,-999999,-999999,-999999,1.4;43.670,43.528,-999999,11.714,-999999,-999999,-999999,-999999,-999999,-999999,-999999,0,9,-999999,-999999,9,-999999,-999999,0.186,-999999,-999999,-999999,-999999,-999999,1.5;43.690,43.547,-999999,11.290,-999999,-999999,-999999,-999999,-999999,-999999,-999999,0,9,-999999,-999999,9,-999999,-999999,0.193,-999999,-999999,-999999,-999999,-999999,1.6;43.710,43.567,-999999,11.027,-999999,-999999,-999999,-999999,-999999,-999999,-999999,0,9,-999999,-999999,9,-999999,-999999,0.216,-999999,-999999,-999999,-999999,-999999,1.9;43.730,43.587,-999999,10.658,-999999,-999999,-999999,-999999,-999999,-999999,-999999,0,9,-999999,-999999,9,-999999,-999999,0.233,-999999,-999999,-999999,-999999,-999999,2.0;43.750,43.607,-999999,10.909,-999999,-999999,-999999,-999999,-999999,-999999,-999999,0,9,-999999,-999999,9,-999999,-999999,0.243,-999999,-999999,-999999,-999999,-999999,2.0;43.770,43.626,-999999,11.800,-999999,-999999,-999999,-999999,-999999,-999999,-999999,0,9,-999999,-999999,9,-999999,-999999,0.251,-999999,-999999,-999999,-999999,-999999,2.0;43.790,43.646,-999999,12.862,-999999,-999999,-999999,-999999,-999999,-999999,-999999,0,9,-999999,-999999,9,-999999,-999999,0.259,-999999,-999999,-999999,-999999,-999999,1.9;43.810,43.666,-999999,14.142,-999999,-999999,-999999,-999999,-999999,-999999,-999999,0,9,-999999,-999999,9,-999999,-999999,0.236,-999999,-999999,-999999,-999999,-999999,1.6;43.830,43.685,-999999,15.797,-999999,-999999,-999999,-999999,-999999,-999999,-999999,0,9,-999999,-999999,9,-999999,-999999,0.240,-999999,-999999,-999999,-999999,-999999,1.6;43.850,43.705,-999999,16.698,-999999,-999999,-999999,-999999,-999999,-999999,-999999,0,9,-999999,-999999,9,-999999,-999999,0.243,-999999,-999999,-999999,-999999,-999999,1.6;43.870,43.725,-999999,16.368,-999999,-999999,-999999,-999999,-999999,-999999,-999999,0,9,-999999,-999999,9,-999999,-999999,0.213,-999999,-999999,-999999,-999999,-999999,1.4;43.890,43.745,-999999,15.216,-999999,-999999,-999999,-999999,-999999,-999999,-999999,0,9,-999999,-999999,9,-999999,-999999,0.224,-999999,-999999,-999999,-999999,-999999,1.5;43.910,43.764,-999999,13.731,-999999,-999999,-999999,-999999,-999999,-999999,-999999,0,9,-999999,-999999,9,-999999,-999999,0.235,-999999,-999999,-999999,-999999,-999999,1.7;43.930,43.784,-999999,12.188,-999999,-999999,-999999,-999999,-999999,-999999,-999999,0,9,-999999,-999999,9,-999999,-999999,0.222,-999999,-999999,-999999,-999999,-999999,1.7;43.950,43.804,-999999,10.925,-999999,-999999,-999999,-999999,-999999,-999999,-999999,0,9,-999999,-999999,9,-999999,-999999,0.209,-999999,-999999,-999999,-999999,-999999,1.8;43.970,43.823,-999999,9.969,-999999,-999999,-999999,-999999,-999999,-999999,-999999,0,9,-999999,-999999,9,-999999,-999999,0.199,-999999,-999999,-999999,-999999,-999999,2.0;43.990,43.843,-999999,8.577,-999999,-999999,-999999,-999999,-999999,-999999,-999999,0,9,-999999,-999999,9,-999999,-999999,0.189,-999999,-999999,-999999,-999999,-999999,2.1;44.010,43.863,-999999,7.980,-999999,-999999,-999999,-999999,-999999,-999999,-999999,0,10,-999999,-999999,10,-999999,-999999,0.193,-999999,-999999,-999999,-999999,-999999,2.5;44.030,43.882,-999999,6.142,-999999,-999999,-999999,-999999,-999999,-999999,-999999,0,9,-999999,-999999,9,-999999,-999999,0.207,-999999,-999999,-999999,-999999,-999999,3.1;44.050,43.902,-999999,5.552,-999999,-999999,-999999,-999999,-999999,-999999,-999999,0,9,-999999,-999999,9,-999999,-999999,0.177,-999999,-999999,-999999,-999999,-999999,3.0;44.070,43.922,-999999,4.301,-999999,-999999,-999999,-999999,-999999,-999999,-999999,0,9,-999999,-999999,9,-999999,-999999,0.159,-999999,-999999,-999999,-999999,-999999,3.0;44.090,43.941,-999999,3.647,-999999,-999999,-999999,-999999,-999999,-999999,-999999,0,9,-999999,-999999,9,-999999,-999999,0.136,-999999,-999999,-999999,-999999,-999999,2.8;44.110,43.961,-999999,3.935,-999999,-999999,-999999,-999999,-999999,-999999,-999999,0,9,-999999,-999999,9,-999999,-999999,0.108,-999999,-999999,-999999,-999999,-999999,2.4;44.130,43.981,-999999,4.692,-999999,-999999,-999999,-999999,-999999,-999999,-999999,0,9,-999999,-999999,9,-999999,-999999,0.108,-999999,-999999,-999999,-999999,-999999,2.5;44.150,44.001,-999999,4.965,-999999,-999999,-999999,-999999,-999999,-999999,-999999,0,9,-999999,-999999,9,-999999,-999999,0.120,-999999,-999999,-999999,-999999,-999999,2.8;44.170,44.020,-999999,4.593,-999999,-999999,-999999,-999999,-999999,-999999,-999999,0,10,-999999,-999999,10,-999999,-999999,0.121,-999999,-999999,-999999,-999999,-999999,2.9;44.190,44.040,-999999,3.983,-999999,-999999,-999999,-999999,-999999,-999999,-999999,0,10,-999999,-999999,10,-999999,-999999,0.105,-999999,-999999,-999999,-999999,-999999,2.6;44.210,44.060,-999999,3.233,-999999,-999999,-999999,-999999,-999999,-999999,-999999,0,10,-999999,-999999,10,-999999,-999999,0.105,-999999,-999999,-999999,-999999,-999999,2.6;44.230,44.079,-999999,3.002,-999999,-999999,-999999,-999999,-999999,-999999,-999999,0,10,-999999,-999999,10,-999999,-999999,0.106,-999999,-999999,-999999,-999999,-999999,2.4;44.250,44.099,-999999,3.432,-999999,-999999,-999999,-999999,-999999,-999999,-999999,0,10,-999999,-999999,10,-999999,-999999,0.094,-999999,-999999,-999999,-999999,-999999,1.9;44.270,44.119,-999999,5.103,-999999,-999999,-999999,-999999,-999999,-999999,-999999,0,10,-999999,-999999,10,-999999,-999999,0.092,-999999,-999999,-999999,-999999,-999999,1.6;44.290,44.138,-999999,6.925,-999999,-999999,-999999,-999999,-999999,-999999,-999999,0,10,-999999,-999999,10,-999999,-999999,0.087,-999999,-999999,-999999,-999999,-999999,1.4;44.310,44.158,-999999,8.156,-999999,-999999,-999999,-999999,-999999,-999999,-999999,0,10,-999999,-999999,10,-999999,-999999,0.103,-999999,-999999,-999999,-999999,-999999,1.5;44.330,44.178,-999999,8.638,-999999,-999999,-999999,-999999,-999999,-999999,-999999,0,10,-999999,-999999,10,-999999,-999999,0.128,-999999,-999999,-999999,-999999,-999999,1.7;44.350,44.197,-999999,7.980,-999999,-999999,-999999,-999999,-999999,-999999,-999999,0,10,-999999,-999999,10,-999999,-999999,0.154,-999999,-999999,-999999,-999999,-999999,1.9;44.370,44.217,-999999,7.489,-999999,-999999,-999999,-999999,-999999,-999999,-999999,0,10,-999999,-999999,10,-999999,-999999,0.156,-999999,-999999,-999999,-999999,-999999,1.8;44.390,44.237,-999999,7.630,-999999,-999999,-999999,-999999,-999999,-999999,-999999,0,10,-999999,-999999,10,-999999,-999999,0.165,-999999,-999999,-999999,-999999,-999999,1.8;44.410,44.256,-999999,8.493,-999999,-999999,-999999,-999999,-999999,-999999,-999999,0,10,-999999,-999999,10,-999999,-999999,0.157,-999999,-999999,-999999,-999999,-999999,1.6;44.430,44.276,-999999,10.119,-999999,-999999,-999999,-999999,-999999,-999999,-999999,0,10,-999999,-999999,10,-999999,-999999,0.166,-999999,-999999,-999999,-999999,-999999,1.6;44.450,44.296,-999999,11.393,-999999,-999999,-999999,-999999,-999999,-999999,-999999,0,10,-999999,-999999,10,-999999,-999999,0.169,-999999,-999999,-999999,-999999,-999999,1.5;44.470,44.315,-999999,12.179,-999999,-999999,-999999,-999999,-999999,-999999,-999999,0,10,-999999,-999999,10,-999999,-999999,0.181,-999999,-999999,-999999,-999999,-999999,1.5;44.490,44.335,-999999,13.173,-999999,-999999,-999999,-999999,-999999,-999999,-999999,0,10,-999999,-999999,10,-999999,-999999,0.188,-999999,-999999,-999999,-999999,-999999,1.4;44.510,44.355,-999999,14.132,-999999,-999999,-999999,-999999,-999999,-999999,-999999,0,10,-999999,-999999,10,-999999,-999999,0.200,-999999,-999999,-999999,-999999,-999999,1.5;44.530,44.374,-999999,14.430,-999999,-999999,-999999,-999999,-999999,-999999,-999999,0,10,-999999,-999999,10,-999999,-999999,0.212,-999999,-999999,-999999,-999999,-999999,1.5;44.550,44.394,-999999,13.799,-999999,-999999,-999999,-999999,-999999,-999999,-999999,0,10,-999999,-999999,10,-999999,-999999,0.233,-999999,-999999,-999999,-999999,-999999,1.7;44.570,44.414,-999999,12.753,-999999,-999999,-999999,-999999,-999999,-999999,-999999,0,10,-999999,-999999,10,-999999,-999999,0.214,-999999,-999999,-999999,-999999,-999999,1.5;44.590,44.433,-999999,12.766,-999999,-999999,-999999,-999999,-999999,-999999,-999999,0,10,-999999,-999999,10,-999999,-999999,0.203,-999999,-999999,-999999,-999999,-999999,1.4;44.610,44.453,-999999,12.782,-999999,-999999,-999999,-999999,-999999,-999999,-999999,0,10,-999999,-999999,10,-999999,-999999,0.207,-999999,-999999,-999999,-999999,-999999,1.5;44.630,44.473,-999999,14.293,-999999,-999999,-999999,-999999,-999999,-999999,-999999,0,10,-999999,-999999,10,-999999,-999999,0.267,-999999,-999999,-999999,-999999,-999999,1.9;44.650,44.492,-999999,15.223,-999999,-999999,-999999,-999999,-999999,-999999,-999999,0,10,-999999,-999999,10,-999999,-999999,0.262,-999999,-999999,-999999,-999999,-999999,1.9;44.670,44.512,-999999,14.334,-999999,-999999,-999999,-999999,-999999,-999999,-999999,0,10,-999999,-999999,10,-999999,-999999,0.257,-999999,-999999,-999999,-999999,-999999,2.0;44.690,44.532,-999999,12.567,-999999,-999999,-999999,-999999,-999999,-999999,-999999,0,10,-999999,-999999,10,-999999,-999999,0.280,-999999,-999999,-999999,-999999,-999999,2.2;44.710,44.551,-999999,10.803,-999999,-999999,-999999,-999999,-999999,-999999,-999999,0,10,-999999,-999999,10,-999999,-999999,0.293,-999999,-999999,-999999,-999999,-999999,2.5;44.730,44.571,-999999,9.520,-999999,-999999,-999999,-999999,-999999,-999999,-999999,0,10,-999999,-999999,10,-999999,-999999,0.279,-999999,-999999,-999999,-999999,-999999,2.6;44.750,44.591,-999999,8.827,-999999,-999999,-999999,-999999,-999999,-999999,-999999,0,10,-999999,-999999,10,-999999,-999999,0.266,-999999,-999999,-999999,-999999,-999999,2.6;44.770,44.610,-999999,8.849,-999999,-999999,-999999,-999999,-999999,-999999,-999999,0,10,-999999,-999999,10,-999999,-999999,0.269,-999999,-999999,-999999,-999999,-999999,2.6;44.790,44.630,-999999,9.244,-999999,-999999,-999999,-999999,-999999,-999999,-999999,0,10,-999999,-999999,10,-999999,-999999,0.304,-999999,-999999,-999999,-999999,-999999,2.9;44.810,44.650,-999999,11.406,-999999,-999999,-999999,-999999,-999999,-999999,-999999,0,10,-999999,-999999,10,-999999,-999999,0.233,-999999,-999999,-999999,-999999,-999999,2.2;44.830,44.669,-999999,12.041,-999999,-999999,-999999,-999999,-999999,-999999,-999999,0,10,-999999,-999999,10,-999999,-999999,0.206,-999999,-999999,-999999,-999999,-999999,1.9;44.850,44.689,-999999,11.903,-999999,-999999,-999999,-999999,-999999,-999999,-999999,0,10,-999999,-999999,10,-999999,-999999,0.198,-999999,-999999,-999999,-999999,-999999,1.9;44.870,44.709,-999999,10.116,-999999,-999999,-999999,-999999,-999999,-999999,-999999,0,10,-999999,-999999,10,-999999,-999999,0.204,-999999,-999999,-999999,-999999,-999999,2.0;44.890,44.728,-999999,9.478,-999999,-999999,-999999,-999999,-999999,-999999,-999999,0,10,-999999,-999999,10,-999999,-999999,0.194,-999999,-999999,-999999,-999999,-999999,2.0;44.910,44.748,-999999,8.496,-999999,-999999,-999999,-999999,-999999,-999999,-999999,0,10,-999999,-999999,10,-999999,-999999,0.166,-999999,-999999,-999999,-999999,-999999,1.8;44.930,44.768,-999999,7.807,-999999,-999999,-999999,-999999,-999999,-999999,-999999,0,10,-999999,-999999,10,-999999,-999999,0.171,-999999,-999999,-999999,-999999,-999999,1.9;44.950,44.787,-999999,7.720,-999999,-999999,-999999,-999999,-999999,-999999,-999999,0,10,-999999,-999999,10,-999999,-999999,0.176,-999999,-999999,-999999,-999999,-999999,2.0;44.970,44.807,-999999,7.929,-999999,-999999,-999999,-999999,-999999,-999999,-999999,0,10,-999999,-999999,10,-999999,-999999,0.184,-999999,-999999,-999999,-999999,-999999,2.1;44.990,44.827,-999999,8.602,-999999,-999999,-999999,-999999,-999999,-999999,-999999,0,10,-999999,-999999,10,-999999,-999999,0.198,-999999,-999999,-999999,-999999,-999999,2.3;45.010,44.846,-999999,9.006,-999999,-999999,-999999,-999999,-999999,-999999,-999999,0,10,-999999,-999999,10,-999999,-999999,0.198,-999999,-999999,-999999,-999999,-999999,2.2;45.030,44.866,-999999,9.545,-999999,-999999,-999999,-999999,-999999,-999999,-999999,0,10,-999999,-999999,10,-999999,-999999,0.188,-999999,-999999,-999999,-999999,-999999,2.1;45.050,44.886,-999999,9.423,-999999,-999999,-999999,-999999,-999999,-999999,-999999,0,10,-999999,-999999,10,-999999,-999999,0.156,-999999,-999999,-999999,-999999,-999999,1.8;45.070,44.905,-999999,8.910,-999999,-999999,-999999,-999999,-999999,-999999,-999999,0,10,-999999,-999999,10,-999999,-999999,0.146,-999999,-999999,-999999,-999999,-999999,1.7;45.090,44.925,-999999,8.089,-999999,-999999,-999999,-999999,-999999,-999999,-999999,0,10,-999999,-999999,10,-999999,-999999,0.144,-999999,-999999,-999999,-999999,-999999,1.9;45.110,44.944,-999999,6.845,-999999,-999999,-999999,-999999,-999999,-999999,-999999,0,10,-999999,-999999,10,-999999,-999999,0.170,-999999,-999999,-999999,-999999,-999999,2.5;45.130,44.964,-999999,5.347,-999999,-999999,-999999,-999999,-999999,-999999,-999999,0,10,-999999,-999999,10,-999999,-999999,0.186,-999999,-999999,-999999,-999999,-999999,3.1;45.150,44.984,-999999,4.644,-999999,-999999,-999999,-999999,-999999,-999999,-999999,0,10,-999999,-999999,10,-999999,-999999,0.189,-999999,-999999,-999999,-999999,-999999,3.6;45.170,45.003,-999999,4.112,-999999,-999999,-999999,-999999,-999999,-999999,-999999,0,10,-999999,-999999,10,-999999,-999999,0.183,-999999,-999999,-999999,-999999,-999999,3.9;45.190,45.023,-999999,3.351,-999999,-999999,-999999,-999999,-999999,-999999,-999999,0,10,-999999,-999999,10,-999999,-999999,0.168,-999999,-999999,-999999,-999999,-999999,3.7;45.210,45.043,-999999,3.647,-999999,-999999,-999999,-999999,-999999,-999999,-999999,0,10,-999999,-999999,10,-999999,-999999,0.134,-999999,-999999,-999999,-999999,-999999,2.7;45.230,45.062,-999999,4.484,-999999,-999999,-999999,-999999,-999999,-999999,-999999,0,10,-999999,-999999,10,-999999,-999999,0.124,-999999,-999999,-999999,-999999,-999999,2.2;45.250,45.082,-999999,6.001,-999999,-999999,-999999,-999999,-999999,-999999,-999999,0,10,-999999,-999999,10,-999999,-999999,0.112,-999999,-999999,-999999,-999999,-999999,1.6;45.270,45.102,-999999,7.897,-999999,-999999,-999999,-999999,-999999,-999999,-999999,0,10,-999999,-999999,10,-999999,-999999,0.114,-999999,-999999,-999999,-999999,-999999,1.4;45.290,45.121,-999999,9.898,-999999,-999999,-999999,-999999,-999999,-999999,-999999,0,11,-999999,-999999,11,-999999,-999999,0.106,-999999,-999999,-999999,-999999,-999999,1.2;45.310,45.141,-999999,10.963,-999999,-999999,-999999,-999999,-999999,-999999,-999999,0,11,-999999,-999999,11,-999999,-999999,0.107,-999999,-999999,-999999,-999999,-999999,1.1;45.330,45.160,-999999,10.941,-999999,-999999,-999999,-999999,-999999,-999999,-999999,0,11,-999999,-999999,11,-999999,-999999,0.107,-999999,-999999,-999999,-999999,-999999,1.0;45.350,45.180,-999999,10.626,-999999,-999999,-999999,-999999,-999999,-999999,-999999,0,10,-999999,-999999,10,-999999,-999999,0.130,-999999,-999999,-999999,-999999,-999999,1.3;45.370,45.200,-999999,9.767,-999999,-999999,-999999,-999999,-999999,-999999,-999999,0,10,-999999,-999999,10,-999999,-999999,0.171,-999999,-999999,-999999,-999999,-999999,1.7;45.390,45.219,-999999,8.753,-999999,-999999,-999999,-999999,-999999,-999999,-999999,0,11,-999999,-999999,11,-999999,-999999,0.169,-999999,-999999,-999999,-999999,-999999,1.8;45.410,45.239,-999999,8.131,-999999,-999999,-999999,-999999,-999999,-999999,-999999,0,11,-999999,-999999,11,-999999,-999999,0.177,-999999,-999999,-999999,-999999,-999999,1.9;45.430,45.259,-999999,8.009,-999999,-999999,-999999,-999999,-999999,-999999,-999999,0,11,-999999,-999999,11,-999999,-999999,0.188,-999999,-999999,-999999,-999999,-999999,2.0;45.450,45.278,-999999,8.968,-999999,-999999,-999999,-999999,-999999,-999999,-999999,0,11,-999999,-999999,11,-999999,-999999,0.173,-999999,-999999,-999999,-999999,-999999,1.8;45.470,45.298,-999999,10.447,-999999,-999999,-999999,-999999,-999999,-999999,-999999,0,11,-999999,-999999,11,-999999,-999999,0.173,-999999,-999999,-999999,-999999,-999999,1.7;45.490,45.318,-999999,11.101,-999999,-999999,-999999,-999999,-999999,-999999,-999999,0,11,-999999,-999999,11,-999999,-999999,0.181,-999999,-999999,-999999,-999999,-999999,1.6;45.510,45.337,-999999,11.524,-999999,-999999,-999999,-999999,-999999,-999999,-999999,0,11,-999999,-999999,11,-999999,-999999,0.185,-999999,-999999,-999999,-999999,-999999,1.6;45.530,45.357,-999999,12.108,-999999,-999999,-999999,-999999,-999999,-999999,-999999,0,11,-999999,-999999,11,-999999,-999999,0.168,-999999,-999999,-999999,-999999,-999999,1.4;45.550,45.376,-999999,12.657,-999999,-999999,-999999,-999999,-999999,-999999,-999999,0,11,-999999,-999999,11,-999999,-999999,0.138,-999999,-999999,-999999,-999999,-999999,1.1;45.570,45.396,-999999,12.910,-999999,-999999,-999999,-999999,-999999,-999999,-999999,0,11,-999999,-999999,11,-999999,-999999,0.123,-999999,-999999,-999999,-999999,-999999,0.9;45.590,45.416,-999999,12.920,-999999,-999999,-999999,-999999,-999999,-999999,-999999,0,11,-999999,-999999,11,-999999,-999999,0.117,-999999,-999999,-999999,-999999,-999999,0.9;45.610,45.435,-999999,12.532,-999999,-999999,-999999,-999999,-999999,-999999,-999999,0,11,-999999,-999999,11,-999999,-999999,0.123,-999999,-999999,-999999,-999999,-999999,1.0;45.630,45.455,-999999,11.739,-999999,-999999,-999999,-999999,-999999,-999999,-999999,0,11,-999999,-999999,11,-999999,-999999,0.134,-999999,-999999,-999999,-999999,-999999,1.1;45.650,45.475,-999999,10.633,-999999,-999999,-999999,-999999,-999999,-999999,-999999,0,11,-999999,-999999,11,-999999,-999999,0.146,-999999,-999999,-999999,-999999,-999999,1.4;45.670,45.494,-999999,9.484,-999999,-999999,-999999,-999999,-999999,-999999,-999999,0,11,-999999,-999999,11,-999999,-999999,0.177,-999999,-999999,-999999,-999999,-999999,1.8;45.690,45.514,-999999,8.618,-999999,-999999,-999999,-999999,-999999,-999999,-999999,0,11,-999999,-999999,11,-999999,-999999,0.180,-999999,-999999,-999999,-999999,-999999,2.1;45.710,45.533,-999999,7.489,-999999,-999999,-999999,-999999,-999999,-999999,-999999,0,11,-999999,-999999,11,-999999,-999999,0.182,-999999,-999999,-999999,-999999,-999999,2.4;45.730,45.553,-999999,6.158,-999999,-999999,-999999,-999999,-999999,-999999,-999999,0,11,-999999,-999999,11,-999999,-999999,0.178,-999999,-999999,-999999,-999999,-999999,2.8;45.750,45.573,-999999,5.144,-999999,-999999,-999999,-999999,-999999,-999999,-999999,0,11,-999999,-999999,11,-999999,-999999,0.195,-999999,-999999,-999999,-999999,-999999,3.6;45.770,45.592,-999999,4.237,-999999,-999999,-999999,-999999,-999999,-999999,-999999,0,11,-999999,-999999,11,-999999,-999999,0.181,-999999,-999999,-999999,-999999,-999999,4.0;45.790,45.612,-999999,3.242,-999999,-999999,-999999,-999999,-999999,-999999,-999999,0,11,-999999,-999999,11,-999999,-999999,0.161,-999999,-999999,-999999,-999999,-999999,4.2;45.810,45.631,-999999,2.723,-999999,-999999,-999999,-999999,-999999,-999999,-999999,0,11,-999999,-999999,11,-999999,-999999,0.121,-999999,-999999,-999999,-999999,-999999,3.6;45.830,45.651,-999999,2.652,-999999,-999999,-999999,-999999,-999999,-999999,-999999,0,11,-999999,-999999,11,-999999,-999999,0.098,-999999,-999999,-999999,-999999,-999999,3.2;45.850,45.671,-999999,2.707,-999999,-999999,-999999,-999999,-999999,-999999,-999999,0,11,-999999,-999999,11,-999999,-999999,0.101,-999999,-999999,-999999,-999999,-999999,3.4;45.870,45.690,-999999,2.800,-999999,-999999,-999999,-999999,-999999,-999999,-999999,0,11,-999999,-999999,11,-999999,-999999,0.078,-999999,-999999,-999999,-999999,-999999,2.6;45.890,45.710,-999999,2.902,-999999,-999999,-999999,-999999,-999999,-999999,-999999,0,11,-999999,-999999,11,-999999,-999999,0.067,-999999,-999999,-999999,-999999,-999999,2.0;45.910,45.730,-999999,3.294,-999999,-999999,-999999,-999999,-999999,-999999,-999999,0,11,-999999,-999999,11,-999999,-999999,0.066,-999999,-999999,-999999,-999999,-999999,1.7;45.930,45.749,-999999,3.675,-999999,-999999,-999999,-999999,-999999,-999999,-999999,0,11,-999999,-999999,11,-999999,-999999,0.064,-999999,-999999,-999999,-999999,-999999,1.5;45.950,45.769,-999999,5.051,-999999,-999999,-999999,-999999,-999999,-999999,-999999,0,11,-999999,-999999,11,-999999,-999999,0.081,-999999,-999999,-999999,-999999,-999999,1.9;45.970,45.788,-999999,5.411,-999999,-999999,-999999,-999999,-999999,-999999,-999999,0,11,-999999,-999999,11,-999999,-999999,0.079,-999999,-999999,-999999,-999999,-999999,1.7;45.990,45.808,-999999,5.331,-999999,-999999,-999999,-999999,-999999,-999999,-999999,0,11,-999999,-999999,11,-999999,-999999,0.095,-999999,-999999,-999999,-999999,-999999,2.1;46.010,45.828,-999999,4.327,-999999,-999999,-999999,-999999,-999999,-999999,-999999,0,11,-999999,-999999,11,-999999,-999999,0.093,-999999,-999999,-999999,-999999,-999999,2.1;46.030,45.847,-999999,3.842,-999999,-999999,-999999,-999999,-999999,-999999,-999999,0,11,-999999,-999999,11,-999999,-999999,0.085,-999999,-999999,-999999,-999999,-999999,2.0;46.050,45.867,-999999,3.695,-999999,-999999,-999999,-999999,-999999,-999999,-999999,0,11,-999999,-999999,11,-999999,-999999,0.099,-999999,-999999,-999999,-999999,-999999,2.5;46.070,45.886,-999999,3.509,-999999,-999999,-999999,-999999,-999999,-999999,-999999,0,11,-999999,-999999,11,-999999,-999999,0.102,-999999,-999999,-999999,-999999,-999999,2.8;46.090,45.906,-999999,3.384,-999999,-999999,-999999,-999999,-999999,-999999,-999999,0,11,-999999,-999999,11,-999999,-999999,0.105,-999999,-999999,-999999,-999999,-999999,2.9;46.110,45.926,-999999,3.339,-999999,-999999,-999999,-999999,-999999,-999999,-999999,0,11,-999999,-999999,11,-999999,-999999,0.082,-999999,-999999,-999999,-999999,-999999,2.2;46.130,45.945,-999999,3.323,-999999,-999999,-999999,-999999,-999999,-999999,-999999,0,11,-999999,-999999,11,-999999,-999999,0.079,-999999,-999999,-999999,-999999,-999999,1.9;46.150,45.965,-999999,4.211,-999999,-999999,-999999,-999999,-999999,-999999,-999999,0,11,-999999,-999999,11,-999999,-999999,0.078,-999999,-999999,-999999,-999999,-999999,1.8;46.170,45.984,-999999,4.740,-999999,-999999,-999999,-999999,-999999,-999999,-999999,0,11,-999999,-999999,11,-999999,-999999,0.078,-999999,-999999,-999999,-999999,-999999,1.6;46.190,46.004,-999999,5.664,-999999,-999999,-999999,-999999,-999999,-999999,-999999,0,11,-999999,-999999,11,-999999,-999999,0.110,-999999,-999999,-999999,-999999,-999999,2.1;46.210,46.024,-999999,5.738,-999999,-999999,-999999,-999999,-999999,-999999,-999999,0,11,-999999,-999999,11,-999999,-999999,0.107,-999999,-999999,-999999,-999999,-999999,1.9;46.230,46.043,-999999,5.671,-999999,-999999,-999999,-999999,-999999,-999999,-999999,0,11,-999999,-999999,11,-999999,-999999,0.086,-999999,-999999,-999999,-999999,-999999,1.4;46.250,46.063,-999999,6.007,-999999,-999999,-999999,-999999,-999999,-999999,-999999,0,11,-999999,-999999,11,-999999,-999999,0.091,-999999,-999999,-999999,-999999,-999999,1.4;46.270,46.082,-999999,6.745,-999999,-999999,-999999,-999999,-999999,-999999,-999999,0,11,-999999,-999999,11,-999999,-999999,0.107,-999999,-999999,-999999,-999999,-999999,1.6;46.290,46.102,-999999,7.832,-999999,-999999,-999999,-999999,-999999,-999999,-999999,0,11,-999999,-999999,11,-999999,-999999,0.128,-999999,-999999,-999999,-999999,-999999,1.9;46.310,46.122,-999999,7.868,-999999,-999999,-999999,-999999,-999999,-999999,-999999,0,11,-999999,-999999,11,-999999,-999999,0.141,-999999,-999999,-999999,-999999,-999999,2.1;46.330,46.141,-999999,6.845,-999999,-999999,-999999,-999999,-999999,-999999,-999999,0,11,-999999,-999999,11,-999999,-999999,0.129,-999999,-999999,-999999,-999999,-999999,2.0;46.350,46.161,-999999,5.626,-999999,-999999,-999999,-999999,-999999,-999999,-999999,0,11,-999999,-999999,11,-999999,-999999,0.108,-999999,-999999,-999999,-999999,-999999,1.9;46.370,46.180,-999999,4.711,-999999,-999999,-999999,-999999,-999999,-999999,-999999,0,11,-999999,-999999,11,-999999,-999999,0.111,-999999,-999999,-999999,-999999,-999999,2.2;46.390,46.200,-999999,3.650,-999999,-999999,-999999,-999999,-999999,-999999,-999999,0,11,-999999,-999999,11,-999999,-999999,0.114,-999999,-999999,-999999,-999999,-999999,2.7;46.410,46.220,-999999,3.076,-999999,-999999,-999999,-999999,-999999,-999999,-999999,0,11,-999999,-999999,11,-999999,-999999,0.104,-999999,-999999,-999999,-999999,-999999,2.8;46.430,46.239,-999999,2.861,-999999,-999999,-999999,-999999,-999999,-999999,-999999,0,11,-999999,-999999,11,-999999,-999999,0.096,-999999,-999999,-999999,-999999,-999999,3.0;46.450,46.259,-999999,2.771,-999999,-999999,-999999,-999999,-999999,-999999,-999999,0,11,-999999,-999999,11,-999999,-999999,0.087,-999999,-999999,-999999,-999999,-999999,2.9;46.470,46.278,-999999,2.649,-999999,-999999,-999999,-999999,-999999,-999999,-999999,0,11,-999999,-999999,11,-999999,-999999,0.075,-999999,-999999,-999999,-999999,-999999,2.6;46.490,46.298,-999999,2.732,-999999,-999999,-999999,-999999,-999999,-999999,-999999,0,11,-999999,-999999,11,-999999,-999999,0.073,-999999,-999999,-999999,-999999,-999999,2.5;46.510,46.317,-999999,2.963,-999999,-999999,-999999,-999999,-999999,-999999,-999999,0,11,-999999,-999999,11,-999999,-999999,0.071,-999999,-999999,-999999,-999999,-999999,2.4;46.530,46.337,-999999,3.162,-999999,-999999,-999999,-999999,-999999,-999999,-999999,0,11,-999999,-999999,11,-999999,-999999,0.078,-999999,-999999,-999999,-999999,-999999,2.6;46.550,46.357,-999999,3.178,-999999,-999999,-999999,-999999,-999999,-999999,-999999,0,11,-999999,-999999,11,-999999,-999999,0.068,-999999,-999999,-999999,-999999,-999999,2.2;46.570,46.376,-999999,3.153,-999999,-999999,-999999,-999999,-999999,-999999,-999999,0,11,-999999,-999999,11,-999999,-999999,0.070,-999999,-999999,-999999,-999999,-999999,2.2;46.590,46.396,-999999,3.127,-999999,-999999,-999999,-999999,-999999,-999999,-999999,0,11,-999999,-999999,11,-999999,-999999,0.068,-999999,-999999,-999999,-999999,-999999,2.1;46.610,46.415,-999999,3.278,-999999,-999999,-999999,-999999,-999999,-999999,-999999,0,11,-999999,-999999,11,-999999,-999999,0.071,-999999,-999999,-999999,-999999,-999999,2.2;46.630,46.435,-999999,3.204,-999999,-999999,-999999,-999999,-999999,-999999,-999999,0,11,-999999,-999999,11,-999999,-999999,0.073,-999999,-999999,-999999,-999999,-999999,2.3;46.650,46.455,-999999,3.072,-999999,-999999,-999999,-999999,-999999,-999999,-999999,0,11,-999999,-999999,11,-999999,-999999,0.075,-999999,-999999,-999999,-999999,-999999,2.3;46.670,46.474,-999999,3.146,-999999,-999999,-999999,-999999,-999999,-999999,-999999,0,11,-999999,-999999,11,-999999,-999999,0.077,-999999,-999999,-999999,-999999,-999999,2.4;46.690,46.494,-999999,3.111,-999999,-999999,-999999,-999999,-999999,-999999,-999999,0,11,-999999,-999999,11,-999999,-999999,0.061,-999999,-999999,-999999,-999999,-999999,1.8;46.710,46.513,-999999,3.120,-999999,-999999,-999999,-999999,-999999,-999999,-999999,0,11,-999999,-999999,11,-999999,-999999,0.064,-999999,-999999,-999999,-999999,-999999,1.7;46.730,46.533,-999999,3.419,-999999,-999999,-999999,-999999,-999999,-999999,-999999,0,11,-999999,-999999,11,-999999,-999999,0.071,-999999,-999999,-999999,-999999,-999999,1.7;46.750,46.552,-999999,4.291,-999999,-999999,-999999,-999999,-999999,-999999,-999999,0,11,-999999,-999999,11,-999999,-999999,0.075,-999999,-999999,-999999,-999999,-999999,1.6;46.770,46.572,-999999,5.388,-999999,-999999,-999999,-999999,-999999,-999999,-999999,0,11,-999999,-999999,11,-999999,-999999,0.067,-999999,-999999,-999999,-999999,-999999,1.3;46.790,46.592,-999999,6.136,-999999,-999999,-999999,-999999,-999999,-999999,-999999,0,11,-999999,-999999,11,-999999,-999999,0.083,-999999,-999999,-999999,-999999,-999999,1.6;46.810,46.611,-999999,6.347,-999999,-999999,-999999,-999999,-999999,-999999,-999999,0,11,-999999,-999999,11,-999999,-999999,0.103,-999999,-999999,-999999,-999999,-999999,1.9;46.830,46.631,-999999,5.648,-999999,-999999,-999999,-999999,-999999,-999999,-999999,0,11,-999999,-999999,11,-999999,-999999,0.110,-999999,-999999,-999999,-999999,-999999,2.1;46.850,46.650,-999999,4.894,-999999,-999999,-999999,-999999,-999999,-999999,-999999,0,11,-999999,-999999,11,-999999,-999999,0.115,-999999,-999999,-999999,-999999,-999999,2.2;46.870,46.670,-999999,4.243,-999999,-999999,-999999,-999999,-999999,-999999,-999999,0,11,-999999,-999999,11,-999999,-999999,0.112,-999999,-999999,-999999,-999999,-999999,2.2;46.890,46.689,-999999,3.961,-999999,-999999,-999999,-999999,-999999,-999999,-999999,0,11,-999999,-999999,11,-999999,-999999,0.109,-999999,-999999,-999999,-999999,-999999,2.2;46.910,46.709,-999999,4.493,-999999,-999999,-999999,-999999,-999999,-999999,-999999,1,11,-999999,-999999,12,-999999,-999999,0.113,-999999,-999999,-999999,-999999,-999999,2.3;46.930,46.729,-999999,5.096,-999999,-999999,-999999,-999999,-999999,-999999,-999999,1,11,-999999,-999999,11,-999999,-999999,0.117,-999999,-999999,-999999,-999999,-999999,2.4;46.950,46.748,-999999,5.468,-999999,-999999,-999999,-999999,-999999,-999999,-999999,0,11,-999999,-999999,11,-999999,-999999,0.139,-999999,-999999,-999999,-999999,-999999,2.9;46.970,46.768,-999999,5.231,-999999,-999999,-999999,-999999,-999999,-999999,-999999,0,11,-999999,-999999,12,-999999,-999999,0.139,-999999,-999999,-999999,-999999,-999999,3.0;46.990,46.787,-999999,4.570,-999999,-999999,-999999,-999999,-999999,-999999,-999999,0,11,-999999,-999999,12,-999999,-999999,0.129,-999999,-999999,-999999,-999999,-999999,2.9;47.010,46.807,-999999,3.842,-999999,-999999,-999999,-999999,-999999,-999999,-999999,0,11,-999999,-999999,12,-999999,-999999,0.130,-999999,-999999,-999999,-999999,-999999,3.1;47.030,46.826,-999999,3.329,-999999,-999999,-999999,-999999,-999999,-999999,-999999,0,11,-999999,-999999,12,-999999,-999999,0.131,-999999,-999999,-999999,-999999,-999999,3.3;47.050,46.846,-999999,3.255,-999999,-999999,-999999,-999999,-999999,-999999,-999999,0,11,-999999,-999999,12,-999999,-999999,0.126,-999999,-999999,-999999,-999999,-999999,3.2;47.070,46.866,-999999,3.355,-999999,-999999,-999999,-999999,-999999,-999999,-999999,0,11,-999999,-999999,12,-999999,-999999,0.106,-999999,-999999,-999999,-999999,-999999,2.6;47.090,46.885,-999999,3.961,-999999,-999999,-999999,-999999,-999999,-999999,-999999,1,11,-999999,-999999,12,-999999,-999999,0.107,-999999,-999999,-999999,-999999,-999999,2.3;47.110,46.905,-999999,4.869,-999999,-999999,-999999,-999999,-999999,-999999,-999999,0,12,-999999,-999999,12,-999999,-999999,0.108,-999999,-999999,-999999,-999999,-999999,2.1;47.130,46.924,-999999,5.767,-999999,-999999,-999999,-999999,-999999,-999999,-999999,0,12,-999999,-999999,12,-999999,-999999,0.114,-999999,-999999,-999999,-999999,-999999,1.9;47.150,46.944,-999999,6.915,-999999,-999999,-999999,-999999,-999999,-999999,-999999,1,12,-999999,-999999,12,-999999,-999999,0.129,-999999,-999999,-999999,-999999,-999999,1.9;47.170,46.963,-999999,7.422,-999999,-999999,-999999,-999999,-999999,-999999,-999999,1,12,-999999,-999999,12,-999999,-999999,0.132,-999999,-999999,-999999,-999999,-999999,1.8;47.190,46.983,-999999,8.031,-999999,-999999,-999999,-999999,-999999,-999999,-999999,1,12,-999999,-999999,12,-999999,-999999,0.123,-999999,-999999,-999999,-999999,-999999,1.6;47.210,47.002,-999999,8.442,-999999,-999999,-999999,-999999,-999999,-999999,-999999,1,12,-999999,-999999,12,-999999,-999999,0.126,-999999,-999999,-999999,-999999,-999999,1.5;47.230,47.022,-999999,8.429,-999999,-999999,-999999,-999999,-999999,-999999,-999999,0,12,-999999,-999999,12,-999999,-999999,0.148,-999999,-999999,-999999,-999999,-999999,1.7;47.250,47.042,-999999,8.439,-999999,-999999,-999999,-999999,-999999,-999999,-999999,1,12,-999999,-999999,12,-999999,-999999,0.162,-999999,-999999,-999999,-999999,-999999,1.9;47.270,47.061,-999999,8.583,-999999,-999999,-999999,-999999,-999999,-999999,-999999,1,12,-999999,-999999,12,-999999,-999999,0.164,-999999,-999999,-999999,-999999,-999999,1.8;47.290,47.081,-999999,8.817,-999999,-999999,-999999,-999999,-999999,-999999,-999999,1,12,-999999,-999999,12,-999999,-999999,0.178,-999999,-999999,-999999,-999999,-999999,2.0;47.310,47.100,-999999,9.083,-999999,-999999,-999999,-999999,-999999,-999999,-999999,0,12,-999999,-999999,12,-999999,-999999,0.175,-999999,-999999,-999999,-999999,-999999,2.0;47.330,47.120,-999999,9.478,-999999,-999999,-999999,-999999,-999999,-999999,-999999,1,12,-999999,-999999,12,-999999,-999999,0.173,-999999,-999999,-999999,-999999,-999999,2.0;47.350,47.139,-999999,9.132,-999999,-999999,-999999,-999999,-999999,-999999,-999999,0,12,-999999,-999999,12,-999999,-999999,0.185,-999999,-999999,-999999,-999999,-999999,2.2;47.370,47.159,-999999,7.836,-999999,-999999,-999999,-999999,-999999,-999999,-999999,1,12,-999999,-999999,12,-999999,-999999,0.157,-999999,-999999,-999999,-999999,-999999,2.0;47.390,47.178,-999999,6.864,-999999,-999999,-999999,-999999,-999999,-999999,-999999,0,12,-999999,-999999,12,-999999,-999999,0.159,-999999,-999999,-999999,-999999,-999999,2.2;47.410,47.198,-999999,5.889,-999999,-999999,-999999,-999999,-999999,-999999,-999999,0,12,-999999,-999999,12,-999999,-999999,0.162,-999999,-999999,-999999,-999999,-999999,2.6;47.430,47.217,-999999,5.035,-999999,-999999,-999999,-999999,-999999,-999999,-999999,0,12,-999999,-999999,12,-999999,-999999,0.148,-999999,-999999,-999999,-999999,-999999,2.7;47.450,47.237,-999999,4.394,-999999,-999999,-999999,-999999,-999999,-999999,-999999,0,12,-999999,-999999,12,-999999,-999999,0.144,-999999,-999999,-999999,-999999,-999999,3.0;47.470,47.256,-999999,3.977,-999999,-999999,-999999,-999999,-999999,-999999,-999999,0,12,-999999,-999999,12,-999999,-999999,0.038,-999999,-999999,-999999,-999999,-999999,0.9;47.490,47.276,-999999,3.682,-999999,-999999,-999999,-999999,-999999,-999999,-999999,0,12,-999999,-999999,12,-999999,-999999,0.029,-999999,-999999,-999999,-999999,-999999,0.7;47.510,47.296,-999999,3.631,-999999,-999999,-999999,-999999,-999999,-999999,-999999,0,12,-999999,-999999,12,-999999,-999999,0.027,-999999,-999999,-999999,-999999,-999999,0.7;47.530,47.315,-999999,3.464,-999999,-999999,-999999,-999999,-999999,-999999,-999999,0,12,-999999,-999999,12,-999999,-999999,0.025,-999999,-999999,-999999,-999999,-999999,0.7;47.550,47.335,-999999,3.024,-999999,-999999,-999999,-999999,-999999,-999999,-999999,0,13,-999999,-999999,13,-999999,-999999,0.027,-999999,-999999,-999999,-999999,-999999,0.7;47.570,47.354,-999999,3.284,-999999,-999999,-999999,-999999,-999999,-999999,-999999,0,13,-999999,-999999,13,-999999,-999999,0.033,-999999,-999999,-999999,-999999,-999999,0.9;47.590,47.373,-999999,3.416,-999999,-999999,-999999,-999999,-999999,-999999,-999999,0,13,-999999,-999999,13,-999999,-999999,0.041,-999999,-999999,-999999,-999999,-999999,1.2;47.610,47.393,-999999,3.496,-999999,-999999,-999999,-999999,-999999,-999999,-999999,0,13,-999999,-999999,13,-999999,-999999,0.053,-999999,-999999,-999999,-999999,-999999,1.5;47.630,47.412,-999999,3.470,-999999,-999999,-999999,-999999,-999999,-999999,-999999,0,13,-999999,-999999,13,-999999,-999999,0.065,-999999,-999999,-999999,-999999,-999999,1.9;47.650,47.432,-999999,3.438,-999999,-999999,-999999,-999999,-999999,-999999,-999999,0,13,-999999,-999999,13,-999999,-999999,0.076,-999999,-999999,-999999,-999999,-999999,2.2;47.670,47.451,-999999,3.483,-999999,-999999,-999999,-999999,-999999,-999999,-999999,0,13,-999999,-999999,13,-999999,-999999,0.091,-999999,-999999,-999999,-999999,-999999,2.6;47.690,47.471,-999999,3.371,-999999,-999999,-999999,-999999,-999999,-999999,-999999,0,13,-999999,-999999,13,-999999,-999999,0.104,-999999,-999999,-999999,-999999,-999999,3.0;47.710,47.490,-999999,3.316,-999999,-999999,-999999,-999999,-999999,-999999,-999999,0,13,-999999,-999999,13,-999999,-999999,0.112,-999999,-999999,-999999,-999999,-999999,3.2;47.730,47.510,-999999,3.390,-999999,-999999,-999999,-999999,-999999,-999999,-999999,0,13,-999999,-999999,13,-999999,-999999,0.114,-999999,-999999,-999999,-999999,-999999,3.3;47.750,47.529,-999999,3.393,-999999,-999999,-999999,-999999,-999999,-999999,-999999,0,13,-999999,-999999,13,-999999,-999999,0.120,-999999,-999999,-999999,-999999,-999999,3.5;47.770,47.549,-999999,3.432,-999999,-999999,-999999,-999999,-999999,-999999,-999999,0,13,-999999,-999999,13,-999999,-999999,0.121,-999999,-999999,-999999,-999999,-999999,3.5;47.790,47.568,-999999,3.483,-999999,-999999,-999999,-999999,-999999,-999999,-999999,0,13,-999999,-999999,13,-999999,-999999,0.116,-999999,-999999,-999999,-999999,-999999,3.3;47.810,47.588,-999999,3.537,-999999,-999999,-999999,-999999,-999999,-999999,-999999,0,13,-999999,-999999,13,-999999,-999999,0.113,-999999,-999999,-999999,-999999,-999999,3.2;47.830,47.607,-999999,3.464,-999999,-999999,-999999,-999999,-999999,-999999,-999999,0,13,-999999,-999999,13,-999999,-999999,0.110,-999999,-999999,-999999,-999999,-999999,3.1;47.850,47.626,-999999,3.457,-999999,-999999,-999999,-999999,-999999,-999999,-999999,0,13,-999999,-999999,13,-999999,-999999,0.107,-999999,-999999,-999999,-999999,-999999,3.1;47.870,47.646,-999999,3.409,-999999,-999999,-999999,-999999,-999999,-999999,-999999,0,13,-999999,-999999,13,-999999,-999999,0.106,-999999,-999999,-999999,-999999,-999999,3.1;47.890,47.665,-999999,3.409,-999999,-999999,-999999,-999999,-999999,-999999,-999999,0,13,-999999,-999999,13,-999999,-999999,0.107,-999999,-999999,-999999,-999999,-999999,3.1;47.910,47.685,-999999,3.419,-999999,-999999,-999999,-999999,-999999,-999999,-999999,0,13,-999999,-999999,13,-999999,-999999,0.102,-999999,-999999,-999999,-999999,-999999,3.0;47.930,47.704,-999999,3.396,-999999,-999999,-999999,-999999,-999999,-999999,-999999,0,13,-999999,-999999,13,-999999,-999999,0.100,-999999,-999999,-999999,-999999,-999999,2.9;47.950,47.724,-999999,3.384,-999999,-999999,-999999,-999999,-999999,-999999,-999999,0,13,-999999,-999999,13,-999999,-999999,0.099,-999999,-999999,-999999,-999999,-999999,2.9;47.970,47.743,-999999,3.351,-999999,-999999,-999999,-999999,-999999,-999999,-999999,0,13,-999999,-999999,13,-999999,-999999,0.099,-999999,-999999,-999999,-999999,-999999,2.9;47.990,47.763,-999999,3.358,-999999,-999999,-999999,-999999,-999999,-999999,-999999,0,13,-999999,-999999,13,-999999,-999999,0.099,-999999,-999999,-999999,-999999,-999999,2.9;48.010,47.782,-999999,3.371,-999999,-999999,-999999,-999999,-999999,-999999,-999999,0,13,-999999,-999999,13,-999999,-999999,0.098,-999999,-999999,-999999,-999999,-999999,2.9;48.030,47.802,-999999,3.367,-999999,-999999,-999999,-999999,-999999,-999999,-999999,0,13,-999999,-999999,13,-999999,-999999,0.100,-999999,-999999,-999999,-999999,-999999,2.9;48.050,47.821,-999999,3.374,-999999,-999999,-999999,-999999,-999999,-999999,-999999,0,13,-999999,-999999,13,-999999,-999999,0.100,-999999,-999999,-999999,-999999,-999999,2.9;48.070,47.840,-999999,3.358,-999999,-999999,-999999,-999999,-999999,-999999,-999999,0,13,-999999,-999999,13,-999999,-999999,0.100,-999999,-999999,-999999,-999999,-999999,2.9;48.090,47.860,-999999,3.361,-999999,-999999,-999999,-999999,-999999,-999999,-999999,0,13,-999999,-999999,13,-999999,-999999,0.097,-999999,-999999,-999999,-999999,-999999,2.9;48.110,47.879,-999999,3.345,-999999,-999999,-999999,-999999,-999999,-999999,-999999,0,13,-999999,-999999,13,-999999,-999999,0.096,-999999,-999999,-999999,-999999,-999999,2.8;48.130,47.899,-999999,3.329,-999999,-999999,-999999,-999999,-999999,-999999,-999999,0,13,-999999,-999999,13,-999999,-999999,0.092,-999999,-999999,-999999,-999999,-999999,2.7;48.150,47.918,-999999,3.326,-999999,-999999,-999999,-999999,-999999,-999999,-999999,0,13,-999999,-999999,13,-999999,-999999,0.094,-999999,-999999,-999999,-999999,-999999,2.7;48.170,47.938,-999999,3.371,-999999,-999999,-999999,-999999,-999999,-999999,-999999,0,13,-999999,-999999,13,-999999,-999999,0.092,-999999,-999999,-999999,-999999,-999999,2.6;48.190,47.957,-999999,3.480,-999999,-999999,-999999,-999999,-999999,-999999,-999999,0,13,-999999,-999999,13,-999999,-999999,0.094,-999999,-999999,-999999,-999999,-999999,2.7;48.210,47.977,-999999,3.614,-999999,-999999,-999999,-999999,-999999,-999999,-999999,0,13,-999999,-999999,13,-999999,-999999,0.100,-999999,-999999,-999999,-999999,-999999,2.8;48.230,47.996,-999999,3.608,-999999,-999999,-999999,-999999,-999999,-999999,-999999,0,13,-999999,-999999,13,-999999,-999999,0.095,-999999,-999999,-999999,-999999,-999999,2.7;48.250,48.015,-999999,3.576,-999999,-999999,-999999,-999999,-999999,-999999,-999999,0,13,-999999,-999999,13,-999999,-999999,0.097,-999999,-999999,-999999,-999999,-999999,2.7;48.270,48.035,-999999,3.541,-999999,-999999,-999999,-999999,-999999,-999999,-999999,0,13,-999999,-999999,13,-999999,-999999,0.099,-999999,-999999,-999999,-999999,-999999,2.8;48.290,48.054,-999999,3.515,-999999,-999999,-999999,-999999,-999999,-999999,-999999,0,13,-999999,-999999,13,-999999,-999999,0.101,-999999,-999999,-999999,-999999,-999999,2.8;48.310,48.074,-999999,3.493,-999999,-999999,-999999,-999999,-999999,-999999,-999999,0,13,-999999,-999999,13,-999999,-999999,0.102,-999999,-999999,-999999,-999999,-999999,2.9;48.330,48.093,-999999,3.467,-999999,-999999,-999999,-999999,-999999,-999999,-999999,0,13,-999999,-999999,13,-999999,-999999,0.105,-999999,-999999,-999999,-999999,-999999,2.9;48.350,48.113,-999999,3.499,-999999,-999999,-999999,-999999,-999999,-999999,-999999,0,13,-999999,-999999,13,-999999,-999999,0.106,-999999,-999999,-999999,-999999,-999999,3.0;48.370,48.132,-999999,3.521,-999999,-999999,-999999,-999999,-999999,-999999,-999999,0,13,-999999,-999999,13,-999999,-999999,0.109,-999999,-999999,-999999,-999999,-999999,3.1;48.390,48.152,-999999,3.505,-999999,-999999,-999999,-999999,-999999,-999999,-999999,0,13,-999999,-999999,13,-999999,-999999,0.103,-999999,-999999,-999999,-999999,-999999,2.9;48.410,48.171,-999999,3.509,-999999,-999999,-999999,-999999,-999999,-999999,-999999,0,13,-999999,-999999,13,-999999,-999999,0.102,-999999,-999999,-999999,-999999,-999999,2.9;48.430,48.191,-999999,3.550,-999999,-999999,-999999,-999999,-999999,-999999,-999999,0,13,-999999,-999999,13,-999999,-999999,0.103,-999999,-999999,-999999,-999999,-999999,2.9;48.450,48.210,-999999,3.515,-999999,-999999,-999999,-999999,-999999,-999999,-999999,0,13,-999999,-999999,13,-999999,-999999,0.104,-999999,-999999,-999999,-999999,-999999,2.9;48.470,48.229,-999999,3.528,-999999,-999999,-999999,-999999,-999999,-999999,-999999,0,13,-999999,-999999,13,-999999,-999999,0.106,-999999,-999999,-999999,-999999,-999999,3.0;48.490,48.249,-999999,3.496,-999999,-999999,-999999,-999999,-999999,-999999,-999999,0,13,-999999,-999999,13,-999999,-999999,0.108,-999999,-999999,-999999,-999999,-999999,3.0;48.510,48.268,-999999,3.541,-999999,-999999,-999999,-999999,-999999,-999999,-999999,0,13,-999999,-999999,13,-999999,-999999,0.102,-999999,-999999,-999999,-999999,-999999,2.9;48.530,48.288,-999999,3.544,-999999,-999999,-999999,-999999,-999999,-999999,-999999,0,13,-999999,-999999,13,-999999,-999999,0.106,-999999,-999999,-999999,-999999,-999999,3.0;48.550,48.307,-999999,3.483,-999999,-999999,-999999,-999999,-999999,-999999,-999999,0,13,-999999,-999999,13,-999999,-999999,0.108,-999999,-999999,-999999,-999999,-999999,3.1;48.570,48.327,-999999,3.477,-999999,-999999,-999999,-999999,-999999,-999999,-999999,0,13,-999999,-999999,13,-999999,-999999,0.105,-999999,-999999,-999999,-999999,-999999,3.0;48.590,48.346,-999999,3.512,-999999,-999999,-999999,-999999,-999999,-999999,-999999,0,13,-999999,-999999,13,-999999,-999999,0.104,-999999,-999999,-999999,-999999,-999999,3.0;48.610,48.365,-999999,3.441,-999999,-999999,-999999,-999999,-999999,-999999,-999999,0,13,-999999,-999999,13,-999999,-999999,0.101,-999999,-999999,-999999,-999999,-999999,2.9;48.630,48.385,-999999,3.412,-999999,-999999,-999999,-999999,-999999,-999999,-999999,0,13,-999999,-999999,13,-999999,-999999,0.099,-999999,-999999,-999999,-999999,-999999,2.8;48.650,48.404,-999999,3.467,-999999,-999999,-999999,-999999,-999999,-999999,-999999,0,13,-999999,-999999,13,-999999,-999999,0.091,-999999,-999999,-999999,-999999,-999999,2.6;48.670,48.424,-999999,3.515,-999999,-999999,-999999,-999999,-999999,-999999,-999999,0,13,-999999,-999999,13,-999999,-999999,0.091,-999999,-999999,-999999,-999999,-999999,2.5;48.690,48.443,-999999,3.579,-999999,-999999,-999999,-999999,-999999,-999999,-999999,0,13,-999999,-999999,13,-999999,-999999,0.092,-999999,-999999,-999999,-999999,-999999,2.6;48.710,48.463,-999999,3.586,-999999,-999999,-999999,-999999,-999999,-999999,-999999,0,13,-999999,-999999,13,-999999,-999999,0.087,-999999,-999999,-999999,-999999,-999999,2.4;48.730,48.482,-999999,3.614,-999999,-999999,-999999,-999999,-999999,-999999,-999999,0,13,-999999,-999999,13,-999999,-999999,0.087,-999999,-999999,-999999,-999999,-999999,2.4;48.750,48.502,-999999,3.541,-999999,-999999,-999999,-999999,-999999,-999999,-999999,0,13,-999999,-999999,13,-999999,-999999,0.086,-999999,-999999,-999999,-999999,-999999,2.4;48.770,48.521,-999999,3.438,-999999,-999999,-999999,-999999,-999999,-999999,-999999,0,13,-999999,-999999,13,-999999,-999999,0.087,-999999,-999999,-999999,-999999,-999999,2.5;48.790,48.540,-999999,3.387,-999999,-999999,-999999,-999999,-999999,-999999,-999999,0,13,-999999,-999999,13,-999999,-999999,0.081,-999999,-999999,-999999,-999999,-999999,2.3;48.810,48.560,-999999,3.390,-999999,-999999,-999999,-999999,-999999,-999999,-999999,0,13,-999999,-999999,13,-999999,-999999,0.080,-999999,-999999,-999999,-999999,-999999,2.3;48.830,48.579,-999999,3.374,-999999,-999999,-999999,-999999,-999999,-999999,-999999,0,13,-999999,-999999,13,-999999,-999999,0.081,-999999,-999999,-999999,-999999,-999999,2.3;48.850,48.599,-999999,3.403,-999999,-999999,-999999,-999999,-999999,-999999,-999999,0,13,-999999,-999999,13,-999999,-999999,0.076,-999999,-999999,-999999,-999999,-999999,2.2;48.870,48.618,-999999,3.432,-999999,-999999,-999999,-999999,-999999,-999999,-999999,0,13,-999999,-999999,13,-999999,-999999,0.074,-999999,-999999,-999999,-999999,-999999,2.1;48.890,48.638,-999999,3.403,-999999,-999999,-999999,-999999,-999999,-999999,-999999,0,13,-999999,-999999,13,-999999,-999999,0.069,-999999,-999999,-999999,-999999,-999999,2.0;48.910,48.657,-999999,3.393,-999999,-999999,-999999,-999999,-999999,-999999,-999999,0,13,-999999,-999999,13,-999999,-999999,0.067,-999999,-999999,-999999,-999999,-999999,1.9;48.930,48.676,-999999,3.384,-999999,-999999,-999999,-999999,-999999,-999999,-999999,0,13,-999999,-999999,13,-999999,-999999,0.063,-999999,-999999,-999999,-999999,-999999,1.8;48.950,48.696,-999999,3.377,-999999,-999999,-999999,-999999,-999999,-999999,-999999,0,13,-999999,-999999,13,-999999,-999999,0.064,-999999,-999999,-999999,-999999,-999999,1.9;48.970,48.715,-999999,3.380,-999999,-999999,-999999,-999999,-999999,-999999,-999999,0,13,-999999,-999999,13,-999999,-999999,0.063,-999999,-999999,-999999,-999999,-999999,1.8;48.990,48.735,-999999,3.371,-999999,-999999,-999999,-999999,-999999,-999999,-999999,0,13,-999999,-999999,13,-999999,-999999,0.060,-999999,-999999,-999999,-999999,-999999,1.7;49.010,48.754,-999999,3.384,-999999,-999999,-999999,-999999,-999999,-999999,-999999,0,13,-999999,-999999,13,-999999,-999999,0.067,-999999,-999999,-999999,-999999,-999999,1.9;49.030,48.774,-999999,3.406,-999999,-999999,-999999,-999999,-999999,-999999,-999999,0,13,-999999,-999999,13,-999999,-999999,0.061,-999999,-999999,-999999,-999999,-999999,1.8;49.050,48.793,-999999,3.489,-999999,-999999,-999999,-999999,-999999,-999999,-999999,0,13,-999999,-999999,13,-999999,-999999,0.061,-999999,-999999,-999999,-999999,-999999,1.8;49.070,48.812,-999999,3.512,-999999,-999999,-999999,-999999,-999999,-999999,-999999,0,13,-999999,-999999,13,-999999,-999999,0.064,-999999,-999999,-999999,-999999,-999999,1.9;49.090,48.832,-999999,3.361,-999999,-999999,-999999,-999999,-999999,-999999,-999999,0,13,-999999,-999999,13,-999999,-999999,0.061,-999999,-999999,-999999,-999999,-999999,1.8;49.110,48.851,-999999,3.335,-999999,-999999,-999999,-999999,-999999,-999999,-999999,0,13,-999999,-999999,13,-999999,-999999,0.058,-999999,-999999,-999999,-999999,-999999,1.8;49.130,48.871,-999999,3.185,-999999,-999999,-999999,-999999,-999999,-999999,-999999,0,13,-999999,-999999,13,-999999,-999999,0.059,-999999,-999999,-999999,-999999,-999999,1.8;49.150,48.890,-999999,3.015,-999999,-999999,-999999,-999999,-999999,-999999,-999999,0,13,-999999,-999999,13,-999999,-999999,0.063,-999999,-999999,-999999,-999999,-999999,2.0;49.170,48.909,-999999,2.934,-999999,-999999,-999999,-999999,-999999,-999999,-999999,0,13,-999999,-999999,13,-999999,-999999,0.060,-999999,-999999,-999999,-999999,-999999,2.0;49.190,48.929,-999999,2.893,-999999,-999999,-999999,-999999,-999999,-999999,-999999,0,13,-999999,-999999,13,-999999,-999999,0.056,-999999,-999999,-999999,-999999,-999999,1.9;49.210,48.948,-999999,2.813,-999999,-999999,-999999,-999999,-999999,-999999,-999999,0,13,-999999,-999999,13,-999999,-999999,0.057,-999999,-999999,-999999,-999999,-999999,2.0;49.230,48.968,-999999,2.697,-999999,-999999,-999999,-999999,-999999,-999999,-999999,0,13,-999999,-999999,13,-999999,-999999,0.052,-999999,-999999,-999999,-999999,-999999,1.9;49.250,48.987,-999999,2.617,-999999,-999999,-999999,-999999,-999999,-999999,-999999,0,13,-999999,-999999,13,-999999,-999999,0.047,-999999,-999999,-999999,-999999,-999999,1.8;49.270,49.007,-999999,2.543,-999999,-999999,-999999,-999999,-999999,-999999,-999999,0,13,-999999,-999999,13,-999999,-999999,0.046,-999999,-999999,-999999,-999999,-999999,1.8;49.290,49.026,-999999,2.453,-999999,-999999,-999999,-999999,-999999,-999999,-999999,0,13,-999999,-999999,13,-999999,-999999,0.045,-999999,-999999,-999999,-999999,-999999,1.8;49.310,49.045,-999999,2.418,-999999,-999999,-999999,-999999,-999999,-999999,-999999,0,13,-999999,-999999,13,-999999,-999999,0.041,-999999,-999999,-999999,-999999,-999999,1.7;49.330,49.065,-999999,2.408,-999999,-999999,-999999,-999999,-999999,-999999,-999999,0,13,-999999,-999999,13,-999999,-999999,0.039,-999999,-999999,-999999,-999999,-999999,1.6;49.350,49.084,-999999,2.386,-999999,-999999,-999999,-999999,-999999,-999999,-999999,0,13,-999999,-999999,13,-999999,-999999,0.037,-999999,-999999,-999999,-999999,-999999,1.5;49.370,49.104,-999999,2.351,-999999,-999999,-999999,-999999,-999999,-999999,-999999,0,14,-999999,-999999,14,-999999,-999999,0.036,-999999,-999999,-999999,-999999,-999999,1.5;49.390,49.123,-999999,2.351,-999999,-999999,-999999,-999999,-999999,-999999,-999999,0,13,-999999,-999999,13,-999999,-999999,0.034,-999999,-999999,-999999,-999999,-999999,1.4;49.410,49.142,-999999,2.367,-999999,-999999,-999999,-999999,-999999,-999999,-999999,0,13,-999999,-999999,13,-999999,-999999,0.034,-999999,-999999,-999999,-999999,-999999,1.4;49.430,49.162,-999999,2.376,-999999,-999999,-999999,-999999,-999999,-999999,-999999,0,13,-999999,-999999,13,-999999,-999999,0.034,-999999,-999999,-999999,-999999,-999999,1.4;49.450,49.181,-999999,2.351,-999999,-999999,-999999,-999999,-999999,-999999,-999999,0,13,-999999,-999999,13,-999999,-999999,0.034,-999999,-999999,-999999,-999999,-999999,1.4;49.470,49.201,-999999,2.341,-999999,-999999,-999999,-999999,-999999,-999999,-999999,0,13,-999999,-999999,13,-999999,-999999,0.034,-999999,-999999,-999999,-999999,-999999,1.4;49.490,49.220,-999999,2.287,-999999,-999999,-999999,-999999,-999999,-999999,-999999,0,13,-999999,-999999,13,-999999,-999999,0.035,-999999,-999999,-999999,-999999,-999999,1.5;49.510,49.240,-999999,2.251,-999999,-999999,-999999,-999999,-999999,-999999,-999999,0,14,-999999,-999999,14,-999999,-999999,0.032,-999999,-999999,-999999,-999999,-999999,1.4;49.530,49.259,-999999,2.203,-999999,-999999,-999999,-999999,-999999,-999999,-999999,0,13,-999999,-999999,13,-999999,-999999,0.032,-999999,-999999,-999999,-999999,-999999,1.4;49.550,49.278,-999999,2.171,-999999,-999999,-999999,-999999,-999999,-999999,-999999,0,13,-999999,-999999,13,-999999,-999999,0.033,-999999,-999999,-999999,-999999,-999999,1.5;49.570,49.298,-999999,2.181,-999999,-999999,-999999,-999999,-999999,-999999,-999999,0,14,-999999,-999999,14,-999999,-999999,0.033,-999999,-999999,-999999,-999999,-999999,1.5;49.590,49.317,-999999,2.165,-999999,-999999,-999999,-999999,-999999,-999999,-999999,0,13,-999999,-999999,13,-999999,-999999,0.033,-999999,-999999,-999999,-999999,-999999,1.5;49.610,49.337,-999999,2.177,-999999,-999999,-999999,-999999,-999999,-999999,-999999,0,14,-999999,-999999,14,-999999,-999999,0.031,-999999,-999999,-999999,-999999,-999999,1.4;49.630,49.356,-999999,2.184,-999999,-999999,-999999,-999999,-999999,-999999,-999999,0,14,-999999,-999999,14,-999999,-999999,0.030,-999999,-999999,-999999,-999999,-999999,1.3;49.650,49.375,-999999,2.203,-999999,-999999,-999999,-999999,-999999,-999999,-999999,0,14,-999999,-999999,14,-999999,-999999,0.032,-999999,-999999,-999999,-999999,-999999,1.4;49.670,49.395,-999999,2.242,-999999,-999999,-999999,-999999,-999999,-999999,-999999,0,13,-999999,-999999,14,-999999,-999999,0.032,-999999,-999999,-999999,-999999,-999999,1.3;49.690,49.414,-999999,2.364,-999999,-999999,-999999,-999999,-999999,-999999,-999999,0,14,-999999,-999999,14,-999999,-999999,0.031,-999999,-999999,-999999,-999999,-999999,1.2;49.710,49.434,-999999,2.469,-999999,-999999,-999999,-999999,-999999,-999999,-999999,0,14,-999999,-999999,14,-999999,-999999,0.033,-999999,-999999,-999999,-999999,-999999,1.2;49.730,49.453,-999999,2.652,-999999,-999999,-999999,-999999,-999999,-999999,-999999,0,14,-999999,-999999,14,-999999,-999999,0.036,-999999,-999999,-999999,-999999,-999999,1.2;49.750,49.472,-999999,3.153,-999999,-999999,-999999,-999999,-999999,-999999,-999999,0,14,-999999,-999999,14,-999999,-999999,0.041,-999999,-999999,-999999,-999999,-999999,1.2;49.770,49.492,-999999,3.695,-999999,-999999,-999999,-999999,-999999,-999999,-999999,0,14,-999999,-999999,14,-999999,-999999,0.053,-999999,-999999,-999999,-999999,-999999,1.2;49.790,49.511,-999999,4.436,-999999,-999999,-999999,-999999,-999999,-999999,-999999,0,14,-999999,-999999,14,-999999,-999999,0.076,-999999,-999999,-999999,-999999,-999999,1.4;49.810,49.531,-999999,5.523,-999999,-999999,-999999,-999999,-999999,-999999,-999999,0,14,-999999,-999999,14,-999999,-999999,0.104,-999999,-999999,-999999,-999999,-999999,1.5;49.830,49.550,-999999,7.406,-999999,-999999,-999999,-999999,-999999,-999999,-999999,0,14,-999999,-999999,14,-999999,-999999,0.147,-999999,-999999,-999999,-999999,-999999,1.8;49.850,49.569,-999999,9.661,-999999,-999999,-999999,-999999,-999999,-999999,-999999,0,14,-999999,-999999,14,-999999,-999999,0.188,-999999,-999999,-999999,-999999,-999999,1.8;49.870,49.589,-999999,12.147,-999999,-999999,-999999,-999999,-999999,-999999,-999999,0,14,-999999,-999999,14,-999999,-999999,0.212,-999999,-999999,-999999,-999999,-999999,1.7;49.890,49.608,-999999,14.514,-999999,-999999,-999999,-999999,-999999,-999999,-999999,0,14,-999999,-999999,14,-999999,-999999,0.236,-999999,-999999,-999999,-999999,-999999,1.6;49.910,49.628,-999999,16.839,-999999,-999999,-999999,-999999,-999999,-999999,-999999,0,14,-999999,-999999,14,-999999,-999999,0.248,-999999,-999999,-999999,-999999,-999999,1.5;49.930,49.647,-999999,18.985,-999999,-999999,-999999,-999999,-999999,-999999,-999999,0,14,-999999,-999999,14,-999999,-999999,0.251,-999999,-999999,-999999,-999999,-999999,1.3;49.950,49.666,-999999,20.923,-999999,-999999,-999999,-999999,-999999,-999999,-999999,0,14,-999999,-999999,14,-999999,-999999,0.214,-999999,-999999,-999999,-999999,-999999,1.0;49.970,49.686,-999999,22.222,-999999,-999999,-999999,-999999,-999999,-999999,-999999,0,14,-999999,-999999,14,-999999,-999999,0.219,-999999,-999999,-999999,-999999,-999999,1.0;49.990,49.705,-999999,22.809,-999999,-999999,-999999,-999999,-999999,-999999,-999999,0,14,-999999,-999999,14,-999999,-999999,0.224,-999999,-999999,-999999,-999999,-999999,1.0;50.010,49.725,-999999,22.931,-999999,-999999,-999999,-999999,-999999,-999999,-999999,0,14,-999999,-999999,14,-999999,-999999,0.249,-999999,-999999,-999999,-999999,-999999,1.1;50.030,49.744,-999999,22.796,-999999,-999999,-999999,-999999,-999999,-999999,-999999,0,14,-999999,-999999,14,-999999,-999999,0.254,-999999,-999999,-999999,-999999,-999999,1.1;50.050,49.763,-999999,22.886,-999999,-999999,-999999,-999999,-999999,-999999,-999999,0,14,-999999,-999999,14,-999999,-999999,0.258,-999999,-999999,-999999,-999999,-999999,1.1;50.070,49.783,-999999,23.072,-999999,-999999,-999999,-999999,-999999,-999999,-999999,0,14,-999999,-999999,14,-999999,-999999,0.266,-999999,-999999,-999999,-999999,-999999,1.1;50.090,49.802,-999999,23.489,-999999,-999999,-999999,-999999,-999999,-999999,-999999,0,14,-999999,-999999,14,-999999,-999999,0.275,-999999,-999999,-999999,-999999,-999999,1.1;50.110,49.821,-999999,24.024,-999999,-999999,-999999,-999999,-999999,-999999,-999999,0,14,-999999,-999999,14,-999999,-999999,0.284,-999999,-999999,-999999,-999999,-999999,1.1;50.130,49.841,-999999,24.262,-999999,-999999,-999999,-999999,-999999,-999999,-999999,0,14,-999999,-999999,14,-999999,-999999,0.297,-999999,-999999,-999999,-999999,-999999,1.2;50.150,49.860,-999999,25.076,-999999,-999999,-999999,-999999,-999999,-999999,-999999,0,14,-999999,-999999,14,-999999,-999999,0.315,-999999,-999999,-999999,-999999,-999999,1.2;50.170,49.880,-999999,25.307,-999999,-999999,-999999,-999999,-999999,-999999,-999999,0,14,-999999,-999999,14,-999999,-999999,0.330,-999999,-999999,-999999,-999999,-999999,1.3;50.190,49.899,-999999,25.657,-999999,-999999,-999999,-999999,-999999,-999999,-999999,0,14,-999999,-999999,14,-999999,-999999,0.335,-999999,-999999,-999999,-999999,-999999,1.3;50.210,49.918,-999999,25.680,-999999,-999999,-999999,-999999,-999999,-999999,-999999,0,14,-999999,-999999,14,-999999,-999999,0.330,-999999,-999999,-999999,-999999,-999999,1.3;50.230,49.938,-999999,25.423,-999999,-999999,-999999,-999999,-999999,-999999,-999999,0,14,-999999,-999999,14,-999999,-999999,0.340,-999999,-999999,-999999,-999999,-999999,1.3;50.250,49.957,-999999,25.214,-999999,-999999,-999999,-999999,-999999,-999999,-999999,0,14,-999999,-999999,14,-999999,-999999,0.331,-999999,-999999,-999999,-999999,-999999,1.3;50.270,49.977,-999999,25.128,-999999,-999999,-999999,-999999,-999999,-999999,-999999,0,14,-999999,-999999,14,-999999,-999999,0.328,-999999,-999999,-999999,-999999,-999999,1.3;50.290,49.996,-999999,24.932,-999999,-999999,-999999,-999999,-999999,-999999,-999999,0,14,-999999,-999999,14,-999999,-999999,0.325,-999999,-999999,-999999,-999999,-999999,1.3;50.310,50.015,-999999,24.300,-999999,-999999,-999999,-999999,-999999,-999999,-999999,0,14,-999999,-999999,14,-999999,-999999,0.316,-999999,-999999,-999999,-999999,-999999,1.3;50.330,50.035,-999999,23.986,-999999,-999999,-999999,-999999,-999999,-999999,-999999,0,14,-999999,-999999,14,-999999,-999999,0.331,-999999,-999999,-999999,-999999,-999999,1.4;50.350,50.054,-999999,23.607,-999999,-999999,-999999,-999999,-999999,-999999,-999999,0,14,-999999,-999999,14,-999999,-999999,0.358,-999999,-999999,-999999,-999999,-999999,1.5;50.370,50.073,-999999,22.626,-999999,-999999,-999999,-999999,-999999,-999999,-999999,0,14,-999999,-999999,14,-999999,-999999,0.356,-999999,-999999,-999999,-999999,-999999,1.6;50.390,50.093,-999999,20.474,-999999,-999999,-999999,-999999,-999999,-999999,-999999,0,14,-999999,-999999,14,-999999,-999999,0.315,-999999,-999999,-999999,-999999,-999999,1.6;50.410,50.112,-999999,17.757,-999999,-999999,-999999,-999999,-999999,-999999,-999999,0,14,-999999,-999999,14,-999999,-999999,0.301,-999999,-999999,-999999,-999999,-999999,1.6;50.430,50.132,-999999,15.460,-999999,-999999,-999999,-999999,-999999,-999999,-999999,0,14,-999999,-999999,14,-999999,-999999,0.302,-999999,-999999,-999999,-999999,-999999,1.8;50.450,50.151,-999999,13.805,-999999,-999999,-999999,-999999,-999999,-999999,-999999,0,14,-999999,-999999,14,-999999,-999999,0.259,-999999,-999999,-999999,-999999,-999999,1.8;50.470,50.170,-999999,12.660,-999999,-999999,-999999,-999999,-999999,-999999,-999999,0,14,-999999,-999999,14,-999999,-999999,0.232,-999999,-999999,-999999,-999999,-999999,1.9;50.490,50.190,-999999,10.918,-999999,-999999,-999999,-999999,-999999,-999999,-999999,0,14,-999999,-999999,14,-999999,-999999,0.217,-999999,-999999,-999999,-999999,-999999,2.1;50.510,50.209,-999999,8.012,-999999,-999999,-999999,-999999,-999999,-999999,-999999,0,14,-999999,-999999,14,-999999,-999999,0.213,-999999,-999999,-999999,-999999,-999999,2.4;50.530,50.228,-999999,5.837,-999999,-999999,-999999,-999999,-999999,-999999,-999999,0,14,-999999,-999999,14,-999999,-999999,0.193,-999999,-999999,-999999,-999999,-999999,2.6;50.550,50.248,-999999,4.686,-999999,-999999,-999999,-999999,-999999,-999999,-999999,0,14,-999999,-999999,14,-999999,-999999,0.168,-999999,-999999,-999999,-999999,-999999,2.6;50.570,50.267,-999999,4.615,-999999,-999999,-999999,-999999,-999999,-999999,-999999,0,14,-999999,-999999,14,-999999,-999999,0.168,-999999,-999999,-999999,-999999,-999999,3.1;50.590,50.287,-999999,4.699,-999999,-999999,-999999,-999999,-999999,-999999,-999999,0,14,-999999,-999999,14,-999999,-999999,0.150,-999999,-999999,-999999,-999999,-999999,3.0;50.610,50.306,-999999,4.910,-999999,-999999,-999999,-999999,-999999,-999999,-999999,0,14,-999999,-999999,14,-999999,-999999,0.121,-999999,-999999,-999999,-999999,-999999,2.5;50.630,50.325,-999999,5.064,-999999,-999999,-999999,-999999,-999999,-999999,-999999,0,14,-999999,-999999,14,-999999,-999999,0.102,-999999,-999999,-999999,-999999,-999999,2.2;50.650,50.345,-999999,4.942,-999999,-999999,-999999,-999999,-999999,-999999,-999999,0,14,-999999,-999999,14,-999999,-999999,0.074,-999999,-999999,-999999,-999999,-999999,1.6;50.670,50.364,-999999,4.541,-999999,-999999,-999999,-999999,-999999,-999999,-999999,0,14,-999999,-999999,14,-999999,-999999,0.062,-999999,-999999,-999999,-999999,-999999,1.4;50.690,50.383,-999999,3.672,-999999,-999999,-999999,-999999,-999999,-999999,-999999,0,14,-999999,-999999,14,-999999,-999999,0.067,-999999,-999999,-999999,-999999,-999999,1.6;50.710,50.403,-999999,3.412,-999999,-999999,-999999,-999999,-999999,-999999,-999999,0,14,-999999,-999999,14,-999999,-999999,0.068,-999999,-999999,-999999,-999999,-999999,1.8;50.730,50.422,-999999,3.262,-999999,-999999,-999999,-999999,-999999,-999999,-999999,0,14,-999999,-999999,14,-999999,-999999,0.073,-999999,-999999,-999999,-999999,-999999,2.1;50.750,50.442,-999999,3.197,-999999,-999999,-999999,-999999,-999999,-999999,-999999,0,14,-999999,-999999,14,-999999,-999999,0.072,-999999,-999999,-999999,-999999,-999999,2.1;50.770,50.461,-999999,3.172,-999999,-999999,-999999,-999999,-999999,-999999,-999999,0,14,-999999,-999999,14,-999999,-999999,0.062,-999999,-999999,-999999,-999999,-999999,1.9;50.790,50.480,-999999,3.185,-999999,-999999,-999999,-999999,-999999,-999999,-999999,0,14,-999999,-999999,14,-999999,-999999,0.054,-999999,-999999,-999999,-999999,-999999,1.6;50.810,50.500,-999999,3.185,-999999,-999999,-999999,-999999,-999999,-999999,-999999,0,14,-999999,-999999,14,-999999,-999999,0.048,-999999,-999999,-999999,-999999,-999999,1.4;50.830,50.519,-999999,3.262,-999999,-999999,-999999,-999999,-999999,-999999,-999999,0,14,-999999,-999999,14,-999999,-999999,0.047,-999999,-999999,-999999,-999999,-999999,1.4;50.850,50.538,-999999,3.313,-999999,-999999,-999999,-999999,-999999,-999999,-999999,0,14,-999999,-999999,14,-999999,-999999,0.052,-999999,-999999,-999999,-999999,-999999,1.5;50.870,50.558,-999999,3.319,-999999,-999999,-999999,-999999,-999999,-999999,-999999,0,14,-999999,-999999,14,-999999,-999999,0.054,-999999,-999999,-999999,-999999,-999999,1.6;50.890,50.577,-999999,3.342,-999999,-999999,-999999,-999999,-999999,-999999,-999999,0,14,-999999,-999999,14,-999999,-999999,0.058,-999999,-999999,-999999,-999999,-999999,1.7;50.910,50.596,-999999,3.367,-999999,-999999,-999999,-999999,-999999,-999999,-999999,0,14,-999999,-999999,14,-999999,-999999,0.064,-999999,-999999,-999999,-999999,-999999,1.8;50.930,50.616,-999999,3.409,-999999,-999999,-999999,-999999,-999999,-999999,-999999,0,14,-999999,-999999,14,-999999,-999999,0.074,-999999,-999999,-999999,-999999,-999999,2.0;50.950,50.635,-999999,3.537,-999999,-999999,-999999,-999999,-999999,-999999,-999999,0,14,-999999,-999999,14,-999999,-999999,0.064,-999999,-999999,-999999,-999999,-999999,1.5;50.970,50.654,-999999,3.823,-999999,-999999,-999999,-999999,-999999,-999999,-999999,0,14,-999999,-999999,14,-999999,-999999,0.070,-999999,-999999,-999999,-999999,-999999,1.3;50.990,50.674,-999999,4.843,-999999,-999999,-999999,-999999,-999999,-999999,-999999,0,14,-999999,-999999,14,-999999,-999999,0.072,-999999,-999999,-999999,-999999,-999999,1.0;51.010,50.693,-999999,7.355,-999999,-999999,-999999,-999999,-999999,-999999,-999999,0,14,-999999,-999999,14,-999999,-999999,0.070,-999999,-999999,-999999,-999999,-999999,0.8;51.030,50.712,-999999,10.915,-999999,-999999,-999999,-999999,-999999,-999999,-999999,0,14,-999999,-999999,14,-999999,-999999,0.104,-999999,-999999,-999999,-999999,-999999,1.1;51.050,50.732,-999999,12.525,-999999,-999999,-999999,-999999,-999999,-999999,-999999,0,14,-999999,-999999,14,-999999,-999999,0.129,-999999,-999999,-999999,-999999,-999999,1.2;51.070,50.751,-999999,12.702,-999999,-999999,-999999,-999999,-999999,-999999,-999999,0,14,-999999,-999999,14,-999999,-999999,0.207,-999999,-999999,-999999,-999999,-999999,1.8;51.090,50.770,-999999,12.362,-999999,-999999,-999999,-999999,-999999,-999999,-999999,0,14,-999999,-999999,14,-999999,-999999,0.234,-999999,-999999,-999999,-999999,-999999,1.9;51.110,50.790,-999999,12.217,-999999,-999999,-999999,-999999,-999999,-999999,-999999,0,14,-999999,-999999,14,-999999,-999999,0.261,-999999,-999999,-999999,-999999,-999999,2.0;51.130,50.809,-999999,12.265,-999999,-999999,-999999,-999999,-999999,-999999,-999999,0,14,-999999,-999999,14,-999999,-999999,0.307,-999999,-999999,-999999,-999999,-999999,2.3;51.150,50.828,-999999,12.836,-999999,-999999,-999999,-999999,-999999,-999999,-999999,0,14,-999999,-999999,14,-999999,-999999,0.314,-999999,-999999,-999999,-999999,-999999,2.3;51.170,50.848,-999999,14.103,-999999,-999999,-999999,-999999,-999999,-999999,-999999,0,14,-999999,-999999,14,-999999,-999999,0.330,-999999,-999999,-999999,-999999,-999999,2.3;51.190,50.867,-999999,14.671,-999999,-999999,-999999,-999999,-999999,-999999,-999999,0,14,-999999,-999999,14,-999999,-999999,0.331,-999999,-999999,-999999,-999999,-999999,2.3;51.210,50.886,-999999,15.303,-999999,-999999,-999999,-999999,-999999,-999999,-999999,0,14,-999999,-999999,14,-999999,-999999,0.312,-999999,-999999,-999999,-999999,-999999,2.1;51.230,50.906,-999999,15.527,-999999,-999999,-999999,-999999,-999999,-999999,-999999,0,14,-999999,-999999,14,-999999,-999999,0.295,-999999,-999999,-999999,-999999,-999999,1.9;51.250,50.925,-999999,15.646,-999999,-999999,-999999,-999999,-999999,-999999,-999999,0,14,-999999,-999999,14,-999999,-999999,0.271,-999999,-999999,-999999,-999999,-999999,1.7;51.270,50.944,-999999,15.681,-999999,-999999,-999999,-999999,-999999,-999999,-999999,0,14,-999999,-999999,14,-999999,-999999,0.267,-999999,-999999,-999999,-999999,-999999,1.7;51.290,50.964,-999999,15.643,-999999,-999999,-999999,-999999,-999999,-999999,-999999,0,14,-999999,-999999,14,-999999,-999999,0.259,-999999,-999999,-999999,-999999,-999999,1.6;51.310,50.983,-999999,15.226,-999999,-999999,-999999,-999999,-999999,-999999,-999999,0,14,-999999,-999999,14,-999999,-999999,0.255,-999999,-999999,-999999,-999999,-999999,1.6;51.330,51.002,-999999,15.094,-999999,-999999,-999999,-999999,-999999,-999999,-999999,0,14,-999999,-999999,14,-999999,-999999,0.286,-999999,-999999,-999999,-999999,-999999,1.8;51.350,51.022,-999999,15.290,-999999,-999999,-999999,-999999,-999999,-999999,-999999,0,15,-999999,-999999,15,-999999,-999999,0.305,-999999,-999999,-999999,-999999,-999999,1.9;51.370,51.041,-999999,15.630,-999999,-999999,-999999,-999999,-999999,-999999,-999999,0,15,-999999,-999999,15,-999999,-999999,0.319,-999999,-999999,-999999,-999999,-999999,2.0;51.390,51.060,-999999,15.993,-999999,-999999,-999999,-999999,-999999,-999999,-999999,0,15,-999999,-999999,15,-999999,-999999,0.318,-999999,-999999,-999999,-999999,-999999,1.9;51.410,51.080,-999999,16.785,-999999,-999999,-999999,-999999,-999999,-999999,-999999,0,15,-999999,-999999,15,-999999,-999999,0.314,-999999,-999999,-999999,-999999,-999999,1.9;51.430,51.099,-999999,17.388,-999999,-999999,-999999,-999999,-999999,-999999,-999999,0,15,-999999,-999999,15,-999999,-999999,0.274,-999999,-999999,-999999,-999999,-999999,1.6;51.450,51.118,-999999,17.208,-999999,-999999,-999999,-999999,-999999,-999999,-999999,0,15,-999999,-999999,15,-999999,-999999,0.241,-999999,-999999,-999999,-999999,-999999,1.4;51.470,51.138,-999999,17.096,-999999,-999999,-999999,-999999,-999999,-999999,-999999,0,15,-999999,-999999,15,-999999,-999999,0.225,-999999,-999999,-999999,-999999,-999999,1.3;51.490,51.157,-999999,17.003,-999999,-999999,-999999,-999999,-999999,-999999,-999999,0,15,-999999,-999999,15,-999999,-999999,0.187,-999999,-999999,-999999,-999999,-999999,1.1;51.510,51.176,-999999,16.685,-999999,-999999,-999999,-999999,-999999,-999999,-999999,0,15,-999999,-999999,15,-999999,-999999,0.177,-999999,-999999,-999999,-999999,-999999,1.0;51.530,51.195,-999999,16.464,-999999,-999999,-999999,-999999,-999999,-999999,-999999,0,15,-999999,-999999,15,-999999,-999999,0.176,-999999,-999999,-999999,-999999,-999999,1.0;51.550,51.215,-999999,16.275,-999999,-999999,-999999,-999999,-999999,-999999,-999999,0,15,-999999,-999999,15,-999999,-999999,0.180,-999999,-999999,-999999,-999999,-999999,1.1;51.570,51.234,-999999,16.044,-999999,-999999,-999999,-999999,-999999,-999999,-999999,0,15,-999999,-999999,15,-999999,-999999,0.186,-999999,-999999,-999999,-999999,-999999,1.1;51.590,51.253,-999999,15.694,-999999,-999999,-999999,-999999,-999999,-999999,-999999,0,15,-999999,-999999,15,-999999,-999999,0.178,-999999,-999999,-999999,-999999,-999999,1.1;51.610,51.273,-999999,15.441,-999999,-999999,-999999,-999999,-999999,-999999,-999999,0,15,-999999,-999999,15,-999999,-999999,0.181,-999999,-999999,-999999,-999999,-999999,1.1;51.630,51.292,-999999,15.479,-999999,-999999,-999999,-999999,-999999,-999999,-999999,0,15,-999999,-999999,15,-999999,-999999,0.186,-999999,-999999,-999999,-999999,-999999,1.1;51.650,51.311,-999999,15.993,-999999,-999999,-999999,-999999,-999999,-999999,-999999,0,15,-999999,-999999,15,-999999,-999999,0.192,-999999,-999999,-999999,-999999,-999999,1.1;51.670,51.331,-999999,17.074,-999999,-999999,-999999,-999999,-999999,-999999,-999999,0,15,-999999,-999999,15,-999999,-999999,0.198,-999999,-999999,-999999,-999999,-999999,1.1;51.690,51.350,-999999,18.360,-999999,-999999,-999999,-999999,-999999,-999999,-999999,0,15,-999999,-999999,15,-999999,-999999,0.201,-999999,-999999,-999999,-999999,-999999,1.1;51.710,51.369,-999999,19.319,-999999,-999999,-999999,-999999,-999999,-999999,-999999,0,15,-999999,-999999,15,-999999,-999999,0.193,-999999,-999999,-999999,-999999,-999999,1.0;51.730,51.388,-999999,19.694,-999999,-999999,-999999,-999999,-999999,-999999,-999999,0,15,-999999,-999999,15,-999999,-999999,0.220,-999999,-999999,-999999,-999999,-999999,1.1;51.750,51.408,-999999,19.357,-999999,-999999,-999999,-999999,-999999,-999999,-999999,0,15,-999999,-999999,15,-999999,-999999,0.222,-999999,-999999,-999999,-999999,-999999,1.1;51.770,51.427,-999999,18.527,-999999,-999999,-999999,-999999,-999999,-999999,-999999,0,15,-999999,-999999,15,-999999,-999999,0.228,-999999,-999999,-999999,-999999,-999999,1.2;51.790,51.446,-999999,17.956,-999999,-999999,-999999,-999999,-999999,-999999,-999999,0,15,-999999,-999999,15,-999999,-999999,0.225,-999999,-999999,-999999,-999999,-999999,1.2;51.810,51.466,-999999,17.346,-999999,-999999,-999999,-999999,-999999,-999999,-999999,0,15,-999999,-999999,15,-999999,-999999,0.230,-999999,-999999,-999999,-999999,-999999,1.3;51.830,51.485,-999999,16.791,-999999,-999999,-999999,-999999,-999999,-999999,-999999,0,15,-999999,-999999,15,-999999,-999999,0.244,-999999,-999999,-999999,-999999,-999999,1.4;51.850,51.504,-999999,16.692,-999999,-999999,-999999,-999999,-999999,-999999,-999999,0,15,-999999,-999999,15,-999999,-999999,0.232,-999999,-999999,-999999,-999999,-999999,1.3;51.870,51.523,-999999,16.669,-999999,-999999,-999999,-999999,-999999,-999999,-999999,0,15,-999999,-999999,15,-999999,-999999,0.237,-999999,-999999,-999999,-999999,-999999,1.4;51.890,51.543,-999999,16.506,-999999,-999999,-999999,-999999,-999999,-999999,-999999,0,15,-999999,-999999,15,-999999,-999999,0.247,-999999,-999999,-999999,-999999,-999999,1.5;51.910,51.562,-999999,16.159,-999999,-999999,-999999,-999999,-999999,-999999,-999999,0,15,-999999,-999999,15,-999999,-999999,0.256,-999999,-999999,-999999,-999999,-999999,1.5;51.930,51.581,-999999,16.025,-999999,-999999,-999999,-999999,-999999,-999999,-999999,0,15,-999999,-999999,15,-999999,-999999,0.222,-999999,-999999,-999999,-999999,-999999,1.3;51.950,51.601,-999999,15.672,-999999,-999999,-999999,-999999,-999999,-999999,-999999,0,15,-999999,-999999,15,-999999,-999999,0.231,-999999,-999999,-999999,-999999,-999999,1.4;51.970,51.620,-999999,15.627,-999999,-999999,-999999,-999999,-999999,-999999,-999999,0,15,-999999,-999999,15,-999999,-999999,0.229,-999999,-999999,-999999,-999999,-999999,1.4;51.990,51.639,-999999,15.845,-999999,-999999,-999999,-999999,-999999,-999999,-999999,0,15,-999999,-999999,15,-999999,-999999,0.226,-999999,-999999,-999999,-999999,-999999,1.3;52.010,51.658,-999999,16.435,-999999,-999999,-999999,-999999,-999999,-999999,-999999,0,15,-999999,-999999,15,-999999,-999999,0.238,-999999,-999999,-999999,-999999,-999999,1.4;52.030,51.678,-999999,17.616,-999999,-999999,-999999,-999999,-999999,-999999,-999999,0,15,-999999,-999999,15,-999999,-999999,0.238,-999999,-999999,-999999,-999999,-999999,1.3;52.050,51.697,-999999,18.395,-999999,-999999,-999999,-999999,-999999,-999999,-999999,0,15,-999999,-999999,15,-999999,-999999,0.197,-999999,-999999,-999999,-999999,-999999,1.1;52.070,51.716,-999999,18.267,-999999,-999999,-999999,-999999,-999999,-999999,-999999,0,15,-999999,-999999,15,-999999,-999999,0.184,-999999,-999999,-999999,-999999,-999999,1.0;52.090,51.735,-999999,18.289,-999999,-999999,-999999,-999999,-999999,-999999,-999999,0,15,-999999,-999999,15,-999999,-999999,0.194,-999999,-999999,-999999,-999999,-999999,1.0;52.110,51.755,-999999,18.260,-999999,-999999,-999999,-999999,-999999,-999999,-999999,0,15,-999999,-999999,15,-999999,-999999,0.214,-999999,-999999,-999999,-999999,-999999,1.1;52.130,51.774,-999999,18.328,-999999,-999999,-999999,-999999,-999999,-999999,-999999,0,15,-999999,-999999,15,-999999,-999999,0.219,-999999,-999999,-999999,-999999,-999999,1.1;52.150,51.793,-999999,18.584,-999999,-999999,-999999,-999999,-999999,-999999,-999999,0,15,-999999,-999999,15,-999999,-999999,0.223,-999999,-999999,-999999,-999999,-999999,1.1;52.170,51.813,-999999,18.873,-999999,-999999,-999999,-999999,-999999,-999999,-999999,0,15,-999999,-999999,15,-999999,-999999,0.222,-999999,-999999,-999999,-999999,-999999,1.1;52.190,51.832,-999999,19.460,-999999,-999999,-999999,-999999,-999999,-999999,-999999,0,15,-999999,-999999,15,-999999,-999999,0.220,-999999,-999999,-999999,-999999,-999999,1.1;52.210,51.851,-999999,20.034,-999999,-999999,-999999,-999999,-999999,-999999,-999999,0,15,-999999,-999999,15,-999999,-999999,0.217,-999999,-999999,-999999,-999999,-999999,1.1;52.230,51.870,-999999,20.018,-999999,-999999,-999999,-999999,-999999,-999999,-999999,0,15,-999999,-999999,15,-999999,-999999,0.222,-999999,-999999,-999999,-999999,-999999,1.1;52.250,51.890,-999999,19.726,-999999,-999999,-999999,-999999,-999999,-999999,-999999,0,15,-999999,-999999,15,-999999,-999999,0.233,-999999,-999999,-999999,-999999,-999999,1.2;52.270,51.909,-999999,19.351,-999999,-999999,-999999,-999999,-999999,-999999,-999999,0,15,-999999,-999999,15,-999999,-999999,0.225,-999999,-999999,-999999,-999999,-999999,1.1;52.290,51.928,-999999,18.812,-999999,-999999,-999999,-999999,-999999,-999999,-999999,0,15,-999999,-999999,15,-999999,-999999,0.216,-999999,-999999,-999999,-999999,-999999,1.1;52.310,51.947,-999999,18.398,-999999,-999999,-999999,-999999,-999999,-999999,-999999,0,15,-999999,-999999,15,-999999,-999999,0.211,-999999,-999999,-999999,-999999,-999999,1.1;52.330,51.967,-999999,18.315,-999999,-999999,-999999,-999999,-999999,-999999,-999999,0,15,-999999,-999999,15,-999999,-999999,0.216,-999999,-999999,-999999,-999999,-999999,1.1;52.350,51.986,-999999,18.536,-999999,-999999,-999999,-999999,-999999,-999999,-999999,0,15,-999999,-999999,15,-999999,-999999,0.223,-999999,-999999,-999999,-999999,-999999,1.2;52.370,52.005,-999999,18.446,-999999,-999999,-999999,-999999,-999999,-999999,-999999,0,15,-999999,-999999,15,-999999,-999999,0.236,-999999,-999999,-999999,-999999,-999999,1.2;52.390,52.024,-999999,18.376,-999999,-999999,-999999,-999999,-999999,-999999,-999999,0,15,-999999,-999999,15,-999999,-999999,0.257,-999999,-999999,-999999,-999999,-999999,1.3;52.410,52.044,-999999,18.530,-999999,-999999,-999999,-999999,-999999,-999999,-999999,0,15,-999999,-999999,15,-999999,-999999,0.266,-999999,-999999,-999999,-999999,-999999,1.4;52.430,52.063,-999999,19.062,-999999,-999999,-999999,-999999,-999999,-999999,-999999,0,15,-999999,-999999,15,-999999,-999999,0.268,-999999,-999999,-999999,-999999,-999999,1.4;52.450,52.082,-999999,19.078,-999999,-999999,-999999,-999999,-999999,-999999,-999999,0,15,-999999,-999999,15,-999999,-999999,0.225,-999999,-999999,-999999,-999999,-999999,1.1;52.470,52.101,-999999,19.194,-999999,-999999,-999999,-999999,-999999,-999999,-999999,0,15,-999999,-999999,15,-999999,-999999,0.222,-999999,-999999,-999999,-999999,-999999,1.1;52.490,52.121,-999999,19.762,-999999,-999999,-999999,-999999,-999999,-999999,-999999,0,15,-999999,-999999,15,-999999,-999999,0.227,-999999,-999999,-999999,-999999,-999999,1.1;52.510,52.140,-999999,19.829,-999999,-999999,-999999,-999999,-999999,-999999,-999999,0,15,-999999,-999999,15,-999999,-999999,0.218,-999999,-999999,-999999,-999999,-999999,1.0;52.530,52.159,-999999,20.265,-999999,-999999,-999999,-999999,-999999,-999999,-999999,0,15,-999999,-999999,15,-999999,-999999,0.203,-999999,-999999,-999999,-999999,-999999,1.0;52.550,52.178,-999999,20.461,-999999,-999999,-999999,-999999,-999999,-999999,-999999,0,15,-999999,-999999,15,-999999,-999999,0.202,-999999,-999999,-999999,-999999,-999999,1.0;52.570,52.198,-999999,20.721,-999999,-999999,-999999,-999999,-999999,-999999,-999999,0,15,-999999,-999999,15,-999999,-999999,0.207,-999999,-999999,-999999,-999999,-999999,1.0;52.590,52.217,-999999,20.775,-999999,-999999,-999999,-999999,-999999,-999999,-999999,0,15,-999999,-999999,15,-999999,-999999,0.231,-999999,-999999,-999999,-999999,-999999,1.2;52.610,52.236,-999999,19.922,-999999,-999999,-999999,-999999,-999999,-999999,-999999,0,15,-999999,-999999,15,-999999,-999999,0.269,-999999,-999999,-999999,-999999,-999999,1.5;52.630,52.255,-999999,17.792,-999999,-999999,-999999,-999999,-999999,-999999,-999999,0,15,-999999,-999999,15,-999999,-999999,0.313,-999999,-999999,-999999,-999999,-999999,1.9;52.650,52.275,-999999,14.119,-999999,-999999,-999999,-999999,-999999,-999999,-999999,0,15,-999999,-999999,15,-999999,-999999,0.339,-999999,-999999,-999999,-999999,-999999,2.4;52.670,52.294,-999999,10.604,-999999,-999999,-999999,-999999,-999999,-999999,-999999,0,15,-999999,-999999,15,-999999,-999999,0.362,-999999,-999999,-999999,-999999,-999999,3.0;52.690,52.313,-999999,8.323,-999999,-999999,-999999,-999999,-999999,-999999,-999999,0,15,-999999,-999999,15,-999999,-999999,0.363,-999999,-999999,-999999,-999999,-999999,3.6;52.710,52.332,-999999,6.485,-999999,-999999,-999999,-999999,-999999,-999999,-999999,0,15,-999999,-999999,15,-999999,-999999,0.375,-999999,-999999,-999999,-999999,-999999,4.6;52.730,52.352,-999999,5.898,-999999,-999999,-999999,-999999,-999999,-999999,-999999,0,15,-999999,-999999,15,-999999,-999999,0.383,-999999,-999999,-999999,-999999,-999999,5.6;52.750,52.371,-999999,5.574,-999999,-999999,-999999,-999999,-999999,-999999,-999999,0,15,-999999,-999999,15,-999999,-999999,0.379,-999999,-999999,-999999,-999999,-999999,6.2;52.770,52.390,-999999,5.324,-999999,-999999,-999999,-999999,-999999,-999999,-999999,0,15,-999999,-999999,15,-999999,-999999,0.363,-999999,-999999,-999999,-999999,-999999,6.4;52.790,52.409,-999999,5.610,-999999,-999999,-999999,-999999,-999999,-999999,-999999,0,15,-999999,-999999,15,-999999,-999999,0.320,-999999,-999999,-999999,-999999,-999999,5.9;52.810,52.429,-999999,5.449,-999999,-999999,-999999,-999999,-999999,-999999,-999999,0,15,-999999,-999999,15,-999999,-999999,0.274,-999999,-999999,-999999,-999999,-999999,5.3;52.830,52.448,-999999,5.151,-999999,-999999,-999999,-999999,-999999,-999999,-999999,0,15,-999999,-999999,15,-999999,-999999,0.243,-999999,-999999,-999999,-999999,-999999,4.8;52.850,52.467,-999999,4.625,-999999,-999999,-999999,-999999,-999999,-999999,-999999,0,15,-999999,-999999,15,-999999,-999999,0.200,-999999,-999999,-999999,-999999,-999999,4.1;52.870,52.486,-999999,4.416,-999999,-999999,-999999,-999999,-999999,-999999,-999999,0,15,-999999,-999999,15,-999999,-999999,0.156,-999999,-999999,-999999,-999999,-999999,3.3;52.890,52.506,-999999,4.371,-999999,-999999,-999999,-999999,-999999,-999999,-999999,0,15,-999999,-999999,15,-999999,-999999,0.129,-999999,-999999,-999999,-999999,-999999,2.9;52.910,52.525,-999999,4.327,-999999,-999999,-999999,-999999,-999999,-999999,-999999,0,15,-999999,-999999,15,-999999,-999999,0.098,-999999,-999999,-999999,-999999,-999999,2.3;52.930,52.544,-999999,4.047,-999999,-999999,-999999,-999999,-999999,-999999,-999999,0,15,-999999,-999999,15,-999999,-999999,0.083,-999999,-999999,-999999,-999999,-999999,2.0;52.950,52.564,-999999,3.842,-999999,-999999,-999999,-999999,-999999,-999999,-999999,0,15,-999999,-999999,15,-999999,-999999,0.077,-999999,-999999,-999999,-999999,-999999,1.9;52.970,52.583,-999999,3.804,-999999,-999999,-999999,-999999,-999999,-999999,-999999,0,15,-999999,-999999,15,-999999,-999999,0.078,-999999,-999999,-999999,-999999,-999999,2.0;52.990,52.602,-999999,3.804,-999999,-999999,-999999,-999999,-999999,-999999,-999999,0,15,-999999,-999999,15,-999999,-999999,0.080,-999999,-999999,-999999,-999999,-999999,2.1;53.010,52.621,-999999,3.759,-999999,-999999,-999999,-999999,-999999,-999999,-999999,0,15,-999999,-999999,15,-999999,-999999,0.080,-999999,-999999,-999999,-999999,-999999,2.1;53.030,52.641,-999999,3.727,-999999,-999999,-999999,-999999,-999999,-999999,-999999,0,15,-999999,-999999,15,-999999,-999999,0.081,-999999,-999999,-999999,-999999,-999999,2.1;53.050,52.660,-999999,3.666,-999999,-999999,-999999,-999999,-999999,-999999,-999999,0,15,-999999,-999999,15,-999999,-999999,0.077,-999999,-999999,-999999,-999999,-999999,2.1;53.070,52.679,-999999,3.624,-999999,-999999,-999999,-999999,-999999,-999999,-999999,0,15,-999999,-999999,15,-999999,-999999,0.076,-999999,-999999,-999999,-999999,-999999,2.1;53.090,52.698,-999999,3.579,-999999,-999999,-999999,-999999,-999999,-999999,-999999,0,15,-999999,-999999,15,-999999,-999999,0.077,-999999,-999999,-999999,-999999,-999999,2.1;53.110,52.718,-999999,3.515,-999999,-999999,-999999,-999999,-999999,-999999,-999999,0,15,-999999,-999999,15,-999999,-999999,0.077,-999999,-999999,-999999,-999999,-999999,2.2;53.130,52.737,-999999,3.444,-999999,-999999,-999999,-999999,-999999,-999999,-999999,0,15,-999999,-999999,15,-999999,-999999,0.074,-999999,-999999,-999999,-999999,-999999,2.1;53.150,52.756,-999999,3.419,-999999,-999999,-999999,-999999,-999999,-999999,-999999,0,15,-999999,-999999,15,-999999,-999999,0.070,-999999,-999999,-999999,-999999,-999999,2.0;53.170,52.775,-999999,3.371,-999999,-999999,-999999,-999999,-999999,-999999,-999999,0,15,-999999,-999999,15,-999999,-999999,0.067,-999999,-999999,-999999,-999999,-999999,1.9;53.190,52.794,-999999,3.297,-999999,-999999,-999999,-999999,-999999,-999999,-999999,0,15,-999999,-999999,15,-999999,-999999,0.065,-999999,-999999,-999999,-999999,-999999,1.9;53.210,52.814,-999999,3.271,-999999,-999999,-999999,-999999,-999999,-999999,-999999,0,15,-999999,-999999,15,-999999,-999999,0.063,-999999,-999999,-999999,-999999,-999999,1.9;53.230,52.833,-999999,3.265,-999999,-999999,-999999,-999999,-999999,-999999,-999999,0,15,-999999,-999999,15,-999999,-999999,0.060,-999999,-999999,-999999,-999999,-999999,1.8;53.250,52.852,-999999,3.252,-999999,-999999,-999999,-999999,-999999,-999999,-999999,0,15,-999999,-999999,15,-999999,-999999,0.059,-999999,-999999,-999999,-999999,-999999,1.8;53.270,52.871,-999999,3.207,-999999,-999999,-999999,-999999,-999999,-999999,-999999,0,15,-999999,-999999,15,-999999,-999999,0.055,-999999,-999999,-999999,-999999,-999999,1.7;53.290,52.891,-999999,3.178,-999999,-999999,-999999,-999999,-999999,-999999,-999999,0,15,-999999,-999999,15,-999999,-999999,0.052,-999999,-999999,-999999,-999999,-999999,1.6;53.310,52.910,-999999,3.188,-999999,-999999,-999999,-999999,-999999,-999999,-999999,0,15,-999999,-999999,15,-999999,-999999,0.052,-999999,-999999,-999999,-999999,-999999,1.6;53.330,52.929,-999999,3.207,-999999,-999999,-999999,-999999,-999999,-999999,-999999,0,15,-999999,-999999,15,-999999,-999999,0.054,-999999,-999999,-999999,-999999,-999999,1.7;53.350,52.948,-999999,3.210,-999999,-999999,-999999,-999999,-999999,-999999,-999999,0,15,-999999,-999999,15,-999999,-999999,0.056,-999999,-999999,-999999,-999999,-999999,1.7;53.370,52.968,-999999,3.210,-999999,-999999,-999999,-999999,-999999,-999999,-999999,0,15,-999999,-999999,15,-999999,-999999,0.056,-999999,-999999,-999999,-999999,-999999,1.7;53.390,52.987,-999999,3.156,-999999,-999999,-999999,-999999,-999999,-999999,-999999,0,15,-999999,-999999,15,-999999,-999999,0.056,-999999,-999999,-999999,-999999,-999999,1.8;53.410,53.006,-999999,3.069,-999999,-999999,-999999,-999999,-999999,-999999,-999999,0,15,-999999,-999999,15,-999999,-999999,0.054,-999999,-999999,-999999,-999999,-999999,1.7;53.430,53.025,-999999,2.992,-999999,-999999,-999999,-999999,-999999,-999999,-999999,0,15,-999999,-999999,15,-999999,-999999,0.055,-999999,-999999,-999999,-999999,-999999,1.8;53.450,53.045,-999999,3.008,-999999,-999999,-999999,-999999,-999999,-999999,-999999,0,15,-999999,-999999,15,-999999,-999999,0.057,-999999,-999999,-999999,-999999,-999999,1.8;53.470,53.064,-999999,3.072,-999999,-999999,-999999,-999999,-999999,-999999,-999999,0,15,-999999,-999999,15,-999999,-999999,0.058,-999999,-999999,-999999,-999999,-999999,1.8;53.490,53.083,-999999,3.223,-999999,-999999,-999999,-999999,-999999,-999999,-999999,0,15,-999999,-999999,15,-999999,-999999,0.055,-999999,-999999,-999999,-999999,-999999,1.6;53.510,53.102,-999999,3.432,-999999,-999999,-999999,-999999,-999999,-999999,-999999,0,15,-999999,-999999,15,-999999,-999999,0.054,-999999,-999999,-999999,-999999,-999999,1.6;53.530,53.122,-999999,3.595,-999999,-999999,-999999,-999999,-999999,-999999,-999999,0,15,-999999,-999999,15,-999999,-999999,0.053,-999999,-999999,-999999,-999999,-999999,1.5;53.550,53.141,-999999,3.682,-999999,-999999,-999999,-999999,-999999,-999999,-999999,0,15,-999999,-999999,15,-999999,-999999,0.056,-999999,-999999,-999999,-999999,-999999,1.5;53.570,53.160,-999999,3.682,-999999,-999999,-999999,-999999,-999999,-999999,-999999,0,15,-999999,-999999,15,-999999,-999999,0.060,-999999,-999999,-999999,-999999,-999999,1.6;53.590,53.179,-999999,3.711,-999999,-999999,-999999,-999999,-999999,-999999,-999999,0,15,-999999,-999999,15,-999999,-999999,0.061,-999999,-999999,-999999,-999999,-999999,1.6;53.610,53.198,-999999,3.749,-999999,-999999,-999999,-999999,-999999,-999999,-999999,0,15,-999999,-999999,15,-999999,-999999,0.061,-999999,-999999,-999999,-999999,-999999,1.6;53.630,53.218,-999999,3.749,-999999,-999999,-999999,-999999,-999999,-999999,-999999,0,15,-999999,-999999,15,-999999,-999999,0.065,-999999,-999999,-999999,-999999,-999999,1.7;53.650,53.237,-999999,3.810,-999999,-999999,-999999,-999999,-999999,-999999,-999999,0,15,-999999,-999999,15,-999999,-999999,0.068,-999999,-999999,-999999,-999999,-999999,1.7;53.670,53.256,-999999,3.900,-999999,-999999,-999999,-999999,-999999,-999999,-999999,0,15,-999999,-999999,15,-999999,-999999,0.070,-999999,-999999,-999999,-999999,-999999,1.8;53.690,53.275,-999999,3.884,-999999,-999999,-999999,-999999,-999999,-999999,-999999,0,15,-999999,-999999,15,-999999,-999999,0.073,-999999,-999999,-999999,-999999,-999999,1.9;53.710,53.295,-999999,3.817,-999999,-999999,-999999,-999999,-999999,-999999,-999999,0,15,-999999,-999999,15,-999999,-999999,0.072,-999999,-999999,-999999,-999999,-999999,1.9;53.730,53.314,-999999,3.797,-999999,-999999,-999999,-999999,-999999,-999999,-999999,0,16,-999999,-999999,16,-999999,-999999,0.068,-999999,-999999,-999999,-999999,-999999,1.8;53.750,53.333,-999999,3.772,-999999,-999999,-999999,-999999,-999999,-999999,-999999,0,15,-999999,-999999,15,-999999,-999999,0.071,-999999,-999999,-999999,-999999,-999999,1.8;53.770,53.352,-999999,3.704,-999999,-999999,-999999,-999999,-999999,-999999,-999999,0,15,-999999,-999999,15,-999999,-999999,0.073,-999999,-999999,-999999,-999999,-999999,1.9;53.790,53.372,-999999,3.682,-999999,-999999,-999999,-999999,-999999,-999999,-999999,0,16,-999999,-999999,16,-999999,-999999,0.068,-999999,-999999,-999999,-999999,-999999,1.8;53.810,53.391,-999999,3.691,-999999,-999999,-999999,-999999,-999999,-999999,-999999,0,16,-999999,-999999,16,-999999,-999999,0.072,-999999,-999999,-999999,-999999,-999999,1.9;53.830,53.410,-999999,3.765,-999999,-999999,-999999,-999999,-999999,-999999,-999999,0,15,-999999,-999999,15,-999999,-999999,0.061,-999999,-999999,-999999,-999999,-999999,1.6;53.850,53.429,-999999,3.877,-999999,-999999,-999999,-999999,-999999,-999999,-999999,0,15,-999999,-999999,15,-999999,-999999,0.057,-999999,-999999,-999999,-999999,-999999,1.4;53.870,53.448,-999999,4.060,-999999,-999999,-999999,-999999,-999999,-999999,-999999,0,16,-999999,-999999,16,-999999,-999999,0.068,-999999,-999999,-999999,-999999,-999999,1.6;53.890,53.468,-999999,4.230,-999999,-999999,-999999,-999999,-999999,-999999,-999999,0,16,-999999,-999999,16,-999999,-999999,0.070,-999999,-999999,-999999,-999999,-999999,1.6;53.910,53.487,-999999,4.452,-999999,-999999,-999999,-999999,-999999,-999999,-999999,0,16,-999999,-999999,16,-999999,-999999,0.070,-999999,-999999,-999999,-999999,-999999,1.5;53.930,53.506,-999999,4.686,-999999,-999999,-999999,-999999,-999999,-999999,-999999,0,16,-999999,-999999,16,-999999,-999999,0.072,-999999,-999999,-999999,-999999,-999999,1.6;53.950,53.525,-999999,4.718,-999999,-999999,-999999,-999999,-999999,-999999,-999999,0,16,-999999,-999999,16,-999999,-999999,0.073,-999999,-999999,-999999,-999999,-999999,1.5;53.970,53.544,-999999,4.708,-999999,-999999,-999999,-999999,-999999,-999999,-999999,0,16,-999999,-999999,16,-999999,-999999,0.071,-999999,-999999,-999999,-999999,-999999,1.5;53.990,53.564,-999999,4.721,-999999,-999999,-999999,-999999,-999999,-999999,-999999,0,16,-999999,-999999,16,-999999,-999999,0.080,-999999,-999999,-999999,-999999,-999999,1.7;54.010,53.583,-999999,4.541,-999999,-999999,-999999,-999999,-999999,-999999,-999999,0,16,-999999,-999999,16,-999999,-999999,0.088,-999999,-999999,-999999,-999999,-999999,1.9;54.030,53.602,-999999,4.554,-999999,-999999,-999999,-999999,-999999,-999999,-999999,0,16,-999999,-999999,16,-999999,-999999,0.095,-999999,-999999,-999999,-999999,-999999,2.0;54.050,53.621,-999999,4.654,-999999,-999999,-999999,-999999,-999999,-999999,-999999,0,16,-999999,-999999,16,-999999,-999999,0.093,-999999,-999999,-999999,-999999,-999999,2.0;54.070,53.641,-999999,4.631,-999999,-999999,-999999,-999999,-999999,-999999,-999999,0,16,-999999,-999999,16,-999999,-999999,0.086,-999999,-999999,-999999,-999999,-999999,1.8;54.090,53.660,-999999,4.615,-999999,-999999,-999999,-999999,-999999,-999999,-999999,0,16,-999999,-999999,16,-999999,-999999,0.097,-999999,-999999,-999999,-999999,-999999,2.1;54.110,53.679,-999999,4.586,-999999,-999999,-999999,-999999,-999999,-999999,-999999,0,16,-999999,-999999,16,-999999,-999999,0.108,-999999,-999999,-999999,-999999,-999999,2.3;54.130,53.698,-999999,4.574,-999999,-999999,-999999,-999999,-999999,-999999,-999999,0,16,-999999,-999999,16,-999999,-999999,0.115,-999999,-999999,-999999,-999999,-999999,2.5;54.150,53.717,-999999,4.663,-999999,-999999,-999999,-999999,-999999,-999999,-999999,0,16,-999999,-999999,16,-999999,-999999,0.137,-999999,-999999,-999999,-999999,-999999,2.9;54.170,53.737,-999999,4.654,-999999,-999999,-999999,-999999,-999999,-999999,-999999,0,16,-999999,-999999,16,-999999,-999999,0.154,-999999,-999999,-999999,-999999,-999999,3.3;54.190,53.756,-999999,4.586,-999999,-999999,-999999,-999999,-999999,-999999,-999999,0,16,-999999,-999999,16,-999999,-999999,0.167,-999999,-999999,-999999,-999999,-999999,3.7;54.210,53.775,-999999,4.477,-999999,-999999,-999999,-999999,-999999,-999999,-999999,0,16,-999999,-999999,16,-999999,-999999,0.180,-999999,-999999,-999999,-999999,-999999,4.0;54.230,53.794,-999999,4.355,-999999,-999999,-999999,-999999,-999999,-999999,-999999,0,16,-999999,-999999,16,-999999,-999999,0.205,-999999,-999999,-999999,-999999,-999999,4.7;54.250,53.813,-999999,4.237,-999999,-999999,-999999,-999999,-999999,-999999,-999999,0,16,-999999,-999999,16,-999999,-999999,0.215,-999999,-999999,-999999,-999999,-999999,5.1;54.270,53.833,-999999,4.118,-999999,-999999,-999999,-999999,-999999,-999999,-999999,0,16,-999999,-999999,16,-999999,-999999,0.207,-999999,-999999,-999999,-999999,-999999,5.0;54.290,53.852,-999999,3.993,-999999,-999999,-999999,-999999,-999999,-999999,-999999,0,16,-999999,-999999,16,-999999,-999999,0.192,-999999,-999999,-999999,-999999,-999999,4.8;54.310,53.871,-999999,3.858,-999999,-999999,-999999,-999999,-999999,-999999,-999999,0,16,-999999,-999999,16,-999999,-999999,0.178,-999999,-999999,-999999,-999999,-999999,4.6;54.330,53.890,-999999,3.688,-999999,-999999,-999999,-999999,-999999,-999999,-999999,0,16,-999999,-999999,16,-999999,-999999,0.172,-999999,-999999,-999999,-999999,-999999,4.6;54.350,53.909,-999999,3.502,-999999,-999999,-999999,-999999,-999999,-999999,-999999,0,16,-999999,-999999,16,-999999,-999999,0.160,-999999,-999999,-999999,-999999,-999999,4.5;54.370,53.929,-999999,3.335,-999999,-999999,-999999,-999999,-999999,-999999,-999999,0,16,-999999,-999999,16,-999999,-999999,0.143,-999999,-999999,-999999,-999999,-999999,4.2;54.390,53.948,-999999,3.201,-999999,-999999,-999999,-999999,-999999,-999999,-999999,0,16,-999999,-999999,16,-999999,-999999,0.124,-999999,-999999,-999999,-999999,-999999,3.7;54.410,53.967,-999999,3.120,-999999,-999999,-999999,-999999,-999999,-999999,-999999,0,16,-999999,-999999,16,-999999,-999999,0.110,-999999,-999999,-999999,-999999,-999999,3.3;54.430,53.986,-999999,3.181,-999999,-999999,-999999,-999999,-999999,-999999,-999999,0,16,-999999,-999999,16,-999999,-999999,0.099,-999999,-999999,-999999,-999999,-999999,2.9;54.450,54.005,-999999,3.361,-999999,-999999,-999999,-999999,-999999,-999999,-999999,0,16,-999999,-999999,16,-999999,-999999,0.094,-999999,-999999,-999999,-999999,-999999,2.6;54.470,54.025,-999999,3.621,-999999,-999999,-999999,-999999,-999999,-999999,-999999,0,16,-999999,-999999,16,-999999,-999999,0.092,-999999,-999999,-999999,-999999,-999999,2.5;54.490,54.044,-999999,3.926,-999999,-999999,-999999,-999999,-999999,-999999,-999999,0,16,-999999,-999999,16,-999999,-999999,0.083,-999999,-999999,-999999,-999999,-999999,2.1;54.510,54.063,-999999,4.157,-999999,-999999,-999999,-999999,-999999,-999999,-999999,0,16,-999999,-999999,16,-999999,-999999,0.089,-999999,-999999,-999999,-999999,-999999,2.2;54.530,54.082,-999999,4.237,-999999,-999999,-999999,-999999,-999999,-999999,-999999,0,16,-999999,-999999,16,-999999,-999999,0.106,-999999,-999999,-999999,-999999,-999999,2.5;54.550,54.102,-999999,4.240,-999999,-999999,-999999,-999999,-999999,-999999,-999999,0,16,-999999,-999999,16,-999999,-999999,0.122,-999999,-999999,-999999,-999999,-999999,2.9;54.570,54.121,-999999,4.307,-999999,-999999,-999999,-999999,-999999,-999999,-999999,0,16,-999999,-999999,16,-999999,-999999,0.134,-999999,-999999,-999999,-999999,-999999,3.1;54.590,54.140,-999999,4.320,-999999,-999999,-999999,-999999,-999999,-999999,-999999,0,16,-999999,-999999,16,-999999,-999999,0.144,-999999,-999999,-999999,-999999,-999999,3.4;54.610,54.159,-999999,4.166,-999999,-999999,-999999,-999999,-999999,-999999,-999999,0,16,-999999,-999999,16,-999999,-999999,0.153,-999999,-999999,-999999,-999999,-999999,3.6;54.630,54.178,-999999,4.153,-999999,-999999,-999999,-999999,-999999,-999999,-999999,0,16,-999999,-999999,16,-999999,-999999,0.154,-999999,-999999,-999999,-999999,-999999,3.6;54.650,54.198,-999999,4.198,-999999,-999999,-999999,-999999,-999999,-999999,-999999,0,16,-999999,-999999,16,-999999,-999999,0.157,-999999,-999999,-999999,-999999,-999999,3.6;54.670,54.217,-999999,4.256,-999999,-999999,-999999,-999999,-999999,-999999,-999999,0,16,-999999,-999999,16,-999999,-999999,0.154,-999999,-999999,-999999,-999999,-999999,3.5;54.690,54.236,-999999,4.381,-999999,-999999,-999999,-999999,-999999,-999999,-999999,0,16,-999999,-999999,16,-999999,-999999,0.139,-999999,-999999,-999999,-999999,-999999,3.1;54.710,54.255,-999999,4.574,-999999,-999999,-999999,-999999,-999999,-999999,-999999,0,16,-999999,-999999,16,-999999,-999999,0.134,-999999,-999999,-999999,-999999,-999999,2.9;54.730,54.274,-999999,4.734,-999999,-999999,-999999,-999999,-999999,-999999,-999999,0,16,-999999,-999999,16,-999999,-999999,0.139,-999999,-999999,-999999,-999999,-999999,2.9;54.750,54.294,-999999,4.811,-999999,-999999,-999999,-999999,-999999,-999999,-999999,0,16,-999999,-999999,16,-999999,-999999,0.155,-999999,-999999,-999999,-999999,-999999,3.2;54.770,54.313,-999999,4.984,-999999,-999999,-999999,-999999,-999999,-999999,-999999,0,16,-999999,-999999,16,-999999,-999999,0.145,-999999,-999999,-999999,-999999,-999999,2.9;54.790,54.332,-999999,5.035,-999999,-999999,-999999,-999999,-999999,-999999,-999999,0,16,-999999,-999999,16,-999999,-999999,0.209,-999999,-999999,-999999,-999999,-999999,4.2;54.810,54.351,-999999,5.048,-999999,-999999,-999999,-999999,-999999,-999999,-999999,0,16,-999999,-999999,16,-999999,-999999,0.222,-999999,-999999,-999999,-999999,-999999,4.4;54.830,54.370,-999999,4.962,-999999,-999999,-999999,-999999,-999999,-999999,-999999,0,16,-999999,-999999,16,-999999,-999999,0.235,-999999,-999999,-999999,-999999,-999999,4.7;54.850,54.389,-999999,4.949,-999999,-999999,-999999,-999999,-999999,-999999,-999999,0,16,-999999,-999999,16,-999999,-999999,0.245,-999999,-999999,-999999,-999999,-999999,5.0;54.870,54.409,-999999,4.936,-999999,-999999,-999999,-999999,-999999,-999999,-999999,0,16,-999999,-999999,16,-999999,-999999,0.235,-999999,-999999,-999999,-999999,-999999,4.8;54.890,54.428,-999999,4.766,-999999,-999999,-999999,-999999,-999999,-999999,-999999,0,16,-999999,-999999,16,-999999,-999999,0.226,-999999,-999999,-999999,-999999,-999999,4.7;54.910,54.447,-999999,4.631,-999999,-999999,-999999,-999999,-999999,-999999,-999999,0,16,-999999,-999999,16,-999999,-999999,0.218,-999999,-999999,-999999,-999999,-999999,4.6;54.930,54.466,-999999,4.538,-999999,-999999,-999999,-999999,-999999,-999999,-999999,0,16,-999999,-999999,16,-999999,-999999,0.211,-999999,-999999,-999999,-999999,-999999,4.5;54.950,54.485,-999999,4.609,-999999,-999999,-999999,-999999,-999999,-999999,-999999,0,16,-999999,-999999,16,-999999,-999999,0.214,-999999,-999999,-999999,-999999,-999999,4.6;54.970,54.505,-999999,4.667,-999999,-999999,-999999,-999999,-999999,-999999,-999999,0,16,-999999,-999999,16,-999999,-999999,0.208,-999999,-999999,-999999,-999999,-999999,4.6;54.990,54.524,-999999,4.545,-999999,-999999,-999999,-999999,-999999,-999999,-999999,0,16,-999999,-999999,16,-999999,-999999,0.205,-999999,-999999,-999999,-999999,-999999,4.6;55.010,54.543,-999999,4.416,-999999,-999999,-999999,-999999,-999999,-999999,-999999,0,16,-999999,-999999,16,-999999,-999999,0.217,-999999,-999999,-999999,-999999,-999999,4.9;55.030,54.562,-999999,4.205,-999999,-999999,-999999,-999999,-999999,-999999,-999999,0,16,-999999,-999999,16,-999999,-999999,-999999,-999999,-999999,-999999,-999999,-999999,-999999;55.050,54.581,-999999,4.060,-999999,-999999,-999999,-999999,-999999,-999999,-999999,0,16,-999999,-999999,16,-999999,-999999,-999999,-999999,-999999,-999999,-999999,-999999,-999999;55.070,54.600,-999999,3.990,-999999,-999999,-999999,-999999,-999999,-999999,-999999,0,16,-999999,-999999,16,-999999,-999999,-999999,-999999,-999999,-999999,-999999,-999999,-999999;55.090,54.620,-999999,3.727,-999999,-999999,-999999,-999999,-999999,-999999,-999999,0,16,-999999,-999999,16,-999999,-999999,-999999,-999999,-999999,-999999,-999999,-999999,-999999;</cptcommon:values>
            </cptcommon:cptResult>
        </cptcommon:conePenetrationTest>
        <cptcommon:procedure>
            <cptcommon:interruptionProcessingPerformed>onbekend</cptcommon:interruptionProcessingPerformed>
            <cptcommon:expertCorrectionPerformed>onbekend</cptcommon:expertCorrectionPerformed>
            <cptcommon:signalProcessingPerformed>onbekend</cptcommon:signalProcessingPerformed>
        </cptcommon:procedure>
        <cptcommon:parameters>
            <cptcommon:penetrationLength>ja</cptcommon:penetrationLength>
            <cptcommon:depth>ja</cptcommon:depth>
            <cptcommon:elapsedTime>nee</cptcommon:elapsedTime>
            <cptcommon:coneResistance>ja</cptcommon:coneResistance>
            <cptcommon:correctedConeResistance>nee</cptcommon:correctedConeResistance>
            <cptcommon:netConeResistance>nee</cptcommon:netConeResistance>
            <cptcommon:magneticFieldStrengthX>nee</cptcommon:magneticFieldStrengthX>
            <cptcommon:magneticFieldStrengthY>nee</cptcommon:magneticFieldStrengthY>
            <cptcommon:magneticFieldStrengthZ>nee</cptcommon:magneticFieldStrengthZ>
            <cptcommon:magneticFieldStrengthTotal>nee</cptcommon:magneticFieldStrengthTotal>
            <cptcommon:electricalConductivity>nee</cptcommon:electricalConductivity>
            <cptcommon:inclinationEW>ja</cptcommon:inclinationEW>
            <cptcommon:inclinationNS>ja</cptcommon:inclinationNS>
            <cptcommon:inclinationX>nee</cptcommon:inclinationX>
            <cptcommon:inclinationY>nee</cptcommon:inclinationY>
            <cptcommon:inclinationResultant>ja</cptcommon:inclinationResultant>
            <cptcommon:magneticInclination>nee</cptcommon:magneticInclination>
            <cptcommon:magneticDeclination>nee</cptcommon:magneticDeclination>
            <cptcommon:localFriction>ja</cptcommon:localFriction>
            <cptcommon:poreRatio>nee</cptcommon:poreRatio>
            <cptcommon:temperature>nee</cptcommon:temperature>
            <cptcommon:porePressureU1>nee</cptcommon:porePressureU1>
            <cptcommon:porePressureU2>nee</cptcommon:porePressureU2>
            <cptcommon:porePressureU3>nee</cptcommon:porePressureU3>
            <cptcommon:frictionRatio>ja</cptcommon:frictionRatio>
        </cptcommon:parameters>
    </conePenetrometerSurvey>
</CPT>
