<?xml version="1.0" encoding="UTF-8" standalone="yes"?>
<!--


    Copyright 2012-2017 TNO Geologische Dienst Nederland

    Licensed under the EUPL, Version 1.2 or - as soon they will be approved by
    the European Commission - subsequent versions of the EUPL (the "Licence");
    You may not use this work except in compliance with the Licence.
    You may obtain a copy of the Licence at:

    https://joinup.ec.europa.eu/software/page/eupl

    Unless required by applicable law or agreed to in writing, software
    distributed under the Licence is distributed on an "AS IS" basis,
    WITHOUT WARRANTIES OR CONDITIONS OF ANY KIND, either express or implied.
    See the Licence for the specific language governing permissions and
    limitations under the Licence.

    This work was sponsored by the Dutch Rijksoverheid, Basisregistratie
    Ondergrond (BRO) Programme (https://bro.pleio.nl/)

-->
<CPT xmlns="http://www.broservices.nl/xsd/iscpt/1.1" xmlns:swe="http://www.opengis.net/swe/2.0" xmlns:xlink="http://www.w3.org/1999/xlink" xmlns:brocom="http://www.broservices.nl/xsd/brocommon/3.0" xmlns:cptcommon="http://www.broservices.nl/xsd/cptcommon/1.1" xmlns:gml="http://www.opengis.net/gml/3.2" xmlns:om="http://www.opengis.net/om/2.0" xmlns:sampling="http://www.opengis.net/sampling/2.0">
    <objectIdAccountableParty>CPT, 1601927/403</objectIdAccountableParty>
    <deliveryContext codeSpace="urn:bro:cpt:DeliveryContext">archiefoverdracht</deliveryContext>
    <surveyPurpose codeSpace="urn:bro:cpt:SurveyPurpose">onbekend</surveyPurpose>
    <researchReportDate>
        <brocom:date>2017-03-06</brocom:date>
    </researchReportDate>
    <cptStandard codeSpace="urn:bro:cpt:CPTStandard">ISO22476D1</cptStandard>
    <additionalInvestigationPerformed>onbekend</additionalInvestigationPerformed>
    <researchOperator>24257098</researchOperator>
    <deliveredLocation>
        <cptcommon:location srsName="urn:ogc:def:crs:EPSG::28992" gml:id="BRO_0001">
            <gml:pos>91581.480 442748.000</gml:pos>
        </cptcommon:location>
        <cptcommon:horizontalPositioningDate>
            <brocom:voidReason>onbekend</brocom:voidReason>
        </cptcommon:horizontalPositioningDate>
        <cptcommon:horizontalPositioningMethod codeSpace="urn:bro:cpt:HorizontalPositioningMethod">onbekend</cptcommon:horizontalPositioningMethod>
    </deliveredLocation>
    <deliveredVerticalPosition>
        <cptcommon:localVerticalReferencePoint codeSpace="urn:bro:cpt:LocalVerticalReferencePoint">maaiveld</cptcommon:localVerticalReferencePoint>
        <cptcommon:offset uom="m">2.070</cptcommon:offset>
        <cptcommon:verticalDatum codeSpace="urn:bro:cpt:VerticalDatum">NAP</cptcommon:verticalDatum>
        <cptcommon:verticalPositioningDate>
            <brocom:voidReason>onbekend</brocom:voidReason>
        </cptcommon:verticalPositioningDate>
        <cptcommon:verticalPositioningMethod codeSpace="urn:bro:cpt:VerticalPositioningMethod">onbekend</cptcommon:verticalPositioningMethod>
    </deliveredVerticalPosition>
    <conePenetrometerSurvey gml:id="BRO_0005">
        <sampling:sampledFeature xmlns:xsi="http://www.w3.org/2001/XMLSchema-instance" xsi:nil="true"/>
        <cptcommon:dissipationTestPerformed>nee</cptcommon:dissipationTestPerformed>
        <cptcommon:finalProcessingDate>
            <brocom:voidReason>onbekend</brocom:voidReason>
        </cptcommon:finalProcessingDate>
        <cptcommon:cptMethod codeSpace="urn:bro:cpt:CPTMethod">elektrisch</cptcommon:cptMethod>
        <cptcommon:qualityClass codeSpace="urn:bro:cpt:QualityClass">klasse1</cptcommon:qualityClass>
        <cptcommon:stopCriterion codeSpace="urn:bro:cpt:StopCriterion">einddiepte</cptcommon:stopCriterion>
        <cptcommon:trajectory>
            <cptcommon:predrilledDepth uom="m">0.00</cptcommon:predrilledDepth>
            <cptcommon:finalDepth uom="m">55.090</cptcommon:finalDepth>
        </cptcommon:trajectory>
        <cptcommon:conePenetrometer>
            <cptcommon:description>Sondeer track-truck 11: 23000 kg: geen ankers</cptcommon:description>
            <cptcommon:conePenetrometerType>S15-CFII.951</cptcommon:conePenetrometerType>
            <cptcommon:coneSurfaceArea uom="mm2">1500</cptcommon:coneSurfaceArea>
            <cptcommon:coneToFrictionSleeveDistance uom="mm">80</cptcommon:coneToFrictionSleeveDistance>
            <cptcommon:frictionSleeveSurfaceArea uom="mm2">15000</cptcommon:frictionSleeveSurfaceArea>
            <cptcommon:frictionSleeveSurfaceQuotient xmlns:xsi="http://www.w3.org/2001/XMLSchema-instance" uom="1" xsi:nil="true"/>
            <cptcommon:zeroLoadMeasurement xmlns:xsi="http://www.w3.org/2001/XMLSchema-instance" xsi:nil="true"/>
        </cptcommon:conePenetrometer>
        <cptcommon:conePenetrationTest gml:id="BRO_0004">
            <om:phenomenonTime xlink:type="simple">
                <gml:TimeInstant gml:id="BRO_0003">
                    <gml:timePosition>2017-01-17</gml:timePosition>
                </gml:TimeInstant>
            </om:phenomenonTime>
            <om:resultTime xlink:type="simple">
                <gml:TimeInstant gml:id="BRO_0002">
                    <gml:timePosition>2017-01-17</gml:timePosition>
                </gml:TimeInstant>
            </om:resultTime>
            <om:procedure xmlns:xsi="http://www.w3.org/2001/XMLSchema-instance" xsi:nil="true"/>
            <om:observedProperty xmlns:xsi="http://www.w3.org/2001/XMLSchema-instance" xsi:nil="true"/>
            <om:featureOfInterest xmlns:xsi="http://www.w3.org/2001/XMLSchema-instance" xsi:nil="true"/>
            <cptcommon:cptResult>
                <swe:elementCount xlink:type="simple"/>
                <swe:elementType name="ConePenetrationTestResultRecord" xlink:type="simple" xlink:href="http://www.broservices.nl/xsd/cptcommon/1.0/cpttestresult_record.xml"/>
                <swe:encoding>
                    <swe:TextEncoding decimalSeparator="." tokenSeparator="," blockSeparator=";"/>
                </swe:encoding>
                <cptcommon:values>0.000,-999999,-999999,-999999,-999999,-999999,-999999,-999999,-999999,-999999,-999999,-999999,-999999,-999999,-999999,-999999,-999999,-999999,-999999,-999999,-999999,-999999,-999999,-999999,-999999;0.010,-999999,-999999,0.012,-999999,-999999,-999999,-999999,-999999,-999999,-999999,0,0,-999999,-999999,0,-999999,-999999,0.003,-999999,-999999,-999999,-999999,-999999,0.6;0.030,-999999,-999999,0.263,-999999,-999999,-999999,-999999,-999999,-999999,-999999,0,0,-999999,-999999,0,-999999,-999999,0.004,-999999,-999999,-999999,-999999,-999999,0.9;0.050,-999999,-999999,0.680,-999999,-999999,-999999,-999999,-999999,-999999,-999999,0,0,-999999,-999999,0,-999999,-999999,0.005,-999999,-999999,-999999,-999999,-999999,0.9;0.070,-999999,-999999,0.795,-999999,-999999,-999999,-999999,-999999,-999999,-999999,0,0,-999999,-999999,0,-999999,-999999,0.006,-999999,-999999,-999999,-999999,-999999,0.9;0.090,-999999,-999999,0.785,-999999,-999999,-999999,-999999,-999999,-999999,-999999,0,0,-999999,-999999,0,-999999,-999999,0.007,-999999,-999999,-999999,-999999,-999999,0.9;0.110,-999999,-999999,0.817,-999999,-999999,-999999,-999999,-999999,-999999,-999999,0,0,-999999,-999999,0,-999999,-999999,0.006,-999999,-999999,-999999,-999999,-999999,0.7;0.130,-999999,-999999,0.930,-999999,-999999,-999999,-999999,-999999,-999999,-999999,0,0,-999999,-999999,0,-999999,-999999,0.007,-999999,-999999,-999999,-999999,-999999,0.7;0.150,-999999,-999999,1.048,-999999,-999999,-999999,-999999,-999999,-999999,-999999,0,0,-999999,-999999,0,-999999,-999999,0.008,-999999,-999999,-999999,-999999,-999999,0.8;0.170,-999999,-999999,1.148,-999999,-999999,-999999,-999999,-999999,-999999,-999999,0,0,-999999,-999999,0,-999999,-999999,0.007,-999999,-999999,-999999,-999999,-999999,0.6;0.190,-999999,-999999,1.295,-999999,-999999,-999999,-999999,-999999,-999999,-999999,0,0,-999999,-999999,0,-999999,-999999,0.007,-999999,-999999,-999999,-999999,-999999,0.5;0.210,-999999,-999999,1.388,-999999,-999999,-999999,-999999,-999999,-999999,-999999,0,0,-999999,-999999,0,-999999,-999999,0.008,-999999,-999999,-999999,-999999,-999999,0.6;0.230,-999999,-999999,1.472,-999999,-999999,-999999,-999999,-999999,-999999,-999999,0,0,-999999,-999999,0,-999999,-999999,0.008,-999999,-999999,-999999,-999999,-999999,0.6;0.250,-999999,-999999,1.481,-999999,-999999,-999999,-999999,-999999,-999999,-999999,0,0,-999999,-999999,0,-999999,-999999,0.008,-999999,-999999,-999999,-999999,-999999,0.6;0.270,-999999,-999999,1.427,-999999,-999999,-999999,-999999,-999999,-999999,-999999,0,0,-999999,-999999,0,-999999,-999999,0.009,-999999,-999999,-999999,-999999,-999999,0.6;0.290,-999999,-999999,1.424,-999999,-999999,-999999,-999999,-999999,-999999,-999999,0,0,-999999,-999999,0,-999999,-999999,0.010,-999999,-999999,-999999,-999999,-999999,0.7;0.310,-999999,-999999,1.414,-999999,-999999,-999999,-999999,-999999,-999999,-999999,0,0,-999999,-999999,0,-999999,-999999,0.011,-999999,-999999,-999999,-999999,-999999,0.7;0.330,-999999,-999999,1.456,-999999,-999999,-999999,-999999,-999999,-999999,-999999,0,0,-999999,-999999,0,-999999,-999999,0.012,-999999,-999999,-999999,-999999,-999999,0.8;0.350,-999999,-999999,1.485,-999999,-999999,-999999,-999999,-999999,-999999,-999999,0,0,-999999,-999999,0,-999999,-999999,0.011,-999999,-999999,-999999,-999999,-999999,0.7;0.370,-999999,-999999,1.597,-999999,-999999,-999999,-999999,-999999,-999999,-999999,0,0,-999999,-999999,0,-999999,-999999,0.011,-999999,-999999,-999999,-999999,-999999,0.6;0.390,-999999,-999999,1.770,-999999,-999999,-999999,-999999,-999999,-999999,-999999,0,0,-999999,-999999,0,-999999,-999999,0.011,-999999,-999999,-999999,-999999,-999999,0.6;0.410,-999999,-999999,2.046,-999999,-999999,-999999,-999999,-999999,-999999,-999999,0,0,-999999,-999999,0,-999999,-999999,0.010,-999999,-999999,-999999,-999999,-999999,0.5;0.430,-999999,-999999,2.351,-999999,-999999,-999999,-999999,-999999,-999999,-999999,0,0,-999999,-999999,0,-999999,-999999,0.011,-999999,-999999,-999999,-999999,-999999,0.5;0.450,-999999,-999999,2.601,-999999,-999999,-999999,-999999,-999999,-999999,-999999,0,0,-999999,-999999,0,-999999,-999999,0.012,-999999,-999999,-999999,-999999,-999999,0.4;0.470,-999999,-999999,2.764,-999999,-999999,-999999,-999999,-999999,-999999,-999999,0,0,-999999,-999999,0,-999999,-999999,0.012,-999999,-999999,-999999,-999999,-999999,0.4;0.490,-999999,-999999,2.918,-999999,-999999,-999999,-999999,-999999,-999999,-999999,0,0,-999999,-999999,0,-999999,-999999,0.013,-999999,-999999,-999999,-999999,-999999,0.4;0.510,-999999,-999999,3.056,-999999,-999999,-999999,-999999,-999999,-999999,-999999,0,0,-999999,-999999,0,-999999,-999999,0.013,-999999,-999999,-999999,-999999,-999999,0.4;0.530,-999999,-999999,3.220,-999999,-999999,-999999,-999999,-999999,-999999,-999999,0,0,-999999,-999999,0,-999999,-999999,0.014,-999999,-999999,-999999,-999999,-999999,0.4;0.550,-999999,-999999,3.351,-999999,-999999,-999999,-999999,-999999,-999999,-999999,0,0,-999999,-999999,0,-999999,-999999,0.015,-999999,-999999,-999999,-999999,-999999,0.4;0.570,-999999,-999999,3.464,-999999,-999999,-999999,-999999,-999999,-999999,-999999,0,0,-999999,-999999,0,-999999,-999999,0.011,-999999,-999999,-999999,-999999,-999999,0.3;0.590,-999999,-999999,3.547,-999999,-999999,-999999,-999999,-999999,-999999,-999999,0,0,-999999,-999999,0,-999999,-999999,0.016,-999999,-999999,-999999,-999999,-999999,0.4;0.610,-999999,-999999,3.631,-999999,-999999,-999999,-999999,-999999,-999999,-999999,0,0,-999999,-999999,0,-999999,-999999,0.017,-999999,-999999,-999999,-999999,-999999,0.4;0.630,-999999,-999999,3.682,-999999,-999999,-999999,-999999,-999999,-999999,-999999,0,0,-999999,-999999,0,-999999,-999999,0.017,-999999,-999999,-999999,-999999,-999999,0.4;0.650,-999999,-999999,3.784,-999999,-999999,-999999,-999999,-999999,-999999,-999999,0,0,-999999,-999999,0,-999999,-999999,0.019,-999999,-999999,-999999,-999999,-999999,0.5;0.670,-999999,-999999,3.839,-999999,-999999,-999999,-999999,-999999,-999999,-999999,0,0,-999999,-999999,0,-999999,-999999,0.021,-999999,-999999,-999999,-999999,-999999,0.5;0.690,-999999,-999999,3.954,-999999,-999999,-999999,-999999,-999999,-999999,-999999,0,0,-999999,-999999,1,-999999,-999999,0.024,-999999,-999999,-999999,-999999,-999999,0.6;0.710,-999999,-999999,3.964,-999999,-999999,-999999,-999999,-999999,-999999,-999999,0,0,-999999,-999999,0,-999999,-999999,0.022,-999999,-999999,-999999,-999999,-999999,0.5;0.730,-999999,-999999,3.977,-999999,-999999,-999999,-999999,-999999,-999999,-999999,0,0,-999999,-999999,0,-999999,-999999,0.024,-999999,-999999,-999999,-999999,-999999,0.6;0.750,-999999,-999999,3.861,-999999,-999999,-999999,-999999,-999999,-999999,-999999,0,0,-999999,-999999,0,-999999,-999999,0.026,-999999,-999999,-999999,-999999,-999999,0.6;0.770,-999999,-999999,3.781,-999999,-999999,-999999,-999999,-999999,-999999,-999999,0,0,-999999,-999999,0,-999999,-999999,0.023,-999999,-999999,-999999,-999999,-999999,0.6;0.790,-999999,-999999,3.775,-999999,-999999,-999999,-999999,-999999,-999999,-999999,0,0,-999999,-999999,0,-999999,-999999,0.028,-999999,-999999,-999999,-999999,-999999,0.7;0.810,-999999,-999999,3.762,-999999,-999999,-999999,-999999,-999999,-999999,-999999,0,0,-999999,-999999,0,-999999,-999999,0.027,-999999,-999999,-999999,-999999,-999999,0.7;0.830,-999999,-999999,3.903,-999999,-999999,-999999,-999999,-999999,-999999,-999999,0,0,-999999,-999999,0,-999999,-999999,0.027,-999999,-999999,-999999,-999999,-999999,0.7;0.850,-999999,-999999,3.820,-999999,-999999,-999999,-999999,-999999,-999999,-999999,0,0,-999999,-999999,0,-999999,-999999,0.026,-999999,-999999,-999999,-999999,-999999,0.6;0.870,-999999,-999999,3.794,-999999,-999999,-999999,-999999,-999999,-999999,-999999,0,0,-999999,-999999,0,-999999,-999999,0.024,-999999,-999999,-999999,-999999,-999999,0.6;0.890,-999999,-999999,3.881,-999999,-999999,-999999,-999999,-999999,-999999,-999999,0,0,-999999,-999999,0,-999999,-999999,0.026,-999999,-999999,-999999,-999999,-999999,0.6;0.910,-999999,-999999,3.932,-999999,-999999,-999999,-999999,-999999,-999999,-999999,0,0,-999999,-999999,0,-999999,-999999,0.026,-999999,-999999,-999999,-999999,-999999,0.6;0.930,-999999,-999999,4.041,-999999,-999999,-999999,-999999,-999999,-999999,-999999,0,0,-999999,-999999,0,-999999,-999999,0.027,-999999,-999999,-999999,-999999,-999999,0.6;0.950,-999999,-999999,4.173,-999999,-999999,-999999,-999999,-999999,-999999,-999999,0,0,-999999,-999999,0,-999999,-999999,0.025,-999999,-999999,-999999,-999999,-999999,0.5;0.970,-999999,-999999,4.359,-999999,-999999,-999999,-999999,-999999,-999999,-999999,0,0,-999999,-999999,0,-999999,-999999,0.025,-999999,-999999,-999999,-999999,-999999,0.5;0.990,-999999,-999999,4.599,-999999,-999999,-999999,-999999,-999999,-999999,-999999,0,0,-999999,-999999,0,-999999,-999999,0.026,-999999,-999999,-999999,-999999,-999999,0.5;1.010,-999999,-999999,4.804,-999999,-999999,-999999,-999999,-999999,-999999,-999999,0,0,-999999,-999999,0,-999999,-999999,0.028,-999999,-999999,-999999,-999999,-999999,0.5;1.030,-999999,-999999,4.965,-999999,-999999,-999999,-999999,-999999,-999999,-999999,0,0,-999999,-999999,0,-999999,-999999,0.029,-999999,-999999,-999999,-999999,-999999,0.5;1.050,-999999,-999999,5.119,-999999,-999999,-999999,-999999,-999999,-999999,-999999,0,0,-999999,-999999,0,-999999,-999999,0.029,-999999,-999999,-999999,-999999,-999999,0.5;1.070,-999999,-999999,5.263,-999999,-999999,-999999,-999999,-999999,-999999,-999999,0,0,-999999,-999999,0,-999999,-999999,0.030,-999999,-999999,-999999,-999999,-999999,0.5;1.090,-999999,-999999,5.440,-999999,-999999,-999999,-999999,-999999,-999999,-999999,0,0,-999999,-999999,0,-999999,-999999,0.030,-999999,-999999,-999999,-999999,-999999,0.5;1.110,-999999,-999999,5.680,-999999,-999999,-999999,-999999,-999999,-999999,-999999,0,0,-999999,-999999,0,-999999,-999999,0.032,-999999,-999999,-999999,-999999,-999999,0.5;1.130,-999999,-999999,5.841,-999999,-999999,-999999,-999999,-999999,-999999,-999999,0,0,-999999,-999999,0,-999999,-999999,0.033,-999999,-999999,-999999,-999999,-999999,0.5;1.150,-999999,-999999,5.921,-999999,-999999,-999999,-999999,-999999,-999999,-999999,0,0,-999999,-999999,0,-999999,-999999,0.033,-999999,-999999,-999999,-999999,-999999,0.5;1.170,-999999,-999999,5.991,-999999,-999999,-999999,-999999,-999999,-999999,-999999,0,0,-999999,-999999,0,-999999,-999999,0.034,-999999,-999999,-999999,-999999,-999999,0.5;1.190,-999999,-999999,6.043,-999999,-999999,-999999,-999999,-999999,-999999,-999999,0,0,-999999,-999999,0,-999999,-999999,0.034,-999999,-999999,-999999,-999999,-999999,0.5;1.210,-999999,-999999,6.062,-999999,-999999,-999999,-999999,-999999,-999999,-999999,0,0,-999999,-999999,0,-999999,-999999,0.035,-999999,-999999,-999999,-999999,-999999,0.5;1.230,-999999,-999999,6.059,-999999,-999999,-999999,-999999,-999999,-999999,-999999,0,0,-999999,-999999,0,-999999,-999999,0.035,-999999,-999999,-999999,-999999,-999999,0.5;1.250,-999999,-999999,6.020,-999999,-999999,-999999,-999999,-999999,-999999,-999999,0,0,-999999,-999999,0,-999999,-999999,0.035,-999999,-999999,-999999,-999999,-999999,0.5;1.270,-999999,-999999,5.966,-999999,-999999,-999999,-999999,-999999,-999999,-999999,0,0,-999999,-999999,0,-999999,-999999,0.036,-999999,-999999,-999999,-999999,-999999,0.6;1.290,-999999,-999999,5.889,-999999,-999999,-999999,-999999,-999999,-999999,-999999,0,0,-999999,-999999,0,-999999,-999999,0.036,-999999,-999999,-999999,-999999,-999999,0.6;1.310,-999999,-999999,5.802,-999999,-999999,-999999,-999999,-999999,-999999,-999999,0,0,-999999,-999999,0,-999999,-999999,0.036,-999999,-999999,-999999,-999999,-999999,0.6;1.330,-999999,-999999,5.709,-999999,-999999,-999999,-999999,-999999,-999999,-999999,0,0,-999999,-999999,0,-999999,-999999,0.036,-999999,-999999,-999999,-999999,-999999,0.6;1.350,-999999,-999999,5.603,-999999,-999999,-999999,-999999,-999999,-999999,-999999,0,0,-999999,-999999,0,-999999,-999999,0.036,-999999,-999999,-999999,-999999,-999999,0.6;1.370,-999999,-999999,5.494,-999999,-999999,-999999,-999999,-999999,-999999,-999999,0,0,-999999,-999999,0,-999999,-999999,0.035,-999999,-999999,-999999,-999999,-999999,0.6;1.390,-999999,-999999,5.388,-999999,-999999,-999999,-999999,-999999,-999999,-999999,0,0,-999999,-999999,0,-999999,-999999,0.035,-999999,-999999,-999999,-999999,-999999,0.6;1.410,-999999,-999999,5.257,-999999,-999999,-999999,-999999,-999999,-999999,-999999,0,0,-999999,-999999,0,-999999,-999999,0.035,-999999,-999999,-999999,-999999,-999999,0.6;1.430,-999999,-999999,5.135,-999999,-999999,-999999,-999999,-999999,-999999,-999999,0,0,-999999,-999999,0,-999999,-999999,0.034,-999999,-999999,-999999,-999999,-999999,0.6;1.450,-999999,-999999,5.000,-999999,-999999,-999999,-999999,-999999,-999999,-999999,0,0,-999999,-999999,0,-999999,-999999,0.033,-999999,-999999,-999999,-999999,-999999,0.6;1.470,-999999,-999999,4.872,-999999,-999999,-999999,-999999,-999999,-999999,-999999,0,0,-999999,-999999,0,-999999,-999999,0.033,-999999,-999999,-999999,-999999,-999999,0.6;1.490,-999999,-999999,4.728,-999999,-999999,-999999,-999999,-999999,-999999,-999999,0,0,-999999,-999999,0,-999999,-999999,0.032,-999999,-999999,-999999,-999999,-999999,0.6;1.510,-999999,-999999,4.580,-999999,-999999,-999999,-999999,-999999,-999999,-999999,0,0,-999999,-999999,0,-999999,-999999,0.031,-999999,-999999,-999999,-999999,-999999,0.6;1.530,-999999,-999999,4.432,-999999,-999999,-999999,-999999,-999999,-999999,-999999,1,0,-999999,-999999,1,-999999,-999999,0.030,-999999,-999999,-999999,-999999,-999999,0.6;1.550,-999999,-999999,4.282,-999999,-999999,-999999,-999999,-999999,-999999,-999999,0,0,-999999,-999999,0,-999999,-999999,0.033,-999999,-999999,-999999,-999999,-999999,0.7;1.570,-999999,-999999,4.141,-999999,-999999,-999999,-999999,-999999,-999999,-999999,0,0,-999999,-999999,0,-999999,-999999,0.028,-999999,-999999,-999999,-999999,-999999,0.6;1.590,-999999,-999999,4.012,-999999,-999999,-999999,-999999,-999999,-999999,-999999,0,0,-999999,-999999,0,-999999,-999999,0.027,-999999,-999999,-999999,-999999,-999999,0.6;1.610,-999999,-999999,3.897,-999999,-999999,-999999,-999999,-999999,-999999,-999999,0,0,-999999,-999999,0,-999999,-999999,0.030,-999999,-999999,-999999,-999999,-999999,0.7;1.630,-999999,-999999,3.801,-999999,-999999,-999999,-999999,-999999,-999999,-999999,1,0,-999999,-999999,1,-999999,-999999,0.026,-999999,-999999,-999999,-999999,-999999,0.6;1.650,-999999,-999999,3.704,-999999,-999999,-999999,-999999,-999999,-999999,-999999,0,0,-999999,-999999,0,-999999,-999999,0.028,-999999,-999999,-999999,-999999,-999999,0.7;1.670,-999999,-999999,3.611,-999999,-999999,-999999,-999999,-999999,-999999,-999999,0,0,-999999,-999999,0,-999999,-999999,0.026,-999999,-999999,-999999,-999999,-999999,0.7;1.690,-999999,-999999,3.521,-999999,-999999,-999999,-999999,-999999,-999999,-999999,0,0,-999999,-999999,0,-999999,-999999,0.023,-999999,-999999,-999999,-999999,-999999,0.6;1.710,-999999,-999999,3.489,-999999,-999999,-999999,-999999,-999999,-999999,-999999,0,0,-999999,-999999,0,-999999,-999999,0.023,-999999,-999999,-999999,-999999,-999999,0.6;1.730,-999999,-999999,3.345,-999999,-999999,-999999,-999999,-999999,-999999,-999999,0,0,-999999,-999999,0,-999999,-999999,0.023,-999999,-999999,-999999,-999999,-999999,0.6;1.750,-999999,-999999,3.271,-999999,-999999,-999999,-999999,-999999,-999999,-999999,0,0,-999999,-999999,1,-999999,-999999,0.022,-999999,-999999,-999999,-999999,-999999,0.6;1.770,-999999,-999999,3.239,-999999,-999999,-999999,-999999,-999999,-999999,-999999,0,0,-999999,-999999,0,-999999,-999999,0.021,-999999,-999999,-999999,-999999,-999999,0.6;1.790,-999999,-999999,3.188,-999999,-999999,-999999,-999999,-999999,-999999,-999999,0,0,-999999,-999999,0,-999999,-999999,0.021,-999999,-999999,-999999,-999999,-999999,0.6;1.810,-999999,-999999,3.133,-999999,-999999,-999999,-999999,-999999,-999999,-999999,0,0,-999999,-999999,0,-999999,-999999,0.022,-999999,-999999,-999999,-999999,-999999,0.6;1.830,-999999,-999999,3.127,-999999,-999999,-999999,-999999,-999999,-999999,-999999,1,0,-999999,-999999,1,-999999,-999999,0.023,-999999,-999999,-999999,-999999,-999999,0.7;1.850,-999999,-999999,3.140,-999999,-999999,-999999,-999999,-999999,-999999,-999999,0,0,-999999,-999999,0,-999999,-999999,0.025,-999999,-999999,-999999,-999999,-999999,0.7;1.870,-999999,-999999,3.210,-999999,-999999,-999999,-999999,-999999,-999999,-999999,0,0,-999999,-999999,0,-999999,-999999,0.025,-999999,-999999,-999999,-999999,-999999,0.7;1.890,-999999,-999999,3.355,-999999,-999999,-999999,-999999,-999999,-999999,-999999,0,0,-999999,-999999,0,-999999,-999999,0.026,-999999,-999999,-999999,-999999,-999999,0.7;1.910,-999999,-999999,3.643,-999999,-999999,-999999,-999999,-999999,-999999,-999999,0,0,-999999,-999999,0,-999999,-999999,0.026,-999999,-999999,-999999,-999999,-999999,0.6;1.930,-999999,-999999,4.118,-999999,-999999,-999999,-999999,-999999,-999999,-999999,0,0,-999999,-999999,0,-999999,-999999,0.027,-999999,-999999,-999999,-999999,-999999,0.6;1.950,-999999,-999999,4.695,-999999,-999999,-999999,-999999,-999999,-999999,-999999,0,0,-999999,-999999,0,-999999,-999999,0.027,-999999,-999999,-999999,-999999,-999999,0.5;1.970,-999999,-999999,5.292,-999999,-999999,-999999,-999999,-999999,-999999,-999999,1,0,-999999,-999999,1,-999999,-999999,0.034,-999999,-999999,-999999,-999999,-999999,0.6;1.990,-999999,-999999,5.882,-999999,-999999,-999999,-999999,-999999,-999999,-999999,0,0,-999999,-999999,0,-999999,-999999,0.036,-999999,-999999,-999999,-999999,-999999,0.6;2.010,-999999,-999999,6.437,-999999,-999999,-999999,-999999,-999999,-999999,-999999,0,0,-999999,-999999,0,-999999,-999999,0.036,-999999,-999999,-999999,-999999,-999999,0.5;2.030,-999999,-999999,6.838,-999999,-999999,-999999,-999999,-999999,-999999,-999999,0,0,-999999,-999999,0,-999999,-999999,0.038,-999999,-999999,-999999,-999999,-999999,0.5;2.050,-999999,-999999,7.108,-999999,-999999,-999999,-999999,-999999,-999999,-999999,0,0,-999999,-999999,0,-999999,-999999,0.036,-999999,-999999,-999999,-999999,-999999,0.4;2.070,-999999,-999999,7.602,-999999,-999999,-999999,-999999,-999999,-999999,-999999,0,0,-999999,-999999,0,-999999,-999999,0.046,-999999,-999999,-999999,-999999,-999999,0.5;2.090,-999999,-999999,8.089,-999999,-999999,-999999,-999999,-999999,-999999,-999999,0,0,-999999,-999999,0,-999999,-999999,0.048,-999999,-999999,-999999,-999999,-999999,0.5;2.110,-999999,-999999,8.836,-999999,-999999,-999999,-999999,-999999,-999999,-999999,0,0,-999999,-999999,0,-999999,-999999,0.049,-999999,-999999,-999999,-999999,-999999,0.5;2.130,-999999,-999999,9.327,-999999,-999999,-999999,-999999,-999999,-999999,-999999,0,0,-999999,-999999,0,-999999,-999999,0.052,-999999,-999999,-999999,-999999,-999999,0.5;2.150,-999999,-999999,9.545,-999999,-999999,-999999,-999999,-999999,-999999,-999999,0,0,-999999,-999999,0,-999999,-999999,0.053,-999999,-999999,-999999,-999999,-999999,0.5;2.170,-999999,-999999,9.728,-999999,-999999,-999999,-999999,-999999,-999999,-999999,0,0,-999999,-999999,0,-999999,-999999,0.055,-999999,-999999,-999999,-999999,-999999,0.5;2.190,-999999,-999999,9.831,-999999,-999999,-999999,-999999,-999999,-999999,-999999,0,0,-999999,-999999,0,-999999,-999999,0.057,-999999,-999999,-999999,-999999,-999999,0.6;2.210,-999999,-999999,9.760,-999999,-999999,-999999,-999999,-999999,-999999,-999999,0,0,-999999,-999999,0,-999999,-999999,0.060,-999999,-999999,-999999,-999999,-999999,0.6;2.230,-999999,-999999,9.587,-999999,-999999,-999999,-999999,-999999,-999999,-999999,0,0,-999999,-999999,0,-999999,-999999,0.062,-999999,-999999,-999999,-999999,-999999,0.6;2.250,-999999,-999999,9.372,-999999,-999999,-999999,-999999,-999999,-999999,-999999,1,0,-999999,-999999,1,-999999,-999999,0.061,-999999,-999999,-999999,-999999,-999999,0.6;2.270,-999999,-999999,9.099,-999999,-999999,-999999,-999999,-999999,-999999,-999999,0,0,-999999,-999999,0,-999999,-999999,0.065,-999999,-999999,-999999,-999999,-999999,0.7;2.290,-999999,-999999,8.817,-999999,-999999,-999999,-999999,-999999,-999999,-999999,0,0,-999999,-999999,0,-999999,-999999,0.070,-999999,-999999,-999999,-999999,-999999,0.8;2.310,-999999,-999999,8.551,-999999,-999999,-999999,-999999,-999999,-999999,-999999,1,0,-999999,-999999,1,-999999,-999999,0.069,-999999,-999999,-999999,-999999,-999999,0.8;2.330,-999999,-999999,8.201,-999999,-999999,-999999,-999999,-999999,-999999,-999999,1,0,-999999,-999999,1,-999999,-999999,0.074,-999999,-999999,-999999,-999999,-999999,0.9;2.350,-999999,-999999,7.909,-999999,-999999,-999999,-999999,-999999,-999999,-999999,0,0,-999999,-999999,0,-999999,-999999,0.066,-999999,-999999,-999999,-999999,-999999,0.8;2.370,-999999,-999999,7.714,-999999,-999999,-999999,-999999,-999999,-999999,-999999,0,0,-999999,-999999,0,-999999,-999999,0.083,-999999,-999999,-999999,-999999,-999999,1.0;2.390,-999999,-999999,7.682,-999999,-999999,-999999,-999999,-999999,-999999,-999999,0,0,-999999,-999999,0,-999999,-999999,0.082,-999999,-999999,-999999,-999999,-999999,1.0;2.410,-999999,-999999,8.025,-999999,-999999,-999999,-999999,-999999,-999999,-999999,0,0,-999999,-999999,0,-999999,-999999,0.069,-999999,-999999,-999999,-999999,-999999,0.8;2.430,-999999,-999999,8.205,-999999,-999999,-999999,-999999,-999999,-999999,-999999,1,0,-999999,-999999,1,-999999,-999999,0.060,-999999,-999999,-999999,-999999,-999999,0.7;2.450,-999999,-999999,8.086,-999999,-999999,-999999,-999999,-999999,-999999,-999999,0,0,-999999,-999999,1,-999999,-999999,0.052,-999999,-999999,-999999,-999999,-999999,0.6;2.470,-999999,-999999,7.925,-999999,-999999,-999999,-999999,-999999,-999999,-999999,1,0,-999999,-999999,1,-999999,-999999,0.072,-999999,-999999,-999999,-999999,-999999,0.8;2.490,-999999,-999999,8.208,-999999,-999999,-999999,-999999,-999999,-999999,-999999,1,0,-999999,-999999,1,-999999,-999999,0.064,-999999,-999999,-999999,-999999,-999999,0.7;2.510,-999999,-999999,8.240,-999999,-999999,-999999,-999999,-999999,-999999,-999999,0,0,-999999,-999999,1,-999999,-999999,0.064,-999999,-999999,-999999,-999999,-999999,0.7;2.530,-999999,-999999,8.272,-999999,-999999,-999999,-999999,-999999,-999999,-999999,2,0,-999999,-999999,2,-999999,-999999,0.064,-999999,-999999,-999999,-999999,-999999,0.7;2.550,-999999,-999999,8.031,-999999,-999999,-999999,-999999,-999999,-999999,-999999,0,0,-999999,-999999,1,-999999,-999999,0.062,-999999,-999999,-999999,-999999,-999999,0.7;2.570,-999999,-999999,8.073,-999999,-999999,-999999,-999999,-999999,-999999,-999999,1,0,-999999,-999999,1,-999999,-999999,0.064,-999999,-999999,-999999,-999999,-999999,0.7;2.590,-999999,-999999,8.095,-999999,-999999,-999999,-999999,-999999,-999999,-999999,1,0,-999999,-999999,1,-999999,-999999,0.066,-999999,-999999,-999999,-999999,-999999,0.8;2.610,-999999,-999999,8.172,-999999,-999999,-999999,-999999,-999999,-999999,-999999,1,0,-999999,-999999,1,-999999,-999999,0.055,-999999,-999999,-999999,-999999,-999999,0.6;2.630,-999999,-999999,8.291,-999999,-999999,-999999,-999999,-999999,-999999,-999999,1,0,-999999,-999999,1,-999999,-999999,0.056,-999999,-999999,-999999,-999999,-999999,0.6;2.650,-999999,-999999,8.500,-999999,-999999,-999999,-999999,-999999,-999999,-999999,1,0,-999999,-999999,1,-999999,-999999,0.056,-999999,-999999,-999999,-999999,-999999,0.6;2.670,-999999,-999999,8.705,-999999,-999999,-999999,-999999,-999999,-999999,-999999,1,0,-999999,-999999,1,-999999,-999999,0.051,-999999,-999999,-999999,-999999,-999999,0.5;2.690,-999999,-999999,9.318,-999999,-999999,-999999,-999999,-999999,-999999,-999999,1,0,-999999,-999999,1,-999999,-999999,0.053,-999999,-999999,-999999,-999999,-999999,0.5;2.710,-999999,-999999,9.921,-999999,-999999,-999999,-999999,-999999,-999999,-999999,1,0,-999999,-999999,1,-999999,-999999,0.056,-999999,-999999,-999999,-999999,-999999,0.5;2.730,-999999,-999999,10.325,-999999,-999999,-999999,-999999,-999999,-999999,-999999,1,0,-999999,-999999,1,-999999,-999999,0.054,-999999,-999999,-999999,-999999,-999999,0.5;2.750,-999999,-999999,11.386,-999999,-999999,-999999,-999999,-999999,-999999,-999999,1,0,-999999,-999999,1,-999999,-999999,0.055,-999999,-999999,-999999,-999999,-999999,0.4;2.770,-999999,-999999,12.099,-999999,-999999,-999999,-999999,-999999,-999999,-999999,1,0,-999999,-999999,1,-999999,-999999,0.055,-999999,-999999,-999999,-999999,-999999,0.4;2.790,-999999,-999999,12.410,-999999,-999999,-999999,-999999,-999999,-999999,-999999,1,1,-999999,-999999,2,-999999,-999999,0.057,-999999,-999999,-999999,-999999,-999999,0.4;2.810,-999999,-999999,12.916,-999999,-999999,-999999,-999999,-999999,-999999,-999999,0,0,-999999,-999999,0,-999999,-999999,0.060,-999999,-999999,-999999,-999999,-999999,0.4;2.830,-999999,-999999,13.503,-999999,-999999,-999999,-999999,-999999,-999999,-999999,0,0,-999999,-999999,0,-999999,-999999,0.062,-999999,-999999,-999999,-999999,-999999,0.4;2.850,-999999,-999999,13.680,-999999,-999999,-999999,-999999,-999999,-999999,-999999,0,0,-999999,-999999,0,-999999,-999999,0.064,-999999,-999999,-999999,-999999,-999999,0.4;2.870,-999999,-999999,14.020,-999999,-999999,-999999,-999999,-999999,-999999,-999999,1,0,-999999,-999999,1,-999999,-999999,0.067,-999999,-999999,-999999,-999999,-999999,0.4;2.890,-999999,-999999,14.235,-999999,-999999,-999999,-999999,-999999,-999999,-999999,0,0,-999999,-999999,0,-999999,-999999,0.067,-999999,-999999,-999999,-999999,-999999,0.4;2.910,-999999,-999999,14.418,-999999,-999999,-999999,-999999,-999999,-999999,-999999,0,0,-999999,-999999,0,-999999,-999999,0.072,-999999,-999999,-999999,-999999,-999999,0.5;2.930,-999999,-999999,14.588,-999999,-999999,-999999,-999999,-999999,-999999,-999999,1,0,-999999,-999999,1,-999999,-999999,0.072,-999999,-999999,-999999,-999999,-999999,0.5;2.950,-999999,-999999,14.677,-999999,-999999,-999999,-999999,-999999,-999999,-999999,1,0,-999999,-999999,1,-999999,-999999,0.072,-999999,-999999,-999999,-999999,-999999,0.4;2.970,-999999,-999999,14.681,-999999,-999999,-999999,-999999,-999999,-999999,-999999,1,0,-999999,-999999,1,-999999,-999999,0.076,-999999,-999999,-999999,-999999,-999999,0.5;2.990,-999999,-999999,14.626,-999999,-999999,-999999,-999999,-999999,-999999,-999999,1,0,-999999,-999999,1,-999999,-999999,0.075,-999999,-999999,-999999,-999999,-999999,0.5;3.010,-999999,-999999,14.565,-999999,-999999,-999999,-999999,-999999,-999999,-999999,1,0,-999999,-999999,1,-999999,-999999,0.077,-999999,-999999,-999999,-999999,-999999,0.5;3.030,-999999,-999999,14.527,-999999,-999999,-999999,-999999,-999999,-999999,-999999,1,0,-999999,-999999,1,-999999,-999999,0.081,-999999,-999999,-999999,-999999,-999999,0.5;3.050,-999999,-999999,14.482,-999999,-999999,-999999,-999999,-999999,-999999,-999999,1,0,-999999,-999999,1,-999999,-999999,0.080,-999999,-999999,-999999,-999999,-999999,0.5;3.070,-999999,-999999,14.552,-999999,-999999,-999999,-999999,-999999,-999999,-999999,1,0,-999999,-999999,1,-999999,-999999,0.079,-999999,-999999,-999999,-999999,-999999,0.5;3.090,-999999,-999999,14.488,-999999,-999999,-999999,-999999,-999999,-999999,-999999,1,0,-999999,-999999,1,-999999,-999999,0.076,-999999,-999999,-999999,-999999,-999999,0.5;3.110,-999999,-999999,14.719,-999999,-999999,-999999,-999999,-999999,-999999,-999999,1,0,-999999,-999999,1,-999999,-999999,0.077,-999999,-999999,-999999,-999999,-999999,0.5;3.130,-999999,-999999,15.107,-999999,-999999,-999999,-999999,-999999,-999999,-999999,1,0,-999999,-999999,1,-999999,-999999,0.087,-999999,-999999,-999999,-999999,-999999,0.5;3.150,-999999,-999999,15.460,-999999,-999999,-999999,-999999,-999999,-999999,-999999,1,0,-999999,-999999,1,-999999,-999999,0.097,-999999,-999999,-999999,-999999,-999999,0.6;3.170,-999999,-999999,15.803,-999999,-999999,-999999,-999999,-999999,-999999,-999999,1,0,-999999,-999999,1,-999999,-999999,0.109,-999999,-999999,-999999,-999999,-999999,0.6;3.190,-999999,-999999,15.858,-999999,-999999,-999999,-999999,-999999,-999999,-999999,1,0,-999999,-999999,1,-999999,-999999,0.108,-999999,-999999,-999999,-999999,-999999,0.6;3.210,-999999,-999999,18.097,-999999,-999999,-999999,-999999,-999999,-999999,-999999,0,0,-999999,-999999,0,-999999,-999999,0.131,-999999,-999999,-999999,-999999,-999999,0.7;3.230,-999999,-999999,17.298,-999999,-999999,-999999,-999999,-999999,-999999,-999999,0,0,-999999,-999999,0,-999999,-999999,0.144,-999999,-999999,-999999,-999999,-999999,0.8;3.250,-999999,-999999,16.705,-999999,-999999,-999999,-999999,-999999,-999999,-999999,0,0,-999999,-999999,0,-999999,-999999,0.133,-999999,-999999,-999999,-999999,-999999,0.8;3.270,-999999,-999999,16.474,-999999,-999999,-999999,-999999,-999999,-999999,-999999,0,0,-999999,-999999,0,-999999,-999999,0.127,-999999,-999999,-999999,-999999,-999999,0.7;3.290,-999999,-999999,15.961,-999999,-999999,-999999,-999999,-999999,-999999,-999999,0,0,-999999,-999999,1,-999999,-999999,0.157,-999999,-999999,-999999,-999999,-999999,0.9;3.310,-999999,-999999,15.479,-999999,-999999,-999999,-999999,-999999,-999999,-999999,0,0,-999999,-999999,1,-999999,-999999,0.139,-999999,-999999,-999999,-999999,-999999,0.8;3.330,-999999,-999999,15.258,-999999,-999999,-999999,-999999,-999999,-999999,-999999,0,0,-999999,-999999,0,-999999,-999999,0.137,-999999,-999999,-999999,-999999,-999999,0.9;3.350,-999999,-999999,15.139,-999999,-999999,-999999,-999999,-999999,-999999,-999999,0,0,-999999,-999999,0,-999999,-999999,0.160,-999999,-999999,-999999,-999999,-999999,1.0;3.370,-999999,-999999,13.834,-999999,-999999,-999999,-999999,-999999,-999999,-999999,0,0,-999999,-999999,0,-999999,-999999,0.141,-999999,-999999,-999999,-999999,-999999,1.0;3.390,-999999,-999999,13.555,-999999,-999999,-999999,-999999,-999999,-999999,-999999,0,0,-999999,-999999,0,-999999,-999999,0.141,-999999,-999999,-999999,-999999,-999999,1.0;3.410,-999999,-999999,12.997,-999999,-999999,-999999,-999999,-999999,-999999,-999999,0,0,-999999,-999999,0,-999999,-999999,0.139,-999999,-999999,-999999,-999999,-999999,1.0;3.430,-999999,-999999,12.050,-999999,-999999,-999999,-999999,-999999,-999999,-999999,0,0,-999999,-999999,0,-999999,-999999,0.136,-999999,-999999,-999999,-999999,-999999,1.1;3.450,-999999,-999999,11.759,-999999,-999999,-999999,-999999,-999999,-999999,-999999,0,0,-999999,-999999,0,-999999,-999999,0.134,-999999,-999999,-999999,-999999,-999999,1.1;3.470,-999999,-999999,11.101,-999999,-999999,-999999,-999999,-999999,-999999,-999999,0,0,-999999,-999999,0,-999999,-999999,0.120,-999999,-999999,-999999,-999999,-999999,1.0;3.490,-999999,-999999,10.479,-999999,-999999,-999999,-999999,-999999,-999999,-999999,0,0,-999999,-999999,0,-999999,-999999,0.119,-999999,-999999,-999999,-999999,-999999,1.1;3.510,-999999,-999999,9.872,-999999,-999999,-999999,-999999,-999999,-999999,-999999,1,0,-999999,-999999,1,-999999,-999999,0.113,-999999,-999999,-999999,-999999,-999999,1.1;3.530,-999999,-999999,9.215,-999999,-999999,-999999,-999999,-999999,-999999,-999999,0,0,-999999,-999999,0,-999999,-999999,0.107,-999999,-999999,-999999,-999999,-999999,1.1;3.550,-999999,-999999,8.593,-999999,-999999,-999999,-999999,-999999,-999999,-999999,0,0,-999999,-999999,0,-999999,-999999,0.102,-999999,-999999,-999999,-999999,-999999,1.1;3.570,-999999,-999999,8.095,-999999,-999999,-999999,-999999,-999999,-999999,-999999,0,0,-999999,-999999,1,-999999,-999999,0.097,-999999,-999999,-999999,-999999,-999999,1.2;3.590,-999999,-999999,7.592,-999999,-999999,-999999,-999999,-999999,-999999,-999999,0,0,-999999,-999999,0,-999999,-999999,0.093,-999999,-999999,-999999,-999999,-999999,1.2;3.610,-999999,-999999,7.011,-999999,-999999,-999999,-999999,-999999,-999999,-999999,0,0,-999999,-999999,0,-999999,-999999,0.088,-999999,-999999,-999999,-999999,-999999,1.2;3.630,-999999,-999999,6.411,-999999,-999999,-999999,-999999,-999999,-999999,-999999,0,0,-999999,-999999,0,-999999,-999999,0.080,-999999,-999999,-999999,-999999,-999999,1.2;3.650,-999999,-999999,5.767,-999999,-999999,-999999,-999999,-999999,-999999,-999999,0,0,-999999,-999999,0,-999999,-999999,0.083,-999999,-999999,-999999,-999999,-999999,1.4;3.670,-999999,-999999,5.202,-999999,-999999,-999999,-999999,-999999,-999999,-999999,0,0,-999999,-999999,0,-999999,-999999,0.080,-999999,-999999,-999999,-999999,-999999,1.5;3.690,-999999,-999999,4.634,-999999,-999999,-999999,-999999,-999999,-999999,-999999,0,0,-999999,-999999,0,-999999,-999999,0.079,-999999,-999999,-999999,-999999,-999999,1.7;3.710,-999999,-999999,4.096,-999999,-999999,-999999,-999999,-999999,-999999,-999999,0,0,-999999,-999999,0,-999999,-999999,0.078,-999999,-999999,-999999,-999999,-999999,1.8;3.730,-999999,-999999,3.444,-999999,-999999,-999999,-999999,-999999,-999999,-999999,0,0,-999999,-999999,1,-999999,-999999,0.076,-999999,-999999,-999999,-999999,-999999,2.0;3.750,-999999,-999999,3.034,-999999,-999999,-999999,-999999,-999999,-999999,-999999,0,0,-999999,-999999,1,-999999,-999999,0.072,-999999,-999999,-999999,-999999,-999999,2.1;3.770,-999999,-999999,2.809,-999999,-999999,-999999,-999999,-999999,-999999,-999999,0,0,-999999,-999999,0,-999999,-999999,0.065,-999999,-999999,-999999,-999999,-999999,2.1;3.790,-999999,-999999,2.691,-999999,-999999,-999999,-999999,-999999,-999999,-999999,0,0,-999999,-999999,1,-999999,-999999,0.061,-999999,-999999,-999999,-999999,-999999,2.1;3.810,-999999,-999999,2.662,-999999,-999999,-999999,-999999,-999999,-999999,-999999,0,2,-999999,-999999,2,-999999,-999999,0.054,-999999,-999999,-999999,-999999,-999999,2.0;3.830,-999999,-999999,2.610,-999999,-999999,-999999,-999999,-999999,-999999,-999999,0,0,-999999,-999999,0,-999999,-999999,0.046,-999999,-999999,-999999,-999999,-999999,1.7;3.850,-999999,-999999,2.598,-999999,-999999,-999999,-999999,-999999,-999999,-999999,1,0,-999999,-999999,1,-999999,-999999,0.041,-999999,-999999,-999999,-999999,-999999,1.6;3.870,-999999,-999999,2.501,-999999,-999999,-999999,-999999,-999999,-999999,-999999,0,0,-999999,-999999,0,-999999,-999999,0.035,-999999,-999999,-999999,-999999,-999999,1.4;3.890,-999999,-999999,2.399,-999999,-999999,-999999,-999999,-999999,-999999,-999999,0,0,-999999,-999999,0,-999999,-999999,0.029,-999999,-999999,-999999,-999999,-999999,1.1;3.910,-999999,-999999,2.376,-999999,-999999,-999999,-999999,-999999,-999999,-999999,0,0,-999999,-999999,0,-999999,-999999,0.027,-999999,-999999,-999999,-999999,-999999,1.1;3.930,-999999,-999999,2.380,-999999,-999999,-999999,-999999,-999999,-999999,-999999,0,0,-999999,-999999,1,-999999,-999999,0.027,-999999,-999999,-999999,-999999,-999999,1.2;3.950,-999999,-999999,2.335,-999999,-999999,-999999,-999999,-999999,-999999,-999999,0,0,-999999,-999999,1,-999999,-999999,0.033,-999999,-999999,-999999,-999999,-999999,1.4;3.970,-999999,-999999,2.197,-999999,-999999,-999999,-999999,-999999,-999999,-999999,0,0,-999999,-999999,1,-999999,-999999,0.025,-999999,-999999,-999999,-999999,-999999,1.2;3.990,-999999,-999999,2.007,-999999,-999999,-999999,-999999,-999999,-999999,-999999,0,0,-999999,-999999,1,-999999,-999999,0.026,-999999,-999999,-999999,-999999,-999999,1.3;4.010,-999999,-999999,1.844,-999999,-999999,-999999,-999999,-999999,-999999,-999999,0,0,-999999,-999999,1,-999999,-999999,0.029,-999999,-999999,-999999,-999999,-999999,1.5;4.030,-999999,-999999,1.680,-999999,-999999,-999999,-999999,-999999,-999999,-999999,0,0,-999999,-999999,1,-999999,-999999,0.029,-999999,-999999,-999999,-999999,-999999,1.7;4.050,-999999,-999999,1.565,-999999,-999999,-999999,-999999,-999999,-999999,-999999,0,0,-999999,-999999,1,-999999,-999999,0.032,-999999,-999999,-999999,-999999,-999999,2.1;4.070,-999999,-999999,1.347,-999999,-999999,-999999,-999999,-999999,-999999,-999999,0,0,-999999,-999999,1,-999999,-999999,0.026,-999999,-999999,-999999,-999999,-999999,1.8;4.090,-999999,-999999,1.276,-999999,-999999,-999999,-999999,-999999,-999999,-999999,0,0,-999999,-999999,0,-999999,-999999,0.027,-999999,-999999,-999999,-999999,-999999,2.0;4.110,-999999,-999999,1.154,-999999,-999999,-999999,-999999,-999999,-999999,-999999,0,0,-999999,-999999,0,-999999,-999999,0.025,-999999,-999999,-999999,-999999,-999999,2.0;4.130,-999999,-999999,1.045,-999999,-999999,-999999,-999999,-999999,-999999,-999999,0,0,-999999,-999999,0,-999999,-999999,0.024,-999999,-999999,-999999,-999999,-999999,1.8;4.150,-999999,-999999,1.109,-999999,-999999,-999999,-999999,-999999,-999999,-999999,0,0,-999999,-999999,0,-999999,-999999,0.024,-999999,-999999,-999999,-999999,-999999,1.7;4.170,-999999,-999999,1.267,-999999,-999999,-999999,-999999,-999999,-999999,-999999,0,0,-999999,-999999,0,-999999,-999999,0.025,-999999,-999999,-999999,-999999,-999999,1.6;4.190,-999999,-999999,1.921,-999999,-999999,-999999,-999999,-999999,-999999,-999999,0,0,-999999,-999999,0,-999999,-999999,0.029,-999999,-999999,-999999,-999999,-999999,1.6;4.210,-999999,-999999,2.139,-999999,-999999,-999999,-999999,-999999,-999999,-999999,0,0,-999999,-999999,0,-999999,-999999,0.025,-999999,-999999,-999999,-999999,-999999,1.2;4.230,-999999,-999999,2.444,-999999,-999999,-999999,-999999,-999999,-999999,-999999,0,0,-999999,-999999,0,-999999,-999999,0.022,-999999,-999999,-999999,-999999,-999999,1.0;4.250,-999999,-999999,2.540,-999999,-999999,-999999,-999999,-999999,-999999,-999999,0,0,-999999,-999999,0,-999999,-999999,0.023,-999999,-999999,-999999,-999999,-999999,0.9;4.270,-999999,-999999,2.556,-999999,-999999,-999999,-999999,-999999,-999999,-999999,0,0,-999999,-999999,0,-999999,-999999,0.025,-999999,-999999,-999999,-999999,-999999,1.0;4.290,-999999,-999999,2.559,-999999,-999999,-999999,-999999,-999999,-999999,-999999,0,0,-999999,-999999,0,-999999,-999999,0.026,-999999,-999999,-999999,-999999,-999999,1.0;4.310,-999999,-999999,2.543,-999999,-999999,-999999,-999999,-999999,-999999,-999999,0,0,-999999,-999999,0,-999999,-999999,0.026,-999999,-999999,-999999,-999999,-999999,1.0;4.330,-999999,-999999,2.524,-999999,-999999,-999999,-999999,-999999,-999999,-999999,0,0,-999999,-999999,0,-999999,-999999,0.026,-999999,-999999,-999999,-999999,-999999,1.0;4.350,-999999,-999999,2.505,-999999,-999999,-999999,-999999,-999999,-999999,-999999,0,0,-999999,-999999,0,-999999,-999999,0.025,-999999,-999999,-999999,-999999,-999999,1.0;4.370,-999999,-999999,2.473,-999999,-999999,-999999,-999999,-999999,-999999,-999999,0,0,-999999,-999999,0,-999999,-999999,0.024,-999999,-999999,-999999,-999999,-999999,0.9;4.390,-999999,-999999,2.428,-999999,-999999,-999999,-999999,-999999,-999999,-999999,0,0,-999999,-999999,0,-999999,-999999,0.023,-999999,-999999,-999999,-999999,-999999,0.9;4.410,-999999,-999999,2.376,-999999,-999999,-999999,-999999,-999999,-999999,-999999,0,0,-999999,-999999,0,-999999,-999999,0.023,-999999,-999999,-999999,-999999,-999999,0.9;4.430,-999999,-999999,2.328,-999999,-999999,-999999,-999999,-999999,-999999,-999999,0,0,-999999,-999999,0,-999999,-999999,0.022,-999999,-999999,-999999,-999999,-999999,0.9;4.450,-999999,-999999,2.293,-999999,-999999,-999999,-999999,-999999,-999999,-999999,0,0,-999999,-999999,0,-999999,-999999,0.022,-999999,-999999,-999999,-999999,-999999,0.9;4.470,-999999,-999999,2.277,-999999,-999999,-999999,-999999,-999999,-999999,-999999,0,0,-999999,-999999,0,-999999,-999999,0.022,-999999,-999999,-999999,-999999,-999999,0.9;4.490,-999999,-999999,2.280,-999999,-999999,-999999,-999999,-999999,-999999,-999999,0,0,-999999,-999999,0,-999999,-999999,0.021,-999999,-999999,-999999,-999999,-999999,0.9;4.510,-999999,-999999,2.287,-999999,-999999,-999999,-999999,-999999,-999999,-999999,0,0,-999999,-999999,1,-999999,-999999,0.022,-999999,-999999,-999999,-999999,-999999,0.9;4.530,-999999,-999999,2.290,-999999,-999999,-999999,-999999,-999999,-999999,-999999,0,0,-999999,-999999,0,-999999,-999999,0.022,-999999,-999999,-999999,-999999,-999999,0.9;4.550,-999999,-999999,2.264,-999999,-999999,-999999,-999999,-999999,-999999,-999999,0,0,-999999,-999999,0,-999999,-999999,0.022,-999999,-999999,-999999,-999999,-999999,1.0;4.570,-999999,-999999,2.197,-999999,-999999,-999999,-999999,-999999,-999999,-999999,0,0,-999999,-999999,0,-999999,-999999,0.022,-999999,-999999,-999999,-999999,-999999,1.0;4.590,-999999,-999999,2.117,-999999,-999999,-999999,-999999,-999999,-999999,-999999,0,0,-999999,-999999,0,-999999,-999999,0.022,-999999,-999999,-999999,-999999,-999999,1.0;4.610,-999999,-999999,2.049,-999999,-999999,-999999,-999999,-999999,-999999,-999999,0,0,-999999,-999999,1,-999999,-999999,0.021,-999999,-999999,-999999,-999999,-999999,1.0;4.630,-999999,-999999,1.995,-999999,-999999,-999999,-999999,-999999,-999999,-999999,0,0,-999999,-999999,1,-999999,-999999,0.021,-999999,-999999,-999999,-999999,-999999,1.0;4.650,-999999,-999999,1.959,-999999,-999999,-999999,-999999,-999999,-999999,-999999,0,0,-999999,-999999,1,-999999,-999999,0.021,-999999,-999999,-999999,-999999,-999999,1.0;4.670,-999999,-999999,1.930,-999999,-999999,-999999,-999999,-999999,-999999,-999999,0,0,-999999,-999999,0,-999999,-999999,0.020,-999999,-999999,-999999,-999999,-999999,1.0;4.690,-999999,-999999,1.902,-999999,-999999,-999999,-999999,-999999,-999999,-999999,0,0,-999999,-999999,0,-999999,-999999,0.020,-999999,-999999,-999999,-999999,-999999,1.0;4.710,-999999,-999999,1.870,-999999,-999999,-999999,-999999,-999999,-999999,-999999,0,0,-999999,-999999,1,-999999,-999999,0.019,-999999,-999999,-999999,-999999,-999999,1.0;4.730,-999999,-999999,1.844,-999999,-999999,-999999,-999999,-999999,-999999,-999999,0,0,-999999,-999999,0,-999999,-999999,0.020,-999999,-999999,-999999,-999999,-999999,1.1;4.750,-999999,-999999,1.809,-999999,-999999,-999999,-999999,-999999,-999999,-999999,0,0,-999999,-999999,0,-999999,-999999,0.019,-999999,-999999,-999999,-999999,-999999,1.0;4.770,-999999,-999999,1.777,-999999,-999999,-999999,-999999,-999999,-999999,-999999,0,0,-999999,-999999,0,-999999,-999999,0.019,-999999,-999999,-999999,-999999,-999999,1.1;4.790,-999999,-999999,1.748,-999999,-999999,-999999,-999999,-999999,-999999,-999999,0,0,-999999,-999999,0,-999999,-999999,0.019,-999999,-999999,-999999,-999999,-999999,1.0;4.810,-999999,-999999,1.728,-999999,-999999,-999999,-999999,-999999,-999999,-999999,0,0,-999999,-999999,1,-999999,-999999,0.019,-999999,-999999,-999999,-999999,-999999,1.0;4.830,-999999,-999999,1.725,-999999,-999999,-999999,-999999,-999999,-999999,-999999,0,0,-999999,-999999,1,-999999,-999999,0.019,-999999,-999999,-999999,-999999,-999999,1.0;4.850,-999999,-999999,1.722,-999999,-999999,-999999,-999999,-999999,-999999,-999999,0,0,-999999,-999999,0,-999999,-999999,0.017,-999999,-999999,-999999,-999999,-999999,1.0;4.870,-999999,-999999,1.725,-999999,-999999,-999999,-999999,-999999,-999999,-999999,0,0,-999999,-999999,0,-999999,-999999,0.018,-999999,-999999,-999999,-999999,-999999,1.0;4.890,-999999,-999999,1.725,-999999,-999999,-999999,-999999,-999999,-999999,-999999,0,0,-999999,-999999,0,-999999,-999999,0.014,-999999,-999999,-999999,-999999,-999999,0.8;4.910,-999999,-999999,1.738,-999999,-999999,-999999,-999999,-999999,-999999,-999999,0,0,-999999,-999999,0,-999999,-999999,0.011,-999999,-999999,-999999,-999999,-999999,0.6;4.930,-999999,-999999,1.767,-999999,-999999,-999999,-999999,-999999,-999999,-999999,0,0,-999999,-999999,1,-999999,-999999,0.020,-999999,-999999,-999999,-999999,-999999,1.1;4.950,-999999,-999999,1.786,-999999,-999999,-999999,-999999,-999999,-999999,-999999,0,0,-999999,-999999,0,-999999,-999999,0.021,-999999,-999999,-999999,-999999,-999999,1.1;4.970,-999999,-999999,1.937,-999999,-999999,-999999,-999999,-999999,-999999,-999999,0,0,-999999,-999999,0,-999999,-999999,0.023,-999999,-999999,-999999,-999999,-999999,1.1;4.990,-999999,-999999,2.142,-999999,-999999,-999999,-999999,-999999,-999999,-999999,0,0,-999999,-999999,0,-999999,-999999,0.024,-999999,-999999,-999999,-999999,-999999,1.0;5.010,-999999,-999999,2.299,-999999,-999999,-999999,-999999,-999999,-999999,-999999,0,0,-999999,-999999,1,-999999,-999999,0.026,-999999,-999999,-999999,-999999,-999999,0.9;5.030,-999999,-999999,2.825,-999999,-999999,-999999,-999999,-999999,-999999,-999999,0,0,-999999,-999999,0,-999999,-999999,0.028,-999999,-999999,-999999,-999999,-999999,0.8;5.050,-999999,-999999,3.614,-999999,-999999,-999999,-999999,-999999,-999999,-999999,0,0,-999999,-999999,0,-999999,-999999,0.030,-999999,-999999,-999999,-999999,-999999,0.8;5.070,-999999,-999999,4.535,-999999,-999999,-999999,-999999,-999999,-999999,-999999,0,0,-999999,-999999,0,-999999,-999999,0.033,-999999,-999999,-999999,-999999,-999999,0.7;5.090,-999999,-999999,5.379,-999999,-999999,-999999,-999999,-999999,-999999,-999999,0,0,-999999,-999999,0,-999999,-999999,0.037,-999999,-999999,-999999,-999999,-999999,0.7;5.110,-999999,-999999,5.998,-999999,-999999,-999999,-999999,-999999,-999999,-999999,0,0,-999999,-999999,0,-999999,-999999,0.042,-999999,-999999,-999999,-999999,-999999,0.7;5.130,-999999,-999999,6.447,-999999,-999999,-999999,-999999,-999999,-999999,-999999,0,0,-999999,-999999,0,-999999,-999999,0.047,-999999,-999999,-999999,-999999,-999999,0.7;5.150,-999999,-999999,6.687,-999999,-999999,-999999,-999999,-999999,-999999,-999999,0,0,-999999,-999999,0,-999999,-999999,0.052,-999999,-999999,-999999,-999999,-999999,0.8;5.170,-999999,-999999,6.719,-999999,-999999,-999999,-999999,-999999,-999999,-999999,0,0,-999999,-999999,0,-999999,-999999,0.056,-999999,-999999,-999999,-999999,-999999,0.8;5.190,-999999,-999999,6.665,-999999,-999999,-999999,-999999,-999999,-999999,-999999,0,0,-999999,-999999,0,-999999,-999999,0.059,-999999,-999999,-999999,-999999,-999999,0.9;5.210,-999999,-999999,6.569,-999999,-999999,-999999,-999999,-999999,-999999,-999999,0,0,-999999,-999999,0,-999999,-999999,0.060,-999999,-999999,-999999,-999999,-999999,0.9;5.230,-999999,-999999,6.424,-999999,-999999,-999999,-999999,-999999,-999999,-999999,0,0,-999999,-999999,0,-999999,-999999,0.060,-999999,-999999,-999999,-999999,-999999,0.9;5.250,-999999,-999999,6.267,-999999,-999999,-999999,-999999,-999999,-999999,-999999,0,0,-999999,-999999,0,-999999,-999999,0.061,-999999,-999999,-999999,-999999,-999999,0.9;5.270,-999999,-999999,6.078,-999999,-999999,-999999,-999999,-999999,-999999,-999999,0,0,-999999,-999999,0,-999999,-999999,0.061,-999999,-999999,-999999,-999999,-999999,1.0;5.290,-999999,-999999,5.918,-999999,-999999,-999999,-999999,-999999,-999999,-999999,0,0,-999999,-999999,0,-999999,-999999,0.060,-999999,-999999,-999999,-999999,-999999,1.0;5.310,-999999,-999999,5.719,-999999,-999999,-999999,-999999,-999999,-999999,-999999,0,0,-999999,-999999,1,-999999,-999999,0.058,-999999,-999999,-999999,-999999,-999999,1.0;5.330,-999999,-999999,5.545,-999999,-999999,-999999,-999999,-999999,-999999,-999999,0,0,-999999,-999999,0,-999999,-999999,0.056,-999999,-999999,-999999,-999999,-999999,1.0;5.350,-999999,-999999,5.343,-999999,-999999,-999999,-999999,-999999,-999999,-999999,0,0,-999999,-999999,1,-999999,-999999,0.054,-999999,-999999,-999999,-999999,-999999,1.0;5.370,-999999,-999999,5.167,-999999,-999999,-999999,-999999,-999999,-999999,-999999,0,0,-999999,-999999,1,-999999,-999999,0.053,-999999,-999999,-999999,-999999,-999999,1.0;5.390,-999999,-999999,4.984,-999999,-999999,-999999,-999999,-999999,-999999,-999999,0,0,-999999,-999999,1,-999999,-999999,0.051,-999999,-999999,-999999,-999999,-999999,1.0;5.410,-999999,-999999,4.795,-999999,-999999,-999999,-999999,-999999,-999999,-999999,0,0,-999999,-999999,1,-999999,-999999,0.049,-999999,-999999,-999999,-999999,-999999,1.0;5.430,-999999,-999999,4.634,-999999,-999999,-999999,-999999,-999999,-999999,-999999,0,0,-999999,-999999,1,-999999,-999999,0.050,-999999,-999999,-999999,-999999,-999999,1.0;5.450,-999999,-999999,4.468,-999999,-999999,-999999,-999999,-999999,-999999,-999999,0,0,-999999,-999999,1,-999999,-999999,0.046,-999999,-999999,-999999,-999999,-999999,1.0;5.470,-999999,-999999,4.355,-999999,-999999,-999999,-999999,-999999,-999999,-999999,0,0,-999999,-999999,1,-999999,-999999,0.048,-999999,-999999,-999999,-999999,-999999,1.0;5.490,-999999,-999999,4.256,-999999,-999999,-999999,-999999,-999999,-999999,-999999,0,0,-999999,-999999,0,-999999,-999999,0.049,-999999,-999999,-999999,-999999,-999999,1.1;5.510,-999999,-999999,4.147,-999999,-999999,-999999,-999999,-999999,-999999,-999999,0,0,-999999,-999999,1,-999999,-999999,0.043,-999999,-999999,-999999,-999999,-999999,1.0;5.530,-999999,-999999,4.115,-999999,-999999,-999999,-999999,-999999,-999999,-999999,0,0,-999999,-999999,0,-999999,-999999,0.042,-999999,-999999,-999999,-999999,-999999,1.0;5.550,-999999,-999999,4.054,-999999,-999999,-999999,-999999,-999999,-999999,-999999,0,0,-999999,-999999,0,-999999,-999999,0.040,-999999,-999999,-999999,-999999,-999999,1.0;5.570,-999999,-999999,3.874,-999999,-999999,-999999,-999999,-999999,-999999,-999999,0,0,-999999,-999999,0,-999999,-999999,0.037,-999999,-999999,-999999,-999999,-999999,0.9;5.590,-999999,-999999,3.836,-999999,-999999,-999999,-999999,-999999,-999999,-999999,0,0,-999999,-999999,0,-999999,-999999,0.037,-999999,-999999,-999999,-999999,-999999,0.9;5.610,-999999,-999999,3.724,-999999,-999999,-999999,-999999,-999999,-999999,-999999,0,0,-999999,-999999,0,-999999,-999999,0.037,-999999,-999999,-999999,-999999,-999999,1.0;5.630,-999999,-999999,3.608,-999999,-999999,-999999,-999999,-999999,-999999,-999999,0,0,-999999,-999999,0,-999999,-999999,0.035,-999999,-999999,-999999,-999999,-999999,0.9;5.650,-999999,-999999,3.521,-999999,-999999,-999999,-999999,-999999,-999999,-999999,0,0,-999999,-999999,0,-999999,-999999,0.035,-999999,-999999,-999999,-999999,-999999,1.0;5.670,-999999,-999999,3.454,-999999,-999999,-999999,-999999,-999999,-999999,-999999,0,0,-999999,-999999,0,-999999,-999999,0.030,-999999,-999999,-999999,-999999,-999999,0.8;5.690,-999999,-999999,3.435,-999999,-999999,-999999,-999999,-999999,-999999,-999999,0,0,-999999,-999999,0,-999999,-999999,0.034,-999999,-999999,-999999,-999999,-999999,0.9;5.710,-999999,-999999,3.441,-999999,-999999,-999999,-999999,-999999,-999999,-999999,1,0,-999999,-999999,1,-999999,-999999,0.034,-999999,-999999,-999999,-999999,-999999,0.9;5.730,-999999,-999999,3.480,-999999,-999999,-999999,-999999,-999999,-999999,-999999,0,2,-999999,-999999,2,-999999,-999999,0.033,-999999,-999999,-999999,-999999,-999999,0.9;5.750,-999999,-999999,3.602,-999999,-999999,-999999,-999999,-999999,-999999,-999999,0,0,-999999,-999999,0,-999999,-999999,0.034,-999999,-999999,-999999,-999999,-999999,0.9;5.770,-999999,-999999,3.701,-999999,-999999,-999999,-999999,-999999,-999999,-999999,0,0,-999999,-999999,0,-999999,-999999,0.036,-999999,-999999,-999999,-999999,-999999,0.9;5.790,-999999,-999999,4.224,-999999,-999999,-999999,-999999,-999999,-999999,-999999,0,0,-999999,-999999,0,-999999,-999999,0.037,-999999,-999999,-999999,-999999,-999999,0.8;5.810,-999999,-999999,4.458,-999999,-999999,-999999,-999999,-999999,-999999,-999999,0,0,-999999,-999999,1,-999999,-999999,0.038,-999999,-999999,-999999,-999999,-999999,0.8;5.830,-999999,-999999,4.875,-999999,-999999,-999999,-999999,-999999,-999999,-999999,0,0,-999999,-999999,0,-999999,-999999,0.040,-999999,-999999,-999999,-999999,-999999,0.8;5.850,-999999,-999999,5.225,-999999,-999999,-999999,-999999,-999999,-999999,-999999,0,0,-999999,-999999,1,-999999,-999999,0.041,-999999,-999999,-999999,-999999,-999999,0.7;5.870,-999999,-999999,5.552,-999999,-999999,-999999,-999999,-999999,-999999,-999999,0,0,-999999,-999999,1,-999999,-999999,0.044,-999999,-999999,-999999,-999999,-999999,0.7;5.890,-999999,-999999,5.914,-999999,-999999,-999999,-999999,-999999,-999999,-999999,0,0,-999999,-999999,0,-999999,-999999,0.048,-999999,-999999,-999999,-999999,-999999,0.8;5.910,-999999,-999999,6.521,-999999,-999999,-999999,-999999,-999999,-999999,-999999,0,0,-999999,-999999,1,-999999,-999999,0.051,-999999,-999999,-999999,-999999,-999999,0.8;5.930,-999999,-999999,6.729,-999999,-999999,-999999,-999999,-999999,-999999,-999999,0,0,-999999,-999999,1,-999999,-999999,0.055,-999999,-999999,-999999,-999999,-999999,0.8;5.950,-999999,-999999,7.204,-999999,-999999,-999999,-999999,-999999,-999999,-999999,0,0,-999999,-999999,1,-999999,-999999,0.059,-999999,-999999,-999999,-999999,-999999,0.8;5.970,-999999,-999999,7.634,-999999,-999999,-999999,-999999,-999999,-999999,-999999,0,0,-999999,-999999,1,-999999,-999999,0.062,-999999,-999999,-999999,-999999,-999999,0.8;5.990,-999999,-999999,7.986,-999999,-999999,-999999,-999999,-999999,-999999,-999999,0,0,-999999,-999999,1,-999999,-999999,0.064,-999999,-999999,-999999,-999999,-999999,0.8;6.010,-999999,-999999,8.208,-999999,-999999,-999999,-999999,-999999,-999999,-999999,1,0,-999999,-999999,1,-999999,-999999,0.066,-999999,-999999,-999999,-999999,-999999,0.8;6.030,-999999,-999999,8.365,-999999,-999999,-999999,-999999,-999999,-999999,-999999,0,0,-999999,-999999,1,-999999,-999999,0.069,-999999,-999999,-999999,-999999,-999999,0.8;6.050,-999999,-999999,8.464,-999999,-999999,-999999,-999999,-999999,-999999,-999999,0,0,-999999,-999999,1,-999999,-999999,0.070,-999999,-999999,-999999,-999999,-999999,0.8;6.070,-999999,-999999,8.452,-999999,-999999,-999999,-999999,-999999,-999999,-999999,0,0,-999999,-999999,1,-999999,-999999,0.072,-999999,-999999,-999999,-999999,-999999,0.8;6.090,-999999,-999999,8.368,-999999,-999999,-999999,-999999,-999999,-999999,-999999,0,0,-999999,-999999,1,-999999,-999999,0.071,-999999,-999999,-999999,-999999,-999999,0.8;6.110,-999999,-999999,8.195,-999999,-999999,-999999,-999999,-999999,-999999,-999999,0,0,-999999,-999999,1,-999999,-999999,0.070,-999999,-999999,-999999,-999999,-999999,0.8;6.130,-999999,-999999,7.970,-999999,-999999,-999999,-999999,-999999,-999999,-999999,0,0,-999999,-999999,1,-999999,-999999,0.070,-999999,-999999,-999999,-999999,-999999,0.8;6.150,-999999,-999999,7.707,-999999,-999999,-999999,-999999,-999999,-999999,-999999,0,0,-999999,-999999,1,-999999,-999999,0.070,-999999,-999999,-999999,-999999,-999999,0.9;6.170,-999999,-999999,7.393,-999999,-999999,-999999,-999999,-999999,-999999,-999999,0,0,-999999,-999999,1,-999999,-999999,0.070,-999999,-999999,-999999,-999999,-999999,0.9;6.190,-999999,-999999,7.053,-999999,-999999,-999999,-999999,-999999,-999999,-999999,0,0,-999999,-999999,1,-999999,-999999,0.068,-999999,-999999,-999999,-999999,-999999,0.9;6.210,-999999,-999999,6.719,-999999,-999999,-999999,-999999,-999999,-999999,-999999,0,0,-999999,-999999,1,-999999,-999999,0.066,-999999,-999999,-999999,-999999,-999999,0.9;6.230,-999999,-999999,6.370,-999999,-999999,-999999,-999999,-999999,-999999,-999999,0,0,-999999,-999999,1,-999999,-999999,0.065,-999999,-999999,-999999,-999999,-999999,1.0;6.250,-999999,-999999,6.007,-999999,-999999,-999999,-999999,-999999,-999999,-999999,1,0,-999999,-999999,1,-999999,-999999,0.064,-999999,-999999,-999999,-999999,-999999,1.0;6.270,-999999,-999999,5.658,-999999,-999999,-999999,-999999,-999999,-999999,-999999,1,0,-999999,-999999,1,-999999,-999999,0.063,-999999,-999999,-999999,-999999,-999999,1.1;6.290,-999999,-999999,5.327,-999999,-999999,-999999,-999999,-999999,-999999,-999999,0,0,-999999,-999999,1,-999999,-999999,0.061,-999999,-999999,-999999,-999999,-999999,1.1;6.310,-999999,-999999,5.035,-999999,-999999,-999999,-999999,-999999,-999999,-999999,0,0,-999999,-999999,1,-999999,-999999,0.066,-999999,-999999,-999999,-999999,-999999,1.3;6.330,-999999,-999999,4.772,-999999,-999999,-999999,-999999,-999999,-999999,-999999,0,0,-999999,-999999,1,-999999,-999999,0.058,-999999,-999999,-999999,-999999,-999999,1.2;6.350,-999999,-999999,4.529,-999999,-999999,-999999,-999999,-999999,-999999,-999999,0,0,-999999,-999999,1,-999999,-999999,0.060,-999999,-999999,-999999,-999999,-999999,1.3;6.370,-999999,-999999,4.307,-999999,-999999,-999999,-999999,-999999,-999999,-999999,0,0,-999999,-999999,1,-999999,-999999,0.056,-999999,-999999,-999999,-999999,-999999,1.3;6.390,-999999,-999999,4.105,-999999,-999999,-999999,-999999,-999999,-999999,-999999,0,0,-999999,-999999,1,-999999,-999999,0.051,-999999,-999999,-999999,-999999,-999999,1.2;6.410,-999999,-999999,3.938,-999999,-999999,-999999,-999999,-999999,-999999,-999999,0,0,-999999,-999999,1,-999999,-999999,0.047,-999999,-999999,-999999,-999999,-999999,1.1;6.430,-999999,-999999,3.823,-999999,-999999,-999999,-999999,-999999,-999999,-999999,0,0,-999999,-999999,1,-999999,-999999,0.048,-999999,-999999,-999999,-999999,-999999,1.2;6.450,-999999,-999999,3.752,-999999,-999999,-999999,-999999,-999999,-999999,-999999,0,0,-999999,-999999,1,-999999,-999999,0.034,-999999,-999999,-999999,-999999,-999999,0.8;6.470,-999999,-999999,3.746,-999999,-999999,-999999,-999999,-999999,-999999,-999999,1,0,-999999,-999999,1,-999999,-999999,0.027,-999999,-999999,-999999,-999999,-999999,0.7;6.490,-999999,-999999,3.810,-999999,-999999,-999999,-999999,-999999,-999999,-999999,0,0,-999999,-999999,1,-999999,-999999,0.045,-999999,-999999,-999999,-999999,-999999,1.1;6.510,-999999,-999999,3.871,-999999,-999999,-999999,-999999,-999999,-999999,-999999,0,0,-999999,-999999,1,-999999,-999999,0.044,-999999,-999999,-999999,-999999,-999999,1.0;6.530,-999999,-999999,4.343,-999999,-999999,-999999,-999999,-999999,-999999,-999999,0,0,-999999,-999999,1,-999999,-999999,0.044,-999999,-999999,-999999,-999999,-999999,0.9;6.550,-999999,-999999,4.894,-999999,-999999,-999999,-999999,-999999,-999999,-999999,0,0,-999999,-999999,1,-999999,-999999,0.045,-999999,-999999,-999999,-999999,-999999,0.9;6.570,-999999,-999999,5.215,-999999,-999999,-999999,-999999,-999999,-999999,-999999,0,0,-999999,-999999,1,-999999,-999999,0.046,-999999,-999999,-999999,-999999,-999999,0.8;6.590,-999999,-999999,5.866,-999999,-999999,-999999,-999999,-999999,-999999,-999999,0,0,-999999,-999999,1,-999999,-999999,0.049,-999999,-999999,-999999,-999999,-999999,0.8;6.610,-999999,-999999,6.549,-999999,-999999,-999999,-999999,-999999,-999999,-999999,0,0,-999999,-999999,1,-999999,-999999,0.053,-999999,-999999,-999999,-999999,-999999,0.8;6.630,-999999,-999999,7.287,-999999,-999999,-999999,-999999,-999999,-999999,-999999,0,0,-999999,-999999,1,-999999,-999999,0.058,-999999,-999999,-999999,-999999,-999999,0.8;6.650,-999999,-999999,8.047,-999999,-999999,-999999,-999999,-999999,-999999,-999999,0,0,-999999,-999999,1,-999999,-999999,0.065,-999999,-999999,-999999,-999999,-999999,0.8;6.670,-999999,-999999,8.682,-999999,-999999,-999999,-999999,-999999,-999999,-999999,0,0,-999999,-999999,1,-999999,-999999,0.071,-999999,-999999,-999999,-999999,-999999,0.8;6.690,-999999,-999999,9.058,-999999,-999999,-999999,-999999,-999999,-999999,-999999,0,0,-999999,-999999,1,-999999,-999999,0.077,-999999,-999999,-999999,-999999,-999999,0.8;6.710,-999999,-999999,9.237,-999999,-999999,-999999,-999999,-999999,-999999,-999999,0,0,-999999,-999999,1,-999999,-999999,0.081,-999999,-999999,-999999,-999999,-999999,0.9;6.730,-999999,-999999,9.234,-999999,-999999,-999999,-999999,-999999,-999999,-999999,0,0,-999999,-999999,1,-999999,-999999,0.085,-999999,-999999,-999999,-999999,-999999,0.9;6.750,-999999,-999999,9.151,-999999,-999999,-999999,-999999,-999999,-999999,-999999,0,0,-999999,-999999,1,-999999,-999999,0.089,-999999,-999999,-999999,-999999,-999999,0.9;6.770,-999999,-999999,9.029,-999999,-999999,-999999,-999999,-999999,-999999,-999999,1,0,-999999,-999999,1,-999999,-999999,0.092,-999999,-999999,-999999,-999999,-999999,1.0;6.790,-999999,-999999,8.862,-999999,-999999,-999999,-999999,-999999,-999999,-999999,0,0,-999999,-999999,1,-999999,-999999,0.093,-999999,-999999,-999999,-999999,-999999,1.0;6.810,-999999,-999999,8.545,-999999,-999999,-999999,-999999,-999999,-999999,-999999,0,0,-999999,-999999,1,-999999,-999999,0.093,-999999,-999999,-999999,-999999,-999999,1.1;6.830,-999999,-999999,8.051,-999999,-999999,-999999,-999999,-999999,-999999,-999999,0,0,-999999,-999999,1,-999999,-999999,0.091,-999999,-999999,-999999,-999999,-999999,1.1;6.850,-999999,-999999,7.518,-999999,-999999,-999999,-999999,-999999,-999999,-999999,0,0,-999999,-999999,1,-999999,-999999,0.090,-999999,-999999,-999999,-999999,-999999,1.1;6.870,-999999,-999999,7.104,-999999,-999999,-999999,-999999,-999999,-999999,-999999,0,0,-999999,-999999,1,-999999,-999999,0.089,-999999,-999999,-999999,-999999,-999999,1.2;6.890,-999999,-999999,6.796,-999999,-999999,-999999,-999999,-999999,-999999,-999999,0,0,-999999,-999999,1,-999999,-999999,0.086,-999999,-999999,-999999,-999999,-999999,1.2;6.910,-999999,-999999,6.530,-999999,-999999,-999999,-999999,-999999,-999999,-999999,0,0,-999999,-999999,1,-999999,-999999,0.083,-999999,-999999,-999999,-999999,-999999,1.2;6.930,-999999,-999999,6.274,-999999,-999999,-999999,-999999,-999999,-999999,-999999,0,0,-999999,-999999,1,-999999,-999999,0.078,-999999,-999999,-999999,-999999,-999999,1.2;6.950,-999999,-999999,6.020,-999999,-999999,-999999,-999999,-999999,-999999,-999999,0,0,-999999,-999999,1,-999999,-999999,0.074,-999999,-999999,-999999,-999999,-999999,1.2;6.970,-999999,-999999,5.821,-999999,-999999,-999999,-999999,-999999,-999999,-999999,0,0,-999999,-999999,1,-999999,-999999,0.070,-999999,-999999,-999999,-999999,-999999,1.1;6.990,-999999,-999999,5.696,-999999,-999999,-999999,-999999,-999999,-999999,-999999,0,0,-999999,-999999,1,-999999,-999999,0.067,-999999,-999999,-999999,-999999,-999999,1.1;7.010,-999999,-999999,5.635,-999999,-999999,-999999,-999999,-999999,-999999,-999999,0,0,-999999,-999999,1,-999999,-999999,0.072,-999999,-999999,-999999,-999999,-999999,1.2;7.030,-999999,-999999,5.597,-999999,-999999,-999999,-999999,-999999,-999999,-999999,0,0,-999999,-999999,1,-999999,-999999,0.062,-999999,-999999,-999999,-999999,-999999,1.1;7.050,-999999,-999999,5.552,-999999,-999999,-999999,-999999,-999999,-999999,-999999,0,0,-999999,-999999,1,-999999,-999999,0.067,-999999,-999999,-999999,-999999,-999999,1.2;7.070,-999999,-999999,5.420,-999999,-999999,-999999,-999999,-999999,-999999,-999999,0,0,-999999,-999999,1,-999999,-999999,0.065,-999999,-999999,-999999,-999999,-999999,1.2;7.090,-999999,-999999,5.244,-999999,-999999,-999999,-999999,-999999,-999999,-999999,0,0,-999999,-999999,1,-999999,-999999,0.059,-999999,-999999,-999999,-999999,-999999,1.1;7.110,-999999,-999999,5.068,-999999,-999999,-999999,-999999,-999999,-999999,-999999,0,0,-999999,-999999,1,-999999,-999999,0.061,-999999,-999999,-999999,-999999,-999999,1.2;7.130,-999999,-999999,4.901,-999999,-999999,-999999,-999999,-999999,-999999,-999999,0,0,-999999,-999999,1,-999999,-999999,0.056,-999999,-999999,-999999,-999999,-999999,1.1;7.150,-999999,-999999,4.766,-999999,-999999,-999999,-999999,-999999,-999999,-999999,0,0,-999999,-999999,1,-999999,-999999,0.055,-999999,-999999,-999999,-999999,-999999,1.1;7.170,-999999,-999999,4.708,-999999,-999999,-999999,-999999,-999999,-999999,-999999,0,0,-999999,-999999,1,-999999,-999999,0.054,-999999,-999999,-999999,-999999,-999999,1.1;7.190,-999999,-999999,4.541,-999999,-999999,-999999,-999999,-999999,-999999,-999999,0,0,-999999,-999999,1,-999999,-999999,0.052,-999999,-999999,-999999,-999999,-999999,1.1;7.210,-999999,-999999,4.493,-999999,-999999,-999999,-999999,-999999,-999999,-999999,0,0,-999999,-999999,1,-999999,-999999,0.049,-999999,-999999,-999999,-999999,-999999,1.1;7.230,-999999,-999999,4.426,-999999,-999999,-999999,-999999,-999999,-999999,-999999,0,0,-999999,-999999,1,-999999,-999999,0.048,-999999,-999999,-999999,-999999,-999999,1.0;7.250,-999999,-999999,4.371,-999999,-999999,-999999,-999999,-999999,-999999,-999999,0,0,-999999,-999999,1,-999999,-999999,0.047,-999999,-999999,-999999,-999999,-999999,1.0;7.270,-999999,-999999,4.368,-999999,-999999,-999999,-999999,-999999,-999999,-999999,0,0,-999999,-999999,1,-999999,-999999,0.047,-999999,-999999,-999999,-999999,-999999,1.0;7.290,-999999,-999999,4.397,-999999,-999999,-999999,-999999,-999999,-999999,-999999,0,0,-999999,-999999,1,-999999,-999999,0.047,-999999,-999999,-999999,-999999,-999999,1.0;7.310,-999999,-999999,4.436,-999999,-999999,-999999,-999999,-999999,-999999,-999999,0,0,-999999,-999999,1,-999999,-999999,0.047,-999999,-999999,-999999,-999999,-999999,1.0;7.330,-999999,-999999,4.509,-999999,-999999,-999999,-999999,-999999,-999999,-999999,0,0,-999999,-999999,1,-999999,-999999,0.048,-999999,-999999,-999999,-999999,-999999,1.0;7.350,-999999,-999999,4.641,-999999,-999999,-999999,-999999,-999999,-999999,-999999,0,0,-999999,-999999,1,-999999,-999999,0.052,-999999,-999999,-999999,-999999,-999999,1.1;7.370,-999999,-999999,4.833,-999999,-999999,-999999,-999999,-999999,-999999,-999999,0,0,-999999,-999999,1,-999999,-999999,0.049,-999999,-999999,-999999,-999999,-999999,1.0;7.390,-999999,-999999,5.128,-999999,-999999,-999999,-999999,-999999,-999999,-999999,0,0,-999999,-999999,1,-999999,-999999,0.050,-999999,-999999,-999999,-999999,-999999,0.9;7.410,-999999,-999999,5.440,-999999,-999999,-999999,-999999,-999999,-999999,-999999,0,0,-999999,-999999,1,-999999,-999999,0.049,-999999,-999999,-999999,-999999,-999999,0.9;7.430,-999999,-999999,5.699,-999999,-999999,-999999,-999999,-999999,-999999,-999999,0,0,-999999,-999999,1,-999999,-999999,0.049,-999999,-999999,-999999,-999999,-999999,0.8;7.450,-999999,-999999,6.039,-999999,-999999,-999999,-999999,-999999,-999999,-999999,0,0,-999999,-999999,1,-999999,-999999,0.050,-999999,-999999,-999999,-999999,-999999,0.8;7.470,-999999,-999999,6.322,-999999,-999999,-999999,-999999,-999999,-999999,-999999,0,0,-999999,-999999,1,-999999,-999999,0.053,-999999,-999999,-999999,-999999,-999999,0.8;7.490,-999999,-999999,6.565,-999999,-999999,-999999,-999999,-999999,-999999,-999999,0,0,-999999,-999999,1,-999999,-999999,0.054,-999999,-999999,-999999,-999999,-999999,0.8;7.510,-999999,-999999,6.751,-999999,-999999,-999999,-999999,-999999,-999999,-999999,0,0,-999999,-999999,1,-999999,-999999,0.057,-999999,-999999,-999999,-999999,-999999,0.8;7.530,-999999,-999999,6.877,-999999,-999999,-999999,-999999,-999999,-999999,-999999,0,0,-999999,-999999,1,-999999,-999999,0.059,-999999,-999999,-999999,-999999,-999999,0.8;7.550,-999999,-999999,7.037,-999999,-999999,-999999,-999999,-999999,-999999,-999999,0,0,-999999,-999999,1,-999999,-999999,0.060,-999999,-999999,-999999,-999999,-999999,0.8;7.570,-999999,-999999,7.236,-999999,-999999,-999999,-999999,-999999,-999999,-999999,0,0,-999999,-999999,1,-999999,-999999,0.062,-999999,-999999,-999999,-999999,-999999,0.8;7.590,-999999,-999999,7.396,-999999,-999999,-999999,-999999,-999999,-999999,-999999,0,0,-999999,-999999,1,-999999,-999999,0.063,-999999,-999999,-999999,-999999,-999999,0.8;7.610,-999999,-999999,7.435,-999999,-999999,-999999,-999999,-999999,-999999,-999999,0,0,-999999,-999999,1,-999999,-999999,0.064,-999999,-999999,-999999,-999999,-999999,0.8;7.630,-999999,-999999,7.467,-999999,-999999,-999999,-999999,-999999,-999999,-999999,0,0,-999999,-999999,1,-999999,-999999,0.065,-999999,-999999,-999999,-999999,-999999,0.8;7.650,-999999,-999999,7.483,-999999,-999999,-999999,-999999,-999999,-999999,-999999,0,0,-999999,-999999,1,-999999,-999999,0.066,-999999,-999999,-999999,-999999,-999999,0.8;7.670,-999999,-999999,7.502,-999999,-999999,-999999,-999999,-999999,-999999,-999999,0,0,-999999,-999999,1,-999999,-999999,0.066,-999999,-999999,-999999,-999999,-999999,0.8;7.690,-999999,-999999,7.444,-999999,-999999,-999999,-999999,-999999,-999999,-999999,0,0,-999999,-999999,1,-999999,-999999,0.067,-999999,-999999,-999999,-999999,-999999,0.9;7.710,-999999,-999999,7.367,-999999,-999999,-999999,-999999,-999999,-999999,-999999,0,0,-999999,-999999,1,-999999,-999999,0.077,-999999,-999999,-999999,-999999,-999999,1.0;7.730,-999999,-999999,7.284,-999999,-999999,-999999,-999999,-999999,-999999,-999999,0,0,-999999,-999999,1,-999999,-999999,0.079,-999999,-999999,-999999,-999999,-999999,1.1;7.750,-999999,-999999,7.146,-999999,-999999,-999999,-999999,-999999,-999999,-999999,0,0,-999999,-999999,1,-999999,-999999,0.071,-999999,-999999,-999999,-999999,-999999,1.0;7.770,-999999,-999999,6.944,-999999,-999999,-999999,-999999,-999999,-999999,-999999,0,0,-999999,-999999,1,-999999,-999999,0.081,-999999,-999999,-999999,-999999,-999999,1.1;7.790,-999999,-999999,6.681,-999999,-999999,-999999,-999999,-999999,-999999,-999999,0,0,-999999,-999999,1,-999999,-999999,0.081,-999999,-999999,-999999,-999999,-999999,1.2;7.810,-999999,-999999,6.399,-999999,-999999,-999999,-999999,-999999,-999999,-999999,0,0,-999999,-999999,1,-999999,-999999,0.071,-999999,-999999,-999999,-999999,-999999,1.1;7.830,-999999,-999999,6.104,-999999,-999999,-999999,-999999,-999999,-999999,-999999,0,0,-999999,-999999,1,-999999,-999999,0.078,-999999,-999999,-999999,-999999,-999999,1.2;7.850,-999999,-999999,5.821,-999999,-999999,-999999,-999999,-999999,-999999,-999999,0,0,-999999,-999999,1,-999999,-999999,0.069,-999999,-999999,-999999,-999999,-999999,1.1;7.870,-999999,-999999,5.536,-999999,-999999,-999999,-999999,-999999,-999999,-999999,0,0,-999999,-999999,1,-999999,-999999,0.067,-999999,-999999,-999999,-999999,-999999,1.2;7.890,-999999,-999999,5.398,-999999,-999999,-999999,-999999,-999999,-999999,-999999,0,0,-999999,-999999,1,-999999,-999999,0.065,-999999,-999999,-999999,-999999,-999999,1.2;7.910,-999999,-999999,5.016,-999999,-999999,-999999,-999999,-999999,-999999,-999999,0,0,-999999,-999999,1,-999999,-999999,0.063,-999999,-999999,-999999,-999999,-999999,1.2;7.930,-999999,-999999,4.898,-999999,-999999,-999999,-999999,-999999,-999999,-999999,0,0,-999999,-999999,1,-999999,-999999,0.061,-999999,-999999,-999999,-999999,-999999,1.2;7.950,-999999,-999999,4.676,-999999,-999999,-999999,-999999,-999999,-999999,-999999,0,0,-999999,-999999,1,-999999,-999999,0.059,-999999,-999999,-999999,-999999,-999999,1.2;7.970,-999999,-999999,4.474,-999999,-999999,-999999,-999999,-999999,-999999,-999999,0,0,-999999,-999999,1,-999999,-999999,0.057,-999999,-999999,-999999,-999999,-999999,1.2;7.990,-999999,-999999,4.285,-999999,-999999,-999999,-999999,-999999,-999999,-999999,0,0,-999999,-999999,1,-999999,-999999,0.055,-999999,-999999,-999999,-999999,-999999,1.2;8.010,-999999,-999999,4.105,-999999,-999999,-999999,-999999,-999999,-999999,-999999,0,0,-999999,-999999,1,-999999,-999999,0.052,-999999,-999999,-999999,-999999,-999999,1.2;8.030,-999999,-999999,3.938,-999999,-999999,-999999,-999999,-999999,-999999,-999999,0,0,-999999,-999999,1,-999999,-999999,0.050,-999999,-999999,-999999,-999999,-999999,1.2;8.050,-999999,-999999,3.794,-999999,-999999,-999999,-999999,-999999,-999999,-999999,0,0,-999999,-999999,1,-999999,-999999,0.049,-999999,-999999,-999999,-999999,-999999,1.2;8.070,-999999,-999999,3.682,-999999,-999999,-999999,-999999,-999999,-999999,-999999,0,0,-999999,-999999,1,-999999,-999999,0.048,-999999,-999999,-999999,-999999,-999999,1.3;8.090,-999999,-999999,3.534,-999999,-999999,-999999,-999999,-999999,-999999,-999999,0,0,-999999,-999999,1,-999999,-999999,0.047,-999999,-999999,-999999,-999999,-999999,1.3;8.110,-999999,-999999,3.364,-999999,-999999,-999999,-999999,-999999,-999999,-999999,0,0,-999999,-999999,1,-999999,-999999,0.046,-999999,-999999,-999999,-999999,-999999,1.3;8.130,-999999,-999999,3.210,-999999,-999999,-999999,-999999,-999999,-999999,-999999,0,0,-999999,-999999,1,-999999,-999999,0.045,-999999,-999999,-999999,-999999,-999999,1.3;8.150,-999999,-999999,3.085,-999999,-999999,-999999,-999999,-999999,-999999,-999999,0,0,-999999,-999999,1,-999999,-999999,0.044,-999999,-999999,-999999,-999999,-999999,1.4;8.170,-999999,-999999,2.979,-999999,-999999,-999999,-999999,-999999,-999999,-999999,0,0,-999999,-999999,1,-999999,-999999,0.043,-999999,-999999,-999999,-999999,-999999,1.4;8.190,-999999,-999999,2.928,-999999,-999999,-999999,-999999,-999999,-999999,-999999,0,0,-999999,-999999,1,-999999,-999999,0.042,-999999,-999999,-999999,-999999,-999999,1.4;8.210,-999999,-999999,2.912,-999999,-999999,-999999,-999999,-999999,-999999,-999999,0,0,-999999,-999999,1,-999999,-999999,0.041,-999999,-999999,-999999,-999999,-999999,1.3;8.230,-999999,-999999,2.934,-999999,-999999,-999999,-999999,-999999,-999999,-999999,0,0,-999999,-999999,1,-999999,-999999,0.040,-999999,-999999,-999999,-999999,-999999,1.3;8.250,-999999,-999999,3.008,-999999,-999999,-999999,-999999,-999999,-999999,-999999,0,0,-999999,-999999,1,-999999,-999999,0.038,-999999,-999999,-999999,-999999,-999999,1.2;8.270,-999999,-999999,3.085,-999999,-999999,-999999,-999999,-999999,-999999,-999999,0,0,-999999,-999999,1,-999999,-999999,0.038,-999999,-999999,-999999,-999999,-999999,1.2;8.290,-999999,-999999,3.140,-999999,-999999,-999999,-999999,-999999,-999999,-999999,0,0,-999999,-999999,1,-999999,-999999,0.037,-999999,-999999,-999999,-999999,-999999,1.2;8.310,-999999,-999999,3.140,-999999,-999999,-999999,-999999,-999999,-999999,-999999,0,0,-999999,-999999,1,-999999,-999999,0.037,-999999,-999999,-999999,-999999,-999999,1.2;8.330,-999999,-999999,3.117,-999999,-999999,-999999,-999999,-999999,-999999,-999999,0,0,-999999,-999999,1,-999999,-999999,0.037,-999999,-999999,-999999,-999999,-999999,1.2;8.350,-999999,-999999,3.079,-999999,-999999,-999999,-999999,-999999,-999999,-999999,0,1,-999999,-999999,1,-999999,-999999,0.038,-999999,-999999,-999999,-999999,-999999,1.2;8.370,-999999,-999999,3.063,-999999,-999999,-999999,-999999,-999999,-999999,-999999,0,0,-999999,-999999,1,-999999,-999999,0.037,-999999,-999999,-999999,-999999,-999999,1.2;8.390,-999999,-999999,3.040,-999999,-999999,-999999,-999999,-999999,-999999,-999999,0,1,-999999,-999999,1,-999999,-999999,0.037,-999999,-999999,-999999,-999999,-999999,1.2;8.410,-999999,-999999,2.989,-999999,-999999,-999999,-999999,-999999,-999999,-999999,0,0,-999999,-999999,1,-999999,-999999,0.037,-999999,-999999,-999999,-999999,-999999,1.2;8.430,-999999,-999999,2.912,-999999,-999999,-999999,-999999,-999999,-999999,-999999,0,0,-999999,-999999,1,-999999,-999999,0.037,-999999,-999999,-999999,-999999,-999999,1.2;8.450,-999999,-999999,2.857,-999999,-999999,-999999,-999999,-999999,-999999,-999999,0,0,-999999,-999999,1,-999999,-999999,0.039,-999999,-999999,-999999,-999999,-999999,1.3;8.470,-999999,-999999,2.806,-999999,-999999,-999999,-999999,-999999,-999999,-999999,0,1,-999999,-999999,1,-999999,-999999,0.036,-999999,-999999,-999999,-999999,-999999,1.3;8.490,-999999,-999999,2.729,-999999,-999999,-999999,-999999,-999999,-999999,-999999,0,0,-999999,-999999,1,-999999,-999999,0.035,-999999,-999999,-999999,-999999,-999999,1.3;8.510,-999999,-999999,2.662,-999999,-999999,-999999,-999999,-999999,-999999,-999999,0,0,-999999,-999999,1,-999999,-999999,0.037,-999999,-999999,-999999,-999999,-999999,1.4;8.530,-999999,-999999,2.575,-999999,-999999,-999999,-999999,-999999,-999999,-999999,0,0,-999999,-999999,1,-999999,-999999,0.034,-999999,-999999,-999999,-999999,-999999,1.3;8.550,-999999,-999999,2.485,-999999,-999999,-999999,-999999,-999999,-999999,-999999,0,1,-999999,-999999,1,-999999,-999999,0.033,-999999,-999999,-999999,-999999,-999999,1.3;8.570,-999999,-999999,2.402,-999999,-999999,-999999,-999999,-999999,-999999,-999999,0,0,-999999,-999999,1,-999999,-999999,0.035,-999999,-999999,-999999,-999999,-999999,1.4;8.590,-999999,-999999,2.335,-999999,-999999,-999999,-999999,-999999,-999999,-999999,0,0,-999999,-999999,1,-999999,-999999,0.032,-999999,-999999,-999999,-999999,-999999,1.3;8.610,-999999,-999999,2.264,-999999,-999999,-999999,-999999,-999999,-999999,-999999,0,1,-999999,-999999,1,-999999,-999999,0.031,-999999,-999999,-999999,-999999,-999999,1.3;8.630,-999999,-999999,2.203,-999999,-999999,-999999,-999999,-999999,-999999,-999999,0,0,-999999,-999999,1,-999999,-999999,0.032,-999999,-999999,-999999,-999999,-999999,1.4;8.650,-999999,-999999,2.142,-999999,-999999,-999999,-999999,-999999,-999999,-999999,0,0,-999999,-999999,1,-999999,-999999,0.030,-999999,-999999,-999999,-999999,-999999,1.4;8.670,-999999,-999999,2.120,-999999,-999999,-999999,-999999,-999999,-999999,-999999,0,0,-999999,-999999,1,-999999,-999999,0.029,-999999,-999999,-999999,-999999,-999999,1.3;8.690,-999999,-999999,2.052,-999999,-999999,-999999,-999999,-999999,-999999,-999999,0,1,-999999,-999999,1,-999999,-999999,0.029,-999999,-999999,-999999,-999999,-999999,1.4;8.710,-999999,-999999,2.014,-999999,-999999,-999999,-999999,-999999,-999999,-999999,0,1,-999999,-999999,1,-999999,-999999,0.028,-999999,-999999,-999999,-999999,-999999,1.4;8.730,-999999,-999999,1.995,-999999,-999999,-999999,-999999,-999999,-999999,-999999,0,1,-999999,-999999,1,-999999,-999999,0.027,-999999,-999999,-999999,-999999,-999999,1.3;8.750,-999999,-999999,1.966,-999999,-999999,-999999,-999999,-999999,-999999,-999999,0,1,-999999,-999999,1,-999999,-999999,0.027,-999999,-999999,-999999,-999999,-999999,1.3;8.770,-999999,-999999,1.934,-999999,-999999,-999999,-999999,-999999,-999999,-999999,0,0,-999999,-999999,1,-999999,-999999,0.026,-999999,-999999,-999999,-999999,-999999,1.3;8.790,-999999,-999999,1.927,-999999,-999999,-999999,-999999,-999999,-999999,-999999,0,1,-999999,-999999,1,-999999,-999999,0.026,-999999,-999999,-999999,-999999,-999999,1.3;8.810,-999999,-999999,1.921,-999999,-999999,-999999,-999999,-999999,-999999,-999999,0,1,-999999,-999999,1,-999999,-999999,0.026,-999999,-999999,-999999,-999999,-999999,1.3;8.830,-999999,-999999,1.930,-999999,-999999,-999999,-999999,-999999,-999999,-999999,0,1,-999999,-999999,1,-999999,-999999,0.027,-999999,-999999,-999999,-999999,-999999,1.3;8.850,-999999,-999999,1.982,-999999,-999999,-999999,-999999,-999999,-999999,-999999,0,1,-999999,-999999,1,-999999,-999999,0.026,-999999,-999999,-999999,-999999,-999999,1.2;8.870,-999999,-999999,2.081,-999999,-999999,-999999,-999999,-999999,-999999,-999999,0,1,-999999,-999999,1,-999999,-999999,0.025,-999999,-999999,-999999,-999999,-999999,1.1;8.890,-999999,-999999,2.235,-999999,-999999,-999999,-999999,-999999,-999999,-999999,0,1,-999999,-999999,1,-999999,-999999,0.026,-999999,-999999,-999999,-999999,-999999,1.1;8.910,-999999,-999999,2.466,-999999,-999999,-999999,-999999,-999999,-999999,-999999,0,0,-999999,-999999,1,-999999,-999999,0.026,-999999,-999999,-999999,-999999,-999999,1.0;8.930,-999999,-999999,2.745,-999999,-999999,-999999,-999999,-999999,-999999,-999999,0,1,-999999,-999999,1,-999999,-999999,0.027,-999999,-999999,-999999,-999999,-999999,0.9;8.950,-999999,-999999,2.970,-999999,-999999,-999999,-999999,-999999,-999999,-999999,0,1,-999999,-999999,1,-999999,-999999,0.026,-999999,-999999,-999999,-999999,-999999,0.9;8.970,-999999,-999999,3.172,-999999,-999999,-999999,-999999,-999999,-999999,-999999,0,1,-999999,-999999,1,-999999,-999999,0.026,-999999,-999999,-999999,-999999,-999999,0.8;8.990,-999999,-999999,3.422,-999999,-999999,-999999,-999999,-999999,-999999,-999999,0,1,-999999,-999999,1,-999999,-999999,0.027,-999999,-999999,-999999,-999999,-999999,0.8;9.010,-999999,-999999,3.704,-999999,-999999,-999999,-999999,-999999,-999999,-999999,0,0,-999999,-999999,1,-999999,-999999,0.029,-999999,-999999,-999999,-999999,-999999,0.8;9.030,-999999,-999999,3.983,-999999,-999999,-999999,-999999,-999999,-999999,-999999,0,0,-999999,-999999,1,-999999,-999999,0.037,-999999,-999999,-999999,-999999,-999999,1.0;9.050,-999999,-999999,4.118,-999999,-999999,-999999,-999999,-999999,-999999,-999999,0,1,-999999,-999999,1,-999999,-999999,0.047,-999999,-999999,-999999,-999999,-999999,1.3;9.070,-999999,-999999,3.916,-999999,-999999,-999999,-999999,-999999,-999999,-999999,0,1,-999999,-999999,1,-999999,-999999,0.056,-999999,-999999,-999999,-999999,-999999,1.6;9.090,-999999,-999999,3.303,-999999,-999999,-999999,-999999,-999999,-999999,-999999,0,1,-999999,-999999,1,-999999,-999999,0.065,-999999,-999999,-999999,-999999,-999999,2.0;9.110,-999999,-999999,2.627,-999999,-999999,-999999,-999999,-999999,-999999,-999999,0,1,-999999,-999999,1,-999999,-999999,0.073,-999999,-999999,-999999,-999999,-999999,2.5;9.130,-999999,-999999,2.210,-999999,-999999,-999999,-999999,-999999,-999999,-999999,0,1,-999999,-999999,1,-999999,-999999,0.077,-999999,-999999,-999999,-999999,-999999,3.1;9.150,-999999,-999999,1.950,-999999,-999999,-999999,-999999,-999999,-999999,-999999,0,1,-999999,-999999,1,-999999,-999999,0.081,-999999,-999999,-999999,-999999,-999999,3.8;9.170,-999999,-999999,1.728,-999999,-999999,-999999,-999999,-999999,-999999,-999999,0,0,-999999,-999999,1,-999999,-999999,0.090,-999999,-999999,-999999,-999999,-999999,4.8;9.190,-999999,-999999,1.581,-999999,-999999,-999999,-999999,-999999,-999999,-999999,0,1,-999999,-999999,1,-999999,-999999,0.096,-999999,-999999,-999999,-999999,-999999,5.8;9.210,-999999,-999999,1.465,-999999,-999999,-999999,-999999,-999999,-999999,-999999,0,0,-999999,-999999,1,-999999,-999999,0.104,-999999,-999999,-999999,-999999,-999999,6.8;9.230,-999999,-999999,1.408,-999999,-999999,-999999,-999999,-999999,-999999,-999999,0,1,-999999,-999999,1,-999999,-999999,0.107,-999999,-999999,-999999,-999999,-999999,7.5;9.250,-999999,-999999,1.305,-999999,-999999,-999999,-999999,-999999,-999999,-999999,0,0,-999999,-999999,1,-999999,-999999,0.105,-999999,-999999,-999999,-999999,-999999,7.9;9.270,-999999,-999999,1.244,-999999,-999999,-999999,-999999,-999999,-999999,-999999,0,1,-999999,-999999,1,-999999,-999999,0.095,-999999,-999999,-999999,-999999,-999999,7.6;9.290,-999999,-999999,1.183,-999999,-999999,-999999,-999999,-999999,-999999,-999999,0,1,-999999,-999999,1,-999999,-999999,0.095,-999999,-999999,-999999,-999999,-999999,7.9;9.310,-999999,-999999,1.103,-999999,-999999,-999999,-999999,-999999,-999999,-999999,0,1,-999999,-999999,1,-999999,-999999,0.092,-999999,-999999,-999999,-999999,-999999,8.1;9.330,-999999,-999999,1.055,-999999,-999999,-999999,-999999,-999999,-999999,-999999,0,1,-999999,-999999,1,-999999,-999999,0.085,-999999,-999999,-999999,-999999,-999999,7.8;9.350,-999999,-999999,1.042,-999999,-999999,-999999,-999999,-999999,-999999,-999999,0,1,-999999,-999999,1,-999999,-999999,0.080,-999999,-999999,-999999,-999999,-999999,7.5;9.370,-999999,-999999,1.016,-999999,-999999,-999999,-999999,-999999,-999999,-999999,0,1,-999999,-999999,1,-999999,-999999,0.072,-999999,-999999,-999999,-999999,-999999,7.1;9.390,-999999,-999999,0.994,-999999,-999999,-999999,-999999,-999999,-999999,-999999,0,1,-999999,-999999,1,-999999,-999999,0.067,-999999,-999999,-999999,-999999,-999999,6.8;9.410,-999999,-999999,0.984,-999999,-999999,-999999,-999999,-999999,-999999,-999999,0,1,-999999,-999999,1,-999999,-999999,0.062,-999999,-999999,-999999,-999999,-999999,6.4;9.430,-999999,-999999,0.930,-999999,-999999,-999999,-999999,-999999,-999999,-999999,0,1,-999999,-999999,1,-999999,-999999,0.059,-999999,-999999,-999999,-999999,-999999,6.2;9.450,-999999,-999999,0.914,-999999,-999999,-999999,-999999,-999999,-999999,-999999,0,1,-999999,-999999,1,-999999,-999999,0.057,-999999,-999999,-999999,-999999,-999999,6.2;9.470,-999999,-999999,0.885,-999999,-999999,-999999,-999999,-999999,-999999,-999999,0,1,-999999,-999999,1,-999999,-999999,0.055,-999999,-999999,-999999,-999999,-999999,6.1;9.490,-999999,-999999,0.875,-999999,-999999,-999999,-999999,-999999,-999999,-999999,0,1,-999999,-999999,1,-999999,-999999,0.052,-999999,-999999,-999999,-999999,-999999,6.0;9.510,-999999,-999999,0.856,-999999,-999999,-999999,-999999,-999999,-999999,-999999,0,1,-999999,-999999,1,-999999,-999999,0.049,-999999,-999999,-999999,-999999,-999999,5.8;9.530,-999999,-999999,0.837,-999999,-999999,-999999,-999999,-999999,-999999,-999999,0,1,-999999,-999999,1,-999999,-999999,0.046,-999999,-999999,-999999,-999999,-999999,5.4;9.550,-999999,-999999,0.830,-999999,-999999,-999999,-999999,-999999,-999999,-999999,0,1,-999999,-999999,1,-999999,-999999,0.042,-999999,-999999,-999999,-999999,-999999,5.1;9.570,-999999,-999999,0.814,-999999,-999999,-999999,-999999,-999999,-999999,-999999,0,1,-999999,-999999,1,-999999,-999999,0.042,-999999,-999999,-999999,-999999,-999999,5.1;9.590,-999999,-999999,0.801,-999999,-999999,-999999,-999999,-999999,-999999,-999999,0,1,-999999,-999999,1,-999999,-999999,0.040,-999999,-999999,-999999,-999999,-999999,4.9;9.610,-999999,-999999,0.817,-999999,-999999,-999999,-999999,-999999,-999999,-999999,0,1,-999999,-999999,1,-999999,-999999,0.037,-999999,-999999,-999999,-999999,-999999,4.6;9.630,-999999,-999999,0.824,-999999,-999999,-999999,-999999,-999999,-999999,-999999,0,1,-999999,-999999,1,-999999,-999999,0.034,-999999,-999999,-999999,-999999,-999999,4.3;9.650,-999999,-999999,0.792,-999999,-999999,-999999,-999999,-999999,-999999,-999999,0,1,-999999,-999999,1,-999999,-999999,0.033,-999999,-999999,-999999,-999999,-999999,4.2;9.670,-999999,-999999,0.776,-999999,-999999,-999999,-999999,-999999,-999999,-999999,0,1,-999999,-999999,1,-999999,-999999,0.031,-999999,-999999,-999999,-999999,-999999,4.1;9.690,-999999,-999999,0.753,-999999,-999999,-999999,-999999,-999999,-999999,-999999,0,1,-999999,-999999,1,-999999,-999999,0.031,-999999,-999999,-999999,-999999,-999999,4.1;9.710,-999999,-999999,0.750,-999999,-999999,-999999,-999999,-999999,-999999,-999999,0,1,-999999,-999999,1,-999999,-999999,0.030,-999999,-999999,-999999,-999999,-999999,4.1;9.730,-999999,-999999,0.744,-999999,-999999,-999999,-999999,-999999,-999999,-999999,0,1,-999999,-999999,1,-999999,-999999,0.029,-999999,-999999,-999999,-999999,-999999,4.0;9.750,-999999,-999999,0.734,-999999,-999999,-999999,-999999,-999999,-999999,-999999,0,1,-999999,-999999,1,-999999,-999999,0.028,-999999,-999999,-999999,-999999,-999999,3.9;9.770,-999999,-999999,0.721,-999999,-999999,-999999,-999999,-999999,-999999,-999999,0,1,-999999,-999999,2,-999999,-999999,0.027,-999999,-999999,-999999,-999999,-999999,3.8;9.790,-999999,-999999,0.712,-999999,-999999,-999999,-999999,-999999,-999999,-999999,0,1,-999999,-999999,1,-999999,-999999,0.026,-999999,-999999,-999999,-999999,-999999,3.7;9.810,-999999,-999999,0.699,-999999,-999999,-999999,-999999,-999999,-999999,-999999,0,1,-999999,-999999,1,-999999,-999999,0.025,-999999,-999999,-999999,-999999,-999999,3.7;9.830,-999999,-999999,0.683,-999999,-999999,-999999,-999999,-999999,-999999,-999999,0,1,-999999,-999999,1,-999999,-999999,0.025,-999999,-999999,-999999,-999999,-999999,3.6;9.850,-999999,-999999,0.663,-999999,-999999,-999999,-999999,-999999,-999999,-999999,0,1,-999999,-999999,1,-999999,-999999,0.024,-999999,-999999,-999999,-999999,-999999,3.6;9.870,-999999,-999999,0.644,-999999,-999999,-999999,-999999,-999999,-999999,-999999,0,1,-999999,-999999,1,-999999,-999999,0.023,-999999,-999999,-999999,-999999,-999999,3.5;9.890,-999999,-999999,0.651,-999999,-999999,-999999,-999999,-999999,-999999,-999999,0,1,-999999,-999999,1,-999999,-999999,0.023,-999999,-999999,-999999,-999999,-999999,3.5;9.910,-999999,-999999,0.647,-999999,-999999,-999999,-999999,-999999,-999999,-999999,0,1,-999999,-999999,1,-999999,-999999,0.022,-999999,-999999,-999999,-999999,-999999,3.5;9.930,-999999,-999999,0.641,-999999,-999999,-999999,-999999,-999999,-999999,-999999,0,1,-999999,-999999,1,-999999,-999999,0.021,-999999,-999999,-999999,-999999,-999999,3.3;9.950,-999999,-999999,0.641,-999999,-999999,-999999,-999999,-999999,-999999,-999999,0,1,-999999,-999999,1,-999999,-999999,0.018,-999999,-999999,-999999,-999999,-999999,2.8;9.970,-999999,-999999,0.638,-999999,-999999,-999999,-999999,-999999,-999999,-999999,0,1,-999999,-999999,1,-999999,-999999,0.021,-999999,-999999,-999999,-999999,-999999,3.2;9.990,-999999,-999999,0.631,-999999,-999999,-999999,-999999,-999999,-999999,-999999,0,1,-999999,-999999,1,-999999,-999999,0.020,-999999,-999999,-999999,-999999,-999999,3.0;10.010,-999999,-999999,0.670,-999999,-999999,-999999,-999999,-999999,-999999,-999999,0,1,-999999,-999999,1,-999999,-999999,0.020,-999999,-999999,-999999,-999999,-999999,2.9;10.030,-999999,-999999,0.715,-999999,-999999,-999999,-999999,-999999,-999999,-999999,0,1,-999999,-999999,1,-999999,-999999,0.020,-999999,-999999,-999999,-999999,-999999,2.8;10.050,-999999,-999999,0.769,-999999,-999999,-999999,-999999,-999999,-999999,-999999,0,1,-999999,-999999,1,-999999,-999999,0.021,-999999,-999999,-999999,-999999,-999999,2.8;10.070,-999999,-999999,0.837,-999999,-999999,-999999,-999999,-999999,-999999,-999999,0,1,-999999,-999999,1,-999999,-999999,0.038,-999999,-999999,-999999,-999999,-999999,4.9;10.090,-999999,-999999,0.792,-999999,-999999,-999999,-999999,-999999,-999999,-999999,0,1,-999999,-999999,1,-999999,-999999,0.023,-999999,-999999,-999999,-999999,-999999,3.0;10.110,-999999,-999999,0.766,-999999,-999999,-999999,-999999,-999999,-999999,-999999,0,1,-999999,-999999,1,-999999,-999999,0.026,-999999,-999999,-999999,-999999,-999999,3.1;10.130,-999999,-999999,0.811,-999999,-999999,-999999,-999999,-999999,-999999,-999999,0,1,-999999,-999999,1,-999999,-999999,0.025,-999999,-999999,-999999,-999999,-999999,2.5;10.150,-999999,-999999,0.596,-999999,-999999,-999999,-999999,-999999,-999999,-999999,0,1,-999999,-999999,1,-999999,-999999,0.028,-999999,-999999,-999999,-999999,-999999,2.4;10.170,-999999,-999999,1.343,-999999,-999999,-999999,-999999,-999999,-999999,-999999,0,1,-999999,-999999,1,-999999,-999999,0.028,-999999,-999999,-999999,-999999,-999999,2.0;10.190,-999999,-999999,1.770,-999999,-999999,-999999,-999999,-999999,-999999,-999999,0,1,-999999,-999999,1,-999999,-999999,0.027,-999999,-999999,-999999,-999999,-999999,1.6;10.210,-999999,-999999,2.139,-999999,-999999,-999999,-999999,-999999,-999999,-999999,0,1,-999999,-999999,1,-999999,-999999,0.028,-999999,-999999,-999999,-999999,-999999,1.5;10.230,-999999,-999999,2.222,-999999,-999999,-999999,-999999,-999999,-999999,-999999,0,1,-999999,-999999,1,-999999,-999999,0.029,-999999,-999999,-999999,-999999,-999999,1.4;10.250,-999999,-999999,2.319,-999999,-999999,-999999,-999999,-999999,-999999,-999999,0,1,-999999,-999999,1,-999999,-999999,0.034,-999999,-999999,-999999,-999999,-999999,1.5;10.270,-999999,-999999,2.341,-999999,-999999,-999999,-999999,-999999,-999999,-999999,0,1,-999999,-999999,1,-999999,-999999,0.035,-999999,-999999,-999999,-999999,-999999,1.6;10.290,-999999,-999999,2.258,-999999,-999999,-999999,-999999,-999999,-999999,-999999,0,1,-999999,-999999,1,-999999,-999999,0.031,-999999,-999999,-999999,-999999,-999999,1.4;10.310,-999999,-999999,2.155,-999999,-999999,-999999,-999999,-999999,-999999,-999999,0,1,-999999,-999999,1,-999999,-999999,0.036,-999999,-999999,-999999,-999999,-999999,1.6;10.330,-999999,-999999,2.059,-999999,-999999,-999999,-999999,-999999,-999999,-999999,0,1,-999999,-999999,1,-999999,-999999,0.038,-999999,-999999,-999999,-999999,-999999,1.7;10.350,-999999,-999999,1.972,-999999,-999999,-999999,-999999,-999999,-999999,-999999,0,1,-999999,-999999,1,-999999,-999999,0.052,-999999,-999999,-999999,-999999,-999999,2.5;10.370,-999999,-999999,2.113,-999999,-999999,-999999,-999999,-999999,-999999,-999999,0,1,-999999,-999999,1,-999999,-999999,0.043,-999999,-999999,-999999,-999999,-999999,2.2;10.390,-999999,-999999,2.020,-999999,-999999,-999999,-999999,-999999,-999999,-999999,0,1,-999999,-999999,1,-999999,-999999,0.045,-999999,-999999,-999999,-999999,-999999,2.4;10.410,-999999,-999999,1.937,-999999,-999999,-999999,-999999,-999999,-999999,-999999,0,1,-999999,-999999,1,-999999,-999999,0.047,-999999,-999999,-999999,-999999,-999999,2.7;10.430,-999999,-999999,1.536,-999999,-999999,-999999,-999999,-999999,-999999,-999999,0,1,-999999,-999999,1,-999999,-999999,0.049,-999999,-999999,-999999,-999999,-999999,3.1;10.450,-999999,-999999,1.366,-999999,-999999,-999999,-999999,-999999,-999999,-999999,0,1,-999999,-999999,1,-999999,-999999,0.046,-999999,-999999,-999999,-999999,-999999,3.3;10.470,-999999,-999999,1.119,-999999,-999999,-999999,-999999,-999999,-999999,-999999,0,1,-999999,-999999,1,-999999,-999999,0.043,-999999,-999999,-999999,-999999,-999999,3.5;10.490,-999999,-999999,0.933,-999999,-999999,-999999,-999999,-999999,-999999,-999999,0,1,-999999,-999999,1,-999999,-999999,0.038,-999999,-999999,-999999,-999999,-999999,3.7;10.510,-999999,-999999,0.859,-999999,-999999,-999999,-999999,-999999,-999999,-999999,0,1,-999999,-999999,1,-999999,-999999,0.036,-999999,-999999,-999999,-999999,-999999,3.9;10.530,-999999,-999999,0.737,-999999,-999999,-999999,-999999,-999999,-999999,-999999,0,1,-999999,-999999,1,-999999,-999999,0.034,-999999,-999999,-999999,-999999,-999999,4.2;10.550,-999999,-999999,0.673,-999999,-999999,-999999,-999999,-999999,-999999,-999999,0,1,-999999,-999999,1,-999999,-999999,0.030,-999999,-999999,-999999,-999999,-999999,4.1;10.570,-999999,-999999,0.670,-999999,-999999,-999999,-999999,-999999,-999999,-999999,0,1,-999999,-999999,1,-999999,-999999,0.027,-999999,-999999,-999999,-999999,-999999,3.8;10.590,-999999,-999999,0.676,-999999,-999999,-999999,-999999,-999999,-999999,-999999,0,1,-999999,-999999,1,-999999,-999999,0.022,-999999,-999999,-999999,-999999,-999999,3.2;10.610,-999999,-999999,0.660,-999999,-999999,-999999,-999999,-999999,-999999,-999999,0,0,-999999,-999999,1,-999999,-999999,0.017,-999999,-999999,-999999,-999999,-999999,2.4;10.630,-999999,-999999,0.663,-999999,-999999,-999999,-999999,-999999,-999999,-999999,0,1,-999999,-999999,1,-999999,-999999,0.014,-999999,-999999,-999999,-999999,-999999,1.8;10.650,-999999,-999999,0.699,-999999,-999999,-999999,-999999,-999999,-999999,-999999,0,1,-999999,-999999,1,-999999,-999999,0.012,-999999,-999999,-999999,-999999,-999999,1.4;10.670,-999999,-999999,0.869,-999999,-999999,-999999,-999999,-999999,-999999,-999999,0,1,-999999,-999999,1,-999999,-999999,0.013,-999999,-999999,-999999,-999999,-999999,1.5;10.690,-999999,-999999,1.138,-999999,-999999,-999999,-999999,-999999,-999999,-999999,0,1,-999999,-999999,1,-999999,-999999,0.022,-999999,-999999,-999999,-999999,-999999,2.2;10.710,-999999,-999999,1.206,-999999,-999999,-999999,-999999,-999999,-999999,-999999,0,1,-999999,-999999,1,-999999,-999999,0.023,-999999,-999999,-999999,-999999,-999999,2.3;10.730,-999999,-999999,1.138,-999999,-999999,-999999,-999999,-999999,-999999,-999999,0,1,-999999,-999999,1,-999999,-999999,0.025,-999999,-999999,-999999,-999999,-999999,2.5;10.750,-999999,-999999,0.994,-999999,-999999,-999999,-999999,-999999,-999999,-999999,0,1,-999999,-999999,1,-999999,-999999,0.025,-999999,-999999,-999999,-999999,-999999,2.6;10.770,-999999,-999999,0.821,-999999,-999999,-999999,-999999,-999999,-999999,-999999,0,1,-999999,-999999,1,-999999,-999999,0.027,-999999,-999999,-999999,-999999,-999999,3.0;10.790,-999999,-999999,0.750,-999999,-999999,-999999,-999999,-999999,-999999,-999999,0,1,-999999,-999999,1,-999999,-999999,0.028,-999999,-999999,-999999,-999999,-999999,3.2;10.810,-999999,-999999,0.760,-999999,-999999,-999999,-999999,-999999,-999999,-999999,0,1,-999999,-999999,1,-999999,-999999,0.029,-999999,-999999,-999999,-999999,-999999,3.6;10.830,-999999,-999999,0.798,-999999,-999999,-999999,-999999,-999999,-999999,-999999,0,1,-999999,-999999,1,-999999,-999999,0.028,-999999,-999999,-999999,-999999,-999999,3.6;10.850,-999999,-999999,0.785,-999999,-999999,-999999,-999999,-999999,-999999,-999999,0,1,-999999,-999999,1,-999999,-999999,0.024,-999999,-999999,-999999,-999999,-999999,3.2;10.870,-999999,-999999,0.776,-999999,-999999,-999999,-999999,-999999,-999999,-999999,0,0,-999999,-999999,1,-999999,-999999,0.020,-999999,-999999,-999999,-999999,-999999,2.7;10.890,-999999,-999999,0.708,-999999,-999999,-999999,-999999,-999999,-999999,-999999,0,1,-999999,-999999,1,-999999,-999999,0.017,-999999,-999999,-999999,-999999,-999999,2.4;10.910,-999999,-999999,0.686,-999999,-999999,-999999,-999999,-999999,-999999,-999999,0,1,-999999,-999999,1,-999999,-999999,0.016,-999999,-999999,-999999,-999999,-999999,2.3;10.930,-999999,-999999,0.673,-999999,-999999,-999999,-999999,-999999,-999999,-999999,0,1,-999999,-999999,1,-999999,-999999,0.017,-999999,-999999,-999999,-999999,-999999,2.5;10.950,-999999,-999999,0.670,-999999,-999999,-999999,-999999,-999999,-999999,-999999,0,0,-999999,-999999,1,-999999,-999999,0.017,-999999,-999999,-999999,-999999,-999999,2.5;10.970,-999999,-999999,0.673,-999999,-999999,-999999,-999999,-999999,-999999,-999999,0,0,-999999,-999999,1,-999999,-999999,0.017,-999999,-999999,-999999,-999999,-999999,2.5;10.990,-999999,-999999,0.689,-999999,-999999,-999999,-999999,-999999,-999999,-999999,0,0,-999999,-999999,1,-999999,-999999,0.015,-999999,-999999,-999999,-999999,-999999,2.3;11.010,-999999,-999999,0.705,-999999,-999999,-999999,-999999,-999999,-999999,-999999,0,0,-999999,-999999,1,-999999,-999999,0.016,-999999,-999999,-999999,-999999,-999999,2.3;11.030,-999999,-999999,0.724,-999999,-999999,-999999,-999999,-999999,-999999,-999999,0,1,-999999,-999999,1,-999999,-999999,0.017,-999999,-999999,-999999,-999999,-999999,2.4;11.050,-999999,-999999,0.708,-999999,-999999,-999999,-999999,-999999,-999999,-999999,0,0,-999999,-999999,1,-999999,-999999,0.016,-999999,-999999,-999999,-999999,-999999,2.3;11.070,-999999,-999999,0.699,-999999,-999999,-999999,-999999,-999999,-999999,-999999,0,0,-999999,-999999,1,-999999,-999999,0.015,-999999,-999999,-999999,-999999,-999999,2.2;11.090,-999999,-999999,0.692,-999999,-999999,-999999,-999999,-999999,-999999,-999999,0,1,-999999,-999999,1,-999999,-999999,0.016,-999999,-999999,-999999,-999999,-999999,2.3;11.110,-999999,-999999,0.680,-999999,-999999,-999999,-999999,-999999,-999999,-999999,0,0,-999999,-999999,1,-999999,-999999,0.017,-999999,-999999,-999999,-999999,-999999,2.5;11.130,-999999,-999999,0.686,-999999,-999999,-999999,-999999,-999999,-999999,-999999,0,0,-999999,-999999,1,-999999,-999999,0.017,-999999,-999999,-999999,-999999,-999999,2.5;11.150,-999999,-999999,0.683,-999999,-999999,-999999,-999999,-999999,-999999,-999999,0,0,-999999,-999999,1,-999999,-999999,0.017,-999999,-999999,-999999,-999999,-999999,2.4;11.170,-999999,-999999,0.683,-999999,-999999,-999999,-999999,-999999,-999999,-999999,0,0,-999999,-999999,1,-999999,-999999,0.017,-999999,-999999,-999999,-999999,-999999,2.5;11.190,-999999,-999999,0.676,-999999,-999999,-999999,-999999,-999999,-999999,-999999,0,0,-999999,-999999,1,-999999,-999999,0.017,-999999,-999999,-999999,-999999,-999999,2.6;11.210,-999999,-999999,0.673,-999999,-999999,-999999,-999999,-999999,-999999,-999999,0,0,-999999,-999999,1,-999999,-999999,0.017,-999999,-999999,-999999,-999999,-999999,2.5;11.230,-999999,-999999,0.670,-999999,-999999,-999999,-999999,-999999,-999999,-999999,0,0,-999999,-999999,1,-999999,-999999,0.016,-999999,-999999,-999999,-999999,-999999,2.4;11.250,-999999,-999999,0.673,-999999,-999999,-999999,-999999,-999999,-999999,-999999,0,0,-999999,-999999,1,-999999,-999999,0.016,-999999,-999999,-999999,-999999,-999999,2.4;11.270,-999999,-999999,0.680,-999999,-999999,-999999,-999999,-999999,-999999,-999999,0,0,-999999,-999999,1,-999999,-999999,0.016,-999999,-999999,-999999,-999999,-999999,2.4;11.290,-999999,-999999,0.692,-999999,-999999,-999999,-999999,-999999,-999999,-999999,0,0,-999999,-999999,1,-999999,-999999,0.016,-999999,-999999,-999999,-999999,-999999,2.3;11.310,-999999,-999999,0.708,-999999,-999999,-999999,-999999,-999999,-999999,-999999,0,0,-999999,-999999,1,-999999,-999999,0.016,-999999,-999999,-999999,-999999,-999999,2.3;11.330,-999999,-999999,0.718,-999999,-999999,-999999,-999999,-999999,-999999,-999999,0,0,-999999,-999999,1,-999999,-999999,0.015,-999999,-999999,-999999,-999999,-999999,2.2;11.350,-999999,-999999,0.724,-999999,-999999,-999999,-999999,-999999,-999999,-999999,0,0,-999999,-999999,0,-999999,-999999,0.016,-999999,-999999,-999999,-999999,-999999,2.3;11.370,-999999,-999999,0.724,-999999,-999999,-999999,-999999,-999999,-999999,-999999,0,0,-999999,-999999,1,-999999,-999999,0.015,-999999,-999999,-999999,-999999,-999999,2.2;11.390,-999999,-999999,0.696,-999999,-999999,-999999,-999999,-999999,-999999,-999999,0,0,-999999,-999999,0,-999999,-999999,0.015,-999999,-999999,-999999,-999999,-999999,2.2;11.410,-999999,-999999,0.689,-999999,-999999,-999999,-999999,-999999,-999999,-999999,0,0,-999999,-999999,1,-999999,-999999,0.015,-999999,-999999,-999999,-999999,-999999,2.2;11.430,-999999,-999999,0.673,-999999,-999999,-999999,-999999,-999999,-999999,-999999,0,0,-999999,-999999,0,-999999,-999999,0.015,-999999,-999999,-999999,-999999,-999999,2.2;11.450,-999999,-999999,0.673,-999999,-999999,-999999,-999999,-999999,-999999,-999999,0,0,-999999,-999999,1,-999999,-999999,0.015,-999999,-999999,-999999,-999999,-999999,2.2;11.470,-999999,-999999,0.670,-999999,-999999,-999999,-999999,-999999,-999999,-999999,0,0,-999999,-999999,1,-999999,-999999,0.015,-999999,-999999,-999999,-999999,-999999,2.2;11.490,-999999,-999999,0.670,-999999,-999999,-999999,-999999,-999999,-999999,-999999,0,0,-999999,-999999,0,-999999,-999999,0.014,-999999,-999999,-999999,-999999,-999999,2.1;11.510,-999999,-999999,0.680,-999999,-999999,-999999,-999999,-999999,-999999,-999999,0,0,-999999,-999999,0,-999999,-999999,0.015,-999999,-999999,-999999,-999999,-999999,2.1;11.530,-999999,-999999,0.696,-999999,-999999,-999999,-999999,-999999,-999999,-999999,0,0,-999999,-999999,1,-999999,-999999,0.015,-999999,-999999,-999999,-999999,-999999,2.1;11.550,-999999,-999999,0.728,-999999,-999999,-999999,-999999,-999999,-999999,-999999,0,0,-999999,-999999,0,-999999,-999999,0.015,-999999,-999999,-999999,-999999,-999999,2.0;11.570,-999999,-999999,0.760,-999999,-999999,-999999,-999999,-999999,-999999,-999999,0,0,-999999,-999999,0,-999999,-999999,0.015,-999999,-999999,-999999,-999999,-999999,2.0;11.590,-999999,-999999,0.782,-999999,-999999,-999999,-999999,-999999,-999999,-999999,0,0,-999999,-999999,1,-999999,-999999,0.015,-999999,-999999,-999999,-999999,-999999,1.9;11.610,-999999,-999999,0.798,-999999,-999999,-999999,-999999,-999999,-999999,-999999,0,0,-999999,-999999,0,-999999,-999999,0.016,-999999,-999999,-999999,-999999,-999999,2.0;11.630,-999999,-999999,0.814,-999999,-999999,-999999,-999999,-999999,-999999,-999999,0,0,-999999,-999999,0,-999999,-999999,0.019,-999999,-999999,-999999,-999999,-999999,2.3;11.650,-999999,-999999,0.814,-999999,-999999,-999999,-999999,-999999,-999999,-999999,0,0,-999999,-999999,0,-999999,-999999,0.019,-999999,-999999,-999999,-999999,-999999,2.5;11.670,-999999,-999999,0.824,-999999,-999999,-999999,-999999,-999999,-999999,-999999,0,0,-999999,-999999,0,-999999,-999999,0.019,-999999,-999999,-999999,-999999,-999999,2.5;11.690,-999999,-999999,0.773,-999999,-999999,-999999,-999999,-999999,-999999,-999999,0,0,-999999,-999999,0,-999999,-999999,0.019,-999999,-999999,-999999,-999999,-999999,2.5;11.710,-999999,-999999,0.715,-999999,-999999,-999999,-999999,-999999,-999999,-999999,0,0,-999999,-999999,1,-999999,-999999,0.019,-999999,-999999,-999999,-999999,-999999,2.5;11.730,-999999,-999999,0.728,-999999,-999999,-999999,-999999,-999999,-999999,-999999,0,0,-999999,-999999,0,-999999,-999999,0.019,-999999,-999999,-999999,-999999,-999999,2.5;11.750,-999999,-999999,0.750,-999999,-999999,-999999,-999999,-999999,-999999,-999999,0,0,-999999,-999999,0,-999999,-999999,0.020,-999999,-999999,-999999,-999999,-999999,2.6;11.770,-999999,-999999,0.756,-999999,-999999,-999999,-999999,-999999,-999999,-999999,0,0,-999999,-999999,0,-999999,-999999,0.019,-999999,-999999,-999999,-999999,-999999,2.5;11.790,-999999,-999999,0.766,-999999,-999999,-999999,-999999,-999999,-999999,-999999,0,0,-999999,-999999,0,-999999,-999999,0.018,-999999,-999999,-999999,-999999,-999999,2.3;11.810,-999999,-999999,0.789,-999999,-999999,-999999,-999999,-999999,-999999,-999999,0,0,-999999,-999999,0,-999999,-999999,0.015,-999999,-999999,-999999,-999999,-999999,1.9;11.830,-999999,-999999,0.817,-999999,-999999,-999999,-999999,-999999,-999999,-999999,0,0,-999999,-999999,0,-999999,-999999,0.016,-999999,-999999,-999999,-999999,-999999,2.0;11.850,-999999,-999999,0.837,-999999,-999999,-999999,-999999,-999999,-999999,-999999,0,0,-999999,-999999,0,-999999,-999999,0.018,-999999,-999999,-999999,-999999,-999999,2.3;11.870,-999999,-999999,0.785,-999999,-999999,-999999,-999999,-999999,-999999,-999999,0,0,-999999,-999999,0,-999999,-999999,0.017,-999999,-999999,-999999,-999999,-999999,2.1;11.890,-999999,-999999,0.795,-999999,-999999,-999999,-999999,-999999,-999999,-999999,0,0,-999999,-999999,0,-999999,-999999,0.016,-999999,-999999,-999999,-999999,-999999,1.8;11.910,-999999,-999999,0.795,-999999,-999999,-999999,-999999,-999999,-999999,-999999,0,0,-999999,-999999,0,-999999,-999999,0.012,-999999,-999999,-999999,-999999,-999999,1.2;11.930,-999999,-999999,0.923,-999999,-999999,-999999,-999999,-999999,-999999,-999999,0,0,-999999,-999999,0,-999999,-999999,0.016,-999999,-999999,-999999,-999999,-999999,1.4;11.950,-999999,-999999,1.254,-999999,-999999,-999999,-999999,-999999,-999999,-999999,0,0,-999999,-999999,0,-999999,-999999,0.017,-999999,-999999,-999999,-999999,-999999,1.4;11.970,-999999,-999999,1.574,-999999,-999999,-999999,-999999,-999999,-999999,-999999,0,0,-999999,-999999,0,-999999,-999999,0.029,-999999,-999999,-999999,-999999,-999999,2.3;11.990,-999999,-999999,1.764,-999999,-999999,-999999,-999999,-999999,-999999,-999999,0,0,-999999,-999999,0,-999999,-999999,0.033,-999999,-999999,-999999,-999999,-999999,2.5;12.010,-999999,-999999,1.491,-999999,-999999,-999999,-999999,-999999,-999999,-999999,0,0,-999999,-999999,0,-999999,-999999,0.037,-999999,-999999,-999999,-999999,-999999,2.9;12.030,-999999,-999999,1.199,-999999,-999999,-999999,-999999,-999999,-999999,-999999,0,0,-999999,-999999,0,-999999,-999999,0.038,-999999,-999999,-999999,-999999,-999999,3.2;12.050,-999999,-999999,0.904,-999999,-999999,-999999,-999999,-999999,-999999,-999999,0,0,-999999,-999999,0,-999999,-999999,0.037,-999999,-999999,-999999,-999999,-999999,3.4;12.070,-999999,-999999,0.760,-999999,-999999,-999999,-999999,-999999,-999999,-999999,0,0,-999999,-999999,0,-999999,-999999,0.036,-999999,-999999,-999999,-999999,-999999,3.9;12.090,-999999,-999999,0.718,-999999,-999999,-999999,-999999,-999999,-999999,-999999,0,0,-999999,-999999,0,-999999,-999999,0.033,-999999,-999999,-999999,-999999,-999999,4.1;12.110,-999999,-999999,0.699,-999999,-999999,-999999,-999999,-999999,-999999,-999999,0,0,-999999,-999999,0,-999999,-999999,0.029,-999999,-999999,-999999,-999999,-999999,4.0;12.130,-999999,-999999,0.692,-999999,-999999,-999999,-999999,-999999,-999999,-999999,0,0,-999999,-999999,0,-999999,-999999,0.027,-999999,-999999,-999999,-999999,-999999,3.9;12.150,-999999,-999999,0.670,-999999,-999999,-999999,-999999,-999999,-999999,-999999,0,0,-999999,-999999,0,-999999,-999999,0.019,-999999,-999999,-999999,-999999,-999999,2.8;12.170,-999999,-999999,0.686,-999999,-999999,-999999,-999999,-999999,-999999,-999999,0,0,-999999,-999999,0,-999999,-999999,0.013,-999999,-999999,-999999,-999999,-999999,2.0;12.190,-999999,-999999,0.667,-999999,-999999,-999999,-999999,-999999,-999999,-999999,0,0,-999999,-999999,0,-999999,-999999,0.012,-999999,-999999,-999999,-999999,-999999,1.9;12.210,-999999,-999999,0.657,-999999,-999999,-999999,-999999,-999999,-999999,-999999,0,0,-999999,-999999,0,-999999,-999999,0.012,-999999,-999999,-999999,-999999,-999999,1.9;12.230,-999999,-999999,0.667,-999999,-999999,-999999,-999999,-999999,-999999,-999999,0,0,-999999,-999999,0,-999999,-999999,0.012,-999999,-999999,-999999,-999999,-999999,1.8;12.250,-999999,-999999,0.699,-999999,-999999,-999999,-999999,-999999,-999999,-999999,0,0,-999999,-999999,0,-999999,-999999,0.013,-999999,-999999,-999999,-999999,-999999,1.9;12.270,-999999,-999999,0.718,-999999,-999999,-999999,-999999,-999999,-999999,-999999,0,0,-999999,-999999,0,-999999,-999999,0.014,-999999,-999999,-999999,-999999,-999999,2.1;12.290,-999999,-999999,0.721,-999999,-999999,-999999,-999999,-999999,-999999,-999999,0,0,-999999,-999999,0,-999999,-999999,0.013,-999999,-999999,-999999,-999999,-999999,1.8;12.310,-999999,-999999,0.705,-999999,-999999,-999999,-999999,-999999,-999999,-999999,0,0,-999999,-999999,0,-999999,-999999,0.014,-999999,-999999,-999999,-999999,-999999,2.0;12.330,-999999,-999999,0.705,-999999,-999999,-999999,-999999,-999999,-999999,-999999,0,0,-999999,-999999,0,-999999,-999999,0.015,-999999,-999999,-999999,-999999,-999999,2.1;12.350,-999999,-999999,0.763,-999999,-999999,-999999,-999999,-999999,-999999,-999999,0,0,-999999,-999999,0,-999999,-999999,0.016,-999999,-999999,-999999,-999999,-999999,2.2;12.370,-999999,-999999,0.798,-999999,-999999,-999999,-999999,-999999,-999999,-999999,0,0,-999999,-999999,0,-999999,-999999,0.014,-999999,-999999,-999999,-999999,-999999,2.0;12.390,-999999,-999999,0.708,-999999,-999999,-999999,-999999,-999999,-999999,-999999,0,0,-999999,-999999,0,-999999,-999999,0.015,-999999,-999999,-999999,-999999,-999999,2.1;12.410,-999999,-999999,0.663,-999999,-999999,-999999,-999999,-999999,-999999,-999999,0,0,-999999,-999999,0,-999999,-999999,0.014,-999999,-999999,-999999,-999999,-999999,2.0;12.430,-999999,-999999,0.647,-999999,-999999,-999999,-999999,-999999,-999999,-999999,0,0,-999999,-999999,0,-999999,-999999,0.014,-999999,-999999,-999999,-999999,-999999,2.0;12.450,-999999,-999999,0.663,-999999,-999999,-999999,-999999,-999999,-999999,-999999,0,0,-999999,-999999,0,-999999,-999999,0.013,-999999,-999999,-999999,-999999,-999999,2.0;12.470,-999999,-999999,0.696,-999999,-999999,-999999,-999999,-999999,-999999,-999999,0,0,-999999,-999999,0,-999999,-999999,0.014,-999999,-999999,-999999,-999999,-999999,2.1;12.490,-999999,-999999,0.715,-999999,-999999,-999999,-999999,-999999,-999999,-999999,0,0,-999999,-999999,0,-999999,-999999,0.014,-999999,-999999,-999999,-999999,-999999,2.0;12.510,-999999,-999999,0.728,-999999,-999999,-999999,-999999,-999999,-999999,-999999,0,0,-999999,-999999,0,-999999,-999999,0.015,-999999,-999999,-999999,-999999,-999999,2.1;12.530,-999999,-999999,0.721,-999999,-999999,-999999,-999999,-999999,-999999,-999999,0,0,-999999,-999999,0,-999999,-999999,0.014,-999999,-999999,-999999,-999999,-999999,2.0;12.550,-999999,-999999,0.728,-999999,-999999,-999999,-999999,-999999,-999999,-999999,0,0,-999999,-999999,0,-999999,-999999,0.014,-999999,-999999,-999999,-999999,-999999,2.0;12.570,-999999,-999999,0.696,-999999,-999999,-999999,-999999,-999999,-999999,-999999,0,0,-999999,-999999,0,-999999,-999999,0.014,-999999,-999999,-999999,-999999,-999999,2.0;12.590,-999999,-999999,0.680,-999999,-999999,-999999,-999999,-999999,-999999,-999999,0,0,-999999,-999999,0,-999999,-999999,0.014,-999999,-999999,-999999,-999999,-999999,2.0;12.610,-999999,-999999,0.689,-999999,-999999,-999999,-999999,-999999,-999999,-999999,0,0,-999999,-999999,0,-999999,-999999,0.014,-999999,-999999,-999999,-999999,-999999,2.1;12.630,-999999,-999999,0.676,-999999,-999999,-999999,-999999,-999999,-999999,-999999,0,0,-999999,-999999,0,-999999,-999999,0.014,-999999,-999999,-999999,-999999,-999999,2.0;12.650,-999999,-999999,0.683,-999999,-999999,-999999,-999999,-999999,-999999,-999999,0,0,-999999,-999999,0,-999999,-999999,0.015,-999999,-999999,-999999,-999999,-999999,2.1;12.670,-999999,-999999,0.683,-999999,-999999,-999999,-999999,-999999,-999999,-999999,0,0,-999999,-999999,0,-999999,-999999,0.014,-999999,-999999,-999999,-999999,-999999,2.1;12.690,-999999,-999999,0.689,-999999,-999999,-999999,-999999,-999999,-999999,-999999,0,0,-999999,-999999,0,-999999,-999999,0.015,-999999,-999999,-999999,-999999,-999999,2.1;12.710,-999999,-999999,0.705,-999999,-999999,-999999,-999999,-999999,-999999,-999999,0,0,-999999,-999999,0,-999999,-999999,0.015,-999999,-999999,-999999,-999999,-999999,2.1;12.730,-999999,-999999,0.718,-999999,-999999,-999999,-999999,-999999,-999999,-999999,0,0,-999999,-999999,0,-999999,-999999,0.015,-999999,-999999,-999999,-999999,-999999,2.1;12.750,-999999,-999999,0.740,-999999,-999999,-999999,-999999,-999999,-999999,-999999,0,0,-999999,-999999,0,-999999,-999999,0.016,-999999,-999999,-999999,-999999,-999999,2.2;12.770,-999999,-999999,0.756,-999999,-999999,-999999,-999999,-999999,-999999,-999999,0,0,-999999,-999999,0,-999999,-999999,0.016,-999999,-999999,-999999,-999999,-999999,2.2;12.790,-999999,-999999,0.753,-999999,-999999,-999999,-999999,-999999,-999999,-999999,0,0,-999999,-999999,0,-999999,-999999,0.017,-999999,-999999,-999999,-999999,-999999,2.3;12.810,-999999,-999999,0.753,-999999,-999999,-999999,-999999,-999999,-999999,-999999,0,0,-999999,-999999,0,-999999,-999999,0.018,-999999,-999999,-999999,-999999,-999999,2.4;12.830,-999999,-999999,0.737,-999999,-999999,-999999,-999999,-999999,-999999,-999999,0,0,-999999,-999999,0,-999999,-999999,0.017,-999999,-999999,-999999,-999999,-999999,2.3;12.850,-999999,-999999,0.731,-999999,-999999,-999999,-999999,-999999,-999999,-999999,0,0,-999999,-999999,0,-999999,-999999,0.017,-999999,-999999,-999999,-999999,-999999,2.3;12.870,-999999,-999999,0.728,-999999,-999999,-999999,-999999,-999999,-999999,-999999,0,0,-999999,-999999,0,-999999,-999999,0.019,-999999,-999999,-999999,-999999,-999999,2.5;12.890,-999999,-999999,0.737,-999999,-999999,-999999,-999999,-999999,-999999,-999999,0,0,-999999,-999999,0,-999999,-999999,0.018,-999999,-999999,-999999,-999999,-999999,2.5;12.910,-999999,-999999,0.740,-999999,-999999,-999999,-999999,-999999,-999999,-999999,0,0,-999999,-999999,0,-999999,-999999,0.019,-999999,-999999,-999999,-999999,-999999,2.5;12.930,-999999,-999999,0.750,-999999,-999999,-999999,-999999,-999999,-999999,-999999,0,0,-999999,-999999,0,-999999,-999999,0.019,-999999,-999999,-999999,-999999,-999999,2.5;12.950,-999999,-999999,0.734,-999999,-999999,-999999,-999999,-999999,-999999,-999999,0,0,-999999,-999999,0,-999999,-999999,0.019,-999999,-999999,-999999,-999999,-999999,2.4;12.970,-999999,-999999,0.817,-999999,-999999,-999999,-999999,-999999,-999999,-999999,0,0,-999999,-999999,0,-999999,-999999,0.019,-999999,-999999,-999999,-999999,-999999,2.3;12.990,-999999,-999999,0.875,-999999,-999999,-999999,-999999,-999999,-999999,-999999,0,0,-999999,-999999,0,-999999,-999999,0.021,-999999,-999999,-999999,-999999,-999999,2.4;13.010,-999999,-999999,0.930,-999999,-999999,-999999,-999999,-999999,-999999,-999999,0,0,-999999,-999999,0,-999999,-999999,0.025,-999999,-999999,-999999,-999999,-999999,2.7;13.030,-999999,-999999,0.971,-999999,-999999,-999999,-999999,-999999,-999999,-999999,0,0,-999999,-999999,0,-999999,-999999,0.030,-999999,-999999,-999999,-999999,-999999,3.0;13.050,-999999,-999999,1.026,-999999,-999999,-999999,-999999,-999999,-999999,-999999,0,0,-999999,-999999,0,-999999,-999999,0.035,-999999,-999999,-999999,-999999,-999999,3.5;13.070,-999999,-999999,1.071,-999999,-999999,-999999,-999999,-999999,-999999,-999999,0,0,-999999,-999999,0,-999999,-999999,0.040,-999999,-999999,-999999,-999999,-999999,3.8;13.090,-999999,-999999,1.093,-999999,-999999,-999999,-999999,-999999,-999999,-999999,0,0,-999999,-999999,0,-999999,-999999,0.043,-999999,-999999,-999999,-999999,-999999,4.0;13.110,-999999,-999999,1.090,-999999,-999999,-999999,-999999,-999999,-999999,-999999,0,0,-999999,-999999,0,-999999,-999999,0.046,-999999,-999999,-999999,-999999,-999999,4.2;13.130,-999999,-999999,1.097,-999999,-999999,-999999,-999999,-999999,-999999,-999999,0,0,-999999,-999999,0,-999999,-999999,0.051,-999999,-999999,-999999,-999999,-999999,4.6;13.150,-999999,-999999,1.103,-999999,-999999,-999999,-999999,-999999,-999999,-999999,0,0,-999999,-999999,0,-999999,-999999,0.054,-999999,-999999,-999999,-999999,-999999,4.8;13.170,-999999,-999999,1.148,-999999,-999999,-999999,-999999,-999999,-999999,-999999,0,0,-999999,-999999,0,-999999,-999999,0.055,-999999,-999999,-999999,-999999,-999999,4.8;13.190,-999999,-999999,1.196,-999999,-999999,-999999,-999999,-999999,-999999,-999999,0,0,-999999,-999999,0,-999999,-999999,0.055,-999999,-999999,-999999,-999999,-999999,4.8;13.210,-999999,-999999,1.157,-999999,-999999,-999999,-999999,-999999,-999999,-999999,0,0,-999999,-999999,0,-999999,-999999,0.054,-999999,-999999,-999999,-999999,-999999,4.8;13.230,-999999,-999999,1.132,-999999,-999999,-999999,-999999,-999999,-999999,-999999,0,0,-999999,-999999,0,-999999,-999999,0.053,-999999,-999999,-999999,-999999,-999999,4.8;13.250,-999999,-999999,1.077,-999999,-999999,-999999,-999999,-999999,-999999,-999999,0,0,-999999,-999999,0,-999999,-999999,0.052,-999999,-999999,-999999,-999999,-999999,4.7;13.270,-999999,-999999,1.052,-999999,-999999,-999999,-999999,-999999,-999999,-999999,0,0,-999999,-999999,0,-999999,-999999,0.050,-999999,-999999,-999999,-999999,-999999,4.7;13.290,-999999,-999999,1.042,-999999,-999999,-999999,-999999,-999999,-999999,-999999,0,0,-999999,-999999,0,-999999,-999999,0.048,-999999,-999999,-999999,-999999,-999999,4.5;13.310,-999999,-999999,1.039,-999999,-999999,-999999,-999999,-999999,-999999,-999999,0,0,-999999,-999999,0,-999999,-999999,0.045,-999999,-999999,-999999,-999999,-999999,4.3;13.330,-999999,-999999,1.036,-999999,-999999,-999999,-999999,-999999,-999999,-999999,0,0,-999999,-999999,0,-999999,-999999,0.043,-999999,-999999,-999999,-999999,-999999,4.1;13.350,-999999,-999999,1.029,-999999,-999999,-999999,-999999,-999999,-999999,-999999,0,0,-999999,-999999,0,-999999,-999999,0.042,-999999,-999999,-999999,-999999,-999999,4.1;13.370,-999999,-999999,1.013,-999999,-999999,-999999,-999999,-999999,-999999,-999999,0,0,-999999,-999999,0,-999999,-999999,0.040,-999999,-999999,-999999,-999999,-999999,4.0;13.390,-999999,-999999,1.010,-999999,-999999,-999999,-999999,-999999,-999999,-999999,0,0,-999999,-999999,0,-999999,-999999,0.039,-999999,-999999,-999999,-999999,-999999,3.9;13.410,-999999,-999999,1.000,-999999,-999999,-999999,-999999,-999999,-999999,-999999,0,0,-999999,-999999,0,-999999,-999999,0.040,-999999,-999999,-999999,-999999,-999999,4.0;13.430,-999999,-999999,1.000,-999999,-999999,-999999,-999999,-999999,-999999,-999999,0,0,-999999,-999999,0,-999999,-999999,0.040,-999999,-999999,-999999,-999999,-999999,4.0;13.450,-999999,-999999,0.978,-999999,-999999,-999999,-999999,-999999,-999999,-999999,0,0,-999999,-999999,0,-999999,-999999,0.040,-999999,-999999,-999999,-999999,-999999,4.1;13.470,-999999,-999999,0.968,-999999,-999999,-999999,-999999,-999999,-999999,-999999,0,0,-999999,-999999,0,-999999,-999999,0.040,-999999,-999999,-999999,-999999,-999999,4.2;13.490,-999999,-999999,0.949,-999999,-999999,-999999,-999999,-999999,-999999,-999999,0,0,-999999,-999999,0,-999999,-999999,0.040,-999999,-999999,-999999,-999999,-999999,4.3;13.510,-999999,-999999,0.920,-999999,-999999,-999999,-999999,-999999,-999999,-999999,0,0,-999999,-999999,0,-999999,-999999,0.039,-999999,-999999,-999999,-999999,-999999,4.3;13.530,-999999,-999999,0.904,-999999,-999999,-999999,-999999,-999999,-999999,-999999,0,0,-999999,-999999,0,-999999,-999999,0.039,-999999,-999999,-999999,-999999,-999999,4.3;13.550,-999999,-999999,0.885,-999999,-999999,-999999,-999999,-999999,-999999,-999999,0,0,-999999,-999999,0,-999999,-999999,0.038,-999999,-999999,-999999,-999999,-999999,4.3;13.570,-999999,-999999,0.866,-999999,-999999,-999999,-999999,-999999,-999999,-999999,0,0,-999999,-999999,0,-999999,-999999,0.037,-999999,-999999,-999999,-999999,-999999,4.3;13.590,-999999,-999999,0.846,-999999,-999999,-999999,-999999,-999999,-999999,-999999,0,0,-999999,-999999,0,-999999,-999999,0.036,-999999,-999999,-999999,-999999,-999999,4.3;13.610,-999999,-999999,0.843,-999999,-999999,-999999,-999999,-999999,-999999,-999999,0,0,-999999,-999999,0,-999999,-999999,0.034,-999999,-999999,-999999,-999999,-999999,4.0;13.630,-999999,-999999,0.837,-999999,-999999,-999999,-999999,-999999,-999999,-999999,0,0,-999999,-999999,0,-999999,-999999,0.032,-999999,-999999,-999999,-999999,-999999,3.8;13.650,-999999,-999999,0.811,-999999,-999999,-999999,-999999,-999999,-999999,-999999,0,0,-999999,-999999,0,-999999,-999999,0.030,-999999,-999999,-999999,-999999,-999999,3.6;13.670,-999999,-999999,0.805,-999999,-999999,-999999,-999999,-999999,-999999,-999999,0,0,-999999,-999999,0,-999999,-999999,0.029,-999999,-999999,-999999,-999999,-999999,3.5;13.690,-999999,-999999,0.814,-999999,-999999,-999999,-999999,-999999,-999999,-999999,0,0,-999999,-999999,0,-999999,-999999,0.029,-999999,-999999,-999999,-999999,-999999,3.5;13.710,-999999,-999999,0.824,-999999,-999999,-999999,-999999,-999999,-999999,-999999,0,0,-999999,-999999,0,-999999,-999999,0.027,-999999,-999999,-999999,-999999,-999999,3.4;13.730,-999999,-999999,0.824,-999999,-999999,-999999,-999999,-999999,-999999,-999999,0,0,-999999,-999999,0,-999999,-999999,0.026,-999999,-999999,-999999,-999999,-999999,3.3;13.750,-999999,-999999,0.817,-999999,-999999,-999999,-999999,-999999,-999999,-999999,0,0,-999999,-999999,0,-999999,-999999,0.025,-999999,-999999,-999999,-999999,-999999,3.1;13.770,-999999,-999999,0.795,-999999,-999999,-999999,-999999,-999999,-999999,-999999,0,0,-999999,-999999,0,-999999,-999999,0.024,-999999,-999999,-999999,-999999,-999999,3.1;13.790,-999999,-999999,0.779,-999999,-999999,-999999,-999999,-999999,-999999,-999999,0,0,-999999,-999999,0,-999999,-999999,0.024,-999999,-999999,-999999,-999999,-999999,3.1;13.810,-999999,-999999,0.769,-999999,-999999,-999999,-999999,-999999,-999999,-999999,0,0,-999999,-999999,0,-999999,-999999,0.023,-999999,-999999,-999999,-999999,-999999,3.0;13.830,-999999,-999999,0.753,-999999,-999999,-999999,-999999,-999999,-999999,-999999,0,0,-999999,-999999,0,-999999,-999999,0.022,-999999,-999999,-999999,-999999,-999999,3.0;13.850,-999999,-999999,0.728,-999999,-999999,-999999,-999999,-999999,-999999,-999999,0,0,-999999,-999999,0,-999999,-999999,0.021,-999999,-999999,-999999,-999999,-999999,2.9;13.870,-999999,-999999,0.712,-999999,-999999,-999999,-999999,-999999,-999999,-999999,0,0,-999999,-999999,0,-999999,-999999,0.020,-999999,-999999,-999999,-999999,-999999,2.7;13.890,-999999,-999999,0.702,-999999,-999999,-999999,-999999,-999999,-999999,-999999,0,0,-999999,-999999,0,-999999,-999999,0.019,-999999,-999999,-999999,-999999,-999999,2.7;13.910,-999999,-999999,0.702,-999999,-999999,-999999,-999999,-999999,-999999,-999999,0,0,-999999,-999999,0,-999999,-999999,0.019,-999999,-999999,-999999,-999999,-999999,2.6;13.930,-999999,-999999,0.715,-999999,-999999,-999999,-999999,-999999,-999999,-999999,0,0,-999999,-999999,0,-999999,-999999,0.018,-999999,-999999,-999999,-999999,-999999,2.6;13.950,-999999,-999999,0.721,-999999,-999999,-999999,-999999,-999999,-999999,-999999,0,0,-999999,-999999,0,-999999,-999999,0.018,-999999,-999999,-999999,-999999,-999999,2.5;13.970,-999999,-999999,0.724,-999999,-999999,-999999,-999999,-999999,-999999,-999999,0,0,-999999,-999999,0,-999999,-999999,0.017,-999999,-999999,-999999,-999999,-999999,2.4;13.990,-999999,-999999,0.724,-999999,-999999,-999999,-999999,-999999,-999999,-999999,0,0,-999999,-999999,0,-999999,-999999,0.018,-999999,-999999,-999999,-999999,-999999,2.5;14.010,-999999,-999999,0.724,-999999,-999999,-999999,-999999,-999999,-999999,-999999,0,0,-999999,-999999,0,-999999,-999999,0.017,-999999,-999999,-999999,-999999,-999999,2.4;14.030,-999999,-999999,0.731,-999999,-999999,-999999,-999999,-999999,-999999,-999999,0,0,-999999,-999999,0,-999999,-999999,0.017,-999999,-999999,-999999,-999999,-999999,2.4;14.050,-999999,-999999,0.740,-999999,-999999,-999999,-999999,-999999,-999999,-999999,0,0,-999999,-999999,0,-999999,-999999,0.017,-999999,-999999,-999999,-999999,-999999,2.4;14.070,-999999,-999999,0.744,-999999,-999999,-999999,-999999,-999999,-999999,-999999,0,0,-999999,-999999,0,-999999,-999999,0.018,-999999,-999999,-999999,-999999,-999999,2.4;14.090,-999999,-999999,0.747,-999999,-999999,-999999,-999999,-999999,-999999,-999999,0,0,-999999,-999999,0,-999999,-999999,0.017,-999999,-999999,-999999,-999999,-999999,2.3;14.110,-999999,-999999,0.734,-999999,-999999,-999999,-999999,-999999,-999999,-999999,0,0,-999999,-999999,0,-999999,-999999,0.018,-999999,-999999,-999999,-999999,-999999,2.5;14.130,-999999,-999999,0.734,-999999,-999999,-999999,-999999,-999999,-999999,-999999,0,0,-999999,-999999,0,-999999,-999999,0.018,-999999,-999999,-999999,-999999,-999999,2.4;14.150,-999999,-999999,0.724,-999999,-999999,-999999,-999999,-999999,-999999,-999999,0,0,-999999,-999999,0,-999999,-999999,0.018,-999999,-999999,-999999,-999999,-999999,2.4;14.170,-999999,-999999,0.724,-999999,-999999,-999999,-999999,-999999,-999999,-999999,0,0,-999999,-999999,0,-999999,-999999,0.017,-999999,-999999,-999999,-999999,-999999,2.3;14.190,-999999,-999999,0.712,-999999,-999999,-999999,-999999,-999999,-999999,-999999,0,0,-999999,-999999,0,-999999,-999999,0.016,-999999,-999999,-999999,-999999,-999999,2.2;14.210,-999999,-999999,0.715,-999999,-999999,-999999,-999999,-999999,-999999,-999999,0,0,-999999,-999999,0,-999999,-999999,0.016,-999999,-999999,-999999,-999999,-999999,2.2;14.230,-999999,-999999,0.715,-999999,-999999,-999999,-999999,-999999,-999999,-999999,0,0,-999999,-999999,0,-999999,-999999,0.015,-999999,-999999,-999999,-999999,-999999,2.1;14.250,-999999,-999999,0.731,-999999,-999999,-999999,-999999,-999999,-999999,-999999,0,0,-999999,-999999,0,-999999,-999999,0.015,-999999,-999999,-999999,-999999,-999999,2.1;14.270,-999999,-999999,0.737,-999999,-999999,-999999,-999999,-999999,-999999,-999999,0,0,-999999,-999999,0,-999999,-999999,0.015,-999999,-999999,-999999,-999999,-999999,2.1;14.290,-999999,-999999,0.737,-999999,-999999,-999999,-999999,-999999,-999999,-999999,0,0,-999999,-999999,0,-999999,-999999,0.015,-999999,-999999,-999999,-999999,-999999,2.0;14.310,-999999,-999999,0.737,-999999,-999999,-999999,-999999,-999999,-999999,-999999,0,0,-999999,-999999,0,-999999,-999999,0.013,-999999,-999999,-999999,-999999,-999999,1.8;14.330,-999999,-999999,0.740,-999999,-999999,-999999,-999999,-999999,-999999,-999999,0,0,-999999,-999999,0,-999999,-999999,0.014,-999999,-999999,-999999,-999999,-999999,2.0;14.350,-999999,-999999,0.734,-999999,-999999,-999999,-999999,-999999,-999999,-999999,0,0,-999999,-999999,0,-999999,-999999,0.015,-999999,-999999,-999999,-999999,-999999,2.0;14.370,-999999,-999999,0.740,-999999,-999999,-999999,-999999,-999999,-999999,-999999,0,0,-999999,-999999,0,-999999,-999999,0.015,-999999,-999999,-999999,-999999,-999999,2.0;14.390,-999999,-999999,0.737,-999999,-999999,-999999,-999999,-999999,-999999,-999999,0,0,-999999,-999999,0,-999999,-999999,0.015,-999999,-999999,-999999,-999999,-999999,2.1;14.410,-999999,-999999,0.744,-999999,-999999,-999999,-999999,-999999,-999999,-999999,0,0,-999999,-999999,0,-999999,-999999,0.016,-999999,-999999,-999999,-999999,-999999,2.1;14.430,-999999,-999999,0.744,-999999,-999999,-999999,-999999,-999999,-999999,-999999,0,0,-999999,-999999,0,-999999,-999999,0.015,-999999,-999999,-999999,-999999,-999999,2.1;14.450,-999999,-999999,0.740,-999999,-999999,-999999,-999999,-999999,-999999,-999999,0,0,-999999,-999999,0,-999999,-999999,0.015,-999999,-999999,-999999,-999999,-999999,2.1;14.470,-999999,-999999,0.740,-999999,-999999,-999999,-999999,-999999,-999999,-999999,0,0,-999999,-999999,0,-999999,-999999,0.015,-999999,-999999,-999999,-999999,-999999,2.0;14.490,-999999,-999999,0.737,-999999,-999999,-999999,-999999,-999999,-999999,-999999,0,0,-999999,-999999,0,-999999,-999999,0.015,-999999,-999999,-999999,-999999,-999999,2.1;14.510,-999999,-999999,0.747,-999999,-999999,-999999,-999999,-999999,-999999,-999999,0,0,-999999,-999999,0,-999999,-999999,0.015,-999999,-999999,-999999,-999999,-999999,2.1;14.530,-999999,-999999,0.750,-999999,-999999,-999999,-999999,-999999,-999999,-999999,0,0,-999999,-999999,0,-999999,-999999,0.016,-999999,-999999,-999999,-999999,-999999,2.1;14.550,-999999,-999999,0.750,-999999,-999999,-999999,-999999,-999999,-999999,-999999,0,0,-999999,-999999,0,-999999,-999999,0.016,-999999,-999999,-999999,-999999,-999999,2.1;14.570,-999999,-999999,0.747,-999999,-999999,-999999,-999999,-999999,-999999,-999999,0,0,-999999,-999999,0,-999999,-999999,0.016,-999999,-999999,-999999,-999999,-999999,2.1;14.590,-999999,-999999,0.744,-999999,-999999,-999999,-999999,-999999,-999999,-999999,0,0,-999999,-999999,0,-999999,-999999,0.015,-999999,-999999,-999999,-999999,-999999,2.1;14.610,-999999,-999999,0.740,-999999,-999999,-999999,-999999,-999999,-999999,-999999,0,0,-999999,-999999,0,-999999,-999999,0.016,-999999,-999999,-999999,-999999,-999999,2.2;14.630,-999999,-999999,0.737,-999999,-999999,-999999,-999999,-999999,-999999,-999999,0,0,-999999,-999999,0,-999999,-999999,0.016,-999999,-999999,-999999,-999999,-999999,2.2;14.650,-999999,-999999,0.734,-999999,-999999,-999999,-999999,-999999,-999999,-999999,0,0,-999999,-999999,0,-999999,-999999,0.016,-999999,-999999,-999999,-999999,-999999,2.1;14.670,-999999,-999999,0.731,-999999,-999999,-999999,-999999,-999999,-999999,-999999,0,0,-999999,-999999,0,-999999,-999999,0.015,-999999,-999999,-999999,-999999,-999999,2.1;14.690,-999999,-999999,0.724,-999999,-999999,-999999,-999999,-999999,-999999,-999999,0,0,-999999,-999999,0,-999999,-999999,0.016,-999999,-999999,-999999,-999999,-999999,2.2;14.710,-999999,-999999,0.724,-999999,-999999,-999999,-999999,-999999,-999999,-999999,0,0,-999999,-999999,0,-999999,-999999,0.016,-999999,-999999,-999999,-999999,-999999,2.2;14.730,-999999,-999999,0.728,-999999,-999999,-999999,-999999,-999999,-999999,-999999,0,0,-999999,-999999,0,-999999,-999999,0.015,-999999,-999999,-999999,-999999,-999999,2.1;14.750,-999999,-999999,0.731,-999999,-999999,-999999,-999999,-999999,-999999,-999999,0,0,-999999,-999999,0,-999999,-999999,0.015,-999999,-999999,-999999,-999999,-999999,2.0;14.770,-999999,-999999,0.728,-999999,-999999,-999999,-999999,-999999,-999999,-999999,0,0,-999999,-999999,0,-999999,-999999,0.014,-999999,-999999,-999999,-999999,-999999,2.0;14.790,-999999,-999999,0.728,-999999,-999999,-999999,-999999,-999999,-999999,-999999,0,0,-999999,-999999,0,-999999,-999999,0.014,-999999,-999999,-999999,-999999,-999999,2.0;14.810,-999999,-999999,0.724,-999999,-999999,-999999,-999999,-999999,-999999,-999999,0,0,-999999,-999999,0,-999999,-999999,0.015,-999999,-999999,-999999,-999999,-999999,2.0;14.830,-999999,-999999,0.724,-999999,-999999,-999999,-999999,-999999,-999999,-999999,0,0,-999999,-999999,0,-999999,-999999,0.014,-999999,-999999,-999999,-999999,-999999,1.9;14.850,-999999,-999999,0.731,-999999,-999999,-999999,-999999,-999999,-999999,-999999,0,0,-999999,-999999,0,-999999,-999999,0.014,-999999,-999999,-999999,-999999,-999999,1.9;14.870,-999999,-999999,0.731,-999999,-999999,-999999,-999999,-999999,-999999,-999999,0,0,-999999,-999999,0,-999999,-999999,0.014,-999999,-999999,-999999,-999999,-999999,1.9;14.890,-999999,-999999,0.728,-999999,-999999,-999999,-999999,-999999,-999999,-999999,0,0,-999999,-999999,0,-999999,-999999,0.014,-999999,-999999,-999999,-999999,-999999,1.9;14.910,-999999,-999999,0.737,-999999,-999999,-999999,-999999,-999999,-999999,-999999,0,0,-999999,-999999,0,-999999,-999999,0.014,-999999,-999999,-999999,-999999,-999999,1.9;14.930,-999999,-999999,0.737,-999999,-999999,-999999,-999999,-999999,-999999,-999999,0,0,-999999,-999999,0,-999999,-999999,0.014,-999999,-999999,-999999,-999999,-999999,1.9;14.950,-999999,-999999,0.737,-999999,-999999,-999999,-999999,-999999,-999999,-999999,0,0,-999999,-999999,0,-999999,-999999,0.015,-999999,-999999,-999999,-999999,-999999,2.0;14.970,-999999,-999999,0.737,-999999,-999999,-999999,-999999,-999999,-999999,-999999,0,0,-999999,-999999,0,-999999,-999999,0.014,-999999,-999999,-999999,-999999,-999999,2.0;14.990,-999999,-999999,0.737,-999999,-999999,-999999,-999999,-999999,-999999,-999999,0,0,-999999,-999999,0,-999999,-999999,0.015,-999999,-999999,-999999,-999999,-999999,2.0;15.010,-999999,-999999,0.737,-999999,-999999,-999999,-999999,-999999,-999999,-999999,0,0,-999999,-999999,0,-999999,-999999,0.015,-999999,-999999,-999999,-999999,-999999,2.0;15.030,-999999,-999999,0.737,-999999,-999999,-999999,-999999,-999999,-999999,-999999,0,0,-999999,-999999,0,-999999,-999999,0.015,-999999,-999999,-999999,-999999,-999999,2.0;15.050,-999999,-999999,0.740,-999999,-999999,-999999,-999999,-999999,-999999,-999999,0,0,-999999,-999999,0,-999999,-999999,0.015,-999999,-999999,-999999,-999999,-999999,2.0;15.070,-999999,-999999,0.731,-999999,-999999,-999999,-999999,-999999,-999999,-999999,0,0,-999999,-999999,0,-999999,-999999,0.015,-999999,-999999,-999999,-999999,-999999,2.0;15.090,-999999,-999999,0.734,-999999,-999999,-999999,-999999,-999999,-999999,-999999,0,0,-999999,-999999,0,-999999,-999999,0.015,-999999,-999999,-999999,-999999,-999999,2.0;15.110,-999999,-999999,0.734,-999999,-999999,-999999,-999999,-999999,-999999,-999999,0,0,-999999,-999999,0,-999999,-999999,0.015,-999999,-999999,-999999,-999999,-999999,2.1;15.130,-999999,-999999,0.747,-999999,-999999,-999999,-999999,-999999,-999999,-999999,0,0,-999999,-999999,0,-999999,-999999,0.015,-999999,-999999,-999999,-999999,-999999,2.1;15.150,-999999,-999999,0.747,-999999,-999999,-999999,-999999,-999999,-999999,-999999,0,0,-999999,-999999,0,-999999,-999999,0.015,-999999,-999999,-999999,-999999,-999999,2.0;15.170,-999999,-999999,0.740,-999999,-999999,-999999,-999999,-999999,-999999,-999999,0,0,-999999,-999999,0,-999999,-999999,0.014,-999999,-999999,-999999,-999999,-999999,1.9;15.190,-999999,-999999,0.734,-999999,-999999,-999999,-999999,-999999,-999999,-999999,0,0,-999999,-999999,0,-999999,-999999,0.014,-999999,-999999,-999999,-999999,-999999,1.9;15.210,-999999,-999999,0.731,-999999,-999999,-999999,-999999,-999999,-999999,-999999,0,0,-999999,-999999,0,-999999,-999999,0.014,-999999,-999999,-999999,-999999,-999999,1.9;15.230,-999999,-999999,0.737,-999999,-999999,-999999,-999999,-999999,-999999,-999999,0,0,-999999,-999999,0,-999999,-999999,0.014,-999999,-999999,-999999,-999999,-999999,1.9;15.250,-999999,-999999,0.744,-999999,-999999,-999999,-999999,-999999,-999999,-999999,0,0,-999999,-999999,0,-999999,-999999,0.014,-999999,-999999,-999999,-999999,-999999,1.9;15.270,-999999,-999999,0.747,-999999,-999999,-999999,-999999,-999999,-999999,-999999,0,0,-999999,-999999,0,-999999,-999999,0.014,-999999,-999999,-999999,-999999,-999999,1.8;15.290,-999999,-999999,0.750,-999999,-999999,-999999,-999999,-999999,-999999,-999999,0,0,-999999,-999999,0,-999999,-999999,0.014,-999999,-999999,-999999,-999999,-999999,1.8;15.310,-999999,-999999,0.756,-999999,-999999,-999999,-999999,-999999,-999999,-999999,0,0,-999999,-999999,0,-999999,-999999,0.014,-999999,-999999,-999999,-999999,-999999,1.9;15.330,-999999,-999999,0.756,-999999,-999999,-999999,-999999,-999999,-999999,-999999,0,0,-999999,-999999,0,-999999,-999999,0.014,-999999,-999999,-999999,-999999,-999999,1.9;15.350,-999999,-999999,0.760,-999999,-999999,-999999,-999999,-999999,-999999,-999999,0,0,-999999,-999999,0,-999999,-999999,0.014,-999999,-999999,-999999,-999999,-999999,1.9;15.370,-999999,-999999,0.753,-999999,-999999,-999999,-999999,-999999,-999999,-999999,0,0,-999999,-999999,0,-999999,-999999,0.014,-999999,-999999,-999999,-999999,-999999,1.9;15.390,-999999,-999999,0.750,-999999,-999999,-999999,-999999,-999999,-999999,-999999,0,0,-999999,-999999,0,-999999,-999999,0.014,-999999,-999999,-999999,-999999,-999999,1.9;15.410,-999999,-999999,0.753,-999999,-999999,-999999,-999999,-999999,-999999,-999999,0,0,-999999,-999999,0,-999999,-999999,0.014,-999999,-999999,-999999,-999999,-999999,1.9;15.430,-999999,-999999,0.760,-999999,-999999,-999999,-999999,-999999,-999999,-999999,0,0,-999999,-999999,0,-999999,-999999,0.014,-999999,-999999,-999999,-999999,-999999,1.9;15.450,-999999,-999999,0.766,-999999,-999999,-999999,-999999,-999999,-999999,-999999,0,0,-999999,-999999,0,-999999,-999999,0.014,-999999,-999999,-999999,-999999,-999999,1.9;15.470,-999999,-999999,0.763,-999999,-999999,-999999,-999999,-999999,-999999,-999999,0,0,-999999,-999999,0,-999999,-999999,0.014,-999999,-999999,-999999,-999999,-999999,1.9;15.490,-999999,-999999,0.766,-999999,-999999,-999999,-999999,-999999,-999999,-999999,0,0,-999999,-999999,0,-999999,-999999,0.015,-999999,-999999,-999999,-999999,-999999,1.9;15.510,-999999,-999999,0.763,-999999,-999999,-999999,-999999,-999999,-999999,-999999,0,0,-999999,-999999,0,-999999,-999999,0.014,-999999,-999999,-999999,-999999,-999999,1.9;15.530,-999999,-999999,0.769,-999999,-999999,-999999,-999999,-999999,-999999,-999999,0,0,-999999,-999999,0,-999999,-999999,0.014,-999999,-999999,-999999,-999999,-999999,1.9;15.550,-999999,-999999,0.769,-999999,-999999,-999999,-999999,-999999,-999999,-999999,0,0,-999999,-999999,0,-999999,-999999,0.014,-999999,-999999,-999999,-999999,-999999,1.9;15.570,-999999,-999999,0.766,-999999,-999999,-999999,-999999,-999999,-999999,-999999,0,0,-999999,-999999,0,-999999,-999999,0.015,-999999,-999999,-999999,-999999,-999999,2.0;15.590,-999999,-999999,0.769,-999999,-999999,-999999,-999999,-999999,-999999,-999999,0,0,-999999,-999999,0,-999999,-999999,0.015,-999999,-999999,-999999,-999999,-999999,2.0;15.610,-999999,-999999,0.773,-999999,-999999,-999999,-999999,-999999,-999999,-999999,0,0,-999999,-999999,0,-999999,-999999,0.015,-999999,-999999,-999999,-999999,-999999,1.9;15.630,-999999,-999999,0.769,-999999,-999999,-999999,-999999,-999999,-999999,-999999,0,0,-999999,-999999,0,-999999,-999999,0.015,-999999,-999999,-999999,-999999,-999999,2.0;15.650,-999999,-999999,0.766,-999999,-999999,-999999,-999999,-999999,-999999,-999999,0,0,-999999,-999999,0,-999999,-999999,0.014,-999999,-999999,-999999,-999999,-999999,1.9;15.670,-999999,-999999,0.766,-999999,-999999,-999999,-999999,-999999,-999999,-999999,0,0,-999999,-999999,0,-999999,-999999,0.015,-999999,-999999,-999999,-999999,-999999,1.9;15.690,-999999,-999999,0.769,-999999,-999999,-999999,-999999,-999999,-999999,-999999,0,0,-999999,-999999,0,-999999,-999999,0.015,-999999,-999999,-999999,-999999,-999999,2.0;15.710,-999999,-999999,0.769,-999999,-999999,-999999,-999999,-999999,-999999,-999999,0,0,-999999,-999999,0,-999999,-999999,0.015,-999999,-999999,-999999,-999999,-999999,1.9;15.730,-999999,-999999,0.769,-999999,-999999,-999999,-999999,-999999,-999999,-999999,0,0,-999999,-999999,0,-999999,-999999,0.015,-999999,-999999,-999999,-999999,-999999,1.9;15.750,-999999,-999999,0.763,-999999,-999999,-999999,-999999,-999999,-999999,-999999,0,0,-999999,-999999,0,-999999,-999999,0.014,-999999,-999999,-999999,-999999,-999999,1.9;15.770,-999999,-999999,0.760,-999999,-999999,-999999,-999999,-999999,-999999,-999999,0,0,-999999,-999999,0,-999999,-999999,0.014,-999999,-999999,-999999,-999999,-999999,1.9;15.790,-999999,-999999,0.760,-999999,-999999,-999999,-999999,-999999,-999999,-999999,0,0,-999999,-999999,0,-999999,-999999,0.014,-999999,-999999,-999999,-999999,-999999,1.9;15.810,-999999,-999999,0.769,-999999,-999999,-999999,-999999,-999999,-999999,-999999,0,0,-999999,-999999,0,-999999,-999999,0.015,-999999,-999999,-999999,-999999,-999999,2.0;15.830,-999999,-999999,0.769,-999999,-999999,-999999,-999999,-999999,-999999,-999999,0,0,-999999,-999999,0,-999999,-999999,0.015,-999999,-999999,-999999,-999999,-999999,2.0;15.850,-999999,-999999,0.773,-999999,-999999,-999999,-999999,-999999,-999999,-999999,0,0,-999999,-999999,0,-999999,-999999,0.015,-999999,-999999,-999999,-999999,-999999,2.0;15.870,-999999,-999999,0.773,-999999,-999999,-999999,-999999,-999999,-999999,-999999,0,0,-999999,-999999,0,-999999,-999999,0.016,-999999,-999999,-999999,-999999,-999999,2.0;15.890,-999999,-999999,0.766,-999999,-999999,-999999,-999999,-999999,-999999,-999999,0,0,-999999,-999999,0,-999999,-999999,0.016,-999999,-999999,-999999,-999999,-999999,2.0;15.910,-999999,-999999,0.763,-999999,-999999,-999999,-999999,-999999,-999999,-999999,0,0,-999999,-999999,0,-999999,-999999,0.016,-999999,-999999,-999999,-999999,-999999,2.1;15.930,-999999,-999999,0.769,-999999,-999999,-999999,-999999,-999999,-999999,-999999,0,0,-999999,-999999,0,-999999,-999999,0.016,-999999,-999999,-999999,-999999,-999999,2.1;15.950,-999999,-999999,0.769,-999999,-999999,-999999,-999999,-999999,-999999,-999999,0,0,-999999,-999999,0,-999999,-999999,0.016,-999999,-999999,-999999,-999999,-999999,2.1;15.970,-999999,-999999,0.773,-999999,-999999,-999999,-999999,-999999,-999999,-999999,0,0,-999999,-999999,0,-999999,-999999,0.016,-999999,-999999,-999999,-999999,-999999,2.1;15.990,-999999,-999999,0.773,-999999,-999999,-999999,-999999,-999999,-999999,-999999,0,0,-999999,-999999,0,-999999,-999999,0.016,-999999,-999999,-999999,-999999,-999999,2.1;16.010,-999999,-999999,0.769,-999999,-999999,-999999,-999999,-999999,-999999,-999999,0,0,-999999,-999999,0,-999999,-999999,0.016,-999999,-999999,-999999,-999999,-999999,2.1;16.030,-999999,-999999,0.773,-999999,-999999,-999999,-999999,-999999,-999999,-999999,0,0,-999999,-999999,0,-999999,-999999,0.016,-999999,-999999,-999999,-999999,-999999,2.1;16.050,-999999,-999999,0.779,-999999,-999999,-999999,-999999,-999999,-999999,-999999,0,0,-999999,-999999,0,-999999,-999999,0.016,-999999,-999999,-999999,-999999,-999999,2.1;16.070,-999999,-999999,0.782,-999999,-999999,-999999,-999999,-999999,-999999,-999999,0,0,-999999,-999999,0,-999999,-999999,0.016,-999999,-999999,-999999,-999999,-999999,2.0;16.090,-999999,-999999,0.785,-999999,-999999,-999999,-999999,-999999,-999999,-999999,0,0,-999999,-999999,0,-999999,-999999,0.015,-999999,-999999,-999999,-999999,-999999,1.9;16.110,-999999,-999999,0.808,-999999,-999999,-999999,-999999,-999999,-999999,-999999,0,0,-999999,-999999,0,-999999,-999999,0.016,-999999,-999999,-999999,-999999,-999999,1.9;16.130,-999999,-999999,0.840,-999999,-999999,-999999,-999999,-999999,-999999,-999999,0,0,-999999,-999999,0,-999999,-999999,0.017,-999999,-999999,-999999,-999999,-999999,2.0;16.150,-999999,-999999,0.875,-999999,-999999,-999999,-999999,-999999,-999999,-999999,0,0,-999999,-999999,0,-999999,-999999,0.018,-999999,-999999,-999999,-999999,-999999,2.1;16.170,-999999,-999999,0.910,-999999,-999999,-999999,-999999,-999999,-999999,-999999,0,0,-999999,-999999,0,-999999,-999999,0.019,-999999,-999999,-999999,-999999,-999999,2.2;16.190,-999999,-999999,0.927,-999999,-999999,-999999,-999999,-999999,-999999,-999999,0,0,-999999,-999999,0,-999999,-999999,0.022,-999999,-999999,-999999,-999999,-999999,2.4;16.210,-999999,-999999,0.949,-999999,-999999,-999999,-999999,-999999,-999999,-999999,0,0,-999999,-999999,0,-999999,-999999,0.024,-999999,-999999,-999999,-999999,-999999,2.6;16.230,-999999,-999999,0.949,-999999,-999999,-999999,-999999,-999999,-999999,-999999,0,0,-999999,-999999,0,-999999,-999999,0.026,-999999,-999999,-999999,-999999,-999999,2.7;16.250,-999999,-999999,0.991,-999999,-999999,-999999,-999999,-999999,-999999,-999999,0,0,-999999,-999999,0,-999999,-999999,0.028,-999999,-999999,-999999,-999999,-999999,2.8;16.270,-999999,-999999,1.020,-999999,-999999,-999999,-999999,-999999,-999999,-999999,0,0,-999999,-999999,0,-999999,-999999,0.030,-999999,-999999,-999999,-999999,-999999,2.9;16.290,-999999,-999999,1.055,-999999,-999999,-999999,-999999,-999999,-999999,-999999,0,0,-999999,-999999,0,-999999,-999999,0.033,-999999,-999999,-999999,-999999,-999999,3.1;16.310,-999999,-999999,1.087,-999999,-999999,-999999,-999999,-999999,-999999,-999999,0,0,-999999,-999999,0,-999999,-999999,0.035,-999999,-999999,-999999,-999999,-999999,3.3;16.330,-999999,-999999,1.106,-999999,-999999,-999999,-999999,-999999,-999999,-999999,0,0,-999999,-999999,0,-999999,-999999,0.037,-999999,-999999,-999999,-999999,-999999,3.4;16.350,-999999,-999999,1.125,-999999,-999999,-999999,-999999,-999999,-999999,-999999,0,0,-999999,-999999,0,-999999,-999999,0.040,-999999,-999999,-999999,-999999,-999999,3.6;16.370,-999999,-999999,1.119,-999999,-999999,-999999,-999999,-999999,-999999,-999999,0,0,-999999,-999999,0,-999999,-999999,0.041,-999999,-999999,-999999,-999999,-999999,3.7;16.390,-999999,-999999,1.122,-999999,-999999,-999999,-999999,-999999,-999999,-999999,0,0,-999999,-999999,0,-999999,-999999,0.043,-999999,-999999,-999999,-999999,-999999,3.8;16.410,-999999,-999999,1.087,-999999,-999999,-999999,-999999,-999999,-999999,-999999,0,0,-999999,-999999,0,-999999,-999999,0.042,-999999,-999999,-999999,-999999,-999999,3.8;16.430,-999999,-999999,1.080,-999999,-999999,-999999,-999999,-999999,-999999,-999999,0,0,-999999,-999999,0,-999999,-999999,0.042,-999999,-999999,-999999,-999999,-999999,3.7;16.450,-999999,-999999,1.103,-999999,-999999,-999999,-999999,-999999,-999999,-999999,0,0,-999999,-999999,0,-999999,-999999,0.044,-999999,-999999,-999999,-999999,-999999,3.8;16.470,-999999,-999999,1.145,-999999,-999999,-999999,-999999,-999999,-999999,-999999,0,0,-999999,-999999,0,-999999,-999999,0.046,-999999,-999999,-999999,-999999,-999999,4.0;16.490,-999999,-999999,1.215,-999999,-999999,-999999,-999999,-999999,-999999,-999999,0,0,-999999,-999999,0,-999999,-999999,0.048,-999999,-999999,-999999,-999999,-999999,4.0;16.510,-999999,-999999,1.270,-999999,-999999,-999999,-999999,-999999,-999999,-999999,0,0,-999999,-999999,0,-999999,-999999,0.050,-999999,-999999,-999999,-999999,-999999,4.0;16.530,-999999,-999999,1.283,-999999,-999999,-999999,-999999,-999999,-999999,-999999,0,0,-999999,-999999,0,-999999,-999999,0.053,-999999,-999999,-999999,-999999,-999999,4.2;16.550,-999999,-999999,1.292,-999999,-999999,-999999,-999999,-999999,-999999,-999999,0,0,-999999,-999999,0,-999999,-999999,0.058,-999999,-999999,-999999,-999999,-999999,4.5;16.570,-999999,-999999,1.308,-999999,-999999,-999999,-999999,-999999,-999999,-999999,0,0,-999999,-999999,0,-999999,-999999,0.065,-999999,-999999,-999999,-999999,-999999,5.0;16.590,-999999,-999999,1.350,-999999,-999999,-999999,-999999,-999999,-999999,-999999,0,0,-999999,-999999,0,-999999,-999999,0.070,-999999,-999999,-999999,-999999,-999999,5.3;16.610,-999999,-999999,1.347,-999999,-999999,-999999,-999999,-999999,-999999,-999999,0,0,-999999,-999999,0,-999999,-999999,0.073,-999999,-999999,-999999,-999999,-999999,5.6;16.630,-999999,-999999,1.311,-999999,-999999,-999999,-999999,-999999,-999999,-999999,0,0,-999999,-999999,0,-999999,-999999,0.075,-999999,-999999,-999999,-999999,-999999,5.9;16.650,-999999,-999999,1.241,-999999,-999999,-999999,-999999,-999999,-999999,-999999,0,0,-999999,-999999,0,-999999,-999999,0.077,-999999,-999999,-999999,-999999,-999999,6.2;16.670,-999999,-999999,1.183,-999999,-999999,-999999,-999999,-999999,-999999,-999999,0,0,-999999,-999999,0,-999999,-999999,0.075,-999999,-999999,-999999,-999999,-999999,6.2;16.690,-999999,-999999,1.154,-999999,-999999,-999999,-999999,-999999,-999999,-999999,0,0,-999999,-999999,0,-999999,-999999,0.071,-999999,-999999,-999999,-999999,-999999,6.1;16.710,-999999,-999999,1.122,-999999,-999999,-999999,-999999,-999999,-999999,-999999,0,0,-999999,-999999,0,-999999,-999999,0.068,-999999,-999999,-999999,-999999,-999999,6.0;16.730,-999999,-999999,1.084,-999999,-999999,-999999,-999999,-999999,-999999,-999999,0,0,-999999,-999999,0,-999999,-999999,0.061,-999999,-999999,-999999,-999999,-999999,5.6;16.750,-999999,-999999,1.045,-999999,-999999,-999999,-999999,-999999,-999999,-999999,0,0,-999999,-999999,0,-999999,-999999,0.054,-999999,-999999,-999999,-999999,-999999,5.0;16.770,-999999,-999999,1.039,-999999,-999999,-999999,-999999,-999999,-999999,-999999,0,0,-999999,-999999,0,-999999,-999999,0.052,-999999,-999999,-999999,-999999,-999999,4.9;16.790,-999999,-999999,1.048,-999999,-999999,-999999,-999999,-999999,-999999,-999999,0,0,-999999,-999999,0,-999999,-999999,0.050,-999999,-999999,-999999,-999999,-999999,4.7;16.810,-999999,-999999,1.080,-999999,-999999,-999999,-999999,-999999,-999999,-999999,0,0,-999999,-999999,0,-999999,-999999,0.046,-999999,-999999,-999999,-999999,-999999,4.3;16.830,-999999,-999999,1.097,-999999,-999999,-999999,-999999,-999999,-999999,-999999,0,0,-999999,-999999,0,-999999,-999999,0.045,-999999,-999999,-999999,-999999,-999999,4.2;16.850,-999999,-999999,1.109,-999999,-999999,-999999,-999999,-999999,-999999,-999999,0,0,-999999,-999999,0,-999999,-999999,0.044,-999999,-999999,-999999,-999999,-999999,4.1;16.870,-999999,-999999,1.103,-999999,-999999,-999999,-999999,-999999,-999999,-999999,0,0,-999999,-999999,0,-999999,-999999,0.048,-999999,-999999,-999999,-999999,-999999,4.4;16.890,-999999,-999999,1.045,-999999,-999999,-999999,-999999,-999999,-999999,-999999,0,0,-999999,-999999,0,-999999,-999999,0.047,-999999,-999999,-999999,-999999,-999999,4.4;16.910,-999999,-999999,1.080,-999999,-999999,-999999,-999999,-999999,-999999,-999999,0,0,-999999,-999999,0,-999999,-999999,0.047,-999999,-999999,-999999,-999999,-999999,4.4;16.930,-999999,-999999,1.052,-999999,-999999,-999999,-999999,-999999,-999999,-999999,0,0,-999999,-999999,0,-999999,-999999,0.044,-999999,-999999,-999999,-999999,-999999,4.2;16.950,-999999,-999999,0.991,-999999,-999999,-999999,-999999,-999999,-999999,-999999,0,0,-999999,-999999,0,-999999,-999999,0.041,-999999,-999999,-999999,-999999,-999999,4.0;16.970,-999999,-999999,0.978,-999999,-999999,-999999,-999999,-999999,-999999,-999999,0,0,-999999,-999999,0,-999999,-999999,0.040,-999999,-999999,-999999,-999999,-999999,4.0;16.990,-999999,-999999,0.955,-999999,-999999,-999999,-999999,-999999,-999999,-999999,0,0,-999999,-999999,0,-999999,-999999,0.039,-999999,-999999,-999999,-999999,-999999,4.0;17.010,-999999,-999999,0.946,-999999,-999999,-999999,-999999,-999999,-999999,-999999,0,0,-999999,-999999,0,-999999,-999999,0.037,-999999,-999999,-999999,-999999,-999999,3.9;17.030,-999999,-999999,0.923,-999999,-999999,-999999,-999999,-999999,-999999,-999999,0,0,-999999,-999999,0,-999999,-999999,0.035,-999999,-999999,-999999,-999999,-999999,3.9;17.050,-999999,-999999,0.882,-999999,-999999,-999999,-999999,-999999,-999999,-999999,0,0,-999999,-999999,0,-999999,-999999,0.033,-999999,-999999,-999999,-999999,-999999,3.7;17.070,-999999,-999999,0.859,-999999,-999999,-999999,-999999,-999999,-999999,-999999,0,0,-999999,-999999,0,-999999,-999999,0.031,-999999,-999999,-999999,-999999,-999999,3.6;17.090,-999999,-999999,0.850,-999999,-999999,-999999,-999999,-999999,-999999,-999999,0,0,-999999,-999999,0,-999999,-999999,0.029,-999999,-999999,-999999,-999999,-999999,3.5;17.110,-999999,-999999,0.817,-999999,-999999,-999999,-999999,-999999,-999999,-999999,0,0,-999999,-999999,0,-999999,-999999,0.029,-999999,-999999,-999999,-999999,-999999,3.5;17.130,-999999,-999999,0.805,-999999,-999999,-999999,-999999,-999999,-999999,-999999,0,0,-999999,-999999,0,-999999,-999999,0.029,-999999,-999999,-999999,-999999,-999999,3.5;17.150,-999999,-999999,0.805,-999999,-999999,-999999,-999999,-999999,-999999,-999999,0,0,-999999,-999999,0,-999999,-999999,0.027,-999999,-999999,-999999,-999999,-999999,3.4;17.170,-999999,-999999,0.814,-999999,-999999,-999999,-999999,-999999,-999999,-999999,0,0,-999999,-999999,0,-999999,-999999,0.026,-999999,-999999,-999999,-999999,-999999,3.2;17.190,-999999,-999999,0.814,-999999,-999999,-999999,-999999,-999999,-999999,-999999,0,0,-999999,-999999,0,-999999,-999999,0.025,-999999,-999999,-999999,-999999,-999999,3.1;17.210,-999999,-999999,0.798,-999999,-999999,-999999,-999999,-999999,-999999,-999999,0,0,-999999,-999999,0,-999999,-999999,0.025,-999999,-999999,-999999,-999999,-999999,3.1;17.230,-999999,-999999,0.798,-999999,-999999,-999999,-999999,-999999,-999999,-999999,0,0,-999999,-999999,0,-999999,-999999,0.024,-999999,-999999,-999999,-999999,-999999,3.0;17.250,-999999,-999999,0.798,-999999,-999999,-999999,-999999,-999999,-999999,-999999,0,0,-999999,-999999,0,-999999,-999999,0.023,-999999,-999999,-999999,-999999,-999999,2.9;17.270,-999999,-999999,0.795,-999999,-999999,-999999,-999999,-999999,-999999,-999999,0,0,-999999,-999999,0,-999999,-999999,0.023,-999999,-999999,-999999,-999999,-999999,2.9;17.290,-999999,-999999,0.789,-999999,-999999,-999999,-999999,-999999,-999999,-999999,0,0,-999999,-999999,0,-999999,-999999,0.023,-999999,-999999,-999999,-999999,-999999,2.9;17.310,-999999,-999999,0.808,-999999,-999999,-999999,-999999,-999999,-999999,-999999,0,0,-999999,-999999,0,-999999,-999999,0.023,-999999,-999999,-999999,-999999,-999999,2.8;17.330,-999999,-999999,0.827,-999999,-999999,-999999,-999999,-999999,-999999,-999999,0,0,-999999,-999999,0,-999999,-999999,0.023,-999999,-999999,-999999,-999999,-999999,2.8;17.350,-999999,-999999,0.853,-999999,-999999,-999999,-999999,-999999,-999999,-999999,0,0,-999999,-999999,0,-999999,-999999,0.022,-999999,-999999,-999999,-999999,-999999,2.6;17.370,-999999,-999999,0.901,-999999,-999999,-999999,-999999,-999999,-999999,-999999,0,0,-999999,-999999,0,-999999,-999999,0.022,-999999,-999999,-999999,-999999,-999999,2.5;17.390,-999999,-999999,0.914,-999999,-999999,-999999,-999999,-999999,-999999,-999999,0,0,-999999,-999999,0,-999999,-999999,0.024,-999999,-999999,-999999,-999999,-999999,2.7;17.410,-999999,-999999,0.904,-999999,-999999,-999999,-999999,-999999,-999999,-999999,0,0,-999999,-999999,0,-999999,-999999,0.026,-999999,-999999,-999999,-999999,-999999,2.9;17.430,-999999,-999999,0.907,-999999,-999999,-999999,-999999,-999999,-999999,-999999,0,0,-999999,-999999,1,-999999,-999999,0.026,-999999,-999999,-999999,-999999,-999999,2.9;17.450,-999999,-999999,0.907,-999999,-999999,-999999,-999999,-999999,-999999,-999999,0,0,-999999,-999999,0,-999999,-999999,0.025,-999999,-999999,-999999,-999999,-999999,2.8;17.470,-999999,-999999,0.898,-999999,-999999,-999999,-999999,-999999,-999999,-999999,0,0,-999999,-999999,0,-999999,-999999,0.026,-999999,-999999,-999999,-999999,-999999,2.9;17.490,-999999,-999999,0.891,-999999,-999999,-999999,-999999,-999999,-999999,-999999,0,0,-999999,-999999,0,-999999,-999999,0.027,-999999,-999999,-999999,-999999,-999999,3.0;17.510,-999999,-999999,0.885,-999999,-999999,-999999,-999999,-999999,-999999,-999999,0,0,-999999,-999999,0,-999999,-999999,0.027,-999999,-999999,-999999,-999999,-999999,3.0;17.530,-999999,-999999,0.885,-999999,-999999,-999999,-999999,-999999,-999999,-999999,0,0,-999999,-999999,0,-999999,-999999,0.026,-999999,-999999,-999999,-999999,-999999,2.9;17.550,-999999,-999999,0.885,-999999,-999999,-999999,-999999,-999999,-999999,-999999,0,0,-999999,-999999,1,-999999,-999999,0.025,-999999,-999999,-999999,-999999,-999999,2.8;17.570,-999999,-999999,0.901,-999999,-999999,-999999,-999999,-999999,-999999,-999999,0,0,-999999,-999999,1,-999999,-999999,0.025,-999999,-999999,-999999,-999999,-999999,2.7;17.590,-999999,-999999,0.930,-999999,-999999,-999999,-999999,-999999,-999999,-999999,0,0,-999999,-999999,0,-999999,-999999,0.026,-999999,-999999,-999999,-999999,-999999,2.7;17.610,-999999,-999999,0.975,-999999,-999999,-999999,-999999,-999999,-999999,-999999,0,0,-999999,-999999,0,-999999,-999999,0.026,-999999,-999999,-999999,-999999,-999999,2.6;17.630,-999999,-999999,1.048,-999999,-999999,-999999,-999999,-999999,-999999,-999999,0,0,-999999,-999999,0,-999999,-999999,0.027,-999999,-999999,-999999,-999999,-999999,2.6;17.650,-999999,-999999,1.113,-999999,-999999,-999999,-999999,-999999,-999999,-999999,0,0,-999999,-999999,0,-999999,-999999,0.030,-999999,-999999,-999999,-999999,-999999,2.7;17.670,-999999,-999999,1.173,-999999,-999999,-999999,-999999,-999999,-999999,-999999,0,1,-999999,-999999,1,-999999,-999999,0.033,-999999,-999999,-999999,-999999,-999999,2.9;17.690,-999999,-999999,1.209,-999999,-999999,-999999,-999999,-999999,-999999,-999999,0,0,-999999,-999999,1,-999999,-999999,0.037,-999999,-999999,-999999,-999999,-999999,3.2;17.710,-999999,-999999,1.231,-999999,-999999,-999999,-999999,-999999,-999999,-999999,0,0,-999999,-999999,0,-999999,-999999,0.041,-999999,-999999,-999999,-999999,-999999,3.4;17.730,-999999,-999999,1.222,-999999,-999999,-999999,-999999,-999999,-999999,-999999,0,0,-999999,-999999,1,-999999,-999999,0.044,-999999,-999999,-999999,-999999,-999999,3.6;17.750,-999999,-999999,1.215,-999999,-999999,-999999,-999999,-999999,-999999,-999999,0,0,-999999,-999999,0,-999999,-999999,0.050,-999999,-999999,-999999,-999999,-999999,4.0;17.770,-999999,-999999,1.228,-999999,-999999,-999999,-999999,-999999,-999999,-999999,0,0,-999999,-999999,0,-999999,-999999,0.057,-999999,-999999,-999999,-999999,-999999,4.5;17.790,-999999,-999999,1.267,-999999,-999999,-999999,-999999,-999999,-999999,-999999,0,1,-999999,-999999,1,-999999,-999999,0.059,-999999,-999999,-999999,-999999,-999999,4.7;17.810,-999999,-999999,1.302,-999999,-999999,-999999,-999999,-999999,-999999,-999999,0,0,-999999,-999999,1,-999999,-999999,0.055,-999999,-999999,-999999,-999999,-999999,4.3;17.830,-999999,-999999,1.318,-999999,-999999,-999999,-999999,-999999,-999999,-999999,0,1,-999999,-999999,1,-999999,-999999,0.066,-999999,-999999,-999999,-999999,-999999,5.1;17.850,-999999,-999999,1.292,-999999,-999999,-999999,-999999,-999999,-999999,-999999,0,1,-999999,-999999,1,-999999,-999999,0.068,-999999,-999999,-999999,-999999,-999999,5.3;17.870,-999999,-999999,1.286,-999999,-999999,-999999,-999999,-999999,-999999,-999999,0,1,-999999,-999999,1,-999999,-999999,0.067,-999999,-999999,-999999,-999999,-999999,5.2;17.890,-999999,-999999,1.286,-999999,-999999,-999999,-999999,-999999,-999999,-999999,0,1,-999999,-999999,1,-999999,-999999,0.068,-999999,-999999,-999999,-999999,-999999,5.4;17.910,-999999,-999999,1.250,-999999,-999999,-999999,-999999,-999999,-999999,-999999,0,0,-999999,-999999,1,-999999,-999999,0.067,-999999,-999999,-999999,-999999,-999999,5.4;17.930,-999999,-999999,1.209,-999999,-999999,-999999,-999999,-999999,-999999,-999999,0,0,-999999,-999999,1,-999999,-999999,0.064,-999999,-999999,-999999,-999999,-999999,5.3;17.950,-999999,-999999,1.196,-999999,-999999,-999999,-999999,-999999,-999999,-999999,0,1,-999999,-999999,1,-999999,-999999,0.060,-999999,-999999,-999999,-999999,-999999,5.1;17.970,-999999,-999999,1.145,-999999,-999999,-999999,-999999,-999999,-999999,-999999,0,1,-999999,-999999,1,-999999,-999999,0.059,-999999,-999999,-999999,-999999,-999999,5.1;17.990,-999999,-999999,1.106,-999999,-999999,-999999,-999999,-999999,-999999,-999999,0,1,-999999,-999999,1,-999999,-999999,0.055,-999999,-999999,-999999,-999999,-999999,4.8;18.010,-999999,-999999,1.080,-999999,-999999,-999999,-999999,-999999,-999999,-999999,0,1,-999999,-999999,1,-999999,-999999,0.051,-999999,-999999,-999999,-999999,-999999,4.6;18.030,-999999,-999999,1.080,-999999,-999999,-999999,-999999,-999999,-999999,-999999,0,1,-999999,-999999,1,-999999,-999999,0.049,-999999,-999999,-999999,-999999,-999999,4.4;18.050,-999999,-999999,1.093,-999999,-999999,-999999,-999999,-999999,-999999,-999999,0,1,-999999,-999999,1,-999999,-999999,0.046,-999999,-999999,-999999,-999999,-999999,4.2;18.070,-999999,-999999,1.100,-999999,-999999,-999999,-999999,-999999,-999999,-999999,0,0,-999999,-999999,1,-999999,-999999,0.042,-999999,-999999,-999999,-999999,-999999,3.8;18.090,-999999,-999999,1.122,-999999,-999999,-999999,-999999,-999999,-999999,-999999,0,1,-999999,-999999,1,-999999,-999999,0.040,-999999,-999999,-999999,-999999,-999999,3.6;18.110,-999999,-999999,1.106,-999999,-999999,-999999,-999999,-999999,-999999,-999999,0,1,-999999,-999999,1,-999999,-999999,0.039,-999999,-999999,-999999,-999999,-999999,3.6;18.130,-999999,-999999,1.087,-999999,-999999,-999999,-999999,-999999,-999999,-999999,0,1,-999999,-999999,1,-999999,-999999,0.041,-999999,-999999,-999999,-999999,-999999,3.8;18.150,-999999,-999999,1.048,-999999,-999999,-999999,-999999,-999999,-999999,-999999,0,1,-999999,-999999,1,-999999,-999999,0.041,-999999,-999999,-999999,-999999,-999999,3.8;18.170,-999999,-999999,1.032,-999999,-999999,-999999,-999999,-999999,-999999,-999999,0,1,-999999,-999999,1,-999999,-999999,0.040,-999999,-999999,-999999,-999999,-999999,3.8;18.190,-999999,-999999,1.032,-999999,-999999,-999999,-999999,-999999,-999999,-999999,0,1,-999999,-999999,1,-999999,-999999,0.039,-999999,-999999,-999999,-999999,-999999,3.8;18.210,-999999,-999999,1.016,-999999,-999999,-999999,-999999,-999999,-999999,-999999,0,1,-999999,-999999,1,-999999,-999999,0.038,-999999,-999999,-999999,-999999,-999999,3.8;18.230,-999999,-999999,1.013,-999999,-999999,-999999,-999999,-999999,-999999,-999999,0,1,-999999,-999999,1,-999999,-999999,0.039,-999999,-999999,-999999,-999999,-999999,3.9;18.250,-999999,-999999,0.987,-999999,-999999,-999999,-999999,-999999,-999999,-999999,0,1,-999999,-999999,1,-999999,-999999,0.040,-999999,-999999,-999999,-999999,-999999,4.1;18.270,-999999,-999999,0.968,-999999,-999999,-999999,-999999,-999999,-999999,-999999,0,1,-999999,-999999,1,-999999,-999999,0.040,-999999,-999999,-999999,-999999,-999999,4.1;18.290,-999999,-999999,0.968,-999999,-999999,-999999,-999999,-999999,-999999,-999999,0,1,-999999,-999999,1,-999999,-999999,0.038,-999999,-999999,-999999,-999999,-999999,4.0;18.310,-999999,-999999,0.959,-999999,-999999,-999999,-999999,-999999,-999999,-999999,0,1,-999999,-999999,1,-999999,-999999,0.038,-999999,-999999,-999999,-999999,-999999,4.0;18.330,-999999,-999999,0.927,-999999,-999999,-999999,-999999,-999999,-999999,-999999,0,1,-999999,-999999,1,-999999,-999999,0.037,-999999,-999999,-999999,-999999,-999999,4.0;18.350,-999999,-999999,0.914,-999999,-999999,-999999,-999999,-999999,-999999,-999999,0,1,-999999,-999999,1,-999999,-999999,0.038,-999999,-999999,-999999,-999999,-999999,4.2;18.370,-999999,-999999,0.882,-999999,-999999,-999999,-999999,-999999,-999999,-999999,0,1,-999999,-999999,1,-999999,-999999,0.038,-999999,-999999,-999999,-999999,-999999,4.3;18.390,-999999,-999999,0.862,-999999,-999999,-999999,-999999,-999999,-999999,-999999,0,1,-999999,-999999,1,-999999,-999999,0.036,-999999,-999999,-999999,-999999,-999999,4.2;18.410,-999999,-999999,0.850,-999999,-999999,-999999,-999999,-999999,-999999,-999999,0,1,-999999,-999999,1,-999999,-999999,0.034,-999999,-999999,-999999,-999999,-999999,3.9;18.430,-999999,-999999,0.840,-999999,-999999,-999999,-999999,-999999,-999999,-999999,0,1,-999999,-999999,1,-999999,-999999,0.031,-999999,-999999,-999999,-999999,-999999,3.6;18.450,-999999,-999999,0.850,-999999,-999999,-999999,-999999,-999999,-999999,-999999,0,1,-999999,-999999,1,-999999,-999999,0.028,-999999,-999999,-999999,-999999,-999999,3.4;18.470,-999999,-999999,0.840,-999999,-999999,-999999,-999999,-999999,-999999,-999999,0,1,-999999,-999999,1,-999999,-999999,0.026,-999999,-999999,-999999,-999999,-999999,3.1;18.490,-999999,-999999,0.837,-999999,-999999,-999999,-999999,-999999,-999999,-999999,0,1,-999999,-999999,1,-999999,-999999,0.024,-999999,-999999,-999999,-999999,-999999,2.9;18.510,-999999,-999999,0.837,-999999,-999999,-999999,-999999,-999999,-999999,-999999,0,1,-999999,-999999,1,-999999,-999999,0.023,-999999,-999999,-999999,-999999,-999999,2.8;18.530,-999999,-999999,0.821,-999999,-999999,-999999,-999999,-999999,-999999,-999999,0,1,-999999,-999999,1,-999999,-999999,0.023,-999999,-999999,-999999,-999999,-999999,2.8;18.550,-999999,-999999,0.821,-999999,-999999,-999999,-999999,-999999,-999999,-999999,0,1,-999999,-999999,1,-999999,-999999,0.024,-999999,-999999,-999999,-999999,-999999,3.0;18.570,-999999,-999999,0.821,-999999,-999999,-999999,-999999,-999999,-999999,-999999,0,1,-999999,-999999,1,-999999,-999999,0.025,-999999,-999999,-999999,-999999,-999999,3.1;18.590,-999999,-999999,0.798,-999999,-999999,-999999,-999999,-999999,-999999,-999999,0,1,-999999,-999999,1,-999999,-999999,0.025,-999999,-999999,-999999,-999999,-999999,3.2;18.610,-999999,-999999,0.782,-999999,-999999,-999999,-999999,-999999,-999999,-999999,0,1,-999999,-999999,1,-999999,-999999,0.024,-999999,-999999,-999999,-999999,-999999,3.1;18.630,-999999,-999999,0.760,-999999,-999999,-999999,-999999,-999999,-999999,-999999,0,1,-999999,-999999,1,-999999,-999999,0.024,-999999,-999999,-999999,-999999,-999999,3.2;18.650,-999999,-999999,0.750,-999999,-999999,-999999,-999999,-999999,-999999,-999999,0,1,-999999,-999999,1,-999999,-999999,0.025,-999999,-999999,-999999,-999999,-999999,3.3;18.670,-999999,-999999,0.740,-999999,-999999,-999999,-999999,-999999,-999999,-999999,0,1,-999999,-999999,1,-999999,-999999,0.025,-999999,-999999,-999999,-999999,-999999,3.3;18.690,-999999,-999999,0.731,-999999,-999999,-999999,-999999,-999999,-999999,-999999,0,1,-999999,-999999,1,-999999,-999999,0.026,-999999,-999999,-999999,-999999,-999999,3.5;18.710,-999999,-999999,0.734,-999999,-999999,-999999,-999999,-999999,-999999,-999999,0,1,-999999,-999999,1,-999999,-999999,0.019,-999999,-999999,-999999,-999999,-999999,2.4;18.730,-999999,-999999,0.760,-999999,-999999,-999999,-999999,-999999,-999999,-999999,0,1,-999999,-999999,1,-999999,-999999,0.018,-999999,-999999,-999999,-999999,-999999,1.6;18.750,-999999,-999999,0.789,-999999,-999999,-999999,-999999,-999999,-999999,-999999,0,1,-999999,-999999,1,-999999,-999999,0.020,-999999,-999999,-999999,-999999,-999999,1.2;18.770,-999999,-999999,1.263,-999999,-999999,-999999,-999999,-999999,-999999,-999999,0,1,-999999,-999999,1,-999999,-999999,0.026,-999999,-999999,-999999,-999999,-999999,1.1;18.790,-999999,-999999,2.755,-999999,-999999,-999999,-999999,-999999,-999999,-999999,0,1,-999999,-999999,1,-999999,-999999,0.025,-999999,-999999,-999999,-999999,-999999,0.8;18.810,-999999,-999999,4.012,-999999,-999999,-999999,-999999,-999999,-999999,-999999,0,1,-999999,-999999,1,-999999,-999999,0.030,-999999,-999999,-999999,-999999,-999999,0.7;18.830,-999999,-999999,5.100,-999999,-999999,-999999,-999999,-999999,-999999,-999999,0,0,-999999,-999999,1,-999999,-999999,0.034,-999999,-999999,-999999,-999999,-999999,0.7;18.850,-999999,-999999,6.023,-999999,-999999,-999999,-999999,-999999,-999999,-999999,0,1,-999999,-999999,1,-999999,-999999,0.039,-999999,-999999,-999999,-999999,-999999,0.6;18.870,-999999,-999999,6.934,-999999,-999999,-999999,-999999,-999999,-999999,-999999,0,1,-999999,-999999,1,-999999,-999999,0.043,-999999,-999999,-999999,-999999,-999999,0.6;18.890,-999999,-999999,7.755,-999999,-999999,-999999,-999999,-999999,-999999,-999999,0,1,-999999,-999999,1,-999999,-999999,0.056,-999999,-999999,-999999,-999999,-999999,0.7;18.910,-999999,-999999,8.413,-999999,-999999,-999999,-999999,-999999,-999999,-999999,0,1,-999999,-999999,1,-999999,-999999,0.063,-999999,-999999,-999999,-999999,-999999,0.7;18.930,-999999,-999999,9.061,-999999,-999999,-999999,-999999,-999999,-999999,-999999,0,0,-999999,-999999,1,-999999,-999999,0.069,-999999,-999999,-999999,-999999,-999999,0.7;18.950,-999999,-999999,9.686,-999999,-999999,-999999,-999999,-999999,-999999,-999999,0,1,-999999,-999999,1,-999999,-999999,0.076,-999999,-999999,-999999,-999999,-999999,0.7;18.970,-999999,-999999,10.270,-999999,-999999,-999999,-999999,-999999,-999999,-999999,0,1,-999999,-999999,1,-999999,-999999,0.082,-999999,-999999,-999999,-999999,-999999,0.8;18.990,-999999,-999999,10.771,-999999,-999999,-999999,-999999,-999999,-999999,-999999,0,1,-999999,-999999,1,-999999,-999999,0.084,-999999,-999999,-999999,-999999,-999999,0.8;19.010,-999999,-999999,10.986,-999999,-999999,-999999,-999999,-999999,-999999,-999999,0,1,-999999,-999999,1,-999999,-999999,0.089,-999999,-999999,-999999,-999999,-999999,0.8;19.030,-999999,-999999,11.544,-999999,-999999,-999999,-999999,-999999,-999999,-999999,0,1,-999999,-999999,1,-999999,-999999,0.094,-999999,-999999,-999999,-999999,-999999,0.8;19.050,-999999,-999999,11.704,-999999,-999999,-999999,-999999,-999999,-999999,-999999,0,1,-999999,-999999,1,-999999,-999999,0.098,-999999,-999999,-999999,-999999,-999999,0.8;19.070,-999999,-999999,12.022,-999999,-999999,-999999,-999999,-999999,-999999,-999999,0,1,-999999,-999999,1,-999999,-999999,0.099,-999999,-999999,-999999,-999999,-999999,0.8;19.090,-999999,-999999,12.381,-999999,-999999,-999999,-999999,-999999,-999999,-999999,0,1,-999999,-999999,1,-999999,-999999,0.102,-999999,-999999,-999999,-999999,-999999,0.8;19.110,-999999,-999999,12.817,-999999,-999999,-999999,-999999,-999999,-999999,-999999,0,1,-999999,-999999,1,-999999,-999999,0.105,-999999,-999999,-999999,-999999,-999999,0.8;19.130,-999999,-999999,13.285,-999999,-999999,-999999,-999999,-999999,-999999,-999999,0,1,-999999,-999999,1,-999999,-999999,0.109,-999999,-999999,-999999,-999999,-999999,0.8;19.150,-999999,-999999,13.725,-999999,-999999,-999999,-999999,-999999,-999999,-999999,0,1,-999999,-999999,1,-999999,-999999,0.114,-999999,-999999,-999999,-999999,-999999,0.8;19.170,-999999,-999999,14.190,-999999,-999999,-999999,-999999,-999999,-999999,-999999,0,1,-999999,-999999,1,-999999,-999999,0.122,-999999,-999999,-999999,-999999,-999999,0.8;19.190,-999999,-999999,14.588,-999999,-999999,-999999,-999999,-999999,-999999,-999999,0,1,-999999,-999999,1,-999999,-999999,0.129,-999999,-999999,-999999,-999999,-999999,0.9;19.210,-999999,-999999,14.886,-999999,-999999,-999999,-999999,-999999,-999999,-999999,0,1,-999999,-999999,1,-999999,-999999,0.134,-999999,-999999,-999999,-999999,-999999,0.9;19.230,-999999,-999999,15.050,-999999,-999999,-999999,-999999,-999999,-999999,-999999,0,1,-999999,-999999,1,-999999,-999999,0.140,-999999,-999999,-999999,-999999,-999999,0.9;19.250,-999999,-999999,15.197,-999999,-999999,-999999,-999999,-999999,-999999,-999999,0,1,-999999,-999999,1,-999999,-999999,0.146,-999999,-999999,-999999,-999999,-999999,0.9;19.270,-999999,-999999,15.418,-999999,-999999,-999999,-999999,-999999,-999999,-999999,0,1,-999999,-999999,1,-999999,-999999,0.150,-999999,-999999,-999999,-999999,-999999,0.9;19.290,-999999,-999999,15.723,-999999,-999999,-999999,-999999,-999999,-999999,-999999,0,1,-999999,-999999,1,-999999,-999999,0.155,-999999,-999999,-999999,-999999,-999999,0.9;19.310,-999999,-999999,16.079,-999999,-999999,-999999,-999999,-999999,-999999,-999999,0,1,-999999,-999999,1,-999999,-999999,0.151,-999999,-999999,-999999,-999999,-999999,0.9;19.330,-999999,-999999,16.541,-999999,-999999,-999999,-999999,-999999,-999999,-999999,0,1,-999999,-999999,1,-999999,-999999,0.152,-999999,-999999,-999999,-999999,-999999,0.9;19.350,-999999,-999999,17.244,-999999,-999999,-999999,-999999,-999999,-999999,-999999,0,1,-999999,-999999,1,-999999,-999999,0.150,-999999,-999999,-999999,-999999,-999999,0.8;19.370,-999999,-999999,18.187,-999999,-999999,-999999,-999999,-999999,-999999,-999999,0,1,-999999,-999999,1,-999999,-999999,0.151,-999999,-999999,-999999,-999999,-999999,0.8;19.390,-999999,-999999,19.197,-999999,-999999,-999999,-999999,-999999,-999999,-999999,0,1,-999999,-999999,1,-999999,-999999,0.152,-999999,-999999,-999999,-999999,-999999,0.8;19.410,-999999,-999999,20.034,-999999,-999999,-999999,-999999,-999999,-999999,-999999,0,1,-999999,-999999,1,-999999,-999999,0.154,-999999,-999999,-999999,-999999,-999999,0.7;19.430,-999999,-999999,20.701,-999999,-999999,-999999,-999999,-999999,-999999,-999999,0,1,-999999,-999999,1,-999999,-999999,0.156,-999999,-999999,-999999,-999999,-999999,0.7;19.450,-999999,-999999,21.199,-999999,-999999,-999999,-999999,-999999,-999999,-999999,0,1,-999999,-999999,1,-999999,-999999,0.166,-999999,-999999,-999999,-999999,-999999,0.7;19.470,-999999,-999999,21.606,-999999,-999999,-999999,-999999,-999999,-999999,-999999,0,1,-999999,-999999,1,-999999,-999999,0.172,-999999,-999999,-999999,-999999,-999999,0.7;19.490,-999999,-999999,22.074,-999999,-999999,-999999,-999999,-999999,-999999,-999999,0,1,-999999,-999999,1,-999999,-999999,0.177,-999999,-999999,-999999,-999999,-999999,0.8;19.510,-999999,-999999,22.299,-999999,-999999,-999999,-999999,-999999,-999999,-999999,0,1,-999999,-999999,1,-999999,-999999,0.185,-999999,-999999,-999999,-999999,-999999,0.8;19.530,-999999,-999999,22.963,-999999,-999999,-999999,-999999,-999999,-999999,-999999,0,1,-999999,-999999,1,-999999,-999999,0.196,-999999,-999999,-999999,-999999,-999999,0.8;19.550,-999999,-999999,23.421,-999999,-999999,-999999,-999999,-999999,-999999,-999999,0,1,-999999,-999999,1,-999999,-999999,0.204,-999999,-999999,-999999,-999999,-999999,0.8;19.570,-999999,-999999,23.617,-999999,-999999,-999999,-999999,-999999,-999999,-999999,0,1,-999999,-999999,1,-999999,-999999,0.208,-999999,-999999,-999999,-999999,-999999,0.8;19.590,-999999,-999999,24.008,-999999,-999999,-999999,-999999,-999999,-999999,-999999,0,1,-999999,-999999,1,-999999,-999999,0.211,-999999,-999999,-999999,-999999,-999999,0.8;19.610,-999999,-999999,24.319,-999999,-999999,-999999,-999999,-999999,-999999,-999999,0,1,-999999,-999999,1,-999999,-999999,0.216,-999999,-999999,-999999,-999999,-999999,0.8;19.630,-999999,-999999,24.704,-999999,-999999,-999999,-999999,-999999,-999999,-999999,0,1,-999999,-999999,1,-999999,-999999,0.221,-999999,-999999,-999999,-999999,-999999,0.9;19.650,-999999,-999999,25.041,-999999,-999999,-999999,-999999,-999999,-999999,-999999,0,1,-999999,-999999,1,-999999,-999999,0.226,-999999,-999999,-999999,-999999,-999999,0.9;19.670,-999999,-999999,25.243,-999999,-999999,-999999,-999999,-999999,-999999,-999999,0,1,-999999,-999999,1,-999999,-999999,0.227,-999999,-999999,-999999,-999999,-999999,0.9;19.690,-999999,-999999,25.298,-999999,-999999,-999999,-999999,-999999,-999999,-999999,0,1,-999999,-999999,1,-999999,-999999,0.226,-999999,-999999,-999999,-999999,-999999,0.8;19.710,-999999,-999999,25.384,-999999,-999999,-999999,-999999,-999999,-999999,-999999,0,1,-999999,-999999,1,-999999,-999999,0.224,-999999,-999999,-999999,-999999,-999999,0.8;19.730,-999999,-999999,25.680,-999999,-999999,-999999,-999999,-999999,-999999,-999999,0,1,-999999,-999999,1,-999999,-999999,0.227,-999999,-999999,-999999,-999999,-999999,0.8;19.750,-999999,-999999,26.395,-999999,-999999,-999999,-999999,-999999,-999999,-999999,0,1,-999999,-999999,1,-999999,-999999,0.232,-999999,-999999,-999999,-999999,-999999,0.8;19.770,-999999,-999999,27.158,-999999,-999999,-999999,-999999,-999999,-999999,-999999,0,1,-999999,-999999,1,-999999,-999999,0.234,-999999,-999999,-999999,-999999,-999999,0.8;19.790,-999999,-999999,27.630,-999999,-999999,-999999,-999999,-999999,-999999,-999999,0,1,-999999,-999999,1,-999999,-999999,0.237,-999999,-999999,-999999,-999999,-999999,0.8;19.810,-999999,-999999,28.015,-999999,-999999,-999999,-999999,-999999,-999999,-999999,0,1,-999999,-999999,1,-999999,-999999,0.237,-999999,-999999,-999999,-999999,-999999,0.8;19.830,-999999,-999999,28.457,-999999,-999999,-999999,-999999,-999999,-999999,-999999,0,1,-999999,-999999,1,-999999,-999999,0.233,-999999,-999999,-999999,-999999,-999999,0.8;19.850,-999999,-999999,28.929,-999999,-999999,-999999,-999999,-999999,-999999,-999999,0,1,-999999,-999999,1,-999999,-999999,0.237,-999999,-999999,-999999,-999999,-999999,0.8;19.870,-999999,-999999,29.551,-999999,-999999,-999999,-999999,-999999,-999999,-999999,0,1,-999999,-999999,1,-999999,-999999,0.237,-999999,-999999,-999999,-999999,-999999,0.7;19.890,-999999,-999999,30.427,-999999,-999999,-999999,-999999,-999999,-999999,-999999,0,1,-999999,-999999,1,-999999,-999999,0.236,-999999,-999999,-999999,-999999,-999999,0.7;19.910,-999999,-999999,31.084,-999999,-999999,-999999,-999999,-999999,-999999,-999999,0,1,-999999,-999999,1,-999999,-999999,0.232,-999999,-999999,-999999,-999999,-999999,0.7;19.930,-999999,-999999,31.559,-999999,-999999,-999999,-999999,-999999,-999999,-999999,0,1,-999999,-999999,1,-999999,-999999,0.230,-999999,-999999,-999999,-999999,-999999,0.7;19.950,-999999,-999999,32.255,-999999,-999999,-999999,-999999,-999999,-999999,-999999,0,1,-999999,-999999,1,-999999,-999999,0.232,-999999,-999999,-999999,-999999,-999999,0.7;19.970,-999999,-999999,32.983,-999999,-999999,-999999,-999999,-999999,-999999,-999999,0,1,-999999,-999999,1,-999999,-999999,0.228,-999999,-999999,-999999,-999999,-999999,0.7;19.990,-999999,-999999,33.477,-999999,-999999,-999999,-999999,-999999,-999999,-999999,0,1,-999999,-999999,1,-999999,-999999,0.237,-999999,-999999,-999999,-999999,-999999,0.7;20.010,-999999,-999999,33.586,-999999,-999999,-999999,-999999,-999999,-999999,-999999,0,1,-999999,-999999,1,-999999,-999999,0.244,-999999,-999999,-999999,-999999,-999999,0.7;20.030,-999999,-999999,33.628,-999999,-999999,-999999,-999999,-999999,-999999,-999999,0,1,-999999,-999999,1,-999999,-999999,0.245,-999999,-999999,-999999,-999999,-999999,0.7;20.050,-999999,-999999,33.798,-999999,-999999,-999999,-999999,-999999,-999999,-999999,0,1,-999999,-999999,1,-999999,-999999,0.266,-999999,-999999,-999999,-999999,-999999,0.7;20.070,-999999,-999999,33.971,-999999,-999999,-999999,-999999,-999999,-999999,-999999,0,1,-999999,-999999,1,-999999,-999999,0.264,-999999,-999999,-999999,-999999,-999999,0.7;20.090,-999999,-999999,34.115,-999999,-999999,-999999,-999999,-999999,-999999,-999999,0,1,-999999,-999999,1,-999999,-999999,0.282,-999999,-999999,-999999,-999999,-999999,0.8;20.110,-999999,-999999,34.523,-999999,-999999,-999999,-999999,-999999,-999999,-999999,0,1,-999999,-999999,1,-999999,-999999,0.291,-999999,-999999,-999999,-999999,-999999,0.8;20.130,-999999,-999999,34.799,-999999,-999999,-999999,-999999,-999999,-999999,-999999,0,1,-999999,-999999,1,-999999,-999999,0.296,-999999,-999999,-999999,-999999,-999999,0.8;20.150,-999999,-999999,35.476,-999999,-999999,-999999,-999999,-999999,-999999,-999999,0,1,-999999,-999999,1,-999999,-999999,0.302,-999999,-999999,-999999,-999999,-999999,0.8;20.170,-999999,-999999,35.591,-999999,-999999,-999999,-999999,-999999,-999999,-999999,0,1,-999999,-999999,1,-999999,-999999,0.307,-999999,-999999,-999999,-999999,-999999,0.8;20.190,-999999,-999999,35.623,-999999,-999999,-999999,-999999,-999999,-999999,-999999,0,1,-999999,-999999,1,-999999,-999999,0.316,-999999,-999999,-999999,-999999,-999999,0.8;20.210,-999999,-999999,35.543,-999999,-999999,-999999,-999999,-999999,-999999,-999999,0,1,-999999,-999999,1,-999999,-999999,0.324,-999999,-999999,-999999,-999999,-999999,0.9;20.230,-999999,-999999,35.421,-999999,-999999,-999999,-999999,-999999,-999999,-999999,0,1,-999999,-999999,1,-999999,-999999,0.330,-999999,-999999,-999999,-999999,-999999,0.9;20.250,-999999,-999999,35.203,-999999,-999999,-999999,-999999,-999999,-999999,-999999,0,1,-999999,-999999,1,-999999,-999999,0.332,-999999,-999999,-999999,-999999,-999999,0.9;20.270,-999999,-999999,35.046,-999999,-999999,-999999,-999999,-999999,-999999,-999999,0,1,-999999,-999999,1,-999999,-999999,0.335,-999999,-999999,-999999,-999999,-999999,0.9;20.290,-999999,-999999,34.933,-999999,-999999,-999999,-999999,-999999,-999999,-999999,0,1,-999999,-999999,1,-999999,-999999,0.338,-999999,-999999,-999999,-999999,-999999,0.9;20.310,-999999,-999999,34.966,-999999,-999999,-999999,-999999,-999999,-999999,-999999,0,1,-999999,-999999,1,-999999,-999999,0.339,-999999,-999999,-999999,-999999,-999999,0.9;20.330,-999999,-999999,35.110,-999999,-999999,-999999,-999999,-999999,-999999,-999999,0,1,-999999,-999999,1,-999999,-999999,0.338,-999999,-999999,-999999,-999999,-999999,0.9;20.350,-999999,-999999,35.421,-999999,-999999,-999999,-999999,-999999,-999999,-999999,0,1,-999999,-999999,1,-999999,-999999,0.341,-999999,-999999,-999999,-999999,-999999,0.9;20.370,-999999,-999999,35.825,-999999,-999999,-999999,-999999,-999999,-999999,-999999,0,1,-999999,-999999,1,-999999,-999999,0.345,-999999,-999999,-999999,-999999,-999999,0.9;20.390,-999999,-999999,36.136,-999999,-999999,-999999,-999999,-999999,-999999,-999999,0,1,-999999,-999999,1,-999999,-999999,0.348,-999999,-999999,-999999,-999999,-999999,0.9;20.410,-999999,-999999,36.316,-999999,-999999,-999999,-999999,-999999,-999999,-999999,0,1,-999999,-999999,1,-999999,-999999,0.347,-999999,-999999,-999999,-999999,-999999,0.9;20.430,-999999,-999999,36.354,-999999,-999999,-999999,-999999,-999999,-999999,-999999,0,1,-999999,-999999,1,-999999,-999999,0.348,-999999,-999999,-999999,-999999,-999999,0.9;20.450,-999999,-999999,36.560,-999999,-999999,-999999,-999999,-999999,-999999,-999999,0,1,-999999,-999999,1,-999999,-999999,0.353,-999999,-999999,-999999,-999999,-999999,0.9;20.470,-999999,-999999,37.012,-999999,-999999,-999999,-999999,-999999,-999999,-999999,0,1,-999999,-999999,1,-999999,-999999,0.364,-999999,-999999,-999999,-999999,-999999,0.9;20.490,-999999,-999999,37.560,-999999,-999999,-999999,-999999,-999999,-999999,-999999,0,1,-999999,-999999,1,-999999,-999999,0.371,-999999,-999999,-999999,-999999,-999999,0.9;20.510,-999999,-999999,37.997,-999999,-999999,-999999,-999999,-999999,-999999,-999999,0,1,-999999,-999999,1,-999999,-999999,0.370,-999999,-999999,-999999,-999999,-999999,0.9;20.530,-999999,-999999,38.202,-999999,-999999,-999999,-999999,-999999,-999999,-999999,0,1,-999999,-999999,1,-999999,-999999,0.369,-999999,-999999,-999999,-999999,-999999,0.9;20.550,-999999,-999999,38.638,-999999,-999999,-999999,-999999,-999999,-999999,-999999,0,1,-999999,-999999,1,-999999,-999999,0.373,-999999,-999999,-999999,-999999,-999999,0.9;20.570,-999999,-999999,39.453,-999999,-999999,-999999,-999999,-999999,-999999,-999999,0,1,-999999,-999999,1,-999999,-999999,0.375,-999999,-999999,-999999,-999999,-999999,0.9;20.590,-999999,-999999,39.844,-999999,-999999,-999999,-999999,-999999,-999999,-999999,0,1,-999999,-999999,1,-999999,-999999,0.383,-999999,-999999,-999999,-999999,-999999,0.9;20.610,-999999,-999999,39.912,-999999,-999999,-999999,-999999,-999999,-999999,-999999,0,1,-999999,-999999,1,-999999,-999999,0.384,-999999,-999999,-999999,-999999,-999999,0.9;20.630,-999999,-999999,39.937,-999999,-999999,-999999,-999999,-999999,-999999,-999999,0,1,-999999,-999999,1,-999999,-999999,0.374,-999999,-999999,-999999,-999999,-999999,0.9;20.650,-999999,-999999,39.998,-999999,-999999,-999999,-999999,-999999,-999999,-999999,1,2,-999999,-999999,2,-999999,-999999,0.366,-999999,-999999,-999999,-999999,-999999,0.9;20.670,-999999,-999999,40.303,-999999,-999999,-999999,-999999,-999999,-999999,-999999,0,2,-999999,-999999,2,-999999,-999999,0.351,-999999,-999999,-999999,-999999,-999999,0.8;20.690,-999999,-999999,40.980,-999999,-999999,-999999,-999999,-999999,-999999,-999999,4,3,-999999,-999999,5,-999999,-999999,0.341,-999999,-999999,-999999,-999999,-999999,0.8;20.710,-999999,-999999,41.746,-999999,-999999,-999999,-999999,-999999,-999999,-999999,8,3,-999999,-999999,9,-999999,-999999,0.328,-999999,-999999,-999999,-999999,-999999,0.7;20.730,-999999,-999999,42.077,-999999,-999999,-999999,-999999,-999999,-999999,-999999,8,3,-999999,-999999,9,-999999,-999999,0.317,-999999,-999999,-999999,-999999,-999999,0.7;20.750,-999999,-999999,42.260,-999999,-999999,-999999,-999999,-999999,-999999,-999999,10,3,-999999,-999999,10,-999999,-999999,0.301,-999999,-999999,-999999,-999999,-999999,0.7;20.770,-999999,-999999,42.269,-999999,-999999,-999999,-999999,-999999,-999999,-999999,9,3,-999999,-999999,10,-999999,-999999,0.298,-999999,-999999,-999999,-999999,-999999,0.7;20.790,-999999,-999999,42.494,-999999,-999999,-999999,-999999,-999999,-999999,-999999,10,3,-999999,-999999,11,-999999,-999999,0.305,-999999,-999999,-999999,-999999,-999999,0.7;20.810,-999999,-999999,42.481,-999999,-999999,-999999,-999999,-999999,-999999,-999999,9,5,-999999,-999999,11,-999999,-999999,0.311,-999999,-999999,-999999,-999999,-999999,0.7;20.830,-999999,-999999,42.288,-999999,-999999,-999999,-999999,-999999,-999999,-999999,8,5,-999999,-999999,9,-999999,-999999,0.310,-999999,-999999,-999999,-999999,-999999,0.7;20.850,-999999,-999999,42.195,-999999,-999999,-999999,-999999,-999999,-999999,-999999,7,5,-999999,-999999,9,-999999,-999999,0.309,-999999,-999999,-999999,-999999,-999999,0.7;20.870,-999999,-999999,42.439,-999999,-999999,-999999,-999999,-999999,-999999,-999999,9,5,-999999,-999999,10,-999999,-999999,0.316,-999999,-999999,-999999,-999999,-999999,0.7;20.890,-999999,-999999,42.452,-999999,-999999,-999999,-999999,-999999,-999999,-999999,10,1,-999999,-999999,10,-999999,-999999,0.321,-999999,-999999,-999999,-999999,-999999,0.7;20.910,-999999,-999999,43.171,-999999,-999999,-999999,-999999,-999999,-999999,-999999,10,5,-999999,-999999,12,-999999,-999999,0.331,-999999,-999999,-999999,-999999,-999999,0.7;20.930,-999999,-999999,43.353,-999999,-999999,-999999,-999999,-999999,-999999,-999999,10,1,-999999,-999999,10,-999999,-999999,0.336,-999999,-999999,-999999,-999999,-999999,0.7;20.950,-999999,-999999,43.527,-999999,-999999,-999999,-999999,-999999,-999999,-999999,7,7,-999999,-999999,10,-999999,-999999,0.334,-999999,-999999,-999999,-999999,-999999,0.7;20.970,-999999,-999999,43.661,-999999,-999999,-999999,-999999,-999999,-999999,-999999,6,5,-999999,-999999,8,-999999,-999999,0.331,-999999,-999999,-999999,-999999,-999999,0.7;20.990,-999999,-999999,43.732,-999999,-999999,-999999,-999999,-999999,-999999,-999999,7,2,-999999,-999999,8,-999999,-999999,0.331,-999999,-999999,-999999,-999999,-999999,0.7;21.010,-999999,-999999,43.928,-999999,-999999,-999999,-999999,-999999,-999999,-999999,11,4,-999999,-999999,12,-999999,-999999,0.332,-999999,-999999,-999999,-999999,-999999,0.7;21.030,-999999,-999999,44.239,-999999,-999999,-999999,-999999,-999999,-999999,-999999,12,5,-999999,-999999,13,-999999,-999999,0.335,-999999,-999999,-999999,-999999,-999999,0.7;21.050,-999999,-999999,44.248,-999999,-999999,-999999,-999999,-999999,-999999,-999999,11,5,-999999,-999999,12,-999999,-999999,0.343,-999999,-999999,-999999,-999999,-999999,0.7;21.070,-999999,-999999,44.053,-999999,-999999,-999999,-999999,-999999,-999999,-999999,10,5,-999999,-999999,12,-999999,-999999,0.345,-999999,-999999,-999999,-999999,-999999,0.7;21.090,-999999,-999999,43.911,-999999,-999999,-999999,-999999,-999999,-999999,-999999,10,4,-999999,-999999,11,-999999,-999999,0.348,-999999,-999999,-999999,-999999,-999999,0.7;21.110,-999999,-999999,43.632,-999999,-999999,-999999,-999999,-999999,-999999,-999999,10,3,-999999,-999999,11,-999999,-999999,0.348,-999999,-999999,-999999,-999999,-999999,0.7;21.130,-999999,-999999,43.437,-999999,-999999,-999999,-999999,-999999,-999999,-999999,10,3,-999999,-999999,10,-999999,-999999,0.349,-999999,-999999,-999999,-999999,-999999,0.7;21.150,-999999,-999999,43.591,-999999,-999999,-999999,-999999,-999999,-999999,-999999,10,4,-999999,-999999,11,-999999,-999999,0.345,-999999,-999999,-999999,-999999,-999999,0.7;21.170,-999999,-999999,44.024,-999999,-999999,-999999,-999999,-999999,-999999,-999999,9,4,-999999,-999999,10,-999999,-999999,0.342,-999999,-999999,-999999,-999999,-999999,0.7;21.190,-999999,-999999,44.925,-999999,-999999,-999999,-999999,-999999,-999999,-999999,8,3,-999999,-999999,9,-999999,-999999,0.343,-999999,-999999,-999999,-999999,-999999,0.7;21.210,-999999,-999999,45.650,-999999,-999999,-999999,-999999,-999999,-999999,-999999,7,4,-999999,-999999,9,-999999,-999999,0.345,-999999,-999999,-999999,-999999,-999999,0.7;21.230,-999999,-999999,46.551,-999999,-999999,-999999,-999999,-999999,-999999,-999999,8,5,-999999,-999999,9,-999999,-999999,0.345,-999999,-999999,-999999,-999999,-999999,0.7;21.250,-999999,-999999,47.193,-999999,-999999,-999999,-999999,-999999,-999999,-999999,8,5,-999999,-999999,9,-999999,-999999,0.353,-999999,-999999,-999999,-999999,-999999,0.7;21.270,-999999,-999999,47.530,-999999,-999999,-999999,-999999,-999999,-999999,-999999,8,4,-999999,-999999,10,-999999,-999999,0.365,-999999,-999999,-999999,-999999,-999999,0.7;21.290,-999999,-999999,47.648,-999999,-999999,-999999,-999999,-999999,-999999,-999999,10,3,-999999,-999999,10,-999999,-999999,0.380,-999999,-999999,-999999,-999999,-999999,0.8;21.310,-999999,-999999,47.680,-999999,-999999,-999999,-999999,-999999,-999999,-999999,10,0,-999999,-999999,10,-999999,-999999,0.391,-999999,-999999,-999999,-999999,-999999,0.8;21.330,-999999,-999999,47.722,-999999,-999999,-999999,-999999,-999999,-999999,-999999,11,4,-999999,-999999,12,-999999,-999999,0.408,-999999,-999999,-999999,-999999,-999999,0.8;21.350,-999999,-999999,47.873,-999999,-999999,-999999,-999999,-999999,-999999,-999999,12,6,-999999,-999999,14,-999999,-999999,0.424,-999999,-999999,-999999,-999999,-999999,0.8;21.370,-999999,-999999,48.014,-999999,-999999,-999999,-999999,-999999,-999999,-999999,12,0,-999999,-999999,12,-999999,-999999,0.431,-999999,-999999,-999999,-999999,-999999,0.8;21.390,-999999,-999999,47.754,-999999,-999999,-999999,-999999,-999999,-999999,-999999,11,2,-999999,-999999,11,-999999,-999999,0.447,-999999,-999999,-999999,-999999,-999999,0.9;21.410,-999999,-999999,48.332,-999999,-999999,-999999,-999999,-999999,-999999,-999999,8,5,-999999,-999999,9,-999999,-999999,0.459,-999999,-999999,-999999,-999999,-999999,0.9;21.430,-999999,-999999,48.293,-999999,-999999,-999999,-999999,-999999,-999999,-999999,7,4,-999999,-999999,8,-999999,-999999,0.482,-999999,-999999,-999999,-999999,-999999,1.0;21.450,-999999,-999999,48.293,-999999,-999999,-999999,-999999,-999999,-999999,-999999,6,4,-999999,-999999,7,-999999,-999999,0.474,-999999,-999999,-999999,-999999,-999999,0.9;21.470,-999999,-999999,48.181,-999999,-999999,-999999,-999999,-999999,-999999,-999999,4,3,-999999,-999999,6,-999999,-999999,0.482,-999999,-999999,-999999,-999999,-999999,1.0;21.490,-999999,-999999,47.793,-999999,-999999,-999999,-999999,-999999,-999999,-999999,4,4,-999999,-999999,6,-999999,-999999,0.490,-999999,-999999,-999999,-999999,-999999,1.0;21.510,-999999,-999999,47.395,-999999,-999999,-999999,-999999,-999999,-999999,-999999,4,5,-999999,-999999,6,-999999,-999999,0.478,-999999,-999999,-999999,-999999,-999999,1.0;21.530,-999999,-999999,46.866,-999999,-999999,-999999,-999999,-999999,-999999,-999999,2,4,-999999,-999999,5,-999999,-999999,0.483,-999999,-999999,-999999,-999999,-999999,1.0;21.550,-999999,-999999,46.314,-999999,-999999,-999999,-999999,-999999,-999999,-999999,0,2,-999999,-999999,2,-999999,-999999,0.492,-999999,-999999,-999999,-999999,-999999,1.0;21.570,-999999,-999999,46.000,-999999,-999999,-999999,-999999,-999999,-999999,-999999,1,3,-999999,-999999,4,-999999,-999999,0.488,-999999,-999999,-999999,-999999,-999999,1.0;21.590,-999999,-999999,45.987,-999999,-999999,-999999,-999999,-999999,-999999,-999999,0,1,-999999,-999999,2,-999999,-999999,0.483,-999999,-999999,-999999,-999999,-999999,1.0;21.610,-999999,-999999,45.711,-999999,-999999,-999999,-999999,-999999,-999999,-999999,0,1,-999999,-999999,2,-999999,-999999,0.465,-999999,-999999,-999999,-999999,-999999,1.0;21.630,-999999,-999999,45.400,-999999,-999999,-999999,-999999,-999999,-999999,-999999,0,1,-999999,-999999,2,-999999,-999999,0.455,-999999,-999999,-999999,-999999,-999999,1.0;21.650,-999999,-999999,45.114,-999999,-999999,-999999,-999999,-999999,-999999,-999999,0,1,-999999,-999999,2,-999999,-999999,0.440,-999999,-999999,-999999,-999999,-999999,0.9;21.670,-999999,-999999,44.832,-999999,-999999,-999999,-999999,-999999,-999999,-999999,0,1,-999999,-999999,2,-999999,-999999,0.435,-999999,-999999,-999999,-999999,-999999,0.9;21.690,-999999,-999999,44.726,-999999,-999999,-999999,-999999,-999999,-999999,-999999,0,1,-999999,-999999,2,-999999,-999999,0.431,-999999,-999999,-999999,-999999,-999999,0.9;21.710,-999999,-999999,44.633,-999999,-999999,-999999,-999999,-999999,-999999,-999999,0,1,-999999,-999999,2,-999999,-999999,0.428,-999999,-999999,-999999,-999999,-999999,0.9;21.730,-999999,-999999,44.226,-999999,-999999,-999999,-999999,-999999,-999999,-999999,0,1,-999999,-999999,2,-999999,-999999,0.426,-999999,-999999,-999999,-999999,-999999,0.9;21.750,-999999,-999999,43.671,-999999,-999999,-999999,-999999,-999999,-999999,-999999,0,2,-999999,-999999,2,-999999,-999999,0.416,-999999,-999999,-999999,-999999,-999999,0.9;21.770,-999999,-999999,42.558,-999999,-999999,-999999,-999999,-999999,-999999,-999999,0,1,-999999,-999999,2,-999999,-999999,0.421,-999999,-999999,-999999,-999999,-999999,1.0;21.790,-999999,-999999,41.284,-999999,-999999,-999999,-999999,-999999,-999999,-999999,0,1,-999999,-999999,2,-999999,-999999,0.408,-999999,-999999,-999999,-999999,-999999,0.9;21.810,-999999,-999999,39.770,-999999,-999999,-999999,-999999,-999999,-999999,-999999,0,2,-999999,-999999,2,-999999,-999999,0.405,-999999,-999999,-999999,-999999,-999999,1.0;21.830,-999999,-999999,38.439,-999999,-999999,-999999,-999999,-999999,-999999,-999999,0,1,-999999,-999999,2,-999999,-999999,0.398,-999999,-999999,-999999,-999999,-999999,1.0;21.850,-999999,-999999,36.890,-999999,-999999,-999999,-999999,-999999,-999999,-999999,0,1,-999999,-999999,2,-999999,-999999,0.392,-999999,-999999,-999999,-999999,-999999,1.0;21.870,-999999,-999999,35.601,-999999,-999999,-999999,-999999,-999999,-999999,-999999,0,1,-999999,-999999,2,-999999,-999999,0.380,-999999,-999999,-999999,-999999,-999999,1.0;21.890,-999999,-999999,34.488,-999999,-999999,-999999,-999999,-999999,-999999,-999999,0,1,-999999,-999999,2,-999999,-999999,0.367,-999999,-999999,-999999,-999999,-999999,1.0;21.910,-999999,-999999,33.464,-999999,-999999,-999999,-999999,-999999,-999999,-999999,0,1,-999999,-999999,2,-999999,-999999,0.358,-999999,-999999,-999999,-999999,-999999,1.0;21.930,-999999,-999999,32.595,-999999,-999999,-999999,-999999,-999999,-999999,-999999,0,1,-999999,-999999,2,-999999,-999999,0.332,-999999,-999999,-999999,-999999,-999999,0.9;21.950,-999999,-999999,32.616,-999999,-999999,-999999,-999999,-999999,-999999,-999999,0,1,-999999,-999999,2,-999999,-999999,0.308,-999999,-999999,-999999,-999999,-999999,0.9;21.970,-999999,-999999,32.637,-999999,-999999,-999999,-999999,-999999,-999999,-999999,0,2,-999999,-999999,2,-999999,-999999,0.296,-999999,-999999,-999999,-999999,-999999,0.8;21.990,-999999,-999999,33.650,-999999,-999999,-999999,-999999,-999999,-999999,-999999,0,2,-999999,-999999,2,-999999,-999999,0.300,-999999,-999999,-999999,-999999,-999999,0.9;22.010,-999999,-999999,34.164,-999999,-999999,-999999,-999999,-999999,-999999,-999999,0,2,-999999,-999999,2,-999999,-999999,0.295,-999999,-999999,-999999,-999999,-999999,0.8;22.030,-999999,-999999,33.682,-999999,-999999,-999999,-999999,-999999,-999999,-999999,0,2,-999999,-999999,2,-999999,-999999,0.287,-999999,-999999,-999999,-999999,-999999,0.8;22.050,-999999,-999999,32.659,-999999,-999999,-999999,-999999,-999999,-999999,-999999,0,2,-999999,-999999,2,-999999,-999999,0.280,-999999,-999999,-999999,-999999,-999999,0.8;22.070,-999999,-999999,31.572,-999999,-999999,-999999,-999999,-999999,-999999,-999999,0,2,-999999,-999999,2,-999999,-999999,0.275,-999999,-999999,-999999,-999999,-999999,0.8;22.090,-999999,-999999,30.664,-999999,-999999,-999999,-999999,-999999,-999999,-999999,0,2,-999999,-999999,2,-999999,-999999,0.277,-999999,-999999,-999999,-999999,-999999,0.8;22.110,-999999,-999999,29.869,-999999,-999999,-999999,-999999,-999999,-999999,-999999,0,2,-999999,-999999,2,-999999,-999999,0.278,-999999,-999999,-999999,-999999,-999999,0.9;22.130,-999999,-999999,29.262,-999999,-999999,-999999,-999999,-999999,-999999,-999999,0,2,-999999,-999999,2,-999999,-999999,0.280,-999999,-999999,-999999,-999999,-999999,0.9;22.150,-999999,-999999,28.691,-999999,-999999,-999999,-999999,-999999,-999999,-999999,0,2,-999999,-999999,2,-999999,-999999,0.269,-999999,-999999,-999999,-999999,-999999,0.9;22.170,-999999,-999999,28.069,-999999,-999999,-999999,-999999,-999999,-999999,-999999,0,2,-999999,-999999,2,-999999,-999999,0.253,-999999,-999999,-999999,-999999,-999999,0.8;22.190,-999999,-999999,27.736,-999999,-999999,-999999,-999999,-999999,-999999,-999999,0,2,-999999,-999999,2,-999999,-999999,0.249,-999999,-999999,-999999,-999999,-999999,0.8;22.210,-999999,-999999,27.107,-999999,-999999,-999999,-999999,-999999,-999999,-999999,0,2,-999999,-999999,2,-999999,-999999,0.246,-999999,-999999,-999999,-999999,-999999,0.8;22.230,-999999,-999999,27.161,-999999,-999999,-999999,-999999,-999999,-999999,-999999,0,2,-999999,-999999,2,-999999,-999999,0.242,-999999,-999999,-999999,-999999,-999999,0.8;22.250,-999999,-999999,27.165,-999999,-999999,-999999,-999999,-999999,-999999,-999999,0,2,-999999,-999999,2,-999999,-999999,0.231,-999999,-999999,-999999,-999999,-999999,0.8;22.270,-999999,-999999,27.476,-999999,-999999,-999999,-999999,-999999,-999999,-999999,0,2,-999999,-999999,2,-999999,-999999,0.225,-999999,-999999,-999999,-999999,-999999,0.7;22.290,-999999,-999999,28.165,-999999,-999999,-999999,-999999,-999999,-999999,-999999,0,2,-999999,-999999,2,-999999,-999999,0.219,-999999,-999999,-999999,-999999,-999999,0.7;22.310,-999999,-999999,29.452,-999999,-999999,-999999,-999999,-999999,-999999,-999999,0,2,-999999,-999999,2,-999999,-999999,0.216,-999999,-999999,-999999,-999999,-999999,0.7;22.330,-999999,-999999,31.036,-999999,-999999,-999999,-999999,-999999,-999999,-999999,0,2,-999999,-999999,2,-999999,-999999,0.251,-999999,-999999,-999999,-999999,-999999,0.8;22.350,-999999,-999999,32.441,-999999,-999999,-999999,-999999,-999999,-999999,-999999,0,2,-999999,-999999,2,-999999,-999999,0.258,-999999,-999999,-999999,-999999,-999999,0.8;22.370,-999999,-999999,32.823,-999999,-999999,-999999,-999999,-999999,-999999,-999999,0,2,-999999,-999999,2,-999999,-999999,0.264,-999999,-999999,-999999,-999999,-999999,0.8;22.390,-999999,-999999,32.377,-999999,-999999,-999999,-999999,-999999,-999999,-999999,0,2,-999999,-999999,2,-999999,-999999,0.250,-999999,-999999,-999999,-999999,-999999,0.8;22.410,-999999,-999999,31.447,-999999,-999999,-999999,-999999,-999999,-999999,-999999,0,2,-999999,-999999,2,-999999,-999999,0.239,-999999,-999999,-999999,-999999,-999999,0.7;22.430,-999999,-999999,30.468,-999999,-999999,-999999,-999999,-999999,-999999,-999999,0,2,-999999,-999999,2,-999999,-999999,0.228,-999999,-999999,-999999,-999999,-999999,0.7;22.450,-999999,-999999,27.495,-999999,-999999,-999999,-999999,-999999,-999999,-999999,0,2,-999999,-999999,2,-999999,-999999,0.205,-999999,-999999,-999999,-999999,-999999,0.7;22.470,-999999,-999999,25.779,-999999,-999999,-999999,-999999,-999999,-999999,-999999,0,2,-999999,-999999,2,-999999,-999999,0.200,-999999,-999999,-999999,-999999,-999999,0.7;22.490,-999999,-999999,25.173,-999999,-999999,-999999,-999999,-999999,-999999,-999999,0,2,-999999,-999999,2,-999999,-999999,0.195,-999999,-999999,-999999,-999999,-999999,0.7;22.510,-999999,-999999,23.838,-999999,-999999,-999999,-999999,-999999,-999999,-999999,0,2,-999999,-999999,2,-999999,-999999,0.195,-999999,-999999,-999999,-999999,-999999,0.7;22.530,-999999,-999999,23.563,-999999,-999999,-999999,-999999,-999999,-999999,-999999,0,2,-999999,-999999,2,-999999,-999999,0.194,-999999,-999999,-999999,-999999,-999999,0.8;22.550,-999999,-999999,23.190,-999999,-999999,-999999,-999999,-999999,-999999,-999999,0,2,-999999,-999999,2,-999999,-999999,0.186,-999999,-999999,-999999,-999999,-999999,0.7;22.570,-999999,-999999,23.174,-999999,-999999,-999999,-999999,-999999,-999999,-999999,0,2,-999999,-999999,2,-999999,-999999,0.182,-999999,-999999,-999999,-999999,-999999,0.7;22.590,-999999,-999999,23.489,-999999,-999999,-999999,-999999,-999999,-999999,-999999,0,2,-999999,-999999,2,-999999,-999999,0.178,-999999,-999999,-999999,-999999,-999999,0.7;22.610,-999999,-999999,24.194,-999999,-999999,-999999,-999999,-999999,-999999,-999999,0,2,-999999,-999999,2,-999999,-999999,0.178,-999999,-999999,-999999,-999999,-999999,0.7;22.630,-999999,-999999,25.323,-999999,-999999,-999999,-999999,-999999,-999999,-999999,0,2,-999999,-999999,2,-999999,-999999,0.163,-999999,-999999,-999999,-999999,-999999,0.6;22.650,-999999,-999999,26.770,-999999,-999999,-999999,-999999,-999999,-999999,-999999,0,2,-999999,-999999,2,-999999,-999999,0.155,-999999,-999999,-999999,-999999,-999999,0.5;22.670,-999999,-999999,28.496,-999999,-999999,-999999,-999999,-999999,-999999,-999999,0,2,-999999,-999999,2,-999999,-999999,0.148,-999999,-999999,-999999,-999999,-999999,0.5;22.690,-999999,-999999,30.003,-999999,-999999,-999999,-999999,-999999,-999999,-999999,0,2,-999999,-999999,2,-999999,-999999,0.150,-999999,-999999,-999999,-999999,-999999,0.5;22.710,-999999,-999999,30.690,-999999,-999999,-999999,-999999,-999999,-999999,-999999,0,2,-999999,-999999,2,-999999,-999999,0.155,-999999,-999999,-999999,-999999,-999999,0.5;22.730,-999999,-999999,29.968,-999999,-999999,-999999,-999999,-999999,-999999,-999999,0,2,-999999,-999999,2,-999999,-999999,0.154,-999999,-999999,-999999,-999999,-999999,0.5;22.750,-999999,-999999,27.912,-999999,-999999,-999999,-999999,-999999,-999999,-999999,0,2,-999999,-999999,2,-999999,-999999,0.156,-999999,-999999,-999999,-999999,-999999,0.5;22.770,-999999,-999999,25.814,-999999,-999999,-999999,-999999,-999999,-999999,-999999,0,2,-999999,-999999,2,-999999,-999999,0.157,-999999,-999999,-999999,-999999,-999999,0.5;22.790,-999999,-999999,24.191,-999999,-999999,-999999,-999999,-999999,-999999,-999999,0,2,-999999,-999999,2,-999999,-999999,0.154,-999999,-999999,-999999,-999999,-999999,0.6;22.810,-999999,-999999,23.174,-999999,-999999,-999999,-999999,-999999,-999999,-999999,0,2,-999999,-999999,2,-999999,-999999,0.153,-999999,-999999,-999999,-999999,-999999,0.6;22.830,-999999,-999999,22.459,-999999,-999999,-999999,-999999,-999999,-999999,-999999,0,2,-999999,-999999,2,-999999,-999999,0.154,-999999,-999999,-999999,-999999,-999999,0.6;22.850,-999999,-999999,21.968,-999999,-999999,-999999,-999999,-999999,-999999,-999999,0,2,-999999,-999999,2,-999999,-999999,0.152,-999999,-999999,-999999,-999999,-999999,0.6;22.870,-999999,-999999,21.522,-999999,-999999,-999999,-999999,-999999,-999999,-999999,0,2,-999999,-999999,2,-999999,-999999,0.155,-999999,-999999,-999999,-999999,-999999,0.7;22.890,-999999,-999999,20.859,-999999,-999999,-999999,-999999,-999999,-999999,-999999,0,2,-999999,-999999,2,-999999,-999999,0.149,-999999,-999999,-999999,-999999,-999999,0.7;22.910,-999999,-999999,20.140,-999999,-999999,-999999,-999999,-999999,-999999,-999999,0,2,-999999,-999999,2,-999999,-999999,0.147,-999999,-999999,-999999,-999999,-999999,0.7;22.930,-999999,-999999,19.511,-999999,-999999,-999999,-999999,-999999,-999999,-999999,0,2,-999999,-999999,2,-999999,-999999,0.155,-999999,-999999,-999999,-999999,-999999,0.7;22.950,-999999,-999999,18.950,-999999,-999999,-999999,-999999,-999999,-999999,-999999,0,2,-999999,-999999,2,-999999,-999999,0.140,-999999,-999999,-999999,-999999,-999999,0.7;22.970,-999999,-999999,18.501,-999999,-999999,-999999,-999999,-999999,-999999,-999999,0,2,-999999,-999999,2,-999999,-999999,0.137,-999999,-999999,-999999,-999999,-999999,0.7;22.990,-999999,-999999,18.110,-999999,-999999,-999999,-999999,-999999,-999999,-999999,0,2,-999999,-999999,2,-999999,-999999,0.136,-999999,-999999,-999999,-999999,-999999,0.7;23.010,-999999,-999999,17.795,-999999,-999999,-999999,-999999,-999999,-999999,-999999,0,2,-999999,-999999,2,-999999,-999999,0.127,-999999,-999999,-999999,-999999,-999999,0.7;23.030,-999999,-999999,17.542,-999999,-999999,-999999,-999999,-999999,-999999,-999999,0,2,-999999,-999999,2,-999999,-999999,0.131,-999999,-999999,-999999,-999999,-999999,0.7;23.050,-999999,-999999,17.388,-999999,-999999,-999999,-999999,-999999,-999999,-999999,0,2,-999999,-999999,2,-999999,-999999,0.129,-999999,-999999,-999999,-999999,-999999,0.7;23.070,-999999,-999999,17.385,-999999,-999999,-999999,-999999,-999999,-999999,-999999,0,2,-999999,-999999,2,-999999,-999999,0.130,-999999,-999999,-999999,-999999,-999999,0.7;23.090,-999999,-999999,17.532,-999999,-999999,-999999,-999999,-999999,-999999,-999999,0,2,-999999,-999999,2,-999999,-999999,0.127,-999999,-999999,-999999,-999999,-999999,0.7;23.110,-999999,-999999,17.680,-999999,-999999,-999999,-999999,-999999,-999999,-999999,0,2,-999999,-999999,2,-999999,-999999,0.127,-999999,-999999,-999999,-999999,-999999,0.7;23.130,-999999,-999999,18.049,-999999,-999999,-999999,-999999,-999999,-999999,-999999,0,2,-999999,-999999,2,-999999,-999999,0.128,-999999,-999999,-999999,-999999,-999999,0.7;23.150,-999999,-999999,18.491,-999999,-999999,-999999,-999999,-999999,-999999,-999999,0,2,-999999,-999999,2,-999999,-999999,0.129,-999999,-999999,-999999,-999999,-999999,0.6;23.170,-999999,-999999,19.200,-999999,-999999,-999999,-999999,-999999,-999999,-999999,0,2,-999999,-999999,2,-999999,-999999,0.125,-999999,-999999,-999999,-999999,-999999,0.6;23.190,-999999,-999999,19.816,-999999,-999999,-999999,-999999,-999999,-999999,-999999,0,2,-999999,-999999,2,-999999,-999999,0.122,-999999,-999999,-999999,-999999,-999999,0.6;23.210,-999999,-999999,20.352,-999999,-999999,-999999,-999999,-999999,-999999,-999999,0,2,-999999,-999999,2,-999999,-999999,0.129,-999999,-999999,-999999,-999999,-999999,0.6;23.230,-999999,-999999,20.621,-999999,-999999,-999999,-999999,-999999,-999999,-999999,0,2,-999999,-999999,2,-999999,-999999,0.134,-999999,-999999,-999999,-999999,-999999,0.6;23.250,-999999,-999999,20.448,-999999,-999999,-999999,-999999,-999999,-999999,-999999,0,2,-999999,-999999,2,-999999,-999999,0.136,-999999,-999999,-999999,-999999,-999999,0.7;23.270,-999999,-999999,19.293,-999999,-999999,-999999,-999999,-999999,-999999,-999999,0,2,-999999,-999999,2,-999999,-999999,0.136,-999999,-999999,-999999,-999999,-999999,0.7;23.290,-999999,-999999,17.715,-999999,-999999,-999999,-999999,-999999,-999999,-999999,0,2,-999999,-999999,2,-999999,-999999,0.135,-999999,-999999,-999999,-999999,-999999,0.7;23.310,-999999,-999999,16.333,-999999,-999999,-999999,-999999,-999999,-999999,-999999,0,2,-999999,-999999,2,-999999,-999999,0.132,-999999,-999999,-999999,-999999,-999999,0.7;23.330,-999999,-999999,15.290,-999999,-999999,-999999,-999999,-999999,-999999,-999999,0,2,-999999,-999999,2,-999999,-999999,0.129,-999999,-999999,-999999,-999999,-999999,0.8;23.350,-999999,-999999,14.501,-999999,-999999,-999999,-999999,-999999,-999999,-999999,0,2,-999999,-999999,2,-999999,-999999,0.120,-999999,-999999,-999999,-999999,-999999,0.8;23.370,-999999,-999999,13.888,-999999,-999999,-999999,-999999,-999999,-999999,-999999,0,2,-999999,-999999,2,-999999,-999999,0.113,-999999,-999999,-999999,-999999,-999999,0.8;23.390,-999999,-999999,13.372,-999999,-999999,-999999,-999999,-999999,-999999,-999999,0,2,-999999,-999999,2,-999999,-999999,0.109,-999999,-999999,-999999,-999999,-999999,0.8;23.410,-999999,-999999,12.987,-999999,-999999,-999999,-999999,-999999,-999999,-999999,0,2,-999999,-999999,2,-999999,-999999,0.105,-999999,-999999,-999999,-999999,-999999,0.8;23.430,-999999,-999999,12.657,-999999,-999999,-999999,-999999,-999999,-999999,-999999,0,2,-999999,-999999,2,-999999,-999999,0.102,-999999,-999999,-999999,-999999,-999999,0.8;23.450,-999999,-999999,12.365,-999999,-999999,-999999,-999999,-999999,-999999,-999999,0,2,-999999,-999999,2,-999999,-999999,0.105,-999999,-999999,-999999,-999999,-999999,0.8;23.470,-999999,-999999,12.092,-999999,-999999,-999999,-999999,-999999,-999999,-999999,0,2,-999999,-999999,2,-999999,-999999,0.102,-999999,-999999,-999999,-999999,-999999,0.8;23.490,-999999,-999999,11.871,-999999,-999999,-999999,-999999,-999999,-999999,-999999,0,2,-999999,-999999,2,-999999,-999999,0.095,-999999,-999999,-999999,-999999,-999999,0.7;23.510,-999999,-999999,11.675,-999999,-999999,-999999,-999999,-999999,-999999,-999999,0,2,-999999,-999999,2,-999999,-999999,0.095,-999999,-999999,-999999,-999999,-999999,0.8;23.530,-999999,-999999,11.512,-999999,-999999,-999999,-999999,-999999,-999999,-999999,0,2,-999999,-999999,2,-999999,-999999,0.092,-999999,-999999,-999999,-999999,-999999,0.7;23.550,-999999,-999999,11.386,-999999,-999999,-999999,-999999,-999999,-999999,-999999,0,2,-999999,-999999,2,-999999,-999999,0.091,-999999,-999999,-999999,-999999,-999999,0.7;23.570,-999999,-999999,11.326,-999999,-999999,-999999,-999999,-999999,-999999,-999999,0,2,-999999,-999999,2,-999999,-999999,0.094,-999999,-999999,-999999,-999999,-999999,0.8;23.590,-999999,-999999,11.159,-999999,-999999,-999999,-999999,-999999,-999999,-999999,0,2,-999999,-999999,2,-999999,-999999,0.089,-999999,-999999,-999999,-999999,-999999,0.7;23.610,-999999,-999999,11.114,-999999,-999999,-999999,-999999,-999999,-999999,-999999,0,2,-999999,-999999,2,-999999,-999999,0.088,-999999,-999999,-999999,-999999,-999999,0.7;23.630,-999999,-999999,11.046,-999999,-999999,-999999,-999999,-999999,-999999,-999999,0,2,-999999,-999999,2,-999999,-999999,0.087,-999999,-999999,-999999,-999999,-999999,0.7;23.650,-999999,-999999,10.931,-999999,-999999,-999999,-999999,-999999,-999999,-999999,0,2,-999999,-999999,2,-999999,-999999,0.086,-999999,-999999,-999999,-999999,-999999,0.7;23.670,-999999,-999999,10.925,-999999,-999999,-999999,-999999,-999999,-999999,-999999,0,2,-999999,-999999,2,-999999,-999999,0.086,-999999,-999999,-999999,-999999,-999999,0.7;23.690,-999999,-999999,10.867,-999999,-999999,-999999,-999999,-999999,-999999,-999999,0,2,-999999,-999999,2,-999999,-999999,0.085,-999999,-999999,-999999,-999999,-999999,0.7;23.710,-999999,-999999,10.803,-999999,-999999,-999999,-999999,-999999,-999999,-999999,0,2,-999999,-999999,2,-999999,-999999,0.085,-999999,-999999,-999999,-999999,-999999,0.7;23.730,-999999,-999999,10.729,-999999,-999999,-999999,-999999,-999999,-999999,-999999,0,2,-999999,-999999,2,-999999,-999999,0.085,-999999,-999999,-999999,-999999,-999999,0.7;23.750,-999999,-999999,10.681,-999999,-999999,-999999,-999999,-999999,-999999,-999999,0,2,-999999,-999999,2,-999999,-999999,0.085,-999999,-999999,-999999,-999999,-999999,0.7;23.770,-999999,-999999,10.671,-999999,-999999,-999999,-999999,-999999,-999999,-999999,0,2,-999999,-999999,2,-999999,-999999,0.085,-999999,-999999,-999999,-999999,-999999,0.7;23.790,-999999,-999999,10.716,-999999,-999999,-999999,-999999,-999999,-999999,-999999,0,2,-999999,-999999,2,-999999,-999999,0.085,-999999,-999999,-999999,-999999,-999999,0.7;23.810,-999999,-999999,10.822,-999999,-999999,-999999,-999999,-999999,-999999,-999999,0,2,-999999,-999999,2,-999999,-999999,0.085,-999999,-999999,-999999,-999999,-999999,0.7;23.830,-999999,-999999,10.950,-999999,-999999,-999999,-999999,-999999,-999999,-999999,0,2,-999999,-999999,2,-999999,-999999,0.087,-999999,-999999,-999999,-999999,-999999,0.7;23.850,-999999,-999999,11.191,-999999,-999999,-999999,-999999,-999999,-999999,-999999,0,2,-999999,-999999,2,-999999,-999999,0.087,-999999,-999999,-999999,-999999,-999999,0.7;23.870,-999999,-999999,11.486,-999999,-999999,-999999,-999999,-999999,-999999,-999999,0,2,-999999,-999999,2,-999999,-999999,0.088,-999999,-999999,-999999,-999999,-999999,0.7;23.890,-999999,-999999,11.951,-999999,-999999,-999999,-999999,-999999,-999999,-999999,0,2,-999999,-999999,2,-999999,-999999,0.088,-999999,-999999,-999999,-999999,-999999,0.7;23.910,-999999,-999999,12.567,-999999,-999999,-999999,-999999,-999999,-999999,-999999,0,2,-999999,-999999,2,-999999,-999999,0.091,-999999,-999999,-999999,-999999,-999999,0.7;23.930,-999999,-999999,13.362,-999999,-999999,-999999,-999999,-999999,-999999,-999999,0,2,-999999,-999999,2,-999999,-999999,0.094,-999999,-999999,-999999,-999999,-999999,0.7;23.950,-999999,-999999,14.148,-999999,-999999,-999999,-999999,-999999,-999999,-999999,0,2,-999999,-999999,2,-999999,-999999,0.099,-999999,-999999,-999999,-999999,-999999,0.7;23.970,-999999,-999999,14.716,-999999,-999999,-999999,-999999,-999999,-999999,-999999,0,2,-999999,-999999,2,-999999,-999999,0.107,-999999,-999999,-999999,-999999,-999999,0.7;23.990,-999999,-999999,15.149,-999999,-999999,-999999,-999999,-999999,-999999,-999999,0,2,-999999,-999999,2,-999999,-999999,0.115,-999999,-999999,-999999,-999999,-999999,0.7;24.010,-999999,-999999,15.688,-999999,-999999,-999999,-999999,-999999,-999999,-999999,0,2,-999999,-999999,2,-999999,-999999,0.120,-999999,-999999,-999999,-999999,-999999,0.7;24.030,-999999,-999999,16.461,-999999,-999999,-999999,-999999,-999999,-999999,-999999,0,2,-999999,-999999,2,-999999,-999999,0.120,-999999,-999999,-999999,-999999,-999999,0.7;24.050,-999999,-999999,17.587,-999999,-999999,-999999,-999999,-999999,-999999,-999999,0,2,-999999,-999999,2,-999999,-999999,0.120,-999999,-999999,-999999,-999999,-999999,0.6;24.070,-999999,-999999,19.158,-999999,-999999,-999999,-999999,-999999,-999999,-999999,0,2,-999999,-999999,2,-999999,-999999,0.119,-999999,-999999,-999999,-999999,-999999,0.6;24.090,-999999,-999999,21.054,-999999,-999999,-999999,-999999,-999999,-999999,-999999,0,3,-999999,-999999,3,-999999,-999999,0.122,-999999,-999999,-999999,-999999,-999999,0.5;24.110,-999999,-999999,23.062,-999999,-999999,-999999,-999999,-999999,-999999,-999999,0,3,-999999,-999999,3,-999999,-999999,0.125,-999999,-999999,-999999,-999999,-999999,0.5;24.130,-999999,-999999,24.595,-999999,-999999,-999999,-999999,-999999,-999999,-999999,0,3,-999999,-999999,3,-999999,-999999,0.135,-999999,-999999,-999999,-999999,-999999,0.5;24.150,-999999,-999999,25.599,-999999,-999999,-999999,-999999,-999999,-999999,-999999,0,3,-999999,-999999,3,-999999,-999999,0.139,-999999,-999999,-999999,-999999,-999999,0.5;24.170,-999999,-999999,26.222,-999999,-999999,-999999,-999999,-999999,-999999,-999999,0,3,-999999,-999999,3,-999999,-999999,0.158,-999999,-999999,-999999,-999999,-999999,0.6;24.190,-999999,-999999,26.148,-999999,-999999,-999999,-999999,-999999,-999999,-999999,0,3,-999999,-999999,3,-999999,-999999,0.203,-999999,-999999,-999999,-999999,-999999,0.8;24.210,-999999,-999999,25.503,-999999,-999999,-999999,-999999,-999999,-999999,-999999,0,3,-999999,-999999,3,-999999,-999999,0.192,-999999,-999999,-999999,-999999,-999999,0.7;24.230,-999999,-999999,25.070,-999999,-999999,-999999,-999999,-999999,-999999,-999999,0,3,-999999,-999999,3,-999999,-999999,0.212,-999999,-999999,-999999,-999999,-999999,0.8;24.250,-999999,-999999,23.469,-999999,-999999,-999999,-999999,-999999,-999999,-999999,0,3,-999999,-999999,3,-999999,-999999,0.232,-999999,-999999,-999999,-999999,-999999,0.9;24.270,-999999,-999999,22.308,-999999,-999999,-999999,-999999,-999999,-999999,-999999,0,3,-999999,-999999,3,-999999,-999999,0.191,-999999,-999999,-999999,-999999,-999999,0.8;24.290,-999999,-999999,21.583,-999999,-999999,-999999,-999999,-999999,-999999,-999999,0,3,-999999,-999999,3,-999999,-999999,0.188,-999999,-999999,-999999,-999999,-999999,0.9;24.310,-999999,-999999,19.736,-999999,-999999,-999999,-999999,-999999,-999999,-999999,0,3,-999999,-999999,3,-999999,-999999,0.180,-999999,-999999,-999999,-999999,-999999,0.9;24.330,-999999,-999999,17.372,-999999,-999999,-999999,-999999,-999999,-999999,-999999,0,3,-999999,-999999,3,-999999,-999999,0.171,-999999,-999999,-999999,-999999,-999999,0.9;24.350,-999999,-999999,16.772,-999999,-999999,-999999,-999999,-999999,-999999,-999999,0,3,-999999,-999999,3,-999999,-999999,0.166,-999999,-999999,-999999,-999999,-999999,0.9;24.370,-999999,-999999,15.944,-999999,-999999,-999999,-999999,-999999,-999999,-999999,0,3,-999999,-999999,3,-999999,-999999,0.163,-999999,-999999,-999999,-999999,-999999,0.9;24.390,-999999,-999999,15.351,-999999,-999999,-999999,-999999,-999999,-999999,-999999,0,3,-999999,-999999,3,-999999,-999999,0.155,-999999,-999999,-999999,-999999,-999999,0.9;24.410,-999999,-999999,14.873,-999999,-999999,-999999,-999999,-999999,-999999,-999999,0,3,-999999,-999999,3,-999999,-999999,0.144,-999999,-999999,-999999,-999999,-999999,0.9;24.430,-999999,-999999,14.463,-999999,-999999,-999999,-999999,-999999,-999999,-999999,0,3,-999999,-999999,3,-999999,-999999,0.138,-999999,-999999,-999999,-999999,-999999,0.9;24.450,-999999,-999999,14.164,-999999,-999999,-999999,-999999,-999999,-999999,-999999,0,3,-999999,-999999,3,-999999,-999999,0.136,-999999,-999999,-999999,-999999,-999999,0.9;24.470,-999999,-999999,13.981,-999999,-999999,-999999,-999999,-999999,-999999,-999999,0,3,-999999,-999999,3,-999999,-999999,0.134,-999999,-999999,-999999,-999999,-999999,0.9;24.490,-999999,-999999,13.872,-999999,-999999,-999999,-999999,-999999,-999999,-999999,0,3,-999999,-999999,3,-999999,-999999,0.130,-999999,-999999,-999999,-999999,-999999,0.9;24.510,-999999,-999999,13.827,-999999,-999999,-999999,-999999,-999999,-999999,-999999,0,3,-999999,-999999,3,-999999,-999999,0.126,-999999,-999999,-999999,-999999,-999999,0.9;24.530,-999999,-999999,13.860,-999999,-999999,-999999,-999999,-999999,-999999,-999999,0,3,-999999,-999999,3,-999999,-999999,0.124,-999999,-999999,-999999,-999999,-999999,0.8;24.550,-999999,-999999,14.030,-999999,-999999,-999999,-999999,-999999,-999999,-999999,0,3,-999999,-999999,3,-999999,-999999,0.122,-999999,-999999,-999999,-999999,-999999,0.8;24.570,-999999,-999999,14.305,-999999,-999999,-999999,-999999,-999999,-999999,-999999,0,3,-999999,-999999,3,-999999,-999999,0.121,-999999,-999999,-999999,-999999,-999999,0.8;24.590,-999999,-999999,14.642,-999999,-999999,-999999,-999999,-999999,-999999,-999999,0,3,-999999,-999999,3,-999999,-999999,0.122,-999999,-999999,-999999,-999999,-999999,0.8;24.610,-999999,-999999,15.050,-999999,-999999,-999999,-999999,-999999,-999999,-999999,0,3,-999999,-999999,3,-999999,-999999,0.123,-999999,-999999,-999999,-999999,-999999,0.8;24.630,-999999,-999999,15.492,-999999,-999999,-999999,-999999,-999999,-999999,-999999,0,3,-999999,-999999,3,-999999,-999999,0.124,-999999,-999999,-999999,-999999,-999999,0.8;24.650,-999999,-999999,15.957,-999999,-999999,-999999,-999999,-999999,-999999,-999999,0,3,-999999,-999999,3,-999999,-999999,0.126,-999999,-999999,-999999,-999999,-999999,0.7;24.670,-999999,-999999,16.474,-999999,-999999,-999999,-999999,-999999,-999999,-999999,0,3,-999999,-999999,3,-999999,-999999,0.129,-999999,-999999,-999999,-999999,-999999,0.7;24.690,-999999,-999999,17.151,-999999,-999999,-999999,-999999,-999999,-999999,-999999,0,3,-999999,-999999,3,-999999,-999999,0.132,-999999,-999999,-999999,-999999,-999999,0.7;24.710,-999999,-999999,17.821,-999999,-999999,-999999,-999999,-999999,-999999,-999999,0,3,-999999,-999999,3,-999999,-999999,0.135,-999999,-999999,-999999,-999999,-999999,0.7;24.730,-999999,-999999,18.228,-999999,-999999,-999999,-999999,-999999,-999999,-999999,0,3,-999999,-999999,3,-999999,-999999,0.136,-999999,-999999,-999999,-999999,-999999,0.7;24.750,-999999,-999999,19.813,-999999,-999999,-999999,-999999,-999999,-999999,-999999,0,3,-999999,-999999,3,-999999,-999999,0.138,-999999,-999999,-999999,-999999,-999999,0.7;24.770,-999999,-999999,21.019,-999999,-999999,-999999,-999999,-999999,-999999,-999999,0,3,-999999,-999999,3,-999999,-999999,0.132,-999999,-999999,-999999,-999999,-999999,0.6;24.790,-999999,-999999,21.571,-999999,-999999,-999999,-999999,-999999,-999999,-999999,0,3,-999999,-999999,3,-999999,-999999,0.139,-999999,-999999,-999999,-999999,-999999,0.6;24.810,-999999,-999999,22.478,-999999,-999999,-999999,-999999,-999999,-999999,-999999,0,3,-999999,-999999,3,-999999,-999999,0.148,-999999,-999999,-999999,-999999,-999999,0.6;24.830,-999999,-999999,22.924,-999999,-999999,-999999,-999999,-999999,-999999,-999999,0,3,-999999,-999999,3,-999999,-999999,0.157,-999999,-999999,-999999,-999999,-999999,0.7;24.850,-999999,-999999,22.376,-999999,-999999,-999999,-999999,-999999,-999999,-999999,0,3,-999999,-999999,3,-999999,-999999,0.165,-999999,-999999,-999999,-999999,-999999,0.7;24.870,-999999,-999999,22.328,-999999,-999999,-999999,-999999,-999999,-999999,-999999,0,3,-999999,-999999,3,-999999,-999999,0.171,-999999,-999999,-999999,-999999,-999999,0.7;24.890,-999999,-999999,22.068,-999999,-999999,-999999,-999999,-999999,-999999,-999999,0,3,-999999,-999999,3,-999999,-999999,0.177,-999999,-999999,-999999,-999999,-999999,0.8;24.910,-999999,-999999,21.705,-999999,-999999,-999999,-999999,-999999,-999999,-999999,0,3,-999999,-999999,3,-999999,-999999,0.181,-999999,-999999,-999999,-999999,-999999,0.8;24.930,-999999,-999999,21.336,-999999,-999999,-999999,-999999,-999999,-999999,-999999,0,3,-999999,-999999,3,-999999,-999999,0.188,-999999,-999999,-999999,-999999,-999999,0.8;24.950,-999999,-999999,20.984,-999999,-999999,-999999,-999999,-999999,-999999,-999999,0,3,-999999,-999999,3,-999999,-999999,0.185,-999999,-999999,-999999,-999999,-999999,0.8;24.970,-999999,-999999,20.740,-999999,-999999,-999999,-999999,-999999,-999999,-999999,0,3,-999999,-999999,3,-999999,-999999,0.186,-999999,-999999,-999999,-999999,-999999,0.8;24.990,-999999,-999999,20.470,-999999,-999999,-999999,-999999,-999999,-999999,-999999,0,3,-999999,-999999,3,-999999,-999999,0.162,-999999,-999999,-999999,-999999,-999999,0.7;25.010,-999999,-999999,20.268,-999999,-999999,-999999,-999999,-999999,-999999,-999999,0,3,-999999,-999999,3,-999999,-999999,0.137,-999999,-999999,-999999,-999999,-999999,0.6;25.030,-999999,-999999,20.246,-999999,-999999,-999999,-999999,-999999,-999999,-999999,0,3,-999999,-999999,3,-999999,-999999,0.139,-999999,-999999,-999999,-999999,-999999,0.6;25.050,-999999,-999999,20.538,-999999,-999999,-999999,-999999,-999999,-999999,-999999,0,3,-999999,-999999,3,-999999,-999999,0.143,-999999,-999999,-999999,-999999,-999999,0.6;25.070,-999999,-999999,21.022,-999999,-999999,-999999,-999999,-999999,-999999,-999999,0,3,-999999,-999999,3,-999999,-999999,0.150,-999999,-999999,-999999,-999999,-999999,0.7;25.090,-999999,-999999,21.506,-999999,-999999,-999999,-999999,-999999,-999999,-999999,0,3,-999999,-999999,3,-999999,-999999,0.154,-999999,-999999,-999999,-999999,-999999,0.7;25.110,-999999,-999999,22.222,-999999,-999999,-999999,-999999,-999999,-999999,-999999,0,3,-999999,-999999,3,-999999,-999999,0.159,-999999,-999999,-999999,-999999,-999999,0.7;25.130,-999999,-999999,22.931,-999999,-999999,-999999,-999999,-999999,-999999,-999999,0,3,-999999,-999999,3,-999999,-999999,0.167,-999999,-999999,-999999,-999999,-999999,0.7;25.150,-999999,-999999,23.742,-999999,-999999,-999999,-999999,-999999,-999999,-999999,0,3,-999999,-999999,3,-999999,-999999,0.176,-999999,-999999,-999999,-999999,-999999,0.7;25.170,-999999,-999999,24.608,-999999,-999999,-999999,-999999,-999999,-999999,-999999,0,3,-999999,-999999,3,-999999,-999999,0.226,-999999,-999999,-999999,-999999,-999999,0.9;25.190,-999999,-999999,25.487,-999999,-999999,-999999,-999999,-999999,-999999,-999999,0,3,-999999,-999999,3,-999999,-999999,0.182,-999999,-999999,-999999,-999999,-999999,0.7;25.210,-999999,-999999,26.209,-999999,-999999,-999999,-999999,-999999,-999999,-999999,0,3,-999999,-999999,3,-999999,-999999,0.188,-999999,-999999,-999999,-999999,-999999,0.7;25.230,-999999,-999999,26.902,-999999,-999999,-999999,-999999,-999999,-999999,-999999,0,3,-999999,-999999,3,-999999,-999999,0.196,-999999,-999999,-999999,-999999,-999999,0.7;25.250,-999999,-999999,27.102,-999999,-999999,-999999,-999999,-999999,-999999,-999999,0,3,-999999,-999999,3,-999999,-999999,0.201,-999999,-999999,-999999,-999999,-999999,0.7;25.270,-999999,-999999,27.303,-999999,-999999,-999999,-999999,-999999,-999999,-999999,0,3,-999999,-999999,3,-999999,-999999,0.199,-999999,-999999,-999999,-999999,-999999,0.7;25.290,-999999,-999999,27.364,-999999,-999999,-999999,-999999,-999999,-999999,-999999,0,3,-999999,-999999,3,-999999,-999999,0.208,-999999,-999999,-999999,-999999,-999999,0.7;25.310,-999999,-999999,27.283,-999999,-999999,-999999,-999999,-999999,-999999,-999999,0,3,-999999,-999999,3,-999999,-999999,0.214,-999999,-999999,-999999,-999999,-999999,0.7;25.330,-999999,-999999,27.174,-999999,-999999,-999999,-999999,-999999,-999999,-999999,0,3,-999999,-999999,3,-999999,-999999,0.218,-999999,-999999,-999999,-999999,-999999,0.8;25.350,-999999,-999999,26.626,-999999,-999999,-999999,-999999,-999999,-999999,-999999,0,3,-999999,-999999,3,-999999,-999999,0.219,-999999,-999999,-999999,-999999,-999999,0.8;25.370,-999999,-999999,25.798,-999999,-999999,-999999,-999999,-999999,-999999,-999999,0,3,-999999,-999999,3,-999999,-999999,0.215,-999999,-999999,-999999,-999999,-999999,0.8;25.390,-999999,-999999,24.910,-999999,-999999,-999999,-999999,-999999,-999999,-999999,0,3,-999999,-999999,3,-999999,-999999,0.206,-999999,-999999,-999999,-999999,-999999,0.8;25.410,-999999,-999999,24.294,-999999,-999999,-999999,-999999,-999999,-999999,-999999,0,3,-999999,-999999,3,-999999,-999999,0.200,-999999,-999999,-999999,-999999,-999999,0.7;25.430,-999999,-999999,24.332,-999999,-999999,-999999,-999999,-999999,-999999,-999999,0,3,-999999,-999999,3,-999999,-999999,0.184,-999999,-999999,-999999,-999999,-999999,0.7;25.450,-999999,-999999,24.983,-999999,-999999,-999999,-999999,-999999,-999999,-999999,0,3,-999999,-999999,3,-999999,-999999,0.175,-999999,-999999,-999999,-999999,-999999,0.6;25.470,-999999,-999999,26.000,-999999,-999999,-999999,-999999,-999999,-999999,-999999,0,3,-999999,-999999,3,-999999,-999999,0.169,-999999,-999999,-999999,-999999,-999999,0.6;25.490,-999999,-999999,27.072,-999999,-999999,-999999,-999999,-999999,-999999,-999999,0,3,-999999,-999999,3,-999999,-999999,0.161,-999999,-999999,-999999,-999999,-999999,0.6;25.510,-999999,-999999,27.399,-999999,-999999,-999999,-999999,-999999,-999999,-999999,0,3,-999999,-999999,3,-999999,-999999,0.162,-999999,-999999,-999999,-999999,-999999,0.6;25.530,-999999,-999999,27.287,-999999,-999999,-999999,-999999,-999999,-999999,-999999,0,3,-999999,-999999,3,-999999,-999999,0.169,-999999,-999999,-999999,-999999,-999999,0.6;25.550,-999999,-999999,26.809,-999999,-999999,-999999,-999999,-999999,-999999,-999999,0,3,-999999,-999999,3,-999999,-999999,0.176,-999999,-999999,-999999,-999999,-999999,0.6;25.570,-999999,-999999,26.324,-999999,-999999,-999999,-999999,-999999,-999999,-999999,0,3,-999999,-999999,3,-999999,-999999,0.186,-999999,-999999,-999999,-999999,-999999,0.7;25.590,-999999,-999999,26.331,-999999,-999999,-999999,-999999,-999999,-999999,-999999,0,3,-999999,-999999,3,-999999,-999999,0.180,-999999,-999999,-999999,-999999,-999999,0.6;25.610,-999999,-999999,26.036,-999999,-999999,-999999,-999999,-999999,-999999,-999999,0,3,-999999,-999999,3,-999999,-999999,0.175,-999999,-999999,-999999,-999999,-999999,0.6;25.630,-999999,-999999,25.256,-999999,-999999,-999999,-999999,-999999,-999999,-999999,0,3,-999999,-999999,3,-999999,-999999,0.124,-999999,-999999,-999999,-999999,-999999,0.5;25.650,-999999,-999999,24.175,-999999,-999999,-999999,-999999,-999999,-999999,-999999,0,3,-999999,-999999,3,-999999,-999999,0.128,-999999,-999999,-999999,-999999,-999999,0.5;25.670,-999999,-999999,23.473,-999999,-999999,-999999,-999999,-999999,-999999,-999999,0,3,-999999,-999999,3,-999999,-999999,0.133,-999999,-999999,-999999,-999999,-999999,0.5;25.690,-999999,-999999,21.221,-999999,-999999,-999999,-999999,-999999,-999999,-999999,0,3,-999999,-999999,3,-999999,-999999,0.129,-999999,-999999,-999999,-999999,-999999,0.6;25.710,-999999,-999999,20.374,-999999,-999999,-999999,-999999,-999999,-999999,-999999,0,3,-999999,-999999,3,-999999,-999999,0.126,-999999,-999999,-999999,-999999,-999999,0.6;25.730,-999999,-999999,18.854,-999999,-999999,-999999,-999999,-999999,-999999,-999999,0,3,-999999,-999999,3,-999999,-999999,0.123,-999999,-999999,-999999,-999999,-999999,0.6;25.750,-999999,-999999,17.500,-999999,-999999,-999999,-999999,-999999,-999999,-999999,0,3,-999999,-999999,3,-999999,-999999,0.124,-999999,-999999,-999999,-999999,-999999,0.6;25.770,-999999,-999999,16.458,-999999,-999999,-999999,-999999,-999999,-999999,-999999,0,3,-999999,-999999,3,-999999,-999999,0.115,-999999,-999999,-999999,-999999,-999999,0.6;25.790,-999999,-999999,15.742,-999999,-999999,-999999,-999999,-999999,-999999,-999999,0,3,-999999,-999999,3,-999999,-999999,0.117,-999999,-999999,-999999,-999999,-999999,0.7;25.810,-999999,-999999,15.165,-999999,-999999,-999999,-999999,-999999,-999999,-999999,0,3,-999999,-999999,3,-999999,-999999,0.117,-999999,-999999,-999999,-999999,-999999,0.7;25.830,-999999,-999999,14.668,-999999,-999999,-999999,-999999,-999999,-999999,-999999,0,3,-999999,-999999,3,-999999,-999999,0.109,-999999,-999999,-999999,-999999,-999999,0.7;25.850,-999999,-999999,14.248,-999999,-999999,-999999,-999999,-999999,-999999,-999999,0,3,-999999,-999999,3,-999999,-999999,0.105,-999999,-999999,-999999,-999999,-999999,0.7;25.870,-999999,-999999,13.965,-999999,-999999,-999999,-999999,-999999,-999999,-999999,0,3,-999999,-999999,3,-999999,-999999,0.105,-999999,-999999,-999999,-999999,-999999,0.7;25.890,-999999,-999999,13.901,-999999,-999999,-999999,-999999,-999999,-999999,-999999,0,3,-999999,-999999,3,-999999,-999999,0.104,-999999,-999999,-999999,-999999,-999999,0.7;25.910,-999999,-999999,14.094,-999999,-999999,-999999,-999999,-999999,-999999,-999999,0,3,-999999,-999999,3,-999999,-999999,0.106,-999999,-999999,-999999,-999999,-999999,0.7;25.930,-999999,-999999,14.511,-999999,-999999,-999999,-999999,-999999,-999999,-999999,0,3,-999999,-999999,3,-999999,-999999,0.106,-999999,-999999,-999999,-999999,-999999,0.7;25.950,-999999,-999999,14.931,-999999,-999999,-999999,-999999,-999999,-999999,-999999,0,3,-999999,-999999,3,-999999,-999999,0.105,-999999,-999999,-999999,-999999,-999999,0.7;25.970,-999999,-999999,15.011,-999999,-999999,-999999,-999999,-999999,-999999,-999999,0,3,-999999,-999999,3,-999999,-999999,0.105,-999999,-999999,-999999,-999999,-999999,0.7;25.990,-999999,-999999,14.870,-999999,-999999,-999999,-999999,-999999,-999999,-999999,0,3,-999999,-999999,3,-999999,-999999,0.106,-999999,-999999,-999999,-999999,-999999,0.7;26.010,-999999,-999999,14.867,-999999,-999999,-999999,-999999,-999999,-999999,-999999,0,3,-999999,-999999,3,-999999,-999999,0.108,-999999,-999999,-999999,-999999,-999999,0.7;26.030,-999999,-999999,15.069,-999999,-999999,-999999,-999999,-999999,-999999,-999999,0,3,-999999,-999999,3,-999999,-999999,0.109,-999999,-999999,-999999,-999999,-999999,0.7;26.050,-999999,-999999,15.178,-999999,-999999,-999999,-999999,-999999,-999999,-999999,0,3,-999999,-999999,3,-999999,-999999,0.110,-999999,-999999,-999999,-999999,-999999,0.7;26.070,-999999,-999999,15.001,-999999,-999999,-999999,-999999,-999999,-999999,-999999,0,3,-999999,-999999,3,-999999,-999999,0.105,-999999,-999999,-999999,-999999,-999999,0.7;26.090,-999999,-999999,14.806,-999999,-999999,-999999,-999999,-999999,-999999,-999999,0,3,-999999,-999999,3,-999999,-999999,0.101,-999999,-999999,-999999,-999999,-999999,0.6;26.110,-999999,-999999,14.899,-999999,-999999,-999999,-999999,-999999,-999999,-999999,0,3,-999999,-999999,3,-999999,-999999,0.099,-999999,-999999,-999999,-999999,-999999,0.6;26.130,-999999,-999999,15.370,-999999,-999999,-999999,-999999,-999999,-999999,-999999,0,3,-999999,-999999,3,-999999,-999999,0.123,-999999,-999999,-999999,-999999,-999999,0.7;26.150,-999999,-999999,16.233,-999999,-999999,-999999,-999999,-999999,-999999,-999999,0,3,-999999,-999999,3,-999999,-999999,0.108,-999999,-999999,-999999,-999999,-999999,0.6;26.170,-999999,-999999,16.843,-999999,-999999,-999999,-999999,-999999,-999999,-999999,0,3,-999999,-999999,3,-999999,-999999,0.110,-999999,-999999,-999999,-999999,-999999,0.6;26.190,-999999,-999999,16.788,-999999,-999999,-999999,-999999,-999999,-999999,-999999,0,3,-999999,-999999,3,-999999,-999999,0.108,-999999,-999999,-999999,-999999,-999999,0.6;26.210,-999999,-999999,16.131,-999999,-999999,-999999,-999999,-999999,-999999,-999999,0,3,-999999,-999999,3,-999999,-999999,0.107,-999999,-999999,-999999,-999999,-999999,0.6;26.230,-999999,-999999,15.418,-999999,-999999,-999999,-999999,-999999,-999999,-999999,0,3,-999999,-999999,3,-999999,-999999,0.111,-999999,-999999,-999999,-999999,-999999,0.7;26.250,-999999,-999999,15.168,-999999,-999999,-999999,-999999,-999999,-999999,-999999,0,3,-999999,-999999,3,-999999,-999999,0.116,-999999,-999999,-999999,-999999,-999999,0.7;26.270,-999999,-999999,14.758,-999999,-999999,-999999,-999999,-999999,-999999,-999999,0,3,-999999,-999999,3,-999999,-999999,0.117,-999999,-999999,-999999,-999999,-999999,0.7;26.290,-999999,-999999,14.543,-999999,-999999,-999999,-999999,-999999,-999999,-999999,0,3,-999999,-999999,3,-999999,-999999,0.113,-999999,-999999,-999999,-999999,-999999,0.7;26.310,-999999,-999999,14.530,-999999,-999999,-999999,-999999,-999999,-999999,-999999,0,3,-999999,-999999,3,-999999,-999999,0.108,-999999,-999999,-999999,-999999,-999999,0.7;26.330,-999999,-999999,14.735,-999999,-999999,-999999,-999999,-999999,-999999,-999999,0,3,-999999,-999999,3,-999999,-999999,0.103,-999999,-999999,-999999,-999999,-999999,0.7;26.350,-999999,-999999,14.629,-999999,-999999,-999999,-999999,-999999,-999999,-999999,0,3,-999999,-999999,3,-999999,-999999,0.099,-999999,-999999,-999999,-999999,-999999,0.7;26.370,-999999,-999999,14.023,-999999,-999999,-999999,-999999,-999999,-999999,-999999,0,3,-999999,-999999,3,-999999,-999999,0.099,-999999,-999999,-999999,-999999,-999999,0.7;26.390,-999999,-999999,13.536,-999999,-999999,-999999,-999999,-999999,-999999,-999999,0,3,-999999,-999999,3,-999999,-999999,0.098,-999999,-999999,-999999,-999999,-999999,0.7;26.410,-999999,-999999,13.083,-999999,-999999,-999999,-999999,-999999,-999999,-999999,0,3,-999999,-999999,3,-999999,-999999,0.093,-999999,-999999,-999999,-999999,-999999,0.7;26.430,-999999,-999999,12.798,-999999,-999999,-999999,-999999,-999999,-999999,-999999,0,3,-999999,-999999,3,-999999,-999999,0.091,-999999,-999999,-999999,-999999,-999999,0.7;26.450,-999999,-999999,12.512,-999999,-999999,-999999,-999999,-999999,-999999,-999999,0,3,-999999,-999999,3,-999999,-999999,0.088,-999999,-999999,-999999,-999999,-999999,0.7;26.470,-999999,-999999,12.243,-999999,-999999,-999999,-999999,-999999,-999999,-999999,0,3,-999999,-999999,3,-999999,-999999,0.087,-999999,-999999,-999999,-999999,-999999,0.7;26.490,-999999,-999999,12.047,-999999,-999999,-999999,-999999,-999999,-999999,-999999,0,3,-999999,-999999,3,-999999,-999999,0.086,-999999,-999999,-999999,-999999,-999999,0.7;26.510,-999999,-999999,11.906,-999999,-999999,-999999,-999999,-999999,-999999,-999999,0,3,-999999,-999999,3,-999999,-999999,0.085,-999999,-999999,-999999,-999999,-999999,0.7;26.530,-999999,-999999,11.871,-999999,-999999,-999999,-999999,-999999,-999999,-999999,0,3,-999999,-999999,3,-999999,-999999,0.087,-999999,-999999,-999999,-999999,-999999,0.7;26.550,-999999,-999999,11.877,-999999,-999999,-999999,-999999,-999999,-999999,-999999,0,3,-999999,-999999,3,-999999,-999999,0.083,-999999,-999999,-999999,-999999,-999999,0.6;26.570,-999999,-999999,12.041,-999999,-999999,-999999,-999999,-999999,-999999,-999999,0,3,-999999,-999999,3,-999999,-999999,0.079,-999999,-999999,-999999,-999999,-999999,0.6;26.590,-999999,-999999,12.086,-999999,-999999,-999999,-999999,-999999,-999999,-999999,0,3,-999999,-999999,3,-999999,-999999,0.075,-999999,-999999,-999999,-999999,-999999,0.6;26.610,-999999,-999999,12.108,-999999,-999999,-999999,-999999,-999999,-999999,-999999,0,3,-999999,-999999,3,-999999,-999999,0.074,-999999,-999999,-999999,-999999,-999999,0.6;26.630,-999999,-999999,12.227,-999999,-999999,-999999,-999999,-999999,-999999,-999999,0,3,-999999,-999999,3,-999999,-999999,0.076,-999999,-999999,-999999,-999999,-999999,0.6;26.650,-999999,-999999,12.275,-999999,-999999,-999999,-999999,-999999,-999999,-999999,0,3,-999999,-999999,3,-999999,-999999,0.078,-999999,-999999,-999999,-999999,-999999,0.6;26.670,-999999,-999999,12.333,-999999,-999999,-999999,-999999,-999999,-999999,-999999,0,3,-999999,-999999,3,-999999,-999999,0.080,-999999,-999999,-999999,-999999,-999999,0.6;26.690,-999999,-999999,12.397,-999999,-999999,-999999,-999999,-999999,-999999,-999999,0,3,-999999,-999999,3,-999999,-999999,0.079,-999999,-999999,-999999,-999999,-999999,0.6;26.710,-999999,-999999,12.403,-999999,-999999,-999999,-999999,-999999,-999999,-999999,0,3,-999999,-999999,3,-999999,-999999,0.072,-999999,-999999,-999999,-999999,-999999,0.5;26.730,-999999,-999999,12.374,-999999,-999999,-999999,-999999,-999999,-999999,-999999,0,3,-999999,-999999,3,-999999,-999999,0.075,-999999,-999999,-999999,-999999,-999999,0.6;26.750,-999999,-999999,12.378,-999999,-999999,-999999,-999999,-999999,-999999,-999999,0,3,-999999,-999999,4,-999999,-999999,0.070,-999999,-999999,-999999,-999999,-999999,0.5;26.770,-999999,-999999,12.451,-999999,-999999,-999999,-999999,-999999,-999999,-999999,0,3,-999999,-999999,3,-999999,-999999,0.073,-999999,-999999,-999999,-999999,-999999,0.5;26.790,-999999,-999999,12.631,-999999,-999999,-999999,-999999,-999999,-999999,-999999,0,3,-999999,-999999,3,-999999,-999999,0.072,-999999,-999999,-999999,-999999,-999999,0.5;26.810,-999999,-999999,12.711,-999999,-999999,-999999,-999999,-999999,-999999,-999999,0,3,-999999,-999999,3,-999999,-999999,0.070,-999999,-999999,-999999,-999999,-999999,0.5;26.830,-999999,-999999,12.987,-999999,-999999,-999999,-999999,-999999,-999999,-999999,0,3,-999999,-999999,4,-999999,-999999,0.075,-999999,-999999,-999999,-999999,-999999,0.5;26.850,-999999,-999999,13.061,-999999,-999999,-999999,-999999,-999999,-999999,-999999,0,3,-999999,-999999,4,-999999,-999999,0.073,-999999,-999999,-999999,-999999,-999999,0.5;26.870,-999999,-999999,13.131,-999999,-999999,-999999,-999999,-999999,-999999,-999999,0,3,-999999,-999999,4,-999999,-999999,0.075,-999999,-999999,-999999,-999999,-999999,0.5;26.890,-999999,-999999,13.221,-999999,-999999,-999999,-999999,-999999,-999999,-999999,0,3,-999999,-999999,4,-999999,-999999,0.077,-999999,-999999,-999999,-999999,-999999,0.5;26.910,-999999,-999999,13.292,-999999,-999999,-999999,-999999,-999999,-999999,-999999,0,3,-999999,-999999,4,-999999,-999999,0.078,-999999,-999999,-999999,-999999,-999999,0.5;26.930,-999999,-999999,13.510,-999999,-999999,-999999,-999999,-999999,-999999,-999999,0,3,-999999,-999999,4,-999999,-999999,0.082,-999999,-999999,-999999,-999999,-999999,0.5;26.950,-999999,-999999,13.866,-999999,-999999,-999999,-999999,-999999,-999999,-999999,0,3,-999999,-999999,4,-999999,-999999,0.080,-999999,-999999,-999999,-999999,-999999,0.5;26.970,-999999,-999999,14.379,-999999,-999999,-999999,-999999,-999999,-999999,-999999,0,3,-999999,-999999,4,-999999,-999999,0.081,-999999,-999999,-999999,-999999,-999999,0.5;26.990,-999999,-999999,14.902,-999999,-999999,-999999,-999999,-999999,-999999,-999999,0,3,-999999,-999999,4,-999999,-999999,0.082,-999999,-999999,-999999,-999999,-999999,0.5;27.010,-999999,-999999,15.550,-999999,-999999,-999999,-999999,-999999,-999999,-999999,0,3,-999999,-999999,3,-999999,-999999,0.085,-999999,-999999,-999999,-999999,-999999,0.5;27.030,-999999,-999999,16.098,-999999,-999999,-999999,-999999,-999999,-999999,-999999,0,3,-999999,-999999,4,-999999,-999999,0.087,-999999,-999999,-999999,-999999,-999999,0.5;27.050,-999999,-999999,16.618,-999999,-999999,-999999,-999999,-999999,-999999,-999999,0,3,-999999,-999999,4,-999999,-999999,0.089,-999999,-999999,-999999,-999999,-999999,0.5;27.070,-999999,-999999,17.147,-999999,-999999,-999999,-999999,-999999,-999999,-999999,0,3,-999999,-999999,3,-999999,-999999,0.090,-999999,-999999,-999999,-999999,-999999,0.5;27.090,-999999,-999999,17.757,-999999,-999999,-999999,-999999,-999999,-999999,-999999,0,3,-999999,-999999,4,-999999,-999999,0.085,-999999,-999999,-999999,-999999,-999999,0.4;27.110,-999999,-999999,18.774,-999999,-999999,-999999,-999999,-999999,-999999,-999999,0,3,-999999,-999999,4,-999999,-999999,0.082,-999999,-999999,-999999,-999999,-999999,0.4;27.130,-999999,-999999,20.201,-999999,-999999,-999999,-999999,-999999,-999999,-999999,0,3,-999999,-999999,4,-999999,-999999,0.082,-999999,-999999,-999999,-999999,-999999,0.4;27.150,-999999,-999999,21.580,-999999,-999999,-999999,-999999,-999999,-999999,-999999,0,3,-999999,-999999,4,-999999,-999999,0.086,-999999,-999999,-999999,-999999,-999999,0.4;27.170,-999999,-999999,22.664,-999999,-999999,-999999,-999999,-999999,-999999,-999999,0,3,-999999,-999999,3,-999999,-999999,0.090,-999999,-999999,-999999,-999999,-999999,0.4;27.190,-999999,-999999,23.354,-999999,-999999,-999999,-999999,-999999,-999999,-999999,0,3,-999999,-999999,4,-999999,-999999,0.098,-999999,-999999,-999999,-999999,-999999,0.4;27.210,-999999,-999999,23.223,-999999,-999999,-999999,-999999,-999999,-999999,-999999,0,3,-999999,-999999,4,-999999,-999999,0.108,-999999,-999999,-999999,-999999,-999999,0.4;27.230,-999999,-999999,22.773,-999999,-999999,-999999,-999999,-999999,-999999,-999999,0,4,-999999,-999999,4,-999999,-999999,0.116,-999999,-999999,-999999,-999999,-999999,0.5;27.250,-999999,-999999,21.811,-999999,-999999,-999999,-999999,-999999,-999999,-999999,0,4,-999999,-999999,4,-999999,-999999,0.125,-999999,-999999,-999999,-999999,-999999,0.5;27.270,-999999,-999999,20.486,-999999,-999999,-999999,-999999,-999999,-999999,-999999,0,4,-999999,-999999,4,-999999,-999999,0.128,-999999,-999999,-999999,-999999,-999999,0.6;27.290,-999999,-999999,19.348,-999999,-999999,-999999,-999999,-999999,-999999,-999999,0,3,-999999,-999999,4,-999999,-999999,0.130,-999999,-999999,-999999,-999999,-999999,0.6;27.310,-999999,-999999,18.511,-999999,-999999,-999999,-999999,-999999,-999999,-999999,0,3,-999999,-999999,4,-999999,-999999,0.135,-999999,-999999,-999999,-999999,-999999,0.7;27.330,-999999,-999999,17.924,-999999,-999999,-999999,-999999,-999999,-999999,-999999,0,3,-999999,-999999,4,-999999,-999999,0.135,-999999,-999999,-999999,-999999,-999999,0.7;27.350,-999999,-999999,17.523,-999999,-999999,-999999,-999999,-999999,-999999,-999999,0,4,-999999,-999999,4,-999999,-999999,0.134,-999999,-999999,-999999,-999999,-999999,0.7;27.370,-999999,-999999,17.279,-999999,-999999,-999999,-999999,-999999,-999999,-999999,0,4,-999999,-999999,4,-999999,-999999,0.127,-999999,-999999,-999999,-999999,-999999,0.7;27.390,-999999,-999999,17.061,-999999,-999999,-999999,-999999,-999999,-999999,-999999,0,4,-999999,-999999,4,-999999,-999999,0.121,-999999,-999999,-999999,-999999,-999999,0.7;27.410,-999999,-999999,17.086,-999999,-999999,-999999,-999999,-999999,-999999,-999999,0,4,-999999,-999999,4,-999999,-999999,0.127,-999999,-999999,-999999,-999999,-999999,0.7;27.430,-999999,-999999,17.141,-999999,-999999,-999999,-999999,-999999,-999999,-999999,0,4,-999999,-999999,4,-999999,-999999,0.127,-999999,-999999,-999999,-999999,-999999,0.7;27.450,-999999,-999999,17.407,-999999,-999999,-999999,-999999,-999999,-999999,-999999,0,4,-999999,-999999,4,-999999,-999999,0.127,-999999,-999999,-999999,-999999,-999999,0.7;27.470,-999999,-999999,17.596,-999999,-999999,-999999,-999999,-999999,-999999,-999999,0,4,-999999,-999999,4,-999999,-999999,0.129,-999999,-999999,-999999,-999999,-999999,0.7;27.490,-999999,-999999,17.750,-999999,-999999,-999999,-999999,-999999,-999999,-999999,0,4,-999999,-999999,4,-999999,-999999,0.131,-999999,-999999,-999999,-999999,-999999,0.7;27.510,-999999,-999999,18.511,-999999,-999999,-999999,-999999,-999999,-999999,-999999,0,4,-999999,-999999,4,-999999,-999999,0.131,-999999,-999999,-999999,-999999,-999999,0.7;27.530,-999999,-999999,18.825,-999999,-999999,-999999,-999999,-999999,-999999,-999999,0,4,-999999,-999999,4,-999999,-999999,0.134,-999999,-999999,-999999,-999999,-999999,0.6;27.550,-999999,-999999,19.608,-999999,-999999,-999999,-999999,-999999,-999999,-999999,0,4,-999999,-999999,4,-999999,-999999,0.130,-999999,-999999,-999999,-999999,-999999,0.6;27.570,-999999,-999999,20.660,-999999,-999999,-999999,-999999,-999999,-999999,-999999,0,4,-999999,-999999,4,-999999,-999999,0.131,-999999,-999999,-999999,-999999,-999999,0.6;27.590,-999999,-999999,21.622,-999999,-999999,-999999,-999999,-999999,-999999,-999999,0,4,-999999,-999999,4,-999999,-999999,0.131,-999999,-999999,-999999,-999999,-999999,0.6;27.610,-999999,-999999,22.456,-999999,-999999,-999999,-999999,-999999,-999999,-999999,0,4,-999999,-999999,4,-999999,-999999,0.133,-999999,-999999,-999999,-999999,-999999,0.5;27.630,-999999,-999999,23.508,-999999,-999999,-999999,-999999,-999999,-999999,-999999,0,4,-999999,-999999,4,-999999,-999999,0.135,-999999,-999999,-999999,-999999,-999999,0.5;27.650,-999999,-999999,24.380,-999999,-999999,-999999,-999999,-999999,-999999,-999999,0,4,-999999,-999999,4,-999999,-999999,0.141,-999999,-999999,-999999,-999999,-999999,0.5;27.670,-999999,-999999,24.826,-999999,-999999,-999999,-999999,-999999,-999999,-999999,0,4,-999999,-999999,4,-999999,-999999,0.145,-999999,-999999,-999999,-999999,-999999,0.6;27.690,-999999,-999999,24.794,-999999,-999999,-999999,-999999,-999999,-999999,-999999,0,4,-999999,-999999,4,-999999,-999999,0.153,-999999,-999999,-999999,-999999,-999999,0.6;27.710,-999999,-999999,24.618,-999999,-999999,-999999,-999999,-999999,-999999,-999999,0,4,-999999,-999999,4,-999999,-999999,0.158,-999999,-999999,-999999,-999999,-999999,0.6;27.730,-999999,-999999,24.037,-999999,-999999,-999999,-999999,-999999,-999999,-999999,0,4,-999999,-999999,4,-999999,-999999,0.168,-999999,-999999,-999999,-999999,-999999,0.7;27.750,-999999,-999999,23.444,-999999,-999999,-999999,-999999,-999999,-999999,-999999,0,4,-999999,-999999,4,-999999,-999999,0.171,-999999,-999999,-999999,-999999,-999999,0.7;27.770,-999999,-999999,22.773,-999999,-999999,-999999,-999999,-999999,-999999,-999999,0,4,-999999,-999999,4,-999999,-999999,0.173,-999999,-999999,-999999,-999999,-999999,0.7;27.790,-999999,-999999,22.231,-999999,-999999,-999999,-999999,-999999,-999999,-999999,0,4,-999999,-999999,4,-999999,-999999,0.178,-999999,-999999,-999999,-999999,-999999,0.7;27.810,-999999,-999999,21.763,-999999,-999999,-999999,-999999,-999999,-999999,-999999,0,4,-999999,-999999,4,-999999,-999999,0.175,-999999,-999999,-999999,-999999,-999999,0.7;27.830,-999999,-999999,21.497,-999999,-999999,-999999,-999999,-999999,-999999,-999999,0,4,-999999,-999999,4,-999999,-999999,0.172,-999999,-999999,-999999,-999999,-999999,0.7;27.850,-999999,-999999,21.394,-999999,-999999,-999999,-999999,-999999,-999999,-999999,0,4,-999999,-999999,4,-999999,-999999,0.168,-999999,-999999,-999999,-999999,-999999,0.7;27.870,-999999,-999999,21.388,-999999,-999999,-999999,-999999,-999999,-999999,-999999,0,4,-999999,-999999,4,-999999,-999999,0.165,-999999,-999999,-999999,-999999,-999999,0.7;27.890,-999999,-999999,21.676,-999999,-999999,-999999,-999999,-999999,-999999,-999999,0,4,-999999,-999999,4,-999999,-999999,0.162,-999999,-999999,-999999,-999999,-999999,0.7;27.910,-999999,-999999,22.145,-999999,-999999,-999999,-999999,-999999,-999999,-999999,0,4,-999999,-999999,4,-999999,-999999,0.174,-999999,-999999,-999999,-999999,-999999,0.7;27.930,-999999,-999999,22.834,-999999,-999999,-999999,-999999,-999999,-999999,-999999,0,4,-999999,-999999,4,-999999,-999999,0.161,-999999,-999999,-999999,-999999,-999999,0.7;27.950,-999999,-999999,23.668,-999999,-999999,-999999,-999999,-999999,-999999,-999999,0,4,-999999,-999999,4,-999999,-999999,0.162,-999999,-999999,-999999,-999999,-999999,0.7;27.970,-999999,-999999,24.076,-999999,-999999,-999999,-999999,-999999,-999999,-999999,0,4,-999999,-999999,4,-999999,-999999,0.164,-999999,-999999,-999999,-999999,-999999,0.7;27.990,-999999,-999999,23.848,-999999,-999999,-999999,-999999,-999999,-999999,-999999,0,4,-999999,-999999,4,-999999,-999999,0.160,-999999,-999999,-999999,-999999,-999999,0.6;28.010,-999999,-999999,23.136,-999999,-999999,-999999,-999999,-999999,-999999,-999999,0,4,-999999,-999999,4,-999999,-999999,0.188,-999999,-999999,-999999,-999999,-999999,0.8;28.030,-999999,-999999,22.372,-999999,-999999,-999999,-999999,-999999,-999999,-999999,0,4,-999999,-999999,4,-999999,-999999,0.173,-999999,-999999,-999999,-999999,-999999,0.7;28.050,-999999,-999999,22.045,-999999,-999999,-999999,-999999,-999999,-999999,-999999,0,4,-999999,-999999,4,-999999,-999999,0.174,-999999,-999999,-999999,-999999,-999999,0.8;28.070,-999999,-999999,20.692,-999999,-999999,-999999,-999999,-999999,-999999,-999999,0,4,-999999,-999999,4,-999999,-999999,0.176,-999999,-999999,-999999,-999999,-999999,0.8;28.090,-999999,-999999,19.434,-999999,-999999,-999999,-999999,-999999,-999999,-999999,0,4,-999999,-999999,4,-999999,-999999,0.182,-999999,-999999,-999999,-999999,-999999,0.8;28.110,-999999,-999999,19.370,-999999,-999999,-999999,-999999,-999999,-999999,-999999,0,4,-999999,-999999,4,-999999,-999999,0.176,-999999,-999999,-999999,-999999,-999999,0.8;28.130,-999999,-999999,19.601,-999999,-999999,-999999,-999999,-999999,-999999,-999999,0,4,-999999,-999999,4,-999999,-999999,0.162,-999999,-999999,-999999,-999999,-999999,0.7;28.150,-999999,-999999,20.608,-999999,-999999,-999999,-999999,-999999,-999999,-999999,0,4,-999999,-999999,4,-999999,-999999,0.163,-999999,-999999,-999999,-999999,-999999,0.7;28.170,-999999,-999999,22.626,-999999,-999999,-999999,-999999,-999999,-999999,-999999,0,4,-999999,-999999,4,-999999,-999999,0.158,-999999,-999999,-999999,-999999,-999999,0.6;28.190,-999999,-999999,25.295,-999999,-999999,-999999,-999999,-999999,-999999,-999999,0,4,-999999,-999999,4,-999999,-999999,0.157,-999999,-999999,-999999,-999999,-999999,0.6;28.210,-999999,-999999,27.517,-999999,-999999,-999999,-999999,-999999,-999999,-999999,0,4,-999999,-999999,4,-999999,-999999,0.162,-999999,-999999,-999999,-999999,-999999,0.6;28.230,-999999,-999999,29.108,-999999,-999999,-999999,-999999,-999999,-999999,-999999,0,4,-999999,-999999,4,-999999,-999999,0.169,-999999,-999999,-999999,-999999,-999999,0.6;28.250,-999999,-999999,30.029,-999999,-999999,-999999,-999999,-999999,-999999,-999999,0,4,-999999,-999999,4,-999999,-999999,0.177,-999999,-999999,-999999,-999999,-999999,0.6;28.270,-999999,-999999,30.340,-999999,-999999,-999999,-999999,-999999,-999999,-999999,0,4,-999999,-999999,4,-999999,-999999,0.190,-999999,-999999,-999999,-999999,-999999,0.6;28.290,-999999,-999999,30.074,-999999,-999999,-999999,-999999,-999999,-999999,-999999,0,4,-999999,-999999,4,-999999,-999999,0.197,-999999,-999999,-999999,-999999,-999999,0.6;28.310,-999999,-999999,29.481,-999999,-999999,-999999,-999999,-999999,-999999,-999999,0,4,-999999,-999999,4,-999999,-999999,0.213,-999999,-999999,-999999,-999999,-999999,0.7;28.330,-999999,-999999,28.663,-999999,-999999,-999999,-999999,-999999,-999999,-999999,0,4,-999999,-999999,4,-999999,-999999,0.222,-999999,-999999,-999999,-999999,-999999,0.7;28.350,-999999,-999999,27.755,-999999,-999999,-999999,-999999,-999999,-999999,-999999,0,4,-999999,-999999,4,-999999,-999999,0.228,-999999,-999999,-999999,-999999,-999999,0.8;28.370,-999999,-999999,26.725,-999999,-999999,-999999,-999999,-999999,-999999,-999999,0,4,-999999,-999999,4,-999999,-999999,0.231,-999999,-999999,-999999,-999999,-999999,0.8;28.390,-999999,-999999,25.603,-999999,-999999,-999999,-999999,-999999,-999999,-999999,0,4,-999999,-999999,4,-999999,-999999,0.233,-999999,-999999,-999999,-999999,-999999,0.9;28.410,-999999,-999999,24.400,-999999,-999999,-999999,-999999,-999999,-999999,-999999,0,4,-999999,-999999,4,-999999,-999999,0.231,-999999,-999999,-999999,-999999,-999999,0.9;28.430,-999999,-999999,23.190,-999999,-999999,-999999,-999999,-999999,-999999,-999999,0,4,-999999,-999999,4,-999999,-999999,0.227,-999999,-999999,-999999,-999999,-999999,0.9;28.450,-999999,-999999,22.164,-999999,-999999,-999999,-999999,-999999,-999999,-999999,0,4,-999999,-999999,4,-999999,-999999,0.220,-999999,-999999,-999999,-999999,-999999,0.9;28.470,-999999,-999999,21.417,-999999,-999999,-999999,-999999,-999999,-999999,-999999,0,4,-999999,-999999,4,-999999,-999999,0.213,-999999,-999999,-999999,-999999,-999999,0.9;28.490,-999999,-999999,20.932,-999999,-999999,-999999,-999999,-999999,-999999,-999999,0,4,-999999,-999999,4,-999999,-999999,0.204,-999999,-999999,-999999,-999999,-999999,0.9;28.510,-999999,-999999,20.714,-999999,-999999,-999999,-999999,-999999,-999999,-999999,0,4,-999999,-999999,4,-999999,-999999,0.198,-999999,-999999,-999999,-999999,-999999,0.9;28.530,-999999,-999999,20.846,-999999,-999999,-999999,-999999,-999999,-999999,-999999,0,4,-999999,-999999,4,-999999,-999999,0.189,-999999,-999999,-999999,-999999,-999999,0.8;28.550,-999999,-999999,21.240,-999999,-999999,-999999,-999999,-999999,-999999,-999999,0,4,-999999,-999999,4,-999999,-999999,0.176,-999999,-999999,-999999,-999999,-999999,0.8;28.570,-999999,-999999,21.920,-999999,-999999,-999999,-999999,-999999,-999999,-999999,0,4,-999999,-999999,4,-999999,-999999,0.167,-999999,-999999,-999999,-999999,-999999,0.7;28.590,-999999,-999999,23.120,-999999,-999999,-999999,-999999,-999999,-999999,-999999,0,4,-999999,-999999,4,-999999,-999999,0.166,-999999,-999999,-999999,-999999,-999999,0.7;28.610,-999999,-999999,24.746,-999999,-999999,-999999,-999999,-999999,-999999,-999999,0,4,-999999,-999999,4,-999999,-999999,0.167,-999999,-999999,-999999,-999999,-999999,0.7;28.630,-999999,-999999,25.750,-999999,-999999,-999999,-999999,-999999,-999999,-999999,0,4,-999999,-999999,4,-999999,-999999,0.172,-999999,-999999,-999999,-999999,-999999,0.7;28.650,-999999,-999999,25.708,-999999,-999999,-999999,-999999,-999999,-999999,-999999,0,4,-999999,-999999,4,-999999,-999999,0.177,-999999,-999999,-999999,-999999,-999999,0.7;28.670,-999999,-999999,25.025,-999999,-999999,-999999,-999999,-999999,-999999,-999999,0,4,-999999,-999999,4,-999999,-999999,0.198,-999999,-999999,-999999,-999999,-999999,0.8;28.690,-999999,-999999,24.336,-999999,-999999,-999999,-999999,-999999,-999999,-999999,0,4,-999999,-999999,4,-999999,-999999,0.188,-999999,-999999,-999999,-999999,-999999,0.7;28.710,-999999,-999999,23.790,-999999,-999999,-999999,-999999,-999999,-999999,-999999,0,4,-999999,-999999,4,-999999,-999999,0.195,-999999,-999999,-999999,-999999,-999999,0.8;28.730,-999999,-999999,23.328,-999999,-999999,-999999,-999999,-999999,-999999,-999999,0,4,-999999,-999999,4,-999999,-999999,0.221,-999999,-999999,-999999,-999999,-999999,0.9;28.750,-999999,-999999,22.786,-999999,-999999,-999999,-999999,-999999,-999999,-999999,0,4,-999999,-999999,4,-999999,-999999,0.228,-999999,-999999,-999999,-999999,-999999,1.0;28.770,-999999,-999999,21.853,-999999,-999999,-999999,-999999,-999999,-999999,-999999,0,4,-999999,-999999,4,-999999,-999999,0.234,-999999,-999999,-999999,-999999,-999999,1.0;28.790,-999999,-999999,20.807,-999999,-999999,-999999,-999999,-999999,-999999,-999999,0,4,-999999,-999999,4,-999999,-999999,0.195,-999999,-999999,-999999,-999999,-999999,0.9;28.810,-999999,-999999,20.015,-999999,-999999,-999999,-999999,-999999,-999999,-999999,0,4,-999999,-999999,4,-999999,-999999,0.193,-999999,-999999,-999999,-999999,-999999,0.9;28.830,-999999,-999999,19.649,-999999,-999999,-999999,-999999,-999999,-999999,-999999,0,4,-999999,-999999,4,-999999,-999999,0.200,-999999,-999999,-999999,-999999,-999999,1.0;28.850,-999999,-999999,18.450,-999999,-999999,-999999,-999999,-999999,-999999,-999999,0,4,-999999,-999999,4,-999999,-999999,0.165,-999999,-999999,-999999,-999999,-999999,0.8;28.870,-999999,-999999,17.997,-999999,-999999,-999999,-999999,-999999,-999999,-999999,0,4,-999999,-999999,4,-999999,-999999,0.147,-999999,-999999,-999999,-999999,-999999,0.8;28.890,-999999,-999999,17.696,-999999,-999999,-999999,-999999,-999999,-999999,-999999,0,4,-999999,-999999,4,-999999,-999999,0.149,-999999,-999999,-999999,-999999,-999999,0.8;28.910,-999999,-999999,15.576,-999999,-999999,-999999,-999999,-999999,-999999,-999999,0,4,-999999,-999999,4,-999999,-999999,0.139,-999999,-999999,-999999,-999999,-999999,0.8;28.930,-999999,-999999,15.210,-999999,-999999,-999999,-999999,-999999,-999999,-999999,0,4,-999999,-999999,4,-999999,-999999,0.127,-999999,-999999,-999999,-999999,-999999,0.8;28.950,-999999,-999999,14.953,-999999,-999999,-999999,-999999,-999999,-999999,-999999,0,4,-999999,-999999,4,-999999,-999999,0.127,-999999,-999999,-999999,-999999,-999999,0.8;28.970,-999999,-999999,14.373,-999999,-999999,-999999,-999999,-999999,-999999,-999999,0,4,-999999,-999999,4,-999999,-999999,0.129,-999999,-999999,-999999,-999999,-999999,0.8;28.990,-999999,-999999,13.917,-999999,-999999,-999999,-999999,-999999,-999999,-999999,0,4,-999999,-999999,4,-999999,-999999,0.131,-999999,-999999,-999999,-999999,-999999,0.9;29.010,-999999,-999999,13.683,-999999,-999999,-999999,-999999,-999999,-999999,-999999,0,4,-999999,-999999,4,-999999,-999999,0.110,-999999,-999999,-999999,-999999,-999999,0.7;29.030,-999999,-999999,13.558,-999999,-999999,-999999,-999999,-999999,-999999,-999999,0,4,-999999,-999999,4,-999999,-999999,0.114,-999999,-999999,-999999,-999999,-999999,0.8;29.050,-999999,-999999,13.532,-999999,-999999,-999999,-999999,-999999,-999999,-999999,0,4,-999999,-999999,4,-999999,-999999,0.112,-999999,-999999,-999999,-999999,-999999,0.8;29.070,-999999,-999999,13.699,-999999,-999999,-999999,-999999,-999999,-999999,-999999,0,4,-999999,-999999,4,-999999,-999999,0.107,-999999,-999999,-999999,-999999,-999999,0.7;29.090,-999999,-999999,13.843,-999999,-999999,-999999,-999999,-999999,-999999,-999999,0,4,-999999,-999999,4,-999999,-999999,0.100,-999999,-999999,-999999,-999999,-999999,0.7;29.110,-999999,-999999,14.001,-999999,-999999,-999999,-999999,-999999,-999999,-999999,0,4,-999999,-999999,4,-999999,-999999,0.098,-999999,-999999,-999999,-999999,-999999,0.7;29.130,-999999,-999999,14.177,-999999,-999999,-999999,-999999,-999999,-999999,-999999,0,4,-999999,-999999,4,-999999,-999999,0.100,-999999,-999999,-999999,-999999,-999999,0.7;29.150,-999999,-999999,14.447,-999999,-999999,-999999,-999999,-999999,-999999,-999999,0,4,-999999,-999999,4,-999999,-999999,0.104,-999999,-999999,-999999,-999999,-999999,0.7;29.170,-999999,-999999,14.527,-999999,-999999,-999999,-999999,-999999,-999999,-999999,0,4,-999999,-999999,4,-999999,-999999,0.105,-999999,-999999,-999999,-999999,-999999,0.7;29.190,-999999,-999999,14.030,-999999,-999999,-999999,-999999,-999999,-999999,-999999,0,4,-999999,-999999,4,-999999,-999999,0.107,-999999,-999999,-999999,-999999,-999999,0.7;29.210,-999999,-999999,13.321,-999999,-999999,-999999,-999999,-999999,-999999,-999999,0,4,-999999,-999999,4,-999999,-999999,0.108,-999999,-999999,-999999,-999999,-999999,0.8;29.230,-999999,-999999,12.660,-999999,-999999,-999999,-999999,-999999,-999999,-999999,0,4,-999999,-999999,4,-999999,-999999,0.144,-999999,-999999,-999999,-999999,-999999,1.1;29.250,-999999,-999999,12.118,-999999,-999999,-999999,-999999,-999999,-999999,-999999,0,4,-999999,-999999,4,-999999,-999999,0.138,-999999,-999999,-999999,-999999,-999999,1.1;29.270,-999999,-999999,11.621,-999999,-999999,-999999,-999999,-999999,-999999,-999999,0,4,-999999,-999999,4,-999999,-999999,0.133,-999999,-999999,-999999,-999999,-999999,1.1;29.290,-999999,-999999,10.889,-999999,-999999,-999999,-999999,-999999,-999999,-999999,0,4,-999999,-999999,4,-999999,-999999,0.149,-999999,-999999,-999999,-999999,-999999,1.3;29.310,-999999,-999999,10.001,-999999,-999999,-999999,-999999,-999999,-999999,-999999,0,4,-999999,-999999,4,-999999,-999999,0.146,-999999,-999999,-999999,-999999,-999999,1.4;29.330,-999999,-999999,8.650,-999999,-999999,-999999,-999999,-999999,-999999,-999999,0,4,-999999,-999999,4,-999999,-999999,0.143,-999999,-999999,-999999,-999999,-999999,1.4;29.350,-999999,-999999,9.035,-999999,-999999,-999999,-999999,-999999,-999999,-999999,0,4,-999999,-999999,4,-999999,-999999,0.132,-999999,-999999,-999999,-999999,-999999,1.3;29.370,-999999,-999999,9.420,-999999,-999999,-999999,-999999,-999999,-999999,-999999,0,5,-999999,-999999,5,-999999,-999999,0.120,-999999,-999999,-999999,-999999,-999999,1.2;29.390,-999999,-999999,10.597,-999999,-999999,-999999,-999999,-999999,-999999,-999999,0,4,-999999,-999999,4,-999999,-999999,0.118,-999999,-999999,-999999,-999999,-999999,1.1;29.410,-999999,-999999,11.008,-999999,-999999,-999999,-999999,-999999,-999999,-999999,0,4,-999999,-999999,4,-999999,-999999,0.115,-999999,-999999,-999999,-999999,-999999,1.1;29.430,-999999,-999999,11.399,-999999,-999999,-999999,-999999,-999999,-999999,-999999,0,5,-999999,-999999,5,-999999,-999999,0.111,-999999,-999999,-999999,-999999,-999999,1.0;29.450,-999999,-999999,10.783,-999999,-999999,-999999,-999999,-999999,-999999,-999999,0,5,-999999,-999999,5,-999999,-999999,0.107,-999999,-999999,-999999,-999999,-999999,1.0;29.470,-999999,-999999,10.357,-999999,-999999,-999999,-999999,-999999,-999999,-999999,0,5,-999999,-999999,5,-999999,-999999,0.108,-999999,-999999,-999999,-999999,-999999,1.0;29.490,-999999,-999999,10.318,-999999,-999999,-999999,-999999,-999999,-999999,-999999,0,4,-999999,-999999,4,-999999,-999999,0.109,-999999,-999999,-999999,-999999,-999999,1.0;29.510,-999999,-999999,10.517,-999999,-999999,-999999,-999999,-999999,-999999,-999999,0,5,-999999,-999999,5,-999999,-999999,0.094,-999999,-999999,-999999,-999999,-999999,0.8;29.530,-999999,-999999,10.722,-999999,-999999,-999999,-999999,-999999,-999999,-999999,0,4,-999999,-999999,4,-999999,-999999,0.086,-999999,-999999,-999999,-999999,-999999,0.7;29.550,-999999,-999999,10.976,-999999,-999999,-999999,-999999,-999999,-999999,-999999,0,4,-999999,-999999,4,-999999,-999999,0.099,-999999,-999999,-999999,-999999,-999999,0.8;29.570,-999999,-999999,11.515,-999999,-999999,-999999,-999999,-999999,-999999,-999999,0,4,-999999,-999999,4,-999999,-999999,0.108,-999999,-999999,-999999,-999999,-999999,0.8;29.590,-999999,-999999,13.032,-999999,-999999,-999999,-999999,-999999,-999999,-999999,0,4,-999999,-999999,4,-999999,-999999,0.101,-999999,-999999,-999999,-999999,-999999,0.7;29.610,-999999,-999999,14.629,-999999,-999999,-999999,-999999,-999999,-999999,-999999,0,4,-999999,-999999,4,-999999,-999999,0.099,-999999,-999999,-999999,-999999,-999999,0.6;29.630,-999999,-999999,16.435,-999999,-999999,-999999,-999999,-999999,-999999,-999999,0,4,-999999,-999999,4,-999999,-999999,0.100,-999999,-999999,-999999,-999999,-999999,0.6;29.650,-999999,-999999,18.299,-999999,-999999,-999999,-999999,-999999,-999999,-999999,0,4,-999999,-999999,4,-999999,-999999,0.104,-999999,-999999,-999999,-999999,-999999,0.5;29.670,-999999,-999999,19.418,-999999,-999999,-999999,-999999,-999999,-999999,-999999,0,4,-999999,-999999,4,-999999,-999999,0.112,-999999,-999999,-999999,-999999,-999999,0.5;29.690,-999999,-999999,20.493,-999999,-999999,-999999,-999999,-999999,-999999,-999999,0,4,-999999,-999999,4,-999999,-999999,0.119,-999999,-999999,-999999,-999999,-999999,0.5;29.710,-999999,-999999,21.506,-999999,-999999,-999999,-999999,-999999,-999999,-999999,0,4,-999999,-999999,4,-999999,-999999,0.123,-999999,-999999,-999999,-999999,-999999,0.5;29.730,-999999,-999999,22.417,-999999,-999999,-999999,-999999,-999999,-999999,-999999,0,4,-999999,-999999,4,-999999,-999999,0.128,-999999,-999999,-999999,-999999,-999999,0.5;29.750,-999999,-999999,23.274,-999999,-999999,-999999,-999999,-999999,-999999,-999999,0,4,-999999,-999999,4,-999999,-999999,0.136,-999999,-999999,-999999,-999999,-999999,0.5;29.770,-999999,-999999,24.105,-999999,-999999,-999999,-999999,-999999,-999999,-999999,0,4,-999999,-999999,4,-999999,-999999,0.146,-999999,-999999,-999999,-999999,-999999,0.6;29.790,-999999,-999999,24.813,-999999,-999999,-999999,-999999,-999999,-999999,-999999,0,4,-999999,-999999,4,-999999,-999999,0.161,-999999,-999999,-999999,-999999,-999999,0.6;29.810,-999999,-999999,25.356,-999999,-999999,-999999,-999999,-999999,-999999,-999999,0,4,-999999,-999999,4,-999999,-999999,0.165,-999999,-999999,-999999,-999999,-999999,0.6;29.830,-999999,-999999,25.872,-999999,-999999,-999999,-999999,-999999,-999999,-999999,0,4,-999999,-999999,4,-999999,-999999,0.160,-999999,-999999,-999999,-999999,-999999,0.6;29.850,-999999,-999999,26.356,-999999,-999999,-999999,-999999,-999999,-999999,-999999,0,4,-999999,-999999,4,-999999,-999999,0.172,-999999,-999999,-999999,-999999,-999999,0.6;29.870,-999999,-999999,26.709,-999999,-999999,-999999,-999999,-999999,-999999,-999999,0,4,-999999,-999999,4,-999999,-999999,0.181,-999999,-999999,-999999,-999999,-999999,0.6;29.890,-999999,-999999,27.145,-999999,-999999,-999999,-999999,-999999,-999999,-999999,0,4,-999999,-999999,4,-999999,-999999,0.190,-999999,-999999,-999999,-999999,-999999,0.7;29.910,-999999,-999999,27.476,-999999,-999999,-999999,-999999,-999999,-999999,-999999,0,4,-999999,-999999,4,-999999,-999999,0.204,-999999,-999999,-999999,-999999,-999999,0.7;29.930,-999999,-999999,27.790,-999999,-999999,-999999,-999999,-999999,-999999,-999999,0,4,-999999,-999999,4,-999999,-999999,0.205,-999999,-999999,-999999,-999999,-999999,0.7;29.950,-999999,-999999,28.034,-999999,-999999,-999999,-999999,-999999,-999999,-999999,0,4,-999999,-999999,4,-999999,-999999,0.217,-999999,-999999,-999999,-999999,-999999,0.7;29.970,-999999,-999999,28.246,-999999,-999999,-999999,-999999,-999999,-999999,-999999,0,4,-999999,-999999,4,-999999,-999999,0.222,-999999,-999999,-999999,-999999,-999999,0.7;29.990,-999999,-999999,28.319,-999999,-999999,-999999,-999999,-999999,-999999,-999999,0,4,-999999,-999999,4,-999999,-999999,0.227,-999999,-999999,-999999,-999999,-999999,0.8;30.010,-999999,-999999,28.656,-999999,-999999,-999999,-999999,-999999,-999999,-999999,0,4,-999999,-999999,4,-999999,-999999,0.229,-999999,-999999,-999999,-999999,-999999,0.8;30.030,-999999,-999999,28.740,-999999,-999999,-999999,-999999,-999999,-999999,-999999,0,4,-999999,-999999,4,-999999,-999999,0.232,-999999,-999999,-999999,-999999,-999999,0.8;30.050,-999999,-999999,28.926,-999999,-999999,-999999,-999999,-999999,-999999,-999999,0,5,-999999,-999999,5,-999999,-999999,0.235,-999999,-999999,-999999,-999999,-999999,0.8;30.070,-999999,-999999,29.099,-999999,-999999,-999999,-999999,-999999,-999999,-999999,0,5,-999999,-999999,5,-999999,-999999,0.238,-999999,-999999,-999999,-999999,-999999,0.8;30.090,-999999,-999999,29.269,-999999,-999999,-999999,-999999,-999999,-999999,-999999,0,4,-999999,-999999,4,-999999,-999999,0.241,-999999,-999999,-999999,-999999,-999999,0.8;30.110,-999999,-999999,29.439,-999999,-999999,-999999,-999999,-999999,-999999,-999999,0,4,-999999,-999999,4,-999999,-999999,0.241,-999999,-999999,-999999,-999999,-999999,0.8;30.130,-999999,-999999,29.625,-999999,-999999,-999999,-999999,-999999,-999999,-999999,0,5,-999999,-999999,5,-999999,-999999,0.244,-999999,-999999,-999999,-999999,-999999,0.8;30.150,-999999,-999999,29.843,-999999,-999999,-999999,-999999,-999999,-999999,-999999,0,5,-999999,-999999,5,-999999,-999999,0.245,-999999,-999999,-999999,-999999,-999999,0.8;30.170,-999999,-999999,30.061,-999999,-999999,-999999,-999999,-999999,-999999,-999999,0,4,-999999,-999999,4,-999999,-999999,0.247,-999999,-999999,-999999,-999999,-999999,0.8;30.190,-999999,-999999,30.308,-999999,-999999,-999999,-999999,-999999,-999999,-999999,0,4,-999999,-999999,4,-999999,-999999,0.250,-999999,-999999,-999999,-999999,-999999,0.8;30.210,-999999,-999999,30.456,-999999,-999999,-999999,-999999,-999999,-999999,-999999,0,4,-999999,-999999,4,-999999,-999999,0.250,-999999,-999999,-999999,-999999,-999999,0.8;30.230,-999999,-999999,30.600,-999999,-999999,-999999,-999999,-999999,-999999,-999999,0,4,-999999,-999999,4,-999999,-999999,0.252,-999999,-999999,-999999,-999999,-999999,0.8;30.250,-999999,-999999,30.741,-999999,-999999,-999999,-999999,-999999,-999999,-999999,0,5,-999999,-999999,5,-999999,-999999,0.255,-999999,-999999,-999999,-999999,-999999,0.8;30.270,-999999,-999999,30.844,-999999,-999999,-999999,-999999,-999999,-999999,-999999,0,5,-999999,-999999,5,-999999,-999999,0.257,-999999,-999999,-999999,-999999,-999999,0.8;30.290,-999999,-999999,30.956,-999999,-999999,-999999,-999999,-999999,-999999,-999999,0,5,-999999,-999999,5,-999999,-999999,0.268,-999999,-999999,-999999,-999999,-999999,0.8;30.310,-999999,-999999,31.039,-999999,-999999,-999999,-999999,-999999,-999999,-999999,0,5,-999999,-999999,5,-999999,-999999,0.261,-999999,-999999,-999999,-999999,-999999,0.8;30.330,-999999,-999999,31.071,-999999,-999999,-999999,-999999,-999999,-999999,-999999,0,5,-999999,-999999,5,-999999,-999999,0.262,-999999,-999999,-999999,-999999,-999999,0.8;30.350,-999999,-999999,31.062,-999999,-999999,-999999,-999999,-999999,-999999,-999999,0,5,-999999,-999999,5,-999999,-999999,0.266,-999999,-999999,-999999,-999999,-999999,0.8;30.370,-999999,-999999,30.837,-999999,-999999,-999999,-999999,-999999,-999999,-999999,0,5,-999999,-999999,5,-999999,-999999,0.268,-999999,-999999,-999999,-999999,-999999,0.8;30.390,-999999,-999999,30.885,-999999,-999999,-999999,-999999,-999999,-999999,-999999,0,5,-999999,-999999,5,-999999,-999999,0.267,-999999,-999999,-999999,-999999,-999999,0.8;30.410,-999999,-999999,30.773,-999999,-999999,-999999,-999999,-999999,-999999,-999999,0,5,-999999,-999999,5,-999999,-999999,0.265,-999999,-999999,-999999,-999999,-999999,0.8;30.430,-999999,-999999,30.715,-999999,-999999,-999999,-999999,-999999,-999999,-999999,0,5,-999999,-999999,5,-999999,-999999,0.266,-999999,-999999,-999999,-999999,-999999,0.8;30.450,-999999,-999999,30.844,-999999,-999999,-999999,-999999,-999999,-999999,-999999,0,5,-999999,-999999,5,-999999,-999999,0.266,-999999,-999999,-999999,-999999,-999999,0.8;30.470,-999999,-999999,30.889,-999999,-999999,-999999,-999999,-999999,-999999,-999999,0,5,-999999,-999999,5,-999999,-999999,0.264,-999999,-999999,-999999,-999999,-999999,0.8;30.490,-999999,-999999,30.946,-999999,-999999,-999999,-999999,-999999,-999999,-999999,0,5,-999999,-999999,5,-999999,-999999,0.264,-999999,-999999,-999999,-999999,-999999,0.8;30.510,-999999,-999999,30.889,-999999,-999999,-999999,-999999,-999999,-999999,-999999,0,5,-999999,-999999,5,-999999,-999999,0.262,-999999,-999999,-999999,-999999,-999999,0.8;30.530,-999999,-999999,30.885,-999999,-999999,-999999,-999999,-999999,-999999,-999999,0,5,-999999,-999999,5,-999999,-999999,0.262,-999999,-999999,-999999,-999999,-999999,0.8;30.550,-999999,-999999,30.882,-999999,-999999,-999999,-999999,-999999,-999999,-999999,0,5,-999999,-999999,5,-999999,-999999,0.262,-999999,-999999,-999999,-999999,-999999,0.8;30.570,-999999,-999999,30.873,-999999,-999999,-999999,-999999,-999999,-999999,-999999,0,5,-999999,-999999,5,-999999,-999999,0.262,-999999,-999999,-999999,-999999,-999999,0.8;30.590,-999999,-999999,30.841,-999999,-999999,-999999,-999999,-999999,-999999,-999999,0,5,-999999,-999999,5,-999999,-999999,0.258,-999999,-999999,-999999,-999999,-999999,0.8;30.610,-999999,-999999,30.879,-999999,-999999,-999999,-999999,-999999,-999999,-999999,0,5,-999999,-999999,5,-999999,-999999,0.260,-999999,-999999,-999999,-999999,-999999,0.8;30.630,-999999,-999999,30.889,-999999,-999999,-999999,-999999,-999999,-999999,-999999,0,5,-999999,-999999,5,-999999,-999999,0.261,-999999,-999999,-999999,-999999,-999999,0.8;30.650,-999999,-999999,30.908,-999999,-999999,-999999,-999999,-999999,-999999,-999999,0,5,-999999,-999999,5,-999999,-999999,0.261,-999999,-999999,-999999,-999999,-999999,0.8;30.670,-999999,-999999,30.953,-999999,-999999,-999999,-999999,-999999,-999999,-999999,0,5,-999999,-999999,5,-999999,-999999,0.263,-999999,-999999,-999999,-999999,-999999,0.8;30.690,-999999,-999999,30.975,-999999,-999999,-999999,-999999,-999999,-999999,-999999,0,5,-999999,-999999,5,-999999,-999999,0.263,-999999,-999999,-999999,-999999,-999999,0.8;30.710,-999999,-999999,31.052,-999999,-999999,-999999,-999999,-999999,-999999,-999999,0,5,-999999,-999999,5,-999999,-999999,0.260,-999999,-999999,-999999,-999999,-999999,0.8;30.730,-999999,-999999,31.097,-999999,-999999,-999999,-999999,-999999,-999999,-999999,0,5,-999999,-999999,5,-999999,-999999,0.262,-999999,-999999,-999999,-999999,-999999,0.8;30.750,-999999,-999999,31.071,-999999,-999999,-999999,-999999,-999999,-999999,-999999,0,5,-999999,-999999,5,-999999,-999999,0.262,-999999,-999999,-999999,-999999,-999999,0.8;30.770,-999999,-999999,31.084,-999999,-999999,-999999,-999999,-999999,-999999,-999999,0,5,-999999,-999999,5,-999999,-999999,0.263,-999999,-999999,-999999,-999999,-999999,0.8;30.790,-999999,-999999,31.075,-999999,-999999,-999999,-999999,-999999,-999999,-999999,0,5,-999999,-999999,5,-999999,-999999,0.263,-999999,-999999,-999999,-999999,-999999,0.8;30.810,-999999,-999999,31.049,-999999,-999999,-999999,-999999,-999999,-999999,-999999,0,5,-999999,-999999,5,-999999,-999999,0.262,-999999,-999999,-999999,-999999,-999999,0.8;30.830,-999999,-999999,31.068,-999999,-999999,-999999,-999999,-999999,-999999,-999999,0,5,-999999,-999999,5,-999999,-999999,0.263,-999999,-999999,-999999,-999999,-999999,0.8;30.850,-999999,-999999,31.081,-999999,-999999,-999999,-999999,-999999,-999999,-999999,0,5,-999999,-999999,5,-999999,-999999,0.264,-999999,-999999,-999999,-999999,-999999,0.8;30.870,-999999,-999999,31.094,-999999,-999999,-999999,-999999,-999999,-999999,-999999,0,5,-999999,-999999,5,-999999,-999999,0.265,-999999,-999999,-999999,-999999,-999999,0.8;30.890,-999999,-999999,31.014,-999999,-999999,-999999,-999999,-999999,-999999,-999999,0,5,-999999,-999999,5,-999999,-999999,0.265,-999999,-999999,-999999,-999999,-999999,0.8;30.910,-999999,-999999,30.962,-999999,-999999,-999999,-999999,-999999,-999999,-999999,0,5,-999999,-999999,5,-999999,-999999,0.265,-999999,-999999,-999999,-999999,-999999,0.8;30.930,-999999,-999999,30.934,-999999,-999999,-999999,-999999,-999999,-999999,-999999,0,5,-999999,-999999,5,-999999,-999999,0.265,-999999,-999999,-999999,-999999,-999999,0.8;30.950,-999999,-999999,30.937,-999999,-999999,-999999,-999999,-999999,-999999,-999999,0,5,-999999,-999999,5,-999999,-999999,0.268,-999999,-999999,-999999,-999999,-999999,0.8;30.970,-999999,-999999,30.892,-999999,-999999,-999999,-999999,-999999,-999999,-999999,0,5,-999999,-999999,5,-999999,-999999,0.265,-999999,-999999,-999999,-999999,-999999,0.8;30.990,-999999,-999999,30.889,-999999,-999999,-999999,-999999,-999999,-999999,-999999,0,5,-999999,-999999,5,-999999,-999999,0.266,-999999,-999999,-999999,-999999,-999999,0.8;31.010,-999999,-999999,30.876,-999999,-999999,-999999,-999999,-999999,-999999,-999999,0,5,-999999,-999999,5,-999999,-999999,0.266,-999999,-999999,-999999,-999999,-999999,0.8;31.030,-999999,-999999,30.863,-999999,-999999,-999999,-999999,-999999,-999999,-999999,0,5,-999999,-999999,5,-999999,-999999,0.263,-999999,-999999,-999999,-999999,-999999,0.8;31.050,-999999,-999999,30.831,-999999,-999999,-999999,-999999,-999999,-999999,-999999,0,5,-999999,-999999,5,-999999,-999999,0.261,-999999,-999999,-999999,-999999,-999999,0.8;31.070,-999999,-999999,30.770,-999999,-999999,-999999,-999999,-999999,-999999,-999999,0,5,-999999,-999999,5,-999999,-999999,0.263,-999999,-999999,-999999,-999999,-999999,0.8;31.090,-999999,-999999,30.715,-999999,-999999,-999999,-999999,-999999,-999999,-999999,0,5,-999999,-999999,5,-999999,-999999,0.262,-999999,-999999,-999999,-999999,-999999,0.8;31.110,-999999,-999999,30.667,-999999,-999999,-999999,-999999,-999999,-999999,-999999,0,5,-999999,-999999,5,-999999,-999999,0.260,-999999,-999999,-999999,-999999,-999999,0.8;31.130,-999999,-999999,30.751,-999999,-999999,-999999,-999999,-999999,-999999,-999999,0,5,-999999,-999999,5,-999999,-999999,0.258,-999999,-999999,-999999,-999999,-999999,0.8;31.150,-999999,-999999,30.770,-999999,-999999,-999999,-999999,-999999,-999999,-999999,0,5,-999999,-999999,5,-999999,-999999,0.256,-999999,-999999,-999999,-999999,-999999,0.8;31.170,-999999,-999999,30.715,-999999,-999999,-999999,-999999,-999999,-999999,-999999,0,5,-999999,-999999,5,-999999,-999999,0.258,-999999,-999999,-999999,-999999,-999999,0.8;31.190,-999999,-999999,30.770,-999999,-999999,-999999,-999999,-999999,-999999,-999999,0,5,-999999,-999999,5,-999999,-999999,0.257,-999999,-999999,-999999,-999999,-999999,0.8;31.210,-999999,-999999,30.677,-999999,-999999,-999999,-999999,-999999,-999999,-999999,0,5,-999999,-999999,5,-999999,-999999,0.257,-999999,-999999,-999999,-999999,-999999,0.8;31.230,-999999,-999999,30.504,-999999,-999999,-999999,-999999,-999999,-999999,-999999,0,5,-999999,-999999,5,-999999,-999999,0.257,-999999,-999999,-999999,-999999,-999999,0.8;31.250,-999999,-999999,30.314,-999999,-999999,-999999,-999999,-999999,-999999,-999999,0,5,-999999,-999999,5,-999999,-999999,0.255,-999999,-999999,-999999,-999999,-999999,0.8;31.270,-999999,-999999,30.087,-999999,-999999,-999999,-999999,-999999,-999999,-999999,0,5,-999999,-999999,5,-999999,-999999,0.256,-999999,-999999,-999999,-999999,-999999,0.8;31.290,-999999,-999999,29.853,-999999,-999999,-999999,-999999,-999999,-999999,-999999,0,5,-999999,-999999,5,-999999,-999999,0.261,-999999,-999999,-999999,-999999,-999999,0.8;31.310,-999999,-999999,29.657,-999999,-999999,-999999,-999999,-999999,-999999,-999999,0,5,-999999,-999999,5,-999999,-999999,0.253,-999999,-999999,-999999,-999999,-999999,0.8;31.330,-999999,-999999,29.570,-999999,-999999,-999999,-999999,-999999,-999999,-999999,0,5,-999999,-999999,5,-999999,-999999,0.254,-999999,-999999,-999999,-999999,-999999,0.8;31.350,-999999,-999999,29.529,-999999,-999999,-999999,-999999,-999999,-999999,-999999,0,5,-999999,-999999,5,-999999,-999999,0.253,-999999,-999999,-999999,-999999,-999999,0.8;31.370,-999999,-999999,29.336,-999999,-999999,-999999,-999999,-999999,-999999,-999999,0,5,-999999,-999999,5,-999999,-999999,0.253,-999999,-999999,-999999,-999999,-999999,0.8;31.390,-999999,-999999,29.352,-999999,-999999,-999999,-999999,-999999,-999999,-999999,0,5,-999999,-999999,5,-999999,-999999,0.252,-999999,-999999,-999999,-999999,-999999,0.8;31.410,-999999,-999999,29.214,-999999,-999999,-999999,-999999,-999999,-999999,-999999,0,5,-999999,-999999,5,-999999,-999999,0.252,-999999,-999999,-999999,-999999,-999999,0.8;31.430,-999999,-999999,28.971,-999999,-999999,-999999,-999999,-999999,-999999,-999999,0,5,-999999,-999999,5,-999999,-999999,0.251,-999999,-999999,-999999,-999999,-999999,0.8;31.450,-999999,-999999,28.810,-999999,-999999,-999999,-999999,-999999,-999999,-999999,0,5,-999999,-999999,5,-999999,-999999,0.248,-999999,-999999,-999999,-999999,-999999,0.8;31.470,-999999,-999999,28.714,-999999,-999999,-999999,-999999,-999999,-999999,-999999,0,5,-999999,-999999,5,-999999,-999999,0.255,-999999,-999999,-999999,-999999,-999999,0.8;31.490,-999999,-999999,28.669,-999999,-999999,-999999,-999999,-999999,-999999,-999999,0,5,-999999,-999999,5,-999999,-999999,0.248,-999999,-999999,-999999,-999999,-999999,0.8;31.510,-999999,-999999,28.672,-999999,-999999,-999999,-999999,-999999,-999999,-999999,0,5,-999999,-999999,5,-999999,-999999,0.249,-999999,-999999,-999999,-999999,-999999,0.8;31.530,-999999,-999999,28.724,-999999,-999999,-999999,-999999,-999999,-999999,-999999,0,5,-999999,-999999,5,-999999,-999999,0.245,-999999,-999999,-999999,-999999,-999999,0.8;31.550,-999999,-999999,28.531,-999999,-999999,-999999,-999999,-999999,-999999,-999999,0,5,-999999,-999999,5,-999999,-999999,0.243,-999999,-999999,-999999,-999999,-999999,0.8;31.570,-999999,-999999,28.339,-999999,-999999,-999999,-999999,-999999,-999999,-999999,0,5,-999999,-999999,5,-999999,-999999,0.238,-999999,-999999,-999999,-999999,-999999,0.8;31.590,-999999,-999999,28.291,-999999,-999999,-999999,-999999,-999999,-999999,-999999,0,5,-999999,-999999,5,-999999,-999999,0.243,-999999,-999999,-999999,-999999,-999999,0.8;31.610,-999999,-999999,28.252,-999999,-999999,-999999,-999999,-999999,-999999,-999999,0,5,-999999,-999999,5,-999999,-999999,0.242,-999999,-999999,-999999,-999999,-999999,0.8;31.630,-999999,-999999,28.252,-999999,-999999,-999999,-999999,-999999,-999999,-999999,0,5,-999999,-999999,5,-999999,-999999,0.238,-999999,-999999,-999999,-999999,-999999,0.8;31.650,-999999,-999999,28.384,-999999,-999999,-999999,-999999,-999999,-999999,-999999,0,5,-999999,-999999,5,-999999,-999999,0.241,-999999,-999999,-999999,-999999,-999999,0.8;31.670,-999999,-999999,28.393,-999999,-999999,-999999,-999999,-999999,-999999,-999999,0,5,-999999,-999999,5,-999999,-999999,0.245,-999999,-999999,-999999,-999999,-999999,0.8;31.690,-999999,-999999,28.428,-999999,-999999,-999999,-999999,-999999,-999999,-999999,0,5,-999999,-999999,5,-999999,-999999,0.239,-999999,-999999,-999999,-999999,-999999,0.8;31.710,-999999,-999999,28.528,-999999,-999999,-999999,-999999,-999999,-999999,-999999,0,5,-999999,-999999,5,-999999,-999999,0.241,-999999,-999999,-999999,-999999,-999999,0.8;31.730,-999999,-999999,28.537,-999999,-999999,-999999,-999999,-999999,-999999,-999999,0,5,-999999,-999999,5,-999999,-999999,0.242,-999999,-999999,-999999,-999999,-999999,0.8;31.750,-999999,-999999,28.361,-999999,-999999,-999999,-999999,-999999,-999999,-999999,0,5,-999999,-999999,5,-999999,-999999,0.242,-999999,-999999,-999999,-999999,-999999,0.8;31.770,-999999,-999999,28.284,-999999,-999999,-999999,-999999,-999999,-999999,-999999,0,5,-999999,-999999,5,-999999,-999999,0.240,-999999,-999999,-999999,-999999,-999999,0.8;31.790,-999999,-999999,28.172,-999999,-999999,-999999,-999999,-999999,-999999,-999999,0,5,-999999,-999999,5,-999999,-999999,0.241,-999999,-999999,-999999,-999999,-999999,0.8;31.810,-999999,-999999,28.140,-999999,-999999,-999999,-999999,-999999,-999999,-999999,0,5,-999999,-999999,5,-999999,-999999,0.242,-999999,-999999,-999999,-999999,-999999,0.8;31.830,-999999,-999999,28.130,-999999,-999999,-999999,-999999,-999999,-999999,-999999,0,5,-999999,-999999,5,-999999,-999999,0.243,-999999,-999999,-999999,-999999,-999999,0.8;31.850,-999999,-999999,28.008,-999999,-999999,-999999,-999999,-999999,-999999,-999999,0,5,-999999,-999999,5,-999999,-999999,0.241,-999999,-999999,-999999,-999999,-999999,0.8;31.870,-999999,-999999,28.085,-999999,-999999,-999999,-999999,-999999,-999999,-999999,0,5,-999999,-999999,5,-999999,-999999,0.240,-999999,-999999,-999999,-999999,-999999,0.8;31.890,-999999,-999999,28.092,-999999,-999999,-999999,-999999,-999999,-999999,-999999,0,5,-999999,-999999,5,-999999,-999999,0.237,-999999,-999999,-999999,-999999,-999999,0.8;31.910,-999999,-999999,28.169,-999999,-999999,-999999,-999999,-999999,-999999,-999999,0,5,-999999,-999999,5,-999999,-999999,0.238,-999999,-999999,-999999,-999999,-999999,0.8;31.930,-999999,-999999,28.355,-999999,-999999,-999999,-999999,-999999,-999999,-999999,0,5,-999999,-999999,5,-999999,-999999,0.238,-999999,-999999,-999999,-999999,-999999,0.8;31.950,-999999,-999999,28.547,-999999,-999999,-999999,-999999,-999999,-999999,-999999,0,5,-999999,-999999,5,-999999,-999999,0.239,-999999,-999999,-999999,-999999,-999999,0.8;31.970,-999999,-999999,28.720,-999999,-999999,-999999,-999999,-999999,-999999,-999999,0,5,-999999,-999999,5,-999999,-999999,0.238,-999999,-999999,-999999,-999999,-999999,0.8;31.990,-999999,-999999,28.926,-999999,-999999,-999999,-999999,-999999,-999999,-999999,0,5,-999999,-999999,5,-999999,-999999,0.239,-999999,-999999,-999999,-999999,-999999,0.8;32.010,-999999,-999999,29.266,-999999,-999999,-999999,-999999,-999999,-999999,-999999,0,5,-999999,-999999,5,-999999,-999999,0.242,-999999,-999999,-999999,-999999,-999999,0.8;32.030,-999999,-999999,29.590,-999999,-999999,-999999,-999999,-999999,-999999,-999999,0,5,-999999,-999999,5,-999999,-999999,0.244,-999999,-999999,-999999,-999999,-999999,0.8;32.050,-999999,-999999,29.683,-999999,-999999,-999999,-999999,-999999,-999999,-999999,0,5,-999999,-999999,5,-999999,-999999,0.248,-999999,-999999,-999999,-999999,-999999,0.8;32.070,-999999,-999999,29.654,-999999,-999999,-999999,-999999,-999999,-999999,-999999,0,5,-999999,-999999,5,-999999,-999999,0.251,-999999,-999999,-999999,-999999,-999999,0.8;32.090,-999999,-999999,29.683,-999999,-999999,-999999,-999999,-999999,-999999,-999999,0,5,-999999,-999999,5,-999999,-999999,0.256,-999999,-999999,-999999,-999999,-999999,0.8;32.110,-999999,-999999,29.590,-999999,-999999,-999999,-999999,-999999,-999999,-999999,0,5,-999999,-999999,5,-999999,-999999,0.258,-999999,-999999,-999999,-999999,-999999,0.8;32.130,-999999,-999999,29.493,-999999,-999999,-999999,-999999,-999999,-999999,-999999,0,5,-999999,-999999,5,-999999,-999999,0.259,-999999,-999999,-999999,-999999,-999999,0.8;32.150,-999999,-999999,29.423,-999999,-999999,-999999,-999999,-999999,-999999,-999999,0,5,-999999,-999999,5,-999999,-999999,0.259,-999999,-999999,-999999,-999999,-999999,0.8;32.170,-999999,-999999,29.311,-999999,-999999,-999999,-999999,-999999,-999999,-999999,0,5,-999999,-999999,5,-999999,-999999,0.257,-999999,-999999,-999999,-999999,-999999,0.8;32.190,-999999,-999999,29.214,-999999,-999999,-999999,-999999,-999999,-999999,-999999,0,5,-999999,-999999,5,-999999,-999999,0.255,-999999,-999999,-999999,-999999,-999999,0.8;32.210,-999999,-999999,29.195,-999999,-999999,-999999,-999999,-999999,-999999,-999999,0,5,-999999,-999999,5,-999999,-999999,0.256,-999999,-999999,-999999,-999999,-999999,0.8;32.230,-999999,-999999,29.330,-999999,-999999,-999999,-999999,-999999,-999999,-999999,0,5,-999999,-999999,5,-999999,-999999,0.255,-999999,-999999,-999999,-999999,-999999,0.8;32.250,-999999,-999999,29.487,-999999,-999999,-999999,-999999,-999999,-999999,-999999,0,5,-999999,-999999,5,-999999,-999999,0.246,-999999,-999999,-999999,-999999,-999999,0.8;32.270,-999999,-999999,29.618,-999999,-999999,-999999,-999999,-999999,-999999,-999999,0,5,-999999,-999999,5,-999999,-999999,0.251,-999999,-999999,-999999,-999999,-999999,0.8;32.290,-999999,-999999,29.737,-999999,-999999,-999999,-999999,-999999,-999999,-999999,0,5,-999999,-999999,5,-999999,-999999,0.251,-999999,-999999,-999999,-999999,-999999,0.8;32.310,-999999,-999999,29.907,-999999,-999999,-999999,-999999,-999999,-999999,-999999,0,5,-999999,-999999,5,-999999,-999999,0.255,-999999,-999999,-999999,-999999,-999999,0.8;32.330,-999999,-999999,30.148,-999999,-999999,-999999,-999999,-999999,-999999,-999999,0,5,-999999,-999999,5,-999999,-999999,0.258,-999999,-999999,-999999,-999999,-999999,0.8;32.350,-999999,-999999,30.411,-999999,-999999,-999999,-999999,-999999,-999999,-999999,0,5,-999999,-999999,5,-999999,-999999,0.259,-999999,-999999,-999999,-999999,-999999,0.8;32.370,-999999,-999999,30.568,-999999,-999999,-999999,-999999,-999999,-999999,-999999,0,5,-999999,-999999,5,-999999,-999999,0.260,-999999,-999999,-999999,-999999,-999999,0.8;32.390,-999999,-999999,30.671,-999999,-999999,-999999,-999999,-999999,-999999,-999999,0,5,-999999,-999999,5,-999999,-999999,0.241,-999999,-999999,-999999,-999999,-999999,0.7;32.410,-999999,-999999,30.889,-999999,-999999,-999999,-999999,-999999,-999999,-999999,0,5,-999999,-999999,5,-999999,-999999,0.241,-999999,-999999,-999999,-999999,-999999,0.7;32.430,-999999,-999999,31.318,-999999,-999999,-999999,-999999,-999999,-999999,-999999,0,5,-999999,-999999,5,-999999,-999999,0.256,-999999,-999999,-999999,-999999,-999999,0.8;32.450,-999999,-999999,31.514,-999999,-999999,-999999,-999999,-999999,-999999,-999999,0,5,-999999,-999999,5,-999999,-999999,0.265,-999999,-999999,-999999,-999999,-999999,0.8;32.470,-999999,-999999,32.281,-999999,-999999,-999999,-999999,-999999,-999999,-999999,0,5,-999999,-999999,5,-999999,-999999,0.259,-999999,-999999,-999999,-999999,-999999,0.8;32.490,-999999,-999999,32.810,-999999,-999999,-999999,-999999,-999999,-999999,-999999,0,5,-999999,-999999,5,-999999,-999999,0.262,-999999,-999999,-999999,-999999,-999999,0.8;32.510,-999999,-999999,33.022,-999999,-999999,-999999,-999999,-999999,-999999,-999999,0,5,-999999,-999999,5,-999999,-999999,0.265,-999999,-999999,-999999,-999999,-999999,0.8;32.530,-999999,-999999,33.044,-999999,-999999,-999999,-999999,-999999,-999999,-999999,0,5,-999999,-999999,5,-999999,-999999,0.270,-999999,-999999,-999999,-999999,-999999,0.8;32.550,-999999,-999999,32.935,-999999,-999999,-999999,-999999,-999999,-999999,-999999,0,5,-999999,-999999,5,-999999,-999999,0.276,-999999,-999999,-999999,-999999,-999999,0.8;32.570,-999999,-999999,32.688,-999999,-999999,-999999,-999999,-999999,-999999,-999999,0,5,-999999,-999999,5,-999999,-999999,0.283,-999999,-999999,-999999,-999999,-999999,0.8;32.590,-999999,-999999,32.364,-999999,-999999,-999999,-999999,-999999,-999999,-999999,0,5,-999999,-999999,5,-999999,-999999,0.286,-999999,-999999,-999999,-999999,-999999,0.8;32.610,-999999,-999999,31.716,-999999,-999999,-999999,-999999,-999999,-999999,-999999,0,5,-999999,-999999,5,-999999,-999999,0.285,-999999,-999999,-999999,-999999,-999999,0.9;32.630,-999999,-999999,30.898,-999999,-999999,-999999,-999999,-999999,-999999,-999999,0,5,-999999,-999999,5,-999999,-999999,0.281,-999999,-999999,-999999,-999999,-999999,0.9;32.650,-999999,-999999,30.039,-999999,-999999,-999999,-999999,-999999,-999999,-999999,0,5,-999999,-999999,5,-999999,-999999,0.273,-999999,-999999,-999999,-999999,-999999,0.9;32.670,-999999,-999999,29.227,-999999,-999999,-999999,-999999,-999999,-999999,-999999,0,5,-999999,-999999,5,-999999,-999999,0.269,-999999,-999999,-999999,-999999,-999999,0.9;32.690,-999999,-999999,28.409,-999999,-999999,-999999,-999999,-999999,-999999,-999999,0,5,-999999,-999999,5,-999999,-999999,0.265,-999999,-999999,-999999,-999999,-999999,0.9;32.710,-999999,-999999,27.036,-999999,-999999,-999999,-999999,-999999,-999999,-999999,0,5,-999999,-999999,5,-999999,-999999,0.257,-999999,-999999,-999999,-999999,-999999,0.9;32.730,-999999,-999999,25.211,-999999,-999999,-999999,-999999,-999999,-999999,-999999,0,5,-999999,-999999,5,-999999,-999999,0.246,-999999,-999999,-999999,-999999,-999999,0.9;32.750,-999999,-999999,23.280,-999999,-999999,-999999,-999999,-999999,-999999,-999999,0,5,-999999,-999999,5,-999999,-999999,0.234,-999999,-999999,-999999,-999999,-999999,0.9;32.770,-999999,-999999,21.702,-999999,-999999,-999999,-999999,-999999,-999999,-999999,0,5,-999999,-999999,5,-999999,-999999,0.223,-999999,-999999,-999999,-999999,-999999,0.9;32.790,-999999,-999999,20.509,-999999,-999999,-999999,-999999,-999999,-999999,-999999,0,5,-999999,-999999,5,-999999,-999999,0.214,-999999,-999999,-999999,-999999,-999999,1.0;32.810,-999999,-999999,19.745,-999999,-999999,-999999,-999999,-999999,-999999,-999999,0,5,-999999,-999999,5,-999999,-999999,0.201,-999999,-999999,-999999,-999999,-999999,0.9;32.830,-999999,-999999,19.139,-999999,-999999,-999999,-999999,-999999,-999999,-999999,0,5,-999999,-999999,5,-999999,-999999,0.187,-999999,-999999,-999999,-999999,-999999,0.9;32.850,-999999,-999999,18.665,-999999,-999999,-999999,-999999,-999999,-999999,-999999,0,5,-999999,-999999,5,-999999,-999999,0.177,-999999,-999999,-999999,-999999,-999999,0.9;32.870,-999999,-999999,18.369,-999999,-999999,-999999,-999999,-999999,-999999,-999999,0,5,-999999,-999999,5,-999999,-999999,0.169,-999999,-999999,-999999,-999999,-999999,0.9;32.890,-999999,-999999,18.135,-999999,-999999,-999999,-999999,-999999,-999999,-999999,0,5,-999999,-999999,5,-999999,-999999,0.171,-999999,-999999,-999999,-999999,-999999,0.9;32.910,-999999,-999999,17.869,-999999,-999999,-999999,-999999,-999999,-999999,-999999,0,5,-999999,-999999,5,-999999,-999999,0.155,-999999,-999999,-999999,-999999,-999999,0.8;32.930,-999999,-999999,17.561,-999999,-999999,-999999,-999999,-999999,-999999,-999999,0,5,-999999,-999999,5,-999999,-999999,0.149,-999999,-999999,-999999,-999999,-999999,0.8;32.950,-999999,-999999,17.337,-999999,-999999,-999999,-999999,-999999,-999999,-999999,0,5,-999999,-999999,5,-999999,-999999,0.171,-999999,-999999,-999999,-999999,-999999,0.9;32.970,-999999,-999999,17.144,-999999,-999999,-999999,-999999,-999999,-999999,-999999,0,5,-999999,-999999,5,-999999,-999999,0.168,-999999,-999999,-999999,-999999,-999999,0.9;32.990,-999999,-999999,16.894,-999999,-999999,-999999,-999999,-999999,-999999,-999999,0,5,-999999,-999999,5,-999999,-999999,0.156,-999999,-999999,-999999,-999999,-999999,0.9;33.010,-999999,-999999,16.445,-999999,-999999,-999999,-999999,-999999,-999999,-999999,0,5,-999999,-999999,5,-999999,-999999,0.136,-999999,-999999,-999999,-999999,-999999,0.8;33.030,-999999,-999999,15.781,-999999,-999999,-999999,-999999,-999999,-999999,-999999,0,5,-999999,-999999,5,-999999,-999999,0.137,-999999,-999999,-999999,-999999,-999999,0.8;33.050,-999999,-999999,15.027,-999999,-999999,-999999,-999999,-999999,-999999,-999999,0,5,-999999,-999999,5,-999999,-999999,0.123,-999999,-999999,-999999,-999999,-999999,0.8;33.070,-999999,-999999,14.456,-999999,-999999,-999999,-999999,-999999,-999999,-999999,0,5,-999999,-999999,5,-999999,-999999,0.123,-999999,-999999,-999999,-999999,-999999,0.8;33.090,-999999,-999999,14.238,-999999,-999999,-999999,-999999,-999999,-999999,-999999,0,5,-999999,-999999,5,-999999,-999999,0.118,-999999,-999999,-999999,-999999,-999999,0.8;33.110,-999999,-999999,13.847,-999999,-999999,-999999,-999999,-999999,-999999,-999999,0,5,-999999,-999999,5,-999999,-999999,0.113,-999999,-999999,-999999,-999999,-999999,0.8;33.130,-999999,-999999,13.789,-999999,-999999,-999999,-999999,-999999,-999999,-999999,0,5,-999999,-999999,5,-999999,-999999,0.110,-999999,-999999,-999999,-999999,-999999,0.7;33.150,-999999,-999999,13.651,-999999,-999999,-999999,-999999,-999999,-999999,-999999,0,5,-999999,-999999,5,-999999,-999999,0.105,-999999,-999999,-999999,-999999,-999999,0.7;33.170,-999999,-999999,13.606,-999999,-999999,-999999,-999999,-999999,-999999,-999999,0,5,-999999,-999999,5,-999999,-999999,0.101,-999999,-999999,-999999,-999999,-999999,0.7;33.190,-999999,-999999,13.738,-999999,-999999,-999999,-999999,-999999,-999999,-999999,0,5,-999999,-999999,5,-999999,-999999,0.097,-999999,-999999,-999999,-999999,-999999,0.6;33.210,-999999,-999999,14.039,-999999,-999999,-999999,-999999,-999999,-999999,-999999,0,5,-999999,-999999,5,-999999,-999999,0.091,-999999,-999999,-999999,-999999,-999999,0.6;33.230,-999999,-999999,14.485,-999999,-999999,-999999,-999999,-999999,-999999,-999999,0,5,-999999,-999999,5,-999999,-999999,0.092,-999999,-999999,-999999,-999999,-999999,0.6;33.250,-999999,-999999,14.831,-999999,-999999,-999999,-999999,-999999,-999999,-999999,0,5,-999999,-999999,5,-999999,-999999,0.090,-999999,-999999,-999999,-999999,-999999,0.6;33.270,-999999,-999999,14.998,-999999,-999999,-999999,-999999,-999999,-999999,-999999,0,5,-999999,-999999,5,-999999,-999999,0.087,-999999,-999999,-999999,-999999,-999999,0.5;33.290,-999999,-999999,14.681,-999999,-999999,-999999,-999999,-999999,-999999,-999999,0,5,-999999,-999999,5,-999999,-999999,0.085,-999999,-999999,-999999,-999999,-999999,0.5;33.310,-999999,-999999,14.620,-999999,-999999,-999999,-999999,-999999,-999999,-999999,0,5,-999999,-999999,5,-999999,-999999,0.081,-999999,-999999,-999999,-999999,-999999,0.5;33.330,-999999,-999999,14.674,-999999,-999999,-999999,-999999,-999999,-999999,-999999,0,5,-999999,-999999,5,-999999,-999999,0.078,-999999,-999999,-999999,-999999,-999999,0.5;33.350,-999999,-999999,14.864,-999999,-999999,-999999,-999999,-999999,-999999,-999999,0,5,-999999,-999999,5,-999999,-999999,0.079,-999999,-999999,-999999,-999999,-999999,0.5;33.370,-999999,-999999,15.101,-999999,-999999,-999999,-999999,-999999,-999999,-999999,0,5,-999999,-999999,5,-999999,-999999,0.082,-999999,-999999,-999999,-999999,-999999,0.5;33.390,-999999,-999999,15.268,-999999,-999999,-999999,-999999,-999999,-999999,-999999,0,5,-999999,-999999,5,-999999,-999999,0.080,-999999,-999999,-999999,-999999,-999999,0.5;33.410,-999999,-999999,15.162,-999999,-999999,-999999,-999999,-999999,-999999,-999999,0,5,-999999,-999999,5,-999999,-999999,0.077,-999999,-999999,-999999,-999999,-999999,0.5;33.430,-999999,-999999,14.751,-999999,-999999,-999999,-999999,-999999,-999999,-999999,0,5,-999999,-999999,5,-999999,-999999,0.074,-999999,-999999,-999999,-999999,-999999,0.5;33.450,-999999,-999999,14.174,-999999,-999999,-999999,-999999,-999999,-999999,-999999,0,5,-999999,-999999,5,-999999,-999999,0.084,-999999,-999999,-999999,-999999,-999999,0.5;33.470,-999999,-999999,13.680,-999999,-999999,-999999,-999999,-999999,-999999,-999999,0,5,-999999,-999999,5,-999999,-999999,0.079,-999999,-999999,-999999,-999999,-999999,0.5;33.490,-999999,-999999,13.314,-999999,-999999,-999999,-999999,-999999,-999999,-999999,0,5,-999999,-999999,5,-999999,-999999,0.085,-999999,-999999,-999999,-999999,-999999,0.6;33.510,-999999,-999999,12.958,-999999,-999999,-999999,-999999,-999999,-999999,-999999,0,5,-999999,-999999,5,-999999,-999999,0.081,-999999,-999999,-999999,-999999,-999999,0.6;33.530,-999999,-999999,12.670,-999999,-999999,-999999,-999999,-999999,-999999,-999999,0,5,-999999,-999999,5,-999999,-999999,0.083,-999999,-999999,-999999,-999999,-999999,0.6;33.550,-999999,-999999,12.448,-999999,-999999,-999999,-999999,-999999,-999999,-999999,0,6,-999999,-999999,6,-999999,-999999,0.081,-999999,-999999,-999999,-999999,-999999,0.6;33.570,-999999,-999999,12.278,-999999,-999999,-999999,-999999,-999999,-999999,-999999,0,5,-999999,-999999,5,-999999,-999999,0.082,-999999,-999999,-999999,-999999,-999999,0.6;33.590,-999999,-999999,12.224,-999999,-999999,-999999,-999999,-999999,-999999,-999999,0,5,-999999,-999999,5,-999999,-999999,0.078,-999999,-999999,-999999,-999999,-999999,0.6;33.610,-999999,-999999,12.198,-999999,-999999,-999999,-999999,-999999,-999999,-999999,0,5,-999999,-999999,5,-999999,-999999,0.085,-999999,-999999,-999999,-999999,-999999,0.6;33.630,-999999,-999999,12.192,-999999,-999999,-999999,-999999,-999999,-999999,-999999,0,5,-999999,-999999,5,-999999,-999999,0.083,-999999,-999999,-999999,-999999,-999999,0.6;33.650,-999999,-999999,12.278,-999999,-999999,-999999,-999999,-999999,-999999,-999999,0,6,-999999,-999999,6,-999999,-999999,0.087,-999999,-999999,-999999,-999999,-999999,0.7;33.670,-999999,-999999,12.480,-999999,-999999,-999999,-999999,-999999,-999999,-999999,0,5,-999999,-999999,5,-999999,-999999,0.084,-999999,-999999,-999999,-999999,-999999,0.6;33.690,-999999,-999999,12.631,-999999,-999999,-999999,-999999,-999999,-999999,-999999,0,5,-999999,-999999,5,-999999,-999999,0.088,-999999,-999999,-999999,-999999,-999999,0.6;33.710,-999999,-999999,12.987,-999999,-999999,-999999,-999999,-999999,-999999,-999999,0,5,-999999,-999999,5,-999999,-999999,0.090,-999999,-999999,-999999,-999999,-999999,0.6;33.730,-999999,-999999,13.513,-999999,-999999,-999999,-999999,-999999,-999999,-999999,0,5,-999999,-999999,5,-999999,-999999,0.090,-999999,-999999,-999999,-999999,-999999,0.6;33.750,-999999,-999999,14.347,-999999,-999999,-999999,-999999,-999999,-999999,-999999,0,6,-999999,-999999,6,-999999,-999999,0.092,-999999,-999999,-999999,-999999,-999999,0.6;33.770,-999999,-999999,15.245,-999999,-999999,-999999,-999999,-999999,-999999,-999999,0,6,-999999,-999999,6,-999999,-999999,0.096,-999999,-999999,-999999,-999999,-999999,0.6;33.790,-999999,-999999,16.243,-999999,-999999,-999999,-999999,-999999,-999999,-999999,0,6,-999999,-999999,6,-999999,-999999,0.098,-999999,-999999,-999999,-999999,-999999,0.5;33.810,-999999,-999999,17.394,-999999,-999999,-999999,-999999,-999999,-999999,-999999,0,6,-999999,-999999,6,-999999,-999999,0.098,-999999,-999999,-999999,-999999,-999999,0.5;33.830,-999999,-999999,18.857,-999999,-999999,-999999,-999999,-999999,-999999,-999999,0,6,-999999,-999999,6,-999999,-999999,0.100,-999999,-999999,-999999,-999999,-999999,0.5;33.850,-999999,-999999,20.442,-999999,-999999,-999999,-999999,-999999,-999999,-999999,0,5,-999999,-999999,5,-999999,-999999,0.106,-999999,-999999,-999999,-999999,-999999,0.5;33.870,-999999,-999999,21.959,-999999,-999999,-999999,-999999,-999999,-999999,-999999,0,6,-999999,-999999,6,-999999,-999999,0.110,-999999,-999999,-999999,-999999,-999999,0.5;33.890,-999999,-999999,23.566,-999999,-999999,-999999,-999999,-999999,-999999,-999999,0,6,-999999,-999999,6,-999999,-999999,0.114,-999999,-999999,-999999,-999999,-999999,0.4;33.910,-999999,-999999,24.881,-999999,-999999,-999999,-999999,-999999,-999999,-999999,0,6,-999999,-999999,6,-999999,-999999,0.127,-999999,-999999,-999999,-999999,-999999,0.5;33.930,-999999,-999999,25.955,-999999,-999999,-999999,-999999,-999999,-999999,-999999,0,6,-999999,-999999,6,-999999,-999999,0.136,-999999,-999999,-999999,-999999,-999999,0.5;33.950,-999999,-999999,26.924,-999999,-999999,-999999,-999999,-999999,-999999,-999999,0,6,-999999,-999999,6,-999999,-999999,0.149,-999999,-999999,-999999,-999999,-999999,0.5;33.970,-999999,-999999,27.238,-999999,-999999,-999999,-999999,-999999,-999999,-999999,0,6,-999999,-999999,6,-999999,-999999,0.152,-999999,-999999,-999999,-999999,-999999,0.5;33.990,-999999,-999999,27.473,-999999,-999999,-999999,-999999,-999999,-999999,-999999,0,6,-999999,-999999,6,-999999,-999999,0.160,-999999,-999999,-999999,-999999,-999999,0.5;34.010,-999999,-999999,27.485,-999999,-999999,-999999,-999999,-999999,-999999,-999999,0,6,-999999,-999999,6,-999999,-999999,0.172,-999999,-999999,-999999,-999999,-999999,0.6;34.030,-999999,-999999,27.155,-999999,-999999,-999999,-999999,-999999,-999999,-999999,0,6,-999999,-999999,6,-999999,-999999,0.184,-999999,-999999,-999999,-999999,-999999,0.6;34.050,-999999,-999999,26.555,-999999,-999999,-999999,-999999,-999999,-999999,-999999,0,6,-999999,-999999,6,-999999,-999999,0.194,-999999,-999999,-999999,-999999,-999999,0.7;34.070,-999999,-999999,25.455,-999999,-999999,-999999,-999999,-999999,-999999,-999999,0,6,-999999,-999999,6,-999999,-999999,0.215,-999999,-999999,-999999,-999999,-999999,0.8;34.090,-999999,-999999,23.758,-999999,-999999,-999999,-999999,-999999,-999999,-999999,0,6,-999999,-999999,6,-999999,-999999,0.188,-999999,-999999,-999999,-999999,-999999,0.7;34.110,-999999,-999999,22.219,-999999,-999999,-999999,-999999,-999999,-999999,-999999,0,6,-999999,-999999,6,-999999,-999999,0.192,-999999,-999999,-999999,-999999,-999999,0.8;34.130,-999999,-999999,20.926,-999999,-999999,-999999,-999999,-999999,-999999,-999999,0,6,-999999,-999999,6,-999999,-999999,0.188,-999999,-999999,-999999,-999999,-999999,0.8;34.150,-999999,-999999,20.166,-999999,-999999,-999999,-999999,-999999,-999999,-999999,0,6,-999999,-999999,6,-999999,-999999,0.178,-999999,-999999,-999999,-999999,-999999,0.8;34.170,-999999,-999999,19.896,-999999,-999999,-999999,-999999,-999999,-999999,-999999,0,6,-999999,-999999,6,-999999,-999999,0.174,-999999,-999999,-999999,-999999,-999999,0.8;34.190,-999999,-999999,19.396,-999999,-999999,-999999,-999999,-999999,-999999,-999999,0,6,-999999,-999999,6,-999999,-999999,0.159,-999999,-999999,-999999,-999999,-999999,0.7;34.210,-999999,-999999,19.447,-999999,-999999,-999999,-999999,-999999,-999999,-999999,0,6,-999999,-999999,6,-999999,-999999,0.148,-999999,-999999,-999999,-999999,-999999,0.7;34.230,-999999,-999999,19.893,-999999,-999999,-999999,-999999,-999999,-999999,-999999,0,6,-999999,-999999,6,-999999,-999999,0.143,-999999,-999999,-999999,-999999,-999999,0.7;34.250,-999999,-999999,20.249,-999999,-999999,-999999,-999999,-999999,-999999,-999999,0,6,-999999,-999999,6,-999999,-999999,0.143,-999999,-999999,-999999,-999999,-999999,0.7;34.270,-999999,-999999,20.352,-999999,-999999,-999999,-999999,-999999,-999999,-999999,0,6,-999999,-999999,6,-999999,-999999,0.140,-999999,-999999,-999999,-999999,-999999,0.7;34.290,-999999,-999999,20.066,-999999,-999999,-999999,-999999,-999999,-999999,-999999,0,6,-999999,-999999,6,-999999,-999999,0.134,-999999,-999999,-999999,-999999,-999999,0.6;34.310,-999999,-999999,19.636,-999999,-999999,-999999,-999999,-999999,-999999,-999999,0,6,-999999,-999999,6,-999999,-999999,0.135,-999999,-999999,-999999,-999999,-999999,0.6;34.330,-999999,-999999,19.457,-999999,-999999,-999999,-999999,-999999,-999999,-999999,0,6,-999999,-999999,6,-999999,-999999,0.134,-999999,-999999,-999999,-999999,-999999,0.6;34.350,-999999,-999999,19.502,-999999,-999999,-999999,-999999,-999999,-999999,-999999,0,6,-999999,-999999,6,-999999,-999999,0.132,-999999,-999999,-999999,-999999,-999999,0.6;34.370,-999999,-999999,19.486,-999999,-999999,-999999,-999999,-999999,-999999,-999999,0,6,-999999,-999999,6,-999999,-999999,0.128,-999999,-999999,-999999,-999999,-999999,0.6;34.390,-999999,-999999,19.383,-999999,-999999,-999999,-999999,-999999,-999999,-999999,0,6,-999999,-999999,6,-999999,-999999,0.129,-999999,-999999,-999999,-999999,-999999,0.6;34.410,-999999,-999999,19.133,-999999,-999999,-999999,-999999,-999999,-999999,-999999,0,6,-999999,-999999,6,-999999,-999999,0.127,-999999,-999999,-999999,-999999,-999999,0.6;34.430,-999999,-999999,18.674,-999999,-999999,-999999,-999999,-999999,-999999,-999999,0,6,-999999,-999999,6,-999999,-999999,0.127,-999999,-999999,-999999,-999999,-999999,0.6;34.450,-999999,-999999,17.997,-999999,-999999,-999999,-999999,-999999,-999999,-999999,0,6,-999999,-999999,6,-999999,-999999,0.127,-999999,-999999,-999999,-999999,-999999,0.7;34.470,-999999,-999999,17.410,-999999,-999999,-999999,-999999,-999999,-999999,-999999,0,6,-999999,-999999,6,-999999,-999999,0.125,-999999,-999999,-999999,-999999,-999999,0.7;34.490,-999999,-999999,17.000,-999999,-999999,-999999,-999999,-999999,-999999,-999999,0,6,-999999,-999999,6,-999999,-999999,0.122,-999999,-999999,-999999,-999999,-999999,0.7;34.510,-999999,-999999,16.663,-999999,-999999,-999999,-999999,-999999,-999999,-999999,0,6,-999999,-999999,6,-999999,-999999,0.120,-999999,-999999,-999999,-999999,-999999,0.7;34.530,-999999,-999999,16.445,-999999,-999999,-999999,-999999,-999999,-999999,-999999,0,6,-999999,-999999,6,-999999,-999999,0.128,-999999,-999999,-999999,-999999,-999999,0.7;34.550,-999999,-999999,16.464,-999999,-999999,-999999,-999999,-999999,-999999,-999999,0,6,-999999,-999999,6,-999999,-999999,0.125,-999999,-999999,-999999,-999999,-999999,0.7;34.570,-999999,-999999,16.717,-999999,-999999,-999999,-999999,-999999,-999999,-999999,0,6,-999999,-999999,6,-999999,-999999,0.131,-999999,-999999,-999999,-999999,-999999,0.7;34.590,-999999,-999999,17.086,-999999,-999999,-999999,-999999,-999999,-999999,-999999,0,6,-999999,-999999,6,-999999,-999999,0.133,-999999,-999999,-999999,-999999,-999999,0.7;34.610,-999999,-999999,17.580,-999999,-999999,-999999,-999999,-999999,-999999,-999999,0,6,-999999,-999999,6,-999999,-999999,0.133,-999999,-999999,-999999,-999999,-999999,0.7;34.630,-999999,-999999,18.360,-999999,-999999,-999999,-999999,-999999,-999999,-999999,0,6,-999999,-999999,6,-999999,-999999,0.140,-999999,-999999,-999999,-999999,-999999,0.7;34.650,-999999,-999999,19.495,-999999,-999999,-999999,-999999,-999999,-999999,-999999,0,6,-999999,-999999,6,-999999,-999999,0.136,-999999,-999999,-999999,-999999,-999999,0.6;34.670,-999999,-999999,20.977,-999999,-999999,-999999,-999999,-999999,-999999,-999999,0,6,-999999,-999999,6,-999999,-999999,0.141,-999999,-999999,-999999,-999999,-999999,0.6;34.690,-999999,-999999,22.796,-999999,-999999,-999999,-999999,-999999,-999999,-999999,0,6,-999999,-999999,6,-999999,-999999,0.146,-999999,-999999,-999999,-999999,-999999,0.6;34.710,-999999,-999999,24.788,-999999,-999999,-999999,-999999,-999999,-999999,-999999,0,6,-999999,-999999,6,-999999,-999999,0.143,-999999,-999999,-999999,-999999,-999999,0.5;34.730,-999999,-999999,26.587,-999999,-999999,-999999,-999999,-999999,-999999,-999999,0,6,-999999,-999999,6,-999999,-999999,0.139,-999999,-999999,-999999,-999999,-999999,0.5;34.750,-999999,-999999,28.201,-999999,-999999,-999999,-999999,-999999,-999999,-999999,0,6,-999999,-999999,6,-999999,-999999,0.159,-999999,-999999,-999999,-999999,-999999,0.5;34.770,-999999,-999999,28.813,-999999,-999999,-999999,-999999,-999999,-999999,-999999,0,6,-999999,-999999,6,-999999,-999999,0.184,-999999,-999999,-999999,-999999,-999999,0.6;34.790,-999999,-999999,30.100,-999999,-999999,-999999,-999999,-999999,-999999,-999999,0,6,-999999,-999999,6,-999999,-999999,0.179,-999999,-999999,-999999,-999999,-999999,0.6;34.810,-999999,-999999,30.587,-999999,-999999,-999999,-999999,-999999,-999999,-999999,0,6,-999999,-999999,6,-999999,-999999,0.181,-999999,-999999,-999999,-999999,-999999,0.6;34.830,-999999,-999999,30.760,-999999,-999999,-999999,-999999,-999999,-999999,-999999,0,6,-999999,-999999,6,-999999,-999999,0.251,-999999,-999999,-999999,-999999,-999999,0.8;34.850,-999999,-999999,30.244,-999999,-999999,-999999,-999999,-999999,-999999,-999999,0,6,-999999,-999999,6,-999999,-999999,0.207,-999999,-999999,-999999,-999999,-999999,0.7;34.870,-999999,-999999,30.048,-999999,-999999,-999999,-999999,-999999,-999999,-999999,0,6,-999999,-999999,6,-999999,-999999,0.212,-999999,-999999,-999999,-999999,-999999,0.7;34.890,-999999,-999999,29.173,-999999,-999999,-999999,-999999,-999999,-999999,-999999,0,6,-999999,-999999,6,-999999,-999999,0.216,-999999,-999999,-999999,-999999,-999999,0.7;34.910,-999999,-999999,26.975,-999999,-999999,-999999,-999999,-999999,-999999,-999999,0,6,-999999,-999999,6,-999999,-999999,0.221,-999999,-999999,-999999,-999999,-999999,0.8;34.930,-999999,-999999,26.228,-999999,-999999,-999999,-999999,-999999,-999999,-999999,0,6,-999999,-999999,6,-999999,-999999,0.219,-999999,-999999,-999999,-999999,-999999,0.8;34.950,-999999,-999999,24.730,-999999,-999999,-999999,-999999,-999999,-999999,-999999,0,6,-999999,-999999,6,-999999,-999999,0.216,-999999,-999999,-999999,-999999,-999999,0.8;34.970,-999999,-999999,23.450,-999999,-999999,-999999,-999999,-999999,-999999,-999999,0,6,-999999,-999999,6,-999999,-999999,0.210,-999999,-999999,-999999,-999999,-999999,0.8;34.990,-999999,-999999,22.475,-999999,-999999,-999999,-999999,-999999,-999999,-999999,0,6,-999999,-999999,6,-999999,-999999,0.204,-999999,-999999,-999999,-999999,-999999,0.8;35.010,-999999,-999999,21.802,-999999,-999999,-999999,-999999,-999999,-999999,-999999,0,6,-999999,-999999,6,-999999,-999999,0.194,-999999,-999999,-999999,-999999,-999999,0.8;35.030,-999999,-999999,21.038,-999999,-999999,-999999,-999999,-999999,-999999,-999999,0,6,-999999,-999999,6,-999999,-999999,0.183,-999999,-999999,-999999,-999999,-999999,0.8;35.050,-999999,-999999,20.451,-999999,-999999,-999999,-999999,-999999,-999999,-999999,0,6,-999999,-999999,6,-999999,-999999,0.177,-999999,-999999,-999999,-999999,-999999,0.8;35.070,-999999,-999999,20.089,-999999,-999999,-999999,-999999,-999999,-999999,-999999,0,6,-999999,-999999,6,-999999,-999999,0.174,-999999,-999999,-999999,-999999,-999999,0.8;35.090,-999999,-999999,19.832,-999999,-999999,-999999,-999999,-999999,-999999,-999999,0,6,-999999,-999999,6,-999999,-999999,0.166,-999999,-999999,-999999,-999999,-999999,0.8;35.110,-999999,-999999,19.739,-999999,-999999,-999999,-999999,-999999,-999999,-999999,0,6,-999999,-999999,6,-999999,-999999,0.160,-999999,-999999,-999999,-999999,-999999,0.8;35.130,-999999,-999999,19.717,-999999,-999999,-999999,-999999,-999999,-999999,-999999,0,6,-999999,-999999,6,-999999,-999999,0.156,-999999,-999999,-999999,-999999,-999999,0.7;35.150,-999999,-999999,19.835,-999999,-999999,-999999,-999999,-999999,-999999,-999999,0,6,-999999,-999999,6,-999999,-999999,0.154,-999999,-999999,-999999,-999999,-999999,0.7;35.170,-999999,-999999,19.980,-999999,-999999,-999999,-999999,-999999,-999999,-999999,0,6,-999999,-999999,6,-999999,-999999,0.153,-999999,-999999,-999999,-999999,-999999,0.7;35.190,-999999,-999999,19.925,-999999,-999999,-999999,-999999,-999999,-999999,-999999,0,6,-999999,-999999,6,-999999,-999999,0.152,-999999,-999999,-999999,-999999,-999999,0.7;35.210,-999999,-999999,19.810,-999999,-999999,-999999,-999999,-999999,-999999,-999999,0,6,-999999,-999999,6,-999999,-999999,0.152,-999999,-999999,-999999,-999999,-999999,0.7;35.230,-999999,-999999,19.810,-999999,-999999,-999999,-999999,-999999,-999999,-999999,0,6,-999999,-999999,6,-999999,-999999,0.146,-999999,-999999,-999999,-999999,-999999,0.7;35.250,-999999,-999999,20.191,-999999,-999999,-999999,-999999,-999999,-999999,-999999,0,6,-999999,-999999,6,-999999,-999999,0.140,-999999,-999999,-999999,-999999,-999999,0.6;35.270,-999999,-999999,20.948,-999999,-999999,-999999,-999999,-999999,-999999,-999999,0,6,-999999,-999999,6,-999999,-999999,0.132,-999999,-999999,-999999,-999999,-999999,0.6;35.290,-999999,-999999,22.032,-999999,-999999,-999999,-999999,-999999,-999999,-999999,0,6,-999999,-999999,6,-999999,-999999,0.137,-999999,-999999,-999999,-999999,-999999,0.6;35.310,-999999,-999999,23.248,-999999,-999999,-999999,-999999,-999999,-999999,-999999,0,6,-999999,-999999,6,-999999,-999999,0.134,-999999,-999999,-999999,-999999,-999999,0.5;35.330,-999999,-999999,24.220,-999999,-999999,-999999,-999999,-999999,-999999,-999999,0,6,-999999,-999999,6,-999999,-999999,0.140,-999999,-999999,-999999,-999999,-999999,0.6;35.350,-999999,-999999,24.518,-999999,-999999,-999999,-999999,-999999,-999999,-999999,0,6,-999999,-999999,6,-999999,-999999,0.145,-999999,-999999,-999999,-999999,-999999,0.6;35.370,-999999,-999999,24.085,-999999,-999999,-999999,-999999,-999999,-999999,-999999,0,6,-999999,-999999,6,-999999,-999999,0.154,-999999,-999999,-999999,-999999,-999999,0.6;35.390,-999999,-999999,23.226,-999999,-999999,-999999,-999999,-999999,-999999,-999999,0,6,-999999,-999999,6,-999999,-999999,0.150,-999999,-999999,-999999,-999999,-999999,0.6;35.410,-999999,-999999,22.299,-999999,-999999,-999999,-999999,-999999,-999999,-999999,0,6,-999999,-999999,6,-999999,-999999,0.141,-999999,-999999,-999999,-999999,-999999,0.6;35.430,-999999,-999999,21.692,-999999,-999999,-999999,-999999,-999999,-999999,-999999,0,6,-999999,-999999,6,-999999,-999999,0.137,-999999,-999999,-999999,-999999,-999999,0.6;35.450,-999999,-999999,21.433,-999999,-999999,-999999,-999999,-999999,-999999,-999999,0,6,-999999,-999999,6,-999999,-999999,0.162,-999999,-999999,-999999,-999999,-999999,0.7;35.470,-999999,-999999,21.413,-999999,-999999,-999999,-999999,-999999,-999999,-999999,0,6,-999999,-999999,6,-999999,-999999,0.163,-999999,-999999,-999999,-999999,-999999,0.7;35.490,-999999,-999999,21.763,-999999,-999999,-999999,-999999,-999999,-999999,-999999,0,6,-999999,-999999,6,-999999,-999999,0.164,-999999,-999999,-999999,-999999,-999999,0.7;35.510,-999999,-999999,22.398,-999999,-999999,-999999,-999999,-999999,-999999,-999999,0,6,-999999,-999999,6,-999999,-999999,0.163,-999999,-999999,-999999,-999999,-999999,0.7;35.530,-999999,-999999,22.818,-999999,-999999,-999999,-999999,-999999,-999999,-999999,0,6,-999999,-999999,6,-999999,-999999,0.162,-999999,-999999,-999999,-999999,-999999,0.6;35.550,-999999,-999999,24.611,-999999,-999999,-999999,-999999,-999999,-999999,-999999,0,6,-999999,-999999,6,-999999,-999999,0.162,-999999,-999999,-999999,-999999,-999999,0.6;35.570,-999999,-999999,25.346,-999999,-999999,-999999,-999999,-999999,-999999,-999999,0,6,-999999,-999999,6,-999999,-999999,0.166,-999999,-999999,-999999,-999999,-999999,0.6;35.590,-999999,-999999,27.219,-999999,-999999,-999999,-999999,-999999,-999999,-999999,0,6,-999999,-999999,6,-999999,-999999,0.169,-999999,-999999,-999999,-999999,-999999,0.6;35.610,-999999,-999999,29.131,-999999,-999999,-999999,-999999,-999999,-999999,-999999,0,6,-999999,-999999,6,-999999,-999999,0.172,-999999,-999999,-999999,-999999,-999999,0.5;35.630,-999999,-999999,31.229,-999999,-999999,-999999,-999999,-999999,-999999,-999999,0,6,-999999,-999999,6,-999999,-999999,0.177,-999999,-999999,-999999,-999999,-999999,0.5;35.650,-999999,-999999,32.922,-999999,-999999,-999999,-999999,-999999,-999999,-999999,0,6,-999999,-999999,6,-999999,-999999,0.189,-999999,-999999,-999999,-999999,-999999,0.5;35.670,-999999,-999999,34.433,-999999,-999999,-999999,-999999,-999999,-999999,-999999,0,6,-999999,-999999,6,-999999,-999999,0.202,-999999,-999999,-999999,-999999,-999999,0.6;35.690,-999999,-999999,35.395,-999999,-999999,-999999,-999999,-999999,-999999,-999999,0,6,-999999,-999999,6,-999999,-999999,0.208,-999999,-999999,-999999,-999999,-999999,0.6;35.710,-999999,-999999,35.184,-999999,-999999,-999999,-999999,-999999,-999999,-999999,0,6,-999999,-999999,6,-999999,-999999,0.225,-999999,-999999,-999999,-999999,-999999,0.6;35.730,-999999,-999999,34.183,-999999,-999999,-999999,-999999,-999999,-999999,-999999,0,6,-999999,-999999,6,-999999,-999999,0.236,-999999,-999999,-999999,-999999,-999999,0.7;35.750,-999999,-999999,32.865,-999999,-999999,-999999,-999999,-999999,-999999,-999999,0,6,-999999,-999999,6,-999999,-999999,0.241,-999999,-999999,-999999,-999999,-999999,0.7;35.770,-999999,-999999,31.485,-999999,-999999,-999999,-999999,-999999,-999999,-999999,0,6,-999999,-999999,6,-999999,-999999,0.232,-999999,-999999,-999999,-999999,-999999,0.7;35.790,-999999,-999999,29.904,-999999,-999999,-999999,-999999,-999999,-999999,-999999,0,6,-999999,-999999,6,-999999,-999999,0.231,-999999,-999999,-999999,-999999,-999999,0.7;35.810,-999999,-999999,28.804,-999999,-999999,-999999,-999999,-999999,-999999,-999999,0,6,-999999,-999999,6,-999999,-999999,0.223,-999999,-999999,-999999,-999999,-999999,0.7;35.830,-999999,-999999,28.448,-999999,-999999,-999999,-999999,-999999,-999999,-999999,0,6,-999999,-999999,6,-999999,-999999,0.220,-999999,-999999,-999999,-999999,-999999,0.7;35.850,-999999,-999999,27.627,-999999,-999999,-999999,-999999,-999999,-999999,-999999,0,6,-999999,-999999,6,-999999,-999999,0.215,-999999,-999999,-999999,-999999,-999999,0.7;35.870,-999999,-999999,26.356,-999999,-999999,-999999,-999999,-999999,-999999,-999999,0,6,-999999,-999999,6,-999999,-999999,0.209,-999999,-999999,-999999,-999999,-999999,0.7;35.890,-999999,-999999,25.157,-999999,-999999,-999999,-999999,-999999,-999999,-999999,0,6,-999999,-999999,6,-999999,-999999,0.193,-999999,-999999,-999999,-999999,-999999,0.7;35.910,-999999,-999999,23.915,-999999,-999999,-999999,-999999,-999999,-999999,-999999,0,6,-999999,-999999,6,-999999,-999999,0.180,-999999,-999999,-999999,-999999,-999999,0.7;35.930,-999999,-999999,23.749,-999999,-999999,-999999,-999999,-999999,-999999,-999999,0,6,-999999,-999999,6,-999999,-999999,0.166,-999999,-999999,-999999,-999999,-999999,0.6;35.950,-999999,-999999,24.188,-999999,-999999,-999999,-999999,-999999,-999999,-999999,0,6,-999999,-999999,6,-999999,-999999,0.156,-999999,-999999,-999999,-999999,-999999,0.6;35.970,-999999,-999999,24.425,-999999,-999999,-999999,-999999,-999999,-999999,-999999,0,6,-999999,-999999,6,-999999,-999999,0.159,-999999,-999999,-999999,-999999,-999999,0.6;35.990,-999999,-999999,23.944,-999999,-999999,-999999,-999999,-999999,-999999,-999999,0,6,-999999,-999999,6,-999999,-999999,0.167,-999999,-999999,-999999,-999999,-999999,0.7;36.010,-999999,-999999,23.344,-999999,-999999,-999999,-999999,-999999,-999999,-999999,0,6,-999999,-999999,6,-999999,-999999,0.162,-999999,-999999,-999999,-999999,-999999,0.6;36.030,-999999,-999999,23.024,-999999,-999999,-999999,-999999,-999999,-999999,-999999,0,6,-999999,-999999,6,-999999,-999999,0.148,-999999,-999999,-999999,-999999,-999999,0.6;36.050,-999999,-999999,23.149,-999999,-999999,-999999,-999999,-999999,-999999,-999999,0,6,-999999,-999999,6,-999999,-999999,0.139,-999999,-999999,-999999,-999999,-999999,0.5;36.070,-999999,-999999,23.662,-999999,-999999,-999999,-999999,-999999,-999999,-999999,0,6,-999999,-999999,6,-999999,-999999,0.146,-999999,-999999,-999999,-999999,-999999,0.6;36.090,-999999,-999999,24.627,-999999,-999999,-999999,-999999,-999999,-999999,-999999,0,6,-999999,-999999,6,-999999,-999999,0.140,-999999,-999999,-999999,-999999,-999999,0.5;36.110,-999999,-999999,25.404,-999999,-999999,-999999,-999999,-999999,-999999,-999999,0,6,-999999,-999999,6,-999999,-999999,0.139,-999999,-999999,-999999,-999999,-999999,0.5;36.130,-999999,-999999,25.064,-999999,-999999,-999999,-999999,-999999,-999999,-999999,0,6,-999999,-999999,6,-999999,-999999,0.139,-999999,-999999,-999999,-999999,-999999,0.5;36.150,-999999,-999999,23.935,-999999,-999999,-999999,-999999,-999999,-999999,-999999,0,6,-999999,-999999,6,-999999,-999999,0.142,-999999,-999999,-999999,-999999,-999999,0.6;36.170,-999999,-999999,22.754,-999999,-999999,-999999,-999999,-999999,-999999,-999999,0,6,-999999,-999999,6,-999999,-999999,0.177,-999999,-999999,-999999,-999999,-999999,0.7;36.190,-999999,-999999,21.782,-999999,-999999,-999999,-999999,-999999,-999999,-999999,0,6,-999999,-999999,6,-999999,-999999,0.172,-999999,-999999,-999999,-999999,-999999,0.7;36.210,-999999,-999999,20.817,-999999,-999999,-999999,-999999,-999999,-999999,-999999,0,6,-999999,-999999,6,-999999,-999999,0.168,-999999,-999999,-999999,-999999,-999999,0.8;36.230,-999999,-999999,19.838,-999999,-999999,-999999,-999999,-999999,-999999,-999999,0,6,-999999,-999999,6,-999999,-999999,0.137,-999999,-999999,-999999,-999999,-999999,0.6;36.250,-999999,-999999,18.895,-999999,-999999,-999999,-999999,-999999,-999999,-999999,0,6,-999999,-999999,6,-999999,-999999,0.133,-999999,-999999,-999999,-999999,-999999,0.6;36.270,-999999,-999999,18.459,-999999,-999999,-999999,-999999,-999999,-999999,-999999,0,6,-999999,-999999,6,-999999,-999999,0.131,-999999,-999999,-999999,-999999,-999999,0.7;36.290,-999999,-999999,17.138,-999999,-999999,-999999,-999999,-999999,-999999,-999999,0,6,-999999,-999999,6,-999999,-999999,0.129,-999999,-999999,-999999,-999999,-999999,0.7;36.310,-999999,-999999,16.695,-999999,-999999,-999999,-999999,-999999,-999999,-999999,0,6,-999999,-999999,6,-999999,-999999,0.121,-999999,-999999,-999999,-999999,-999999,0.7;36.330,-999999,-999999,15.816,-999999,-999999,-999999,-999999,-999999,-999999,-999999,0,6,-999999,-999999,6,-999999,-999999,0.111,-999999,-999999,-999999,-999999,-999999,0.7;36.350,-999999,-999999,15.008,-999999,-999999,-999999,-999999,-999999,-999999,-999999,0,6,-999999,-999999,6,-999999,-999999,0.107,-999999,-999999,-999999,-999999,-999999,0.7;36.370,-999999,-999999,14.514,-999999,-999999,-999999,-999999,-999999,-999999,-999999,0,6,-999999,-999999,6,-999999,-999999,0.094,-999999,-999999,-999999,-999999,-999999,0.6;36.390,-999999,-999999,14.058,-999999,-999999,-999999,-999999,-999999,-999999,-999999,0,6,-999999,-999999,6,-999999,-999999,0.090,-999999,-999999,-999999,-999999,-999999,0.6;36.410,-999999,-999999,13.542,-999999,-999999,-999999,-999999,-999999,-999999,-999999,0,6,-999999,-999999,6,-999999,-999999,0.090,-999999,-999999,-999999,-999999,-999999,0.6;36.430,-999999,-999999,12.856,-999999,-999999,-999999,-999999,-999999,-999999,-999999,0,6,-999999,-999999,6,-999999,-999999,0.095,-999999,-999999,-999999,-999999,-999999,0.7;36.450,-999999,-999999,12.057,-999999,-999999,-999999,-999999,-999999,-999999,-999999,0,6,-999999,-999999,6,-999999,-999999,0.098,-999999,-999999,-999999,-999999,-999999,0.8;36.470,-999999,-999999,10.549,-999999,-999999,-999999,-999999,-999999,-999999,-999999,0,6,-999999,-999999,6,-999999,-999999,0.110,-999999,-999999,-999999,-999999,-999999,1.0;36.490,-999999,-999999,8.942,-999999,-999999,-999999,-999999,-999999,-999999,-999999,0,6,-999999,-999999,6,-999999,-999999,0.117,-999999,-999999,-999999,-999999,-999999,1.3;36.510,-999999,-999999,7.303,-999999,-999999,-999999,-999999,-999999,-999999,-999999,0,6,-999999,-999999,6,-999999,-999999,0.113,-999999,-999999,-999999,-999999,-999999,1.4;36.530,-999999,-999999,6.007,-999999,-999999,-999999,-999999,-999999,-999999,-999999,0,6,-999999,-999999,6,-999999,-999999,0.124,-999999,-999999,-999999,-999999,-999999,1.8;36.550,-999999,-999999,5.347,-999999,-999999,-999999,-999999,-999999,-999999,-999999,0,6,-999999,-999999,6,-999999,-999999,0.110,-999999,-999999,-999999,-999999,-999999,1.8;36.570,-999999,-999999,5.007,-999999,-999999,-999999,-999999,-999999,-999999,-999999,0,6,-999999,-999999,6,-999999,-999999,0.100,-999999,-999999,-999999,-999999,-999999,1.9;36.590,-999999,-999999,4.580,-999999,-999999,-999999,-999999,-999999,-999999,-999999,0,6,-999999,-999999,6,-999999,-999999,0.094,-999999,-999999,-999999,-999999,-999999,2.1;36.610,-999999,-999999,3.634,-999999,-999999,-999999,-999999,-999999,-999999,-999999,0,6,-999999,-999999,6,-999999,-999999,0.080,-999999,-999999,-999999,-999999,-999999,1.9;36.630,-999999,-999999,3.287,-999999,-999999,-999999,-999999,-999999,-999999,-999999,0,6,-999999,-999999,6,-999999,-999999,0.064,-999999,-999999,-999999,-999999,-999999,1.6;36.650,-999999,-999999,3.390,-999999,-999999,-999999,-999999,-999999,-999999,-999999,0,6,-999999,-999999,6,-999999,-999999,0.061,-999999,-999999,-999999,-999999,-999999,1.5;36.670,-999999,-999999,3.637,-999999,-999999,-999999,-999999,-999999,-999999,-999999,0,6,-999999,-999999,6,-999999,-999999,0.069,-999999,-999999,-999999,-999999,-999999,1.8;36.690,-999999,-999999,4.169,-999999,-999999,-999999,-999999,-999999,-999999,-999999,0,6,-999999,-999999,6,-999999,-999999,0.074,-999999,-999999,-999999,-999999,-999999,1.9;36.710,-999999,-999999,4.413,-999999,-999999,-999999,-999999,-999999,-999999,-999999,0,6,-999999,-999999,6,-999999,-999999,0.075,-999999,-999999,-999999,-999999,-999999,1.9;36.730,-999999,-999999,4.246,-999999,-999999,-999999,-999999,-999999,-999999,-999999,0,6,-999999,-999999,6,-999999,-999999,0.076,-999999,-999999,-999999,-999999,-999999,1.9;36.750,-999999,-999999,3.489,-999999,-999999,-999999,-999999,-999999,-999999,-999999,0,6,-999999,-999999,6,-999999,-999999,0.077,-999999,-999999,-999999,-999999,-999999,1.9;36.770,-999999,-999999,3.271,-999999,-999999,-999999,-999999,-999999,-999999,-999999,0,6,-999999,-999999,6,-999999,-999999,0.078,-999999,-999999,-999999,-999999,-999999,1.9;36.790,-999999,-999999,3.486,-999999,-999999,-999999,-999999,-999999,-999999,-999999,0,6,-999999,-999999,6,-999999,-999999,0.076,-999999,-999999,-999999,-999999,-999999,1.8;36.810,-999999,-999999,4.124,-999999,-999999,-999999,-999999,-999999,-999999,-999999,0,7,-999999,-999999,7,-999999,-999999,0.091,-999999,-999999,-999999,-999999,-999999,2.1;36.830,-999999,-999999,4.853,-999999,-999999,-999999,-999999,-999999,-999999,-999999,0,6,-999999,-999999,6,-999999,-999999,0.088,-999999,-999999,-999999,-999999,-999999,1.9;36.850,-999999,-999999,5.321,-999999,-999999,-999999,-999999,-999999,-999999,-999999,0,6,-999999,-999999,6,-999999,-999999,0.087,-999999,-999999,-999999,-999999,-999999,1.7;36.870,-999999,-999999,5.857,-999999,-999999,-999999,-999999,-999999,-999999,-999999,0,7,-999999,-999999,7,-999999,-999999,0.078,-999999,-999999,-999999,-999999,-999999,1.5;36.890,-999999,-999999,5.658,-999999,-999999,-999999,-999999,-999999,-999999,-999999,0,7,-999999,-999999,7,-999999,-999999,0.081,-999999,-999999,-999999,-999999,-999999,1.5;36.910,-999999,-999999,5.353,-999999,-999999,-999999,-999999,-999999,-999999,-999999,0,6,-999999,-999999,6,-999999,-999999,0.080,-999999,-999999,-999999,-999999,-999999,1.6;36.930,-999999,-999999,4.910,-999999,-999999,-999999,-999999,-999999,-999999,-999999,0,7,-999999,-999999,7,-999999,-999999,0.077,-999999,-999999,-999999,-999999,-999999,1.6;36.950,-999999,-999999,4.096,-999999,-999999,-999999,-999999,-999999,-999999,-999999,0,7,-999999,-999999,7,-999999,-999999,0.077,-999999,-999999,-999999,-999999,-999999,1.8;36.970,-999999,-999999,3.278,-999999,-999999,-999999,-999999,-999999,-999999,-999999,0,7,-999999,-999999,7,-999999,-999999,0.086,-999999,-999999,-999999,-999999,-999999,2.3;36.990,-999999,-999999,2.742,-999999,-999999,-999999,-999999,-999999,-999999,-999999,0,6,-999999,-999999,6,-999999,-999999,0.086,-999999,-999999,-999999,-999999,-999999,2.6;37.010,-999999,-999999,2.704,-999999,-999999,-999999,-999999,-999999,-999999,-999999,0,7,-999999,-999999,7,-999999,-999999,0.089,-999999,-999999,-999999,-999999,-999999,3.0;37.030,-999999,-999999,2.774,-999999,-999999,-999999,-999999,-999999,-999999,-999999,0,7,-999999,-999999,7,-999999,-999999,0.091,-999999,-999999,-999999,-999999,-999999,3.3;37.050,-999999,-999999,2.659,-999999,-999999,-999999,-999999,-999999,-999999,-999999,0,7,-999999,-999999,7,-999999,-999999,0.096,-999999,-999999,-999999,-999999,-999999,3.6;37.070,-999999,-999999,2.678,-999999,-999999,-999999,-999999,-999999,-999999,-999999,0,7,-999999,-999999,7,-999999,-999999,0.089,-999999,-999999,-999999,-999999,-999999,3.3;37.090,-999999,-999999,2.569,-999999,-999999,-999999,-999999,-999999,-999999,-999999,0,7,-999999,-999999,7,-999999,-999999,0.078,-999999,-999999,-999999,-999999,-999999,2.9;37.110,-999999,-999999,2.578,-999999,-999999,-999999,-999999,-999999,-999999,-999999,0,7,-999999,-999999,7,-999999,-999999,0.079,-999999,-999999,-999999,-999999,-999999,2.9;37.130,-999999,-999999,2.681,-999999,-999999,-999999,-999999,-999999,-999999,-999999,0,7,-999999,-999999,7,-999999,-999999,0.074,-999999,-999999,-999999,-999999,-999999,2.7;37.150,-999999,-999999,2.841,-999999,-999999,-999999,-999999,-999999,-999999,-999999,0,7,-999999,-999999,7,-999999,-999999,0.083,-999999,-999999,-999999,-999999,-999999,3.0;37.170,-999999,-999999,2.931,-999999,-999999,-999999,-999999,-999999,-999999,-999999,0,7,-999999,-999999,7,-999999,-999999,0.084,-999999,-999999,-999999,-999999,-999999,3.0;37.190,-999999,-999999,2.909,-999999,-999999,-999999,-999999,-999999,-999999,-999999,0,7,-999999,-999999,7,-999999,-999999,0.083,-999999,-999999,-999999,-999999,-999999,2.9;37.210,-999999,-999999,2.851,-999999,-999999,-999999,-999999,-999999,-999999,-999999,0,7,-999999,-999999,7,-999999,-999999,0.082,-999999,-999999,-999999,-999999,-999999,2.8;37.230,-999999,-999999,2.835,-999999,-999999,-999999,-999999,-999999,-999999,-999999,0,7,-999999,-999999,7,-999999,-999999,0.083,-999999,-999999,-999999,-999999,-999999,2.9;37.250,-999999,-999999,2.835,-999999,-999999,-999999,-999999,-999999,-999999,-999999,0,7,-999999,-999999,7,-999999,-999999,0.090,-999999,-999999,-999999,-999999,-999999,3.1;37.270,-999999,-999999,2.835,-999999,-999999,-999999,-999999,-999999,-999999,-999999,0,7,-999999,-999999,7,-999999,-999999,0.086,-999999,-999999,-999999,-999999,-999999,3.0;37.290,-999999,-999999,2.854,-999999,-999999,-999999,-999999,-999999,-999999,-999999,0,7,-999999,-999999,7,-999999,-999999,0.095,-999999,-999999,-999999,-999999,-999999,3.3;37.310,-999999,-999999,2.832,-999999,-999999,-999999,-999999,-999999,-999999,-999999,0,7,-999999,-999999,7,-999999,-999999,0.086,-999999,-999999,-999999,-999999,-999999,3.0;37.330,-999999,-999999,2.835,-999999,-999999,-999999,-999999,-999999,-999999,-999999,0,7,-999999,-999999,7,-999999,-999999,0.084,-999999,-999999,-999999,-999999,-999999,3.0;37.350,-999999,-999999,2.780,-999999,-999999,-999999,-999999,-999999,-999999,-999999,0,7,-999999,-999999,7,-999999,-999999,0.088,-999999,-999999,-999999,-999999,-999999,3.1;37.370,-999999,-999999,2.771,-999999,-999999,-999999,-999999,-999999,-999999,-999999,0,7,-999999,-999999,7,-999999,-999999,0.090,-999999,-999999,-999999,-999999,-999999,3.2;37.390,-999999,-999999,2.790,-999999,-999999,-999999,-999999,-999999,-999999,-999999,0,7,-999999,-999999,7,-999999,-999999,0.086,-999999,-999999,-999999,-999999,-999999,3.0;37.410,-999999,-999999,2.825,-999999,-999999,-999999,-999999,-999999,-999999,-999999,0,7,-999999,-999999,7,-999999,-999999,0.085,-999999,-999999,-999999,-999999,-999999,2.9;37.430,-999999,-999999,2.941,-999999,-999999,-999999,-999999,-999999,-999999,-999999,0,7,-999999,-999999,7,-999999,-999999,0.087,-999999,-999999,-999999,-999999,-999999,3.0;37.450,-999999,-999999,2.963,-999999,-999999,-999999,-999999,-999999,-999999,-999999,0,7,-999999,-999999,7,-999999,-999999,0.090,-999999,-999999,-999999,-999999,-999999,3.1;37.470,-999999,-999999,3.024,-999999,-999999,-999999,-999999,-999999,-999999,-999999,0,7,-999999,-999999,7,-999999,-999999,0.095,-999999,-999999,-999999,-999999,-999999,3.2;37.490,-999999,-999999,3.034,-999999,-999999,-999999,-999999,-999999,-999999,-999999,0,7,-999999,-999999,7,-999999,-999999,0.094,-999999,-999999,-999999,-999999,-999999,3.2;37.510,-999999,-999999,2.890,-999999,-999999,-999999,-999999,-999999,-999999,-999999,0,7,-999999,-999999,7,-999999,-999999,0.095,-999999,-999999,-999999,-999999,-999999,3.2;37.530,-999999,-999999,2.848,-999999,-999999,-999999,-999999,-999999,-999999,-999999,0,7,-999999,-999999,7,-999999,-999999,0.096,-999999,-999999,-999999,-999999,-999999,3.3;37.550,-999999,-999999,2.841,-999999,-999999,-999999,-999999,-999999,-999999,-999999,0,7,-999999,-999999,7,-999999,-999999,0.095,-999999,-999999,-999999,-999999,-999999,3.3;37.570,-999999,-999999,2.813,-999999,-999999,-999999,-999999,-999999,-999999,-999999,0,7,-999999,-999999,7,-999999,-999999,0.096,-999999,-999999,-999999,-999999,-999999,3.4;37.590,-999999,-999999,2.809,-999999,-999999,-999999,-999999,-999999,-999999,-999999,0,7,-999999,-999999,7,-999999,-999999,0.091,-999999,-999999,-999999,-999999,-999999,3.2;37.610,-999999,-999999,2.742,-999999,-999999,-999999,-999999,-999999,-999999,-999999,0,7,-999999,-999999,7,-999999,-999999,0.086,-999999,-999999,-999999,-999999,-999999,3.0;37.630,-999999,-999999,2.771,-999999,-999999,-999999,-999999,-999999,-999999,-999999,0,7,-999999,-999999,7,-999999,-999999,0.087,-999999,-999999,-999999,-999999,-999999,3.1;37.650,-999999,-999999,2.784,-999999,-999999,-999999,-999999,-999999,-999999,-999999,0,7,-999999,-999999,7,-999999,-999999,0.081,-999999,-999999,-999999,-999999,-999999,2.8;37.670,-999999,-999999,2.861,-999999,-999999,-999999,-999999,-999999,-999999,-999999,0,7,-999999,-999999,7,-999999,-999999,0.086,-999999,-999999,-999999,-999999,-999999,2.9;37.690,-999999,-999999,2.970,-999999,-999999,-999999,-999999,-999999,-999999,-999999,0,7,-999999,-999999,7,-999999,-999999,0.080,-999999,-999999,-999999,-999999,-999999,2.7;37.710,-999999,-999999,3.111,-999999,-999999,-999999,-999999,-999999,-999999,-999999,0,7,-999999,-999999,7,-999999,-999999,0.084,-999999,-999999,-999999,-999999,-999999,2.7;37.730,-999999,-999999,3.207,-999999,-999999,-999999,-999999,-999999,-999999,-999999,0,7,-999999,-999999,7,-999999,-999999,0.101,-999999,-999999,-999999,-999999,-999999,3.2;37.750,-999999,-999999,3.104,-999999,-999999,-999999,-999999,-999999,-999999,-999999,0,7,-999999,-999999,7,-999999,-999999,0.105,-999999,-999999,-999999,-999999,-999999,3.3;37.770,-999999,-999999,3.204,-999999,-999999,-999999,-999999,-999999,-999999,-999999,0,7,-999999,-999999,7,-999999,-999999,0.098,-999999,-999999,-999999,-999999,-999999,3.1;37.790,-999999,-999999,3.255,-999999,-999999,-999999,-999999,-999999,-999999,-999999,0,7,-999999,-999999,7,-999999,-999999,0.114,-999999,-999999,-999999,-999999,-999999,3.6;37.810,-999999,-999999,3.143,-999999,-999999,-999999,-999999,-999999,-999999,-999999,0,7,-999999,-999999,7,-999999,-999999,0.118,-999999,-999999,-999999,-999999,-999999,3.7;37.830,-999999,-999999,3.169,-999999,-999999,-999999,-999999,-999999,-999999,-999999,0,7,-999999,-999999,7,-999999,-999999,0.119,-999999,-999999,-999999,-999999,-999999,3.7;37.850,-999999,-999999,3.156,-999999,-999999,-999999,-999999,-999999,-999999,-999999,0,7,-999999,-999999,7,-999999,-999999,0.123,-999999,-999999,-999999,-999999,-999999,3.9;37.870,-999999,-999999,3.156,-999999,-999999,-999999,-999999,-999999,-999999,-999999,0,7,-999999,-999999,7,-999999,-999999,0.125,-999999,-999999,-999999,-999999,-999999,4.0;37.890,-999999,-999999,3.079,-999999,-999999,-999999,-999999,-999999,-999999,-999999,0,7,-999999,-999999,7,-999999,-999999,0.113,-999999,-999999,-999999,-999999,-999999,3.6;37.910,-999999,-999999,3.021,-999999,-999999,-999999,-999999,-999999,-999999,-999999,0,7,-999999,-999999,7,-999999,-999999,0.114,-999999,-999999,-999999,-999999,-999999,3.7;37.930,-999999,-999999,3.008,-999999,-999999,-999999,-999999,-999999,-999999,-999999,0,7,-999999,-999999,7,-999999,-999999,0.112,-999999,-999999,-999999,-999999,-999999,3.6;37.950,-999999,-999999,3.066,-999999,-999999,-999999,-999999,-999999,-999999,-999999,0,7,-999999,-999999,7,-999999,-999999,0.116,-999999,-999999,-999999,-999999,-999999,3.7;37.970,-999999,-999999,3.143,-999999,-999999,-999999,-999999,-999999,-999999,-999999,0,7,-999999,-999999,7,-999999,-999999,0.109,-999999,-999999,-999999,-999999,-999999,3.4;37.990,-999999,-999999,3.194,-999999,-999999,-999999,-999999,-999999,-999999,-999999,0,7,-999999,-999999,7,-999999,-999999,0.109,-999999,-999999,-999999,-999999,-999999,3.4;38.010,-999999,-999999,3.326,-999999,-999999,-999999,-999999,-999999,-999999,-999999,0,7,-999999,-999999,7,-999999,-999999,0.114,-999999,-999999,-999999,-999999,-999999,3.5;38.030,-999999,-999999,3.297,-999999,-999999,-999999,-999999,-999999,-999999,-999999,0,7,-999999,-999999,7,-999999,-999999,0.126,-999999,-999999,-999999,-999999,-999999,3.8;38.050,-999999,-999999,3.438,-999999,-999999,-999999,-999999,-999999,-999999,-999999,0,7,-999999,-999999,7,-999999,-999999,0.131,-999999,-999999,-999999,-999999,-999999,3.9;38.070,-999999,-999999,3.390,-999999,-999999,-999999,-999999,-999999,-999999,-999999,0,7,-999999,-999999,7,-999999,-999999,0.133,-999999,-999999,-999999,-999999,-999999,4.0;38.090,-999999,-999999,3.355,-999999,-999999,-999999,-999999,-999999,-999999,-999999,0,7,-999999,-999999,7,-999999,-999999,0.128,-999999,-999999,-999999,-999999,-999999,3.9;38.110,-999999,-999999,3.233,-999999,-999999,-999999,-999999,-999999,-999999,-999999,0,7,-999999,-999999,7,-999999,-999999,0.131,-999999,-999999,-999999,-999999,-999999,4.0;38.130,-999999,-999999,3.063,-999999,-999999,-999999,-999999,-999999,-999999,-999999,0,7,-999999,-999999,7,-999999,-999999,0.139,-999999,-999999,-999999,-999999,-999999,4.4;38.150,-999999,-999999,2.986,-999999,-999999,-999999,-999999,-999999,-999999,-999999,0,7,-999999,-999999,7,-999999,-999999,0.127,-999999,-999999,-999999,-999999,-999999,4.2;38.170,-999999,-999999,2.995,-999999,-999999,-999999,-999999,-999999,-999999,-999999,0,7,-999999,-999999,7,-999999,-999999,0.124,-999999,-999999,-999999,-999999,-999999,4.2;38.190,-999999,-999999,2.829,-999999,-999999,-999999,-999999,-999999,-999999,-999999,0,7,-999999,-999999,7,-999999,-999999,0.112,-999999,-999999,-999999,-999999,-999999,3.9;38.210,-999999,-999999,2.736,-999999,-999999,-999999,-999999,-999999,-999999,-999999,0,7,-999999,-999999,7,-999999,-999999,0.102,-999999,-999999,-999999,-999999,-999999,3.6;38.230,-999999,-999999,2.780,-999999,-999999,-999999,-999999,-999999,-999999,-999999,0,7,-999999,-999999,7,-999999,-999999,0.096,-999999,-999999,-999999,-999999,-999999,3.4;38.250,-999999,-999999,2.707,-999999,-999999,-999999,-999999,-999999,-999999,-999999,0,7,-999999,-999999,7,-999999,-999999,0.096,-999999,-999999,-999999,-999999,-999999,3.4;38.270,-999999,-999999,2.752,-999999,-999999,-999999,-999999,-999999,-999999,-999999,0,7,-999999,-999999,7,-999999,-999999,0.092,-999999,-999999,-999999,-999999,-999999,3.3;38.290,-999999,-999999,2.790,-999999,-999999,-999999,-999999,-999999,-999999,-999999,0,7,-999999,-999999,7,-999999,-999999,0.086,-999999,-999999,-999999,-999999,-999999,3.1;38.310,-999999,-999999,2.813,-999999,-999999,-999999,-999999,-999999,-999999,-999999,0,7,-999999,-999999,7,-999999,-999999,0.083,-999999,-999999,-999999,-999999,-999999,2.9;38.330,-999999,-999999,2.832,-999999,-999999,-999999,-999999,-999999,-999999,-999999,0,7,-999999,-999999,7,-999999,-999999,0.082,-999999,-999999,-999999,-999999,-999999,2.8;38.350,-999999,-999999,2.870,-999999,-999999,-999999,-999999,-999999,-999999,-999999,0,7,-999999,-999999,7,-999999,-999999,0.092,-999999,-999999,-999999,-999999,-999999,3.2;38.370,-999999,-999999,2.944,-999999,-999999,-999999,-999999,-999999,-999999,-999999,0,7,-999999,-999999,7,-999999,-999999,0.090,-999999,-999999,-999999,-999999,-999999,3.1;38.390,-999999,-999999,3.044,-999999,-999999,-999999,-999999,-999999,-999999,-999999,0,7,-999999,-999999,7,-999999,-999999,0.090,-999999,-999999,-999999,-999999,-999999,3.1;38.410,-999999,-999999,2.832,-999999,-999999,-999999,-999999,-999999,-999999,-999999,0,7,-999999,-999999,7,-999999,-999999,0.089,-999999,-999999,-999999,-999999,-999999,3.1;38.430,-999999,-999999,2.707,-999999,-999999,-999999,-999999,-999999,-999999,-999999,0,7,-999999,-999999,7,-999999,-999999,0.087,-999999,-999999,-999999,-999999,-999999,3.0;38.450,-999999,-999999,2.761,-999999,-999999,-999999,-999999,-999999,-999999,-999999,0,7,-999999,-999999,7,-999999,-999999,0.088,-999999,-999999,-999999,-999999,-999999,3.1;38.470,-999999,-999999,2.816,-999999,-999999,-999999,-999999,-999999,-999999,-999999,0,7,-999999,-999999,7,-999999,-999999,0.090,-999999,-999999,-999999,-999999,-999999,3.2;38.490,-999999,-999999,2.851,-999999,-999999,-999999,-999999,-999999,-999999,-999999,0,7,-999999,-999999,7,-999999,-999999,0.092,-999999,-999999,-999999,-999999,-999999,3.2;38.510,-999999,-999999,2.902,-999999,-999999,-999999,-999999,-999999,-999999,-999999,0,7,-999999,-999999,7,-999999,-999999,0.083,-999999,-999999,-999999,-999999,-999999,2.9;38.530,-999999,-999999,2.851,-999999,-999999,-999999,-999999,-999999,-999999,-999999,0,7,-999999,-999999,7,-999999,-999999,0.080,-999999,-999999,-999999,-999999,-999999,2.7;38.550,-999999,-999999,2.886,-999999,-999999,-999999,-999999,-999999,-999999,-999999,0,7,-999999,-999999,7,-999999,-999999,0.082,-999999,-999999,-999999,-999999,-999999,2.8;38.570,-999999,-999999,2.947,-999999,-999999,-999999,-999999,-999999,-999999,-999999,0,7,-999999,-999999,7,-999999,-999999,0.088,-999999,-999999,-999999,-999999,-999999,2.9;38.590,-999999,-999999,2.957,-999999,-999999,-999999,-999999,-999999,-999999,-999999,0,7,-999999,-999999,7,-999999,-999999,0.099,-999999,-999999,-999999,-999999,-999999,3.2;38.610,-999999,-999999,3.085,-999999,-999999,-999999,-999999,-999999,-999999,-999999,0,7,-999999,-999999,7,-999999,-999999,0.095,-999999,-999999,-999999,-999999,-999999,2.9;38.630,-999999,-999999,3.153,-999999,-999999,-999999,-999999,-999999,-999999,-999999,0,7,-999999,-999999,7,-999999,-999999,0.093,-999999,-999999,-999999,-999999,-999999,2.7;38.650,-999999,-999999,3.473,-999999,-999999,-999999,-999999,-999999,-999999,-999999,0,7,-999999,-999999,7,-999999,-999999,0.092,-999999,-999999,-999999,-999999,-999999,2.5;38.670,-999999,-999999,3.910,-999999,-999999,-999999,-999999,-999999,-999999,-999999,0,7,-999999,-999999,7,-999999,-999999,0.098,-999999,-999999,-999999,-999999,-999999,2.5;38.690,-999999,-999999,4.416,-999999,-999999,-999999,-999999,-999999,-999999,-999999,0,7,-999999,-999999,7,-999999,-999999,0.112,-999999,-999999,-999999,-999999,-999999,2.8;38.710,-999999,-999999,4.551,-999999,-999999,-999999,-999999,-999999,-999999,-999999,0,7,-999999,-999999,7,-999999,-999999,0.128,-999999,-999999,-999999,-999999,-999999,3.2;38.730,-999999,-999999,4.108,-999999,-999999,-999999,-999999,-999999,-999999,-999999,0,7,-999999,-999999,7,-999999,-999999,0.124,-999999,-999999,-999999,-999999,-999999,3.0;38.750,-999999,-999999,3.663,-999999,-999999,-999999,-999999,-999999,-999999,-999999,0,7,-999999,-999999,7,-999999,-999999,0.111,-999999,-999999,-999999,-999999,-999999,2.4;38.770,-999999,-999999,3.887,-999999,-999999,-999999,-999999,-999999,-999999,-999999,0,7,-999999,-999999,7,-999999,-999999,0.093,-999999,-999999,-999999,-999999,-999999,1.7;38.790,-999999,-999999,4.112,-999999,-999999,-999999,-999999,-999999,-999999,-999999,0,7,-999999,-999999,7,-999999,-999999,0.102,-999999,-999999,-999999,-999999,-999999,1.6;38.810,-999999,-999999,7.172,-999999,-999999,-999999,-999999,-999999,-999999,-999999,0,7,-999999,-999999,7,-999999,-999999,0.109,-999999,-999999,-999999,-999999,-999999,1.5;38.830,-999999,-999999,10.158,-999999,-999999,-999999,-999999,-999999,-999999,-999999,0,7,-999999,-999999,7,-999999,-999999,0.113,-999999,-999999,-999999,-999999,-999999,1.3;38.850,-999999,-999999,10.950,-999999,-999999,-999999,-999999,-999999,-999999,-999999,0,7,-999999,-999999,7,-999999,-999999,0.115,-999999,-999999,-999999,-999999,-999999,1.3;38.870,-999999,-999999,10.485,-999999,-999999,-999999,-999999,-999999,-999999,-999999,0,7,-999999,-999999,7,-999999,-999999,0.105,-999999,-999999,-999999,-999999,-999999,1.1;38.890,-999999,-999999,9.840,-999999,-999999,-999999,-999999,-999999,-999999,-999999,0,7,-999999,-999999,7,-999999,-999999,0.122,-999999,-999999,-999999,-999999,-999999,1.2;38.910,-999999,-999999,9.391,-999999,-999999,-999999,-999999,-999999,-999999,-999999,0,7,-999999,-999999,7,-999999,-999999,0.145,-999999,-999999,-999999,-999999,-999999,1.4;38.930,-999999,-999999,9.125,-999999,-999999,-999999,-999999,-999999,-999999,-999999,0,7,-999999,-999999,7,-999999,-999999,0.176,-999999,-999999,-999999,-999999,-999999,1.7;38.950,-999999,-999999,9.282,-999999,-999999,-999999,-999999,-999999,-999999,-999999,0,7,-999999,-999999,7,-999999,-999999,0.207,-999999,-999999,-999999,-999999,-999999,2.0;38.970,-999999,-999999,9.597,-999999,-999999,-999999,-999999,-999999,-999999,-999999,0,7,-999999,-999999,7,-999999,-999999,0.206,-999999,-999999,-999999,-999999,-999999,1.9;38.990,-999999,-999999,11.056,-999999,-999999,-999999,-999999,-999999,-999999,-999999,0,7,-999999,-999999,7,-999999,-999999,0.205,-999999,-999999,-999999,-999999,-999999,1.7;39.010,-999999,-999999,13.256,-999999,-999999,-999999,-999999,-999999,-999999,-999999,0,7,-999999,-999999,7,-999999,-999999,0.202,-999999,-999999,-999999,-999999,-999999,1.6;39.030,-999999,-999999,14.171,-999999,-999999,-999999,-999999,-999999,-999999,-999999,0,7,-999999,-999999,7,-999999,-999999,0.182,-999999,-999999,-999999,-999999,-999999,1.3;39.050,-999999,-999999,15.104,-999999,-999999,-999999,-999999,-999999,-999999,-999999,0,7,-999999,-999999,7,-999999,-999999,0.166,-999999,-999999,-999999,-999999,-999999,1.1;39.070,-999999,-999999,14.982,-999999,-999999,-999999,-999999,-999999,-999999,-999999,0,7,-999999,-999999,7,-999999,-999999,0.171,-999999,-999999,-999999,-999999,-999999,1.1;39.090,-999999,-999999,14.591,-999999,-999999,-999999,-999999,-999999,-999999,-999999,0,7,-999999,-999999,7,-999999,-999999,0.175,-999999,-999999,-999999,-999999,-999999,1.2;39.110,-999999,-999999,14.475,-999999,-999999,-999999,-999999,-999999,-999999,-999999,0,7,-999999,-999999,7,-999999,-999999,0.161,-999999,-999999,-999999,-999999,-999999,1.1;39.130,-999999,-999999,14.421,-999999,-999999,-999999,-999999,-999999,-999999,-999999,0,7,-999999,-999999,7,-999999,-999999,0.145,-999999,-999999,-999999,-999999,-999999,1.0;39.150,-999999,-999999,14.132,-999999,-999999,-999999,-999999,-999999,-999999,-999999,0,7,-999999,-999999,7,-999999,-999999,0.144,-999999,-999999,-999999,-999999,-999999,1.0;39.170,-999999,-999999,13.754,-999999,-999999,-999999,-999999,-999999,-999999,-999999,0,8,-999999,-999999,8,-999999,-999999,0.150,-999999,-999999,-999999,-999999,-999999,1.1;39.190,-999999,-999999,13.096,-999999,-999999,-999999,-999999,-999999,-999999,-999999,0,8,-999999,-999999,8,-999999,-999999,0.158,-999999,-999999,-999999,-999999,-999999,1.1;39.210,-999999,-999999,12.455,-999999,-999999,-999999,-999999,-999999,-999999,-999999,0,7,-999999,-999999,7,-999999,-999999,0.178,-999999,-999999,-999999,-999999,-999999,1.3;39.230,-999999,-999999,12.272,-999999,-999999,-999999,-999999,-999999,-999999,-999999,0,7,-999999,-999999,7,-999999,-999999,0.185,-999999,-999999,-999999,-999999,-999999,1.4;39.250,-999999,-999999,12.310,-999999,-999999,-999999,-999999,-999999,-999999,-999999,0,8,-999999,-999999,8,-999999,-999999,0.201,-999999,-999999,-999999,-999999,-999999,1.6;39.270,-999999,-999999,12.185,-999999,-999999,-999999,-999999,-999999,-999999,-999999,0,7,-999999,-999999,7,-999999,-999999,0.189,-999999,-999999,-999999,-999999,-999999,1.5;39.290,-999999,-999999,11.816,-999999,-999999,-999999,-999999,-999999,-999999,-999999,0,8,-999999,-999999,8,-999999,-999999,0.160,-999999,-999999,-999999,-999999,-999999,1.3;39.310,-999999,-999999,11.528,-999999,-999999,-999999,-999999,-999999,-999999,-999999,0,7,-999999,-999999,7,-999999,-999999,0.144,-999999,-999999,-999999,-999999,-999999,1.2;39.330,-999999,-999999,11.268,-999999,-999999,-999999,-999999,-999999,-999999,-999999,0,8,-999999,-999999,8,-999999,-999999,0.148,-999999,-999999,-999999,-999999,-999999,1.2;39.350,-999999,-999999,11.111,-999999,-999999,-999999,-999999,-999999,-999999,-999999,0,7,-999999,-999999,7,-999999,-999999,0.163,-999999,-999999,-999999,-999999,-999999,1.3;39.370,-999999,-999999,11.358,-999999,-999999,-999999,-999999,-999999,-999999,-999999,0,8,-999999,-999999,8,-999999,-999999,0.179,-999999,-999999,-999999,-999999,-999999,1.4;39.390,-999999,-999999,12.038,-999999,-999999,-999999,-999999,-999999,-999999,-999999,0,8,-999999,-999999,8,-999999,-999999,0.155,-999999,-999999,-999999,-999999,-999999,1.2;39.410,-999999,-999999,13.074,-999999,-999999,-999999,-999999,-999999,-999999,-999999,0,8,-999999,-999999,8,-999999,-999999,0.165,-999999,-999999,-999999,-999999,-999999,1.2;39.430,-999999,-999999,14.450,-999999,-999999,-999999,-999999,-999999,-999999,-999999,0,8,-999999,-999999,8,-999999,-999999,0.185,-999999,-999999,-999999,-999999,-999999,1.3;39.450,-999999,-999999,14.456,-999999,-999999,-999999,-999999,-999999,-999999,-999999,0,8,-999999,-999999,8,-999999,-999999,0.168,-999999,-999999,-999999,-999999,-999999,1.1;39.470,-999999,-999999,15.781,-999999,-999999,-999999,-999999,-999999,-999999,-999999,0,8,-999999,-999999,8,-999999,-999999,0.171,-999999,-999999,-999999,-999999,-999999,1.1;39.490,-999999,-999999,15.701,-999999,-999999,-999999,-999999,-999999,-999999,-999999,0,8,-999999,-999999,8,-999999,-999999,0.207,-999999,-999999,-999999,-999999,-999999,1.3;39.510,-999999,-999999,14.905,-999999,-999999,-999999,-999999,-999999,-999999,-999999,0,8,-999999,-999999,8,-999999,-999999,0.194,-999999,-999999,-999999,-999999,-999999,1.3;39.530,-999999,-999999,14.315,-999999,-999999,-999999,-999999,-999999,-999999,-999999,0,8,-999999,-999999,8,-999999,-999999,0.198,-999999,-999999,-999999,-999999,-999999,1.3;39.550,-999999,-999999,14.155,-999999,-999999,-999999,-999999,-999999,-999999,-999999,0,8,-999999,-999999,8,-999999,-999999,0.195,-999999,-999999,-999999,-999999,-999999,1.3;39.570,-999999,-999999,13.879,-999999,-999999,-999999,-999999,-999999,-999999,-999999,0,8,-999999,-999999,8,-999999,-999999,0.196,-999999,-999999,-999999,-999999,-999999,1.3;39.590,-999999,-999999,14.161,-999999,-999999,-999999,-999999,-999999,-999999,-999999,0,8,-999999,-999999,8,-999999,-999999,0.201,-999999,-999999,-999999,-999999,-999999,1.4;39.610,-999999,-999999,13.741,-999999,-999999,-999999,-999999,-999999,-999999,-999999,0,8,-999999,-999999,8,-999999,-999999,0.193,-999999,-999999,-999999,-999999,-999999,1.4;39.630,-999999,-999999,13.356,-999999,-999999,-999999,-999999,-999999,-999999,-999999,0,8,-999999,-999999,8,-999999,-999999,0.188,-999999,-999999,-999999,-999999,-999999,1.4;39.650,-999999,-999999,12.942,-999999,-999999,-999999,-999999,-999999,-999999,-999999,0,8,-999999,-999999,8,-999999,-999999,0.189,-999999,-999999,-999999,-999999,-999999,1.4;39.670,-999999,-999999,12.814,-999999,-999999,-999999,-999999,-999999,-999999,-999999,0,8,-999999,-999999,8,-999999,-999999,0.185,-999999,-999999,-999999,-999999,-999999,1.4;39.690,-999999,-999999,12.807,-999999,-999999,-999999,-999999,-999999,-999999,-999999,0,7,-999999,-999999,7,-999999,-999999,0.173,-999999,-999999,-999999,-999999,-999999,1.3;39.710,-999999,-999999,12.993,-999999,-999999,-999999,-999999,-999999,-999999,-999999,0,8,-999999,-999999,8,-999999,-999999,0.169,-999999,-999999,-999999,-999999,-999999,1.3;39.730,-999999,-999999,13.022,-999999,-999999,-999999,-999999,-999999,-999999,-999999,0,8,-999999,-999999,8,-999999,-999999,0.164,-999999,-999999,-999999,-999999,-999999,1.2;39.750,-999999,-999999,13.003,-999999,-999999,-999999,-999999,-999999,-999999,-999999,0,8,-999999,-999999,8,-999999,-999999,0.158,-999999,-999999,-999999,-999999,-999999,1.2;39.770,-999999,-999999,12.910,-999999,-999999,-999999,-999999,-999999,-999999,-999999,0,8,-999999,-999999,8,-999999,-999999,0.163,-999999,-999999,-999999,-999999,-999999,1.3;39.790,-999999,-999999,12.615,-999999,-999999,-999999,-999999,-999999,-999999,-999999,0,8,-999999,-999999,8,-999999,-999999,0.177,-999999,-999999,-999999,-999999,-999999,1.4;39.810,-999999,-999999,12.028,-999999,-999999,-999999,-999999,-999999,-999999,-999999,0,7,-999999,-999999,7,-999999,-999999,0.186,-999999,-999999,-999999,-999999,-999999,1.5;39.830,-999999,-999999,11.239,-999999,-999999,-999999,-999999,-999999,-999999,-999999,0,8,-999999,-999999,8,-999999,-999999,0.192,-999999,-999999,-999999,-999999,-999999,1.6;39.850,-999999,-999999,10.751,-999999,-999999,-999999,-999999,-999999,-999999,-999999,0,7,-999999,-999999,7,-999999,-999999,0.216,-999999,-999999,-999999,-999999,-999999,1.9;39.870,-999999,-999999,10.719,-999999,-999999,-999999,-999999,-999999,-999999,-999999,0,8,-999999,-999999,8,-999999,-999999,0.249,-999999,-999999,-999999,-999999,-999999,2.2;39.890,-999999,-999999,10.867,-999999,-999999,-999999,-999999,-999999,-999999,-999999,0,8,-999999,-999999,8,-999999,-999999,0.246,-999999,-999999,-999999,-999999,-999999,2.3;39.910,-999999,-999999,10.816,-999999,-999999,-999999,-999999,-999999,-999999,-999999,0,8,-999999,-999999,8,-999999,-999999,0.228,-999999,-999999,-999999,-999999,-999999,2.1;39.930,-999999,-999999,10.456,-999999,-999999,-999999,-999999,-999999,-999999,-999999,0,8,-999999,-999999,8,-999999,-999999,0.220,-999999,-999999,-999999,-999999,-999999,2.1;39.950,-999999,-999999,9.933,-999999,-999999,-999999,-999999,-999999,-999999,-999999,0,8,-999999,-999999,8,-999999,-999999,0.211,-999999,-999999,-999999,-999999,-999999,2.0;39.970,-999999,-999999,9.783,-999999,-999999,-999999,-999999,-999999,-999999,-999999,0,8,-999999,-999999,8,-999999,-999999,0.221,-999999,-999999,-999999,-999999,-999999,2.1;39.990,-999999,-999999,10.094,-999999,-999999,-999999,-999999,-999999,-999999,-999999,0,8,-999999,-999999,8,-999999,-999999,0.231,-999999,-999999,-999999,-999999,-999999,2.1;40.010,-999999,-999999,10.867,-999999,-999999,-999999,-999999,-999999,-999999,-999999,0,8,-999999,-999999,8,-999999,-999999,0.255,-999999,-999999,-999999,-999999,-999999,2.2;40.030,-999999,-999999,11.832,-999999,-999999,-999999,-999999,-999999,-999999,-999999,0,8,-999999,-999999,8,-999999,-999999,0.219,-999999,-999999,-999999,-999999,-999999,1.8;40.050,-999999,-999999,12.920,-999999,-999999,-999999,-999999,-999999,-999999,-999999,0,8,-999999,-999999,8,-999999,-999999,0.168,-999999,-999999,-999999,-999999,-999999,1.4;40.070,-999999,-999999,13.196,-999999,-999999,-999999,-999999,-999999,-999999,-999999,0,8,-999999,-999999,8,-999999,-999999,0.151,-999999,-999999,-999999,-999999,-999999,1.2;40.090,-999999,-999999,12.830,-999999,-999999,-999999,-999999,-999999,-999999,-999999,0,8,-999999,-999999,8,-999999,-999999,0.151,-999999,-999999,-999999,-999999,-999999,1.2;40.110,-999999,-999999,12.374,-999999,-999999,-999999,-999999,-999999,-999999,-999999,0,8,-999999,-999999,8,-999999,-999999,0.161,-999999,-999999,-999999,-999999,-999999,1.3;40.130,-999999,-999999,11.143,-999999,-999999,-999999,-999999,-999999,-999999,-999999,0,8,-999999,-999999,8,-999999,-999999,0.160,-999999,-999999,-999999,-999999,-999999,1.4;40.150,-999999,-999999,10.100,-999999,-999999,-999999,-999999,-999999,-999999,-999999,0,8,-999999,-999999,8,-999999,-999999,0.163,-999999,-999999,-999999,-999999,-999999,1.5;40.170,-999999,-999999,9.513,-999999,-999999,-999999,-999999,-999999,-999999,-999999,0,8,-999999,-999999,8,-999999,-999999,0.173,-999999,-999999,-999999,-999999,-999999,1.7;40.190,-999999,-999999,9.263,-999999,-999999,-999999,-999999,-999999,-999999,-999999,0,8,-999999,-999999,8,-999999,-999999,0.191,-999999,-999999,-999999,-999999,-999999,2.0;40.210,-999999,-999999,9.026,-999999,-999999,-999999,-999999,-999999,-999999,-999999,0,8,-999999,-999999,8,-999999,-999999,0.200,-999999,-999999,-999999,-999999,-999999,2.2;40.230,-999999,-999999,8.625,-999999,-999999,-999999,-999999,-999999,-999999,-999999,0,8,-999999,-999999,8,-999999,-999999,0.205,-999999,-999999,-999999,-999999,-999999,2.4;40.250,-999999,-999999,8.134,-999999,-999999,-999999,-999999,-999999,-999999,-999999,0,8,-999999,-999999,8,-999999,-999999,0.204,-999999,-999999,-999999,-999999,-999999,2.5;40.270,-999999,-999999,7.759,-999999,-999999,-999999,-999999,-999999,-999999,-999999,0,8,-999999,-999999,8,-999999,-999999,0.214,-999999,-999999,-999999,-999999,-999999,2.7;40.290,-999999,-999999,7.294,-999999,-999999,-999999,-999999,-999999,-999999,-999999,0,8,-999999,-999999,8,-999999,-999999,0.213,-999999,-999999,-999999,-999999,-999999,2.9;40.310,-999999,-999999,6.745,-999999,-999999,-999999,-999999,-999999,-999999,-999999,0,8,-999999,-999999,8,-999999,-999999,0.165,-999999,-999999,-999999,-999999,-999999,2.4;40.330,-999999,-999999,6.331,-999999,-999999,-999999,-999999,-999999,-999999,-999999,0,8,-999999,-999999,8,-999999,-999999,0.144,-999999,-999999,-999999,-999999,-999999,2.2;40.350,-999999,-999999,6.229,-999999,-999999,-999999,-999999,-999999,-999999,-999999,0,8,-999999,-999999,8,-999999,-999999,0.137,-999999,-999999,-999999,-999999,-999999,2.3;40.370,-999999,-999999,5.375,-999999,-999999,-999999,-999999,-999999,-999999,-999999,0,8,-999999,-999999,8,-999999,-999999,0.149,-999999,-999999,-999999,-999999,-999999,2.8;40.390,-999999,-999999,4.545,-999999,-999999,-999999,-999999,-999999,-999999,-999999,0,8,-999999,-999999,8,-999999,-999999,0.161,-999999,-999999,-999999,-999999,-999999,3.4;40.410,-999999,-999999,3.884,-999999,-999999,-999999,-999999,-999999,-999999,-999999,0,8,-999999,-999999,8,-999999,-999999,0.147,-999999,-999999,-999999,-999999,-999999,3.4;40.430,-999999,-999999,3.499,-999999,-999999,-999999,-999999,-999999,-999999,-999999,0,8,-999999,-999999,8,-999999,-999999,0.134,-999999,-999999,-999999,-999999,-999999,3.5;40.450,-999999,-999999,3.127,-999999,-999999,-999999,-999999,-999999,-999999,-999999,0,8,-999999,-999999,8,-999999,-999999,0.126,-999999,-999999,-999999,-999999,-999999,3.6;40.470,-999999,-999999,2.915,-999999,-999999,-999999,-999999,-999999,-999999,-999999,0,8,-999999,-999999,8,-999999,-999999,0.134,-999999,-999999,-999999,-999999,-999999,4.2;40.490,-999999,-999999,2.890,-999999,-999999,-999999,-999999,-999999,-999999,-999999,0,8,-999999,-999999,8,-999999,-999999,0.119,-999999,-999999,-999999,-999999,-999999,3.8;40.510,-999999,-999999,3.027,-999999,-999999,-999999,-999999,-999999,-999999,-999999,0,8,-999999,-999999,8,-999999,-999999,0.109,-999999,-999999,-999999,-999999,-999999,3.6;40.530,-999999,-999999,3.076,-999999,-999999,-999999,-999999,-999999,-999999,-999999,0,8,-999999,-999999,8,-999999,-999999,0.108,-999999,-999999,-999999,-999999,-999999,3.5;40.550,-999999,-999999,2.999,-999999,-999999,-999999,-999999,-999999,-999999,-999999,0,8,-999999,-999999,8,-999999,-999999,0.100,-999999,-999999,-999999,-999999,-999999,3.3;40.570,-999999,-999999,3.079,-999999,-999999,-999999,-999999,-999999,-999999,-999999,0,8,-999999,-999999,8,-999999,-999999,0.101,-999999,-999999,-999999,-999999,-999999,3.2;40.590,-999999,-999999,3.069,-999999,-999999,-999999,-999999,-999999,-999999,-999999,0,8,-999999,-999999,8,-999999,-999999,0.111,-999999,-999999,-999999,-999999,-999999,3.5;40.610,-999999,-999999,3.076,-999999,-999999,-999999,-999999,-999999,-999999,-999999,0,8,-999999,-999999,8,-999999,-999999,0.114,-999999,-999999,-999999,-999999,-999999,3.6;40.630,-999999,-999999,3.194,-999999,-999999,-999999,-999999,-999999,-999999,-999999,0,8,-999999,-999999,8,-999999,-999999,0.115,-999999,-999999,-999999,-999999,-999999,3.6;40.650,-999999,-999999,3.181,-999999,-999999,-999999,-999999,-999999,-999999,-999999,0,8,-999999,-999999,8,-999999,-999999,0.106,-999999,-999999,-999999,-999999,-999999,3.3;40.670,-999999,-999999,3.197,-999999,-999999,-999999,-999999,-999999,-999999,-999999,0,8,-999999,-999999,8,-999999,-999999,0.114,-999999,-999999,-999999,-999999,-999999,3.5;40.690,-999999,-999999,3.262,-999999,-999999,-999999,-999999,-999999,-999999,-999999,0,8,-999999,-999999,8,-999999,-999999,0.113,-999999,-999999,-999999,-999999,-999999,3.5;40.710,-999999,-999999,3.181,-999999,-999999,-999999,-999999,-999999,-999999,-999999,0,8,-999999,-999999,8,-999999,-999999,0.113,-999999,-999999,-999999,-999999,-999999,3.6;40.730,-999999,-999999,3.153,-999999,-999999,-999999,-999999,-999999,-999999,-999999,0,8,-999999,-999999,8,-999999,-999999,0.111,-999999,-999999,-999999,-999999,-999999,3.5;40.750,-999999,-999999,3.050,-999999,-999999,-999999,-999999,-999999,-999999,-999999,0,8,-999999,-999999,8,-999999,-999999,0.103,-999999,-999999,-999999,-999999,-999999,3.3;40.770,-999999,-999999,2.979,-999999,-999999,-999999,-999999,-999999,-999999,-999999,0,8,-999999,-999999,8,-999999,-999999,0.101,-999999,-999999,-999999,-999999,-999999,3.3;40.790,-999999,-999999,2.896,-999999,-999999,-999999,-999999,-999999,-999999,-999999,0,8,-999999,-999999,8,-999999,-999999,0.102,-999999,-999999,-999999,-999999,-999999,3.4;40.810,-999999,-999999,2.883,-999999,-999999,-999999,-999999,-999999,-999999,-999999,0,8,-999999,-999999,8,-999999,-999999,0.095,-999999,-999999,-999999,-999999,-999999,3.2;40.830,-999999,-999999,2.851,-999999,-999999,-999999,-999999,-999999,-999999,-999999,0,8,-999999,-999999,8,-999999,-999999,0.083,-999999,-999999,-999999,-999999,-999999,2.9;40.850,-999999,-999999,2.825,-999999,-999999,-999999,-999999,-999999,-999999,-999999,0,8,-999999,-999999,8,-999999,-999999,0.077,-999999,-999999,-999999,-999999,-999999,2.7;40.870,-999999,-999999,2.797,-999999,-999999,-999999,-999999,-999999,-999999,-999999,0,8,-999999,-999999,8,-999999,-999999,0.075,-999999,-999999,-999999,-999999,-999999,2.6;40.890,-999999,-999999,2.736,-999999,-999999,-999999,-999999,-999999,-999999,-999999,0,8,-999999,-999999,8,-999999,-999999,0.075,-999999,-999999,-999999,-999999,-999999,2.6;40.910,-999999,-999999,2.768,-999999,-999999,-999999,-999999,-999999,-999999,-999999,0,8,-999999,-999999,8,-999999,-999999,0.071,-999999,-999999,-999999,-999999,-999999,2.5;40.930,-999999,-999999,2.777,-999999,-999999,-999999,-999999,-999999,-999999,-999999,0,8,-999999,-999999,8,-999999,-999999,0.071,-999999,-999999,-999999,-999999,-999999,2.5;40.950,-999999,-999999,2.793,-999999,-999999,-999999,-999999,-999999,-999999,-999999,0,8,-999999,-999999,8,-999999,-999999,0.068,-999999,-999999,-999999,-999999,-999999,2.4;40.970,-999999,-999999,2.864,-999999,-999999,-999999,-999999,-999999,-999999,-999999,0,8,-999999,-999999,8,-999999,-999999,0.067,-999999,-999999,-999999,-999999,-999999,2.3;40.990,-999999,-999999,2.912,-999999,-999999,-999999,-999999,-999999,-999999,-999999,0,8,-999999,-999999,8,-999999,-999999,0.071,-999999,-999999,-999999,-999999,-999999,2.4;41.010,-999999,-999999,2.970,-999999,-999999,-999999,-999999,-999999,-999999,-999999,0,8,-999999,-999999,8,-999999,-999999,0.071,-999999,-999999,-999999,-999999,-999999,2.4;41.030,-999999,-999999,3.050,-999999,-999999,-999999,-999999,-999999,-999999,-999999,0,8,-999999,-999999,8,-999999,-999999,0.078,-999999,-999999,-999999,-999999,-999999,2.5;41.050,-999999,-999999,3.088,-999999,-999999,-999999,-999999,-999999,-999999,-999999,0,8,-999999,-999999,8,-999999,-999999,0.082,-999999,-999999,-999999,-999999,-999999,2.7;41.070,-999999,-999999,3.082,-999999,-999999,-999999,-999999,-999999,-999999,-999999,0,8,-999999,-999999,8,-999999,-999999,0.083,-999999,-999999,-999999,-999999,-999999,2.7;41.090,-999999,-999999,3.060,-999999,-999999,-999999,-999999,-999999,-999999,-999999,0,8,-999999,-999999,8,-999999,-999999,0.092,-999999,-999999,-999999,-999999,-999999,3.0;41.110,-999999,-999999,3.008,-999999,-999999,-999999,-999999,-999999,-999999,-999999,0,8,-999999,-999999,8,-999999,-999999,0.092,-999999,-999999,-999999,-999999,-999999,3.0;41.130,-999999,-999999,2.992,-999999,-999999,-999999,-999999,-999999,-999999,-999999,0,8,-999999,-999999,8,-999999,-999999,0.097,-999999,-999999,-999999,-999999,-999999,3.1;41.150,-999999,-999999,3.060,-999999,-999999,-999999,-999999,-999999,-999999,-999999,0,8,-999999,-999999,8,-999999,-999999,0.095,-999999,-999999,-999999,-999999,-999999,3.0;41.170,-999999,-999999,3.031,-999999,-999999,-999999,-999999,-999999,-999999,-999999,0,8,-999999,-999999,8,-999999,-999999,0.100,-999999,-999999,-999999,-999999,-999999,3.2;41.190,-999999,-999999,3.169,-999999,-999999,-999999,-999999,-999999,-999999,-999999,0,8,-999999,-999999,8,-999999,-999999,0.099,-999999,-999999,-999999,-999999,-999999,3.1;41.210,-999999,-999999,3.194,-999999,-999999,-999999,-999999,-999999,-999999,-999999,0,8,-999999,-999999,8,-999999,-999999,0.102,-999999,-999999,-999999,-999999,-999999,3.2;41.230,-999999,-999999,3.252,-999999,-999999,-999999,-999999,-999999,-999999,-999999,0,8,-999999,-999999,8,-999999,-999999,0.107,-999999,-999999,-999999,-999999,-999999,3.3;41.250,-999999,-999999,3.191,-999999,-999999,-999999,-999999,-999999,-999999,-999999,0,8,-999999,-999999,8,-999999,-999999,0.114,-999999,-999999,-999999,-999999,-999999,3.5;41.270,-999999,-999999,3.268,-999999,-999999,-999999,-999999,-999999,-999999,-999999,0,8,-999999,-999999,8,-999999,-999999,0.121,-999999,-999999,-999999,-999999,-999999,3.7;41.290,-999999,-999999,3.242,-999999,-999999,-999999,-999999,-999999,-999999,-999999,0,8,-999999,-999999,8,-999999,-999999,0.116,-999999,-999999,-999999,-999999,-999999,3.6;41.310,-999999,-999999,3.287,-999999,-999999,-999999,-999999,-999999,-999999,-999999,0,8,-999999,-999999,8,-999999,-999999,0.130,-999999,-999999,-999999,-999999,-999999,4.0;41.330,-999999,-999999,3.140,-999999,-999999,-999999,-999999,-999999,-999999,-999999,0,8,-999999,-999999,8,-999999,-999999,0.130,-999999,-999999,-999999,-999999,-999999,4.0;41.350,-999999,-999999,3.130,-999999,-999999,-999999,-999999,-999999,-999999,-999999,0,8,-999999,-999999,8,-999999,-999999,0.126,-999999,-999999,-999999,-999999,-999999,3.9;41.370,-999999,-999999,3.159,-999999,-999999,-999999,-999999,-999999,-999999,-999999,0,8,-999999,-999999,8,-999999,-999999,0.130,-999999,-999999,-999999,-999999,-999999,4.0;41.390,-999999,-999999,3.210,-999999,-999999,-999999,-999999,-999999,-999999,-999999,0,8,-999999,-999999,8,-999999,-999999,0.134,-999999,-999999,-999999,-999999,-999999,4.2;41.410,-999999,-999999,3.246,-999999,-999999,-999999,-999999,-999999,-999999,-999999,0,8,-999999,-999999,8,-999999,-999999,0.134,-999999,-999999,-999999,-999999,-999999,4.3;41.430,-999999,-999999,3.181,-999999,-999999,-999999,-999999,-999999,-999999,-999999,0,8,-999999,-999999,8,-999999,-999999,0.121,-999999,-999999,-999999,-999999,-999999,3.9;41.450,-999999,-999999,3.027,-999999,-999999,-999999,-999999,-999999,-999999,-999999,0,8,-999999,-999999,8,-999999,-999999,0.115,-999999,-999999,-999999,-999999,-999999,3.8;41.470,-999999,-999999,2.883,-999999,-999999,-999999,-999999,-999999,-999999,-999999,0,8,-999999,-999999,8,-999999,-999999,0.113,-999999,-999999,-999999,-999999,-999999,3.8;41.490,-999999,-999999,2.716,-999999,-999999,-999999,-999999,-999999,-999999,-999999,0,8,-999999,-999999,8,-999999,-999999,0.115,-999999,-999999,-999999,-999999,-999999,4.0;41.510,-999999,-999999,2.700,-999999,-999999,-999999,-999999,-999999,-999999,-999999,0,8,-999999,-999999,8,-999999,-999999,0.120,-999999,-999999,-999999,-999999,-999999,4.3;41.530,-999999,-999999,2.710,-999999,-999999,-999999,-999999,-999999,-999999,-999999,0,8,-999999,-999999,8,-999999,-999999,0.116,-999999,-999999,-999999,-999999,-999999,4.2;41.550,-999999,-999999,2.710,-999999,-999999,-999999,-999999,-999999,-999999,-999999,0,8,-999999,-999999,8,-999999,-999999,0.107,-999999,-999999,-999999,-999999,-999999,3.9;41.570,-999999,-999999,2.684,-999999,-999999,-999999,-999999,-999999,-999999,-999999,0,8,-999999,-999999,8,-999999,-999999,0.093,-999999,-999999,-999999,-999999,-999999,3.4;41.590,-999999,-999999,2.716,-999999,-999999,-999999,-999999,-999999,-999999,-999999,0,8,-999999,-999999,8,-999999,-999999,0.096,-999999,-999999,-999999,-999999,-999999,3.4;41.610,-999999,-999999,2.768,-999999,-999999,-999999,-999999,-999999,-999999,-999999,0,8,-999999,-999999,8,-999999,-999999,0.099,-999999,-999999,-999999,-999999,-999999,3.5;41.630,-999999,-999999,2.861,-999999,-999999,-999999,-999999,-999999,-999999,-999999,0,8,-999999,-999999,8,-999999,-999999,0.101,-999999,-999999,-999999,-999999,-999999,3.5;41.650,-999999,-999999,2.960,-999999,-999999,-999999,-999999,-999999,-999999,-999999,0,8,-999999,-999999,8,-999999,-999999,0.100,-999999,-999999,-999999,-999999,-999999,3.4;41.670,-999999,-999999,2.983,-999999,-999999,-999999,-999999,-999999,-999999,-999999,0,8,-999999,-999999,8,-999999,-999999,0.099,-999999,-999999,-999999,-999999,-999999,3.3;41.690,-999999,-999999,3.063,-999999,-999999,-999999,-999999,-999999,-999999,-999999,0,8,-999999,-999999,8,-999999,-999999,0.097,-999999,-999999,-999999,-999999,-999999,3.1;41.710,-999999,-999999,3.137,-999999,-999999,-999999,-999999,-999999,-999999,-999999,0,8,-999999,-999999,8,-999999,-999999,0.097,-999999,-999999,-999999,-999999,-999999,3.1;41.730,-999999,-999999,3.194,-999999,-999999,-999999,-999999,-999999,-999999,-999999,0,8,-999999,-999999,8,-999999,-999999,0.104,-999999,-999999,-999999,-999999,-999999,3.2;41.750,-999999,-999999,3.249,-999999,-999999,-999999,-999999,-999999,-999999,-999999,0,8,-999999,-999999,8,-999999,-999999,0.110,-999999,-999999,-999999,-999999,-999999,3.4;41.770,-999999,-999999,3.287,-999999,-999999,-999999,-999999,-999999,-999999,-999999,0,8,-999999,-999999,8,-999999,-999999,0.118,-999999,-999999,-999999,-999999,-999999,3.6;41.790,-999999,-999999,3.310,-999999,-999999,-999999,-999999,-999999,-999999,-999999,0,8,-999999,-999999,8,-999999,-999999,0.120,-999999,-999999,-999999,-999999,-999999,3.7;41.810,-999999,-999999,3.265,-999999,-999999,-999999,-999999,-999999,-999999,-999999,0,8,-999999,-999999,8,-999999,-999999,0.118,-999999,-999999,-999999,-999999,-999999,3.6;41.830,-999999,-999999,3.220,-999999,-999999,-999999,-999999,-999999,-999999,-999999,0,8,-999999,-999999,8,-999999,-999999,0.117,-999999,-999999,-999999,-999999,-999999,3.6;41.850,-999999,-999999,3.149,-999999,-999999,-999999,-999999,-999999,-999999,-999999,0,8,-999999,-999999,8,-999999,-999999,0.116,-999999,-999999,-999999,-999999,-999999,3.6;41.870,-999999,-999999,3.175,-999999,-999999,-999999,-999999,-999999,-999999,-999999,0,8,-999999,-999999,8,-999999,-999999,0.118,-999999,-999999,-999999,-999999,-999999,3.7;41.890,-999999,-999999,3.181,-999999,-999999,-999999,-999999,-999999,-999999,-999999,0,8,-999999,-999999,8,-999999,-999999,0.116,-999999,-999999,-999999,-999999,-999999,3.6;41.910,-999999,-999999,3.172,-999999,-999999,-999999,-999999,-999999,-999999,-999999,0,8,-999999,-999999,8,-999999,-999999,0.110,-999999,-999999,-999999,-999999,-999999,3.5;41.930,-999999,-999999,3.175,-999999,-999999,-999999,-999999,-999999,-999999,-999999,0,8,-999999,-999999,8,-999999,-999999,0.105,-999999,-999999,-999999,-999999,-999999,3.3;41.950,-999999,-999999,3.140,-999999,-999999,-999999,-999999,-999999,-999999,-999999,0,8,-999999,-999999,8,-999999,-999999,0.099,-999999,-999999,-999999,-999999,-999999,3.2;41.970,-999999,-999999,3.063,-999999,-999999,-999999,-999999,-999999,-999999,-999999,0,8,-999999,-999999,8,-999999,-999999,0.105,-999999,-999999,-999999,-999999,-999999,3.4;41.990,-999999,-999999,2.992,-999999,-999999,-999999,-999999,-999999,-999999,-999999,0,8,-999999,-999999,8,-999999,-999999,0.104,-999999,-999999,-999999,-999999,-999999,3.4;42.010,-999999,-999999,2.938,-999999,-999999,-999999,-999999,-999999,-999999,-999999,0,8,-999999,-999999,8,-999999,-999999,0.100,-999999,-999999,-999999,-999999,-999999,3.4;42.030,-999999,-999999,2.861,-999999,-999999,-999999,-999999,-999999,-999999,-999999,0,8,-999999,-999999,8,-999999,-999999,0.093,-999999,-999999,-999999,-999999,-999999,3.2;42.050,-999999,-999999,2.819,-999999,-999999,-999999,-999999,-999999,-999999,-999999,0,8,-999999,-999999,8,-999999,-999999,0.096,-999999,-999999,-999999,-999999,-999999,3.3;42.070,-999999,-999999,2.822,-999999,-999999,-999999,-999999,-999999,-999999,-999999,0,8,-999999,-999999,8,-999999,-999999,0.085,-999999,-999999,-999999,-999999,-999999,3.0;42.090,-999999,-999999,2.835,-999999,-999999,-999999,-999999,-999999,-999999,-999999,0,8,-999999,-999999,8,-999999,-999999,0.081,-999999,-999999,-999999,-999999,-999999,2.8;42.110,-999999,-999999,2.861,-999999,-999999,-999999,-999999,-999999,-999999,-999999,0,8,-999999,-999999,8,-999999,-999999,0.074,-999999,-999999,-999999,-999999,-999999,2.6;42.130,-999999,-999999,2.777,-999999,-999999,-999999,-999999,-999999,-999999,-999999,0,8,-999999,-999999,8,-999999,-999999,0.066,-999999,-999999,-999999,-999999,-999999,2.4;42.150,-999999,-999999,2.739,-999999,-999999,-999999,-999999,-999999,-999999,-999999,0,8,-999999,-999999,8,-999999,-999999,0.063,-999999,-999999,-999999,-999999,-999999,2.3;42.170,-999999,-999999,2.687,-999999,-999999,-999999,-999999,-999999,-999999,-999999,0,8,-999999,-999999,8,-999999,-999999,0.060,-999999,-999999,-999999,-999999,-999999,2.2;42.190,-999999,-999999,2.627,-999999,-999999,-999999,-999999,-999999,-999999,-999999,0,8,-999999,-999999,8,-999999,-999999,0.058,-999999,-999999,-999999,-999999,-999999,2.2;42.210,-999999,-999999,2.553,-999999,-999999,-999999,-999999,-999999,-999999,-999999,0,8,-999999,-999999,8,-999999,-999999,0.051,-999999,-999999,-999999,-999999,-999999,1.9;42.230,-999999,-999999,2.492,-999999,-999999,-999999,-999999,-999999,-999999,-999999,0,8,-999999,-999999,8,-999999,-999999,0.051,-999999,-999999,-999999,-999999,-999999,1.9;42.250,-999999,-999999,2.517,-999999,-999999,-999999,-999999,-999999,-999999,-999999,0,8,-999999,-999999,8,-999999,-999999,0.048,-999999,-999999,-999999,-999999,-999999,1.8;42.270,-999999,-999999,2.607,-999999,-999999,-999999,-999999,-999999,-999999,-999999,0,8,-999999,-999999,8,-999999,-999999,0.047,-999999,-999999,-999999,-999999,-999999,1.8;42.290,-999999,-999999,2.643,-999999,-999999,-999999,-999999,-999999,-999999,-999999,0,8,-999999,-999999,8,-999999,-999999,0.046,-999999,-999999,-999999,-999999,-999999,1.7;42.310,-999999,-999999,2.633,-999999,-999999,-999999,-999999,-999999,-999999,-999999,0,8,-999999,-999999,8,-999999,-999999,0.050,-999999,-999999,-999999,-999999,-999999,1.9;42.330,-999999,-999999,2.687,-999999,-999999,-999999,-999999,-999999,-999999,-999999,0,8,-999999,-999999,8,-999999,-999999,0.048,-999999,-999999,-999999,-999999,-999999,1.8;42.350,-999999,-999999,2.649,-999999,-999999,-999999,-999999,-999999,-999999,-999999,0,8,-999999,-999999,8,-999999,-999999,0.048,-999999,-999999,-999999,-999999,-999999,1.8;42.370,-999999,-999999,2.633,-999999,-999999,-999999,-999999,-999999,-999999,-999999,0,8,-999999,-999999,8,-999999,-999999,0.050,-999999,-999999,-999999,-999999,-999999,1.9;42.390,-999999,-999999,2.575,-999999,-999999,-999999,-999999,-999999,-999999,-999999,0,8,-999999,-999999,8,-999999,-999999,0.049,-999999,-999999,-999999,-999999,-999999,1.9;42.410,-999999,-999999,2.578,-999999,-999999,-999999,-999999,-999999,-999999,-999999,0,8,-999999,-999999,8,-999999,-999999,0.052,-999999,-999999,-999999,-999999,-999999,2.0;42.430,-999999,-999999,2.585,-999999,-999999,-999999,-999999,-999999,-999999,-999999,0,9,-999999,-999999,9,-999999,-999999,0.054,-999999,-999999,-999999,-999999,-999999,2.0;42.450,-999999,-999999,2.591,-999999,-999999,-999999,-999999,-999999,-999999,-999999,0,8,-999999,-999999,8,-999999,-999999,0.052,-999999,-999999,-999999,-999999,-999999,2.0;42.470,-999999,-999999,2.649,-999999,-999999,-999999,-999999,-999999,-999999,-999999,0,9,-999999,-999999,9,-999999,-999999,0.053,-999999,-999999,-999999,-999999,-999999,2.0;42.490,-999999,-999999,2.572,-999999,-999999,-999999,-999999,-999999,-999999,-999999,0,9,-999999,-999999,9,-999999,-999999,0.052,-999999,-999999,-999999,-999999,-999999,2.0;42.510,-999999,-999999,2.553,-999999,-999999,-999999,-999999,-999999,-999999,-999999,0,8,-999999,-999999,8,-999999,-999999,0.051,-999999,-999999,-999999,-999999,-999999,1.9;42.530,-999999,-999999,2.553,-999999,-999999,-999999,-999999,-999999,-999999,-999999,0,9,-999999,-999999,9,-999999,-999999,0.047,-999999,-999999,-999999,-999999,-999999,1.8;42.550,-999999,-999999,2.643,-999999,-999999,-999999,-999999,-999999,-999999,-999999,0,9,-999999,-999999,9,-999999,-999999,0.052,-999999,-999999,-999999,-999999,-999999,1.9;42.570,-999999,-999999,2.707,-999999,-999999,-999999,-999999,-999999,-999999,-999999,0,9,-999999,-999999,9,-999999,-999999,0.050,-999999,-999999,-999999,-999999,-999999,1.8;42.590,-999999,-999999,2.841,-999999,-999999,-999999,-999999,-999999,-999999,-999999,0,9,-999999,-999999,9,-999999,-999999,0.056,-999999,-999999,-999999,-999999,-999999,1.9;42.610,-999999,-999999,3.047,-999999,-999999,-999999,-999999,-999999,-999999,-999999,0,9,-999999,-999999,9,-999999,-999999,0.059,-999999,-999999,-999999,-999999,-999999,1.9;42.630,-999999,-999999,3.130,-999999,-999999,-999999,-999999,-999999,-999999,-999999,0,9,-999999,-999999,9,-999999,-999999,0.060,-999999,-999999,-999999,-999999,-999999,1.9;42.650,-999999,-999999,3.367,-999999,-999999,-999999,-999999,-999999,-999999,-999999,0,9,-999999,-999999,9,-999999,-999999,0.057,-999999,-999999,-999999,-999999,-999999,1.7;42.670,-999999,-999999,3.480,-999999,-999999,-999999,-999999,-999999,-999999,-999999,0,9,-999999,-999999,9,-999999,-999999,0.062,-999999,-999999,-999999,-999999,-999999,1.6;42.690,-999999,-999999,3.570,-999999,-999999,-999999,-999999,-999999,-999999,-999999,0,9,-999999,-999999,9,-999999,-999999,0.071,-999999,-999999,-999999,-999999,-999999,1.7;42.710,-999999,-999999,4.067,-999999,-999999,-999999,-999999,-999999,-999999,-999999,0,9,-999999,-999999,9,-999999,-999999,0.088,-999999,-999999,-999999,-999999,-999999,1.8;42.730,-999999,-999999,5.007,-999999,-999999,-999999,-999999,-999999,-999999,-999999,0,9,-999999,-999999,9,-999999,-999999,0.104,-999999,-999999,-999999,-999999,-999999,1.9;42.750,-999999,-999999,6.001,-999999,-999999,-999999,-999999,-999999,-999999,-999999,0,9,-999999,-999999,9,-999999,-999999,0.122,-999999,-999999,-999999,-999999,-999999,2.0;42.770,-999999,-999999,7.236,-999999,-999999,-999999,-999999,-999999,-999999,-999999,0,9,-999999,-999999,9,-999999,-999999,0.128,-999999,-999999,-999999,-999999,-999999,2.0;42.790,-999999,-999999,7.598,-999999,-999999,-999999,-999999,-999999,-999999,-999999,0,9,-999999,-999999,9,-999999,-999999,0.137,-999999,-999999,-999999,-999999,-999999,2.0;42.810,-999999,-999999,7.435,-999999,-999999,-999999,-999999,-999999,-999999,-999999,0,9,-999999,-999999,9,-999999,-999999,0.127,-999999,-999999,-999999,-999999,-999999,1.8;42.830,-999999,-999999,6.995,-999999,-999999,-999999,-999999,-999999,-999999,-999999,0,9,-999999,-999999,9,-999999,-999999,0.124,-999999,-999999,-999999,-999999,-999999,1.8;42.850,-999999,-999999,6.392,-999999,-999999,-999999,-999999,-999999,-999999,-999999,0,9,-999999,-999999,9,-999999,-999999,0.126,-999999,-999999,-999999,-999999,-999999,2.0;42.870,-999999,-999999,5.715,-999999,-999999,-999999,-999999,-999999,-999999,-999999,0,9,-999999,-999999,9,-999999,-999999,0.122,-999999,-999999,-999999,-999999,-999999,2.2;42.890,-999999,-999999,4.737,-999999,-999999,-999999,-999999,-999999,-999999,-999999,0,9,-999999,-999999,9,-999999,-999999,0.128,-999999,-999999,-999999,-999999,-999999,2.6;42.910,-999999,-999999,3.833,-999999,-999999,-999999,-999999,-999999,-999999,-999999,0,9,-999999,-999999,9,-999999,-999999,0.125,-999999,-999999,-999999,-999999,-999999,2.8;42.930,-999999,-999999,3.300,-999999,-999999,-999999,-999999,-999999,-999999,-999999,0,9,-999999,-999999,9,-999999,-999999,0.118,-999999,-999999,-999999,-999999,-999999,2.9;42.950,-999999,-999999,3.130,-999999,-999999,-999999,-999999,-999999,-999999,-999999,0,9,-999999,-999999,9,-999999,-999999,0.112,-999999,-999999,-999999,-999999,-999999,2.9;42.970,-999999,-999999,3.274,-999999,-999999,-999999,-999999,-999999,-999999,-999999,0,9,-999999,-999999,9,-999999,-999999,0.102,-999999,-999999,-999999,-999999,-999999,2.6;42.990,-999999,-999999,3.772,-999999,-999999,-999999,-999999,-999999,-999999,-999999,0,9,-999999,-999999,9,-999999,-999999,0.103,-999999,-999999,-999999,-999999,-999999,2.3;43.010,-999999,-999999,4.538,-999999,-999999,-999999,-999999,-999999,-999999,-999999,0,9,-999999,-999999,9,-999999,-999999,0.116,-999999,-999999,-999999,-999999,-999999,2.2;43.030,-999999,-999999,5.773,-999999,-999999,-999999,-999999,-999999,-999999,-999999,0,9,-999999,-999999,9,-999999,-999999,0.141,-999999,-999999,-999999,-999999,-999999,2.2;43.050,-999999,-999999,7.351,-999999,-999999,-999999,-999999,-999999,-999999,-999999,0,9,-999999,-999999,9,-999999,-999999,0.166,-999999,-999999,-999999,-999999,-999999,2.2;43.070,-999999,-999999,8.747,-999999,-999999,-999999,-999999,-999999,-999999,-999999,0,9,-999999,-999999,9,-999999,-999999,0.186,-999999,-999999,-999999,-999999,-999999,2.2;43.090,-999999,-999999,9.882,-999999,-999999,-999999,-999999,-999999,-999999,-999999,0,9,-999999,-999999,9,-999999,-999999,0.204,-999999,-999999,-999999,-999999,-999999,2.1;43.110,-999999,-999999,10.848,-999999,-999999,-999999,-999999,-999999,-999999,-999999,0,9,-999999,-999999,9,-999999,-999999,0.199,-999999,-999999,-999999,-999999,-999999,1.9;43.130,-999999,-999999,11.473,-999999,-999999,-999999,-999999,-999999,-999999,-999999,0,9,-999999,-999999,9,-999999,-999999,0.202,-999999,-999999,-999999,-999999,-999999,1.8;43.150,-999999,-999999,11.608,-999999,-999999,-999999,-999999,-999999,-999999,-999999,0,9,-999999,-999999,9,-999999,-999999,0.136,-999999,-999999,-999999,-999999,-999999,1.2;43.170,-999999,-999999,11.361,-999999,-999999,-999999,-999999,-999999,-999999,-999999,0,9,-999999,-999999,9,-999999,-999999,0.138,-999999,-999999,-999999,-999999,-999999,1.2;43.190,-999999,-999999,10.851,-999999,-999999,-999999,-999999,-999999,-999999,-999999,0,9,-999999,-999999,9,-999999,-999999,0.178,-999999,-999999,-999999,-999999,-999999,1.6;43.210,-999999,-999999,10.277,-999999,-999999,-999999,-999999,-999999,-999999,-999999,0,9,-999999,-999999,9,-999999,-999999,0.182,-999999,-999999,-999999,-999999,-999999,1.8;43.230,-999999,-999999,9.927,-999999,-999999,-999999,-999999,-999999,-999999,-999999,0,9,-999999,-999999,9,-999999,-999999,0.231,-999999,-999999,-999999,-999999,-999999,2.4;43.250,-999999,-999999,8.705,-999999,-999999,-999999,-999999,-999999,-999999,-999999,0,9,-999999,-999999,9,-999999,-999999,0.202,-999999,-999999,-999999,-999999,-999999,2.3;43.270,-999999,-999999,7.765,-999999,-999999,-999999,-999999,-999999,-999999,-999999,0,9,-999999,-999999,9,-999999,-999999,0.180,-999999,-999999,-999999,-999999,-999999,2.2;43.290,-999999,-999999,7.390,-999999,-999999,-999999,-999999,-999999,-999999,-999999,0,9,-999999,-999999,9,-999999,-999999,0.155,-999999,-999999,-999999,-999999,-999999,2.0;43.310,-999999,-999999,6.312,-999999,-999999,-999999,-999999,-999999,-999999,-999999,0,9,-999999,-999999,9,-999999,-999999,0.148,-999999,-999999,-999999,-999999,-999999,2.1;43.330,-999999,-999999,5.975,-999999,-999999,-999999,-999999,-999999,-999999,-999999,0,9,-999999,-999999,9,-999999,-999999,0.178,-999999,-999999,-999999,-999999,-999999,2.7;43.350,-999999,-999999,5.969,-999999,-999999,-999999,-999999,-999999,-999999,-999999,0,9,-999999,-999999,9,-999999,-999999,0.177,-999999,-999999,-999999,-999999,-999999,2.8;43.370,-999999,-999999,5.687,-999999,-999999,-999999,-999999,-999999,-999999,-999999,0,9,-999999,-999999,9,-999999,-999999,0.180,-999999,-999999,-999999,-999999,-999999,2.7;43.390,-999999,-999999,5.565,-999999,-999999,-999999,-999999,-999999,-999999,-999999,0,9,-999999,-999999,9,-999999,-999999,0.158,-999999,-999999,-999999,-999999,-999999,2.2;43.410,-999999,-999999,6.982,-999999,-999999,-999999,-999999,-999999,-999999,-999999,0,9,-999999,-999999,9,-999999,-999999,0.151,-999999,-999999,-999999,-999999,-999999,1.9;43.430,-999999,-999999,8.641,-999999,-999999,-999999,-999999,-999999,-999999,-999999,0,9,-999999,-999999,9,-999999,-999999,0.128,-999999,-999999,-999999,-999999,-999999,1.5;43.450,-999999,-999999,10.010,-999999,-999999,-999999,-999999,-999999,-999999,-999999,0,9,-999999,-999999,9,-999999,-999999,0.121,-999999,-999999,-999999,-999999,-999999,1.2;43.470,-999999,-999999,10.963,-999999,-999999,-999999,-999999,-999999,-999999,-999999,0,9,-999999,-999999,9,-999999,-999999,0.138,-999999,-999999,-999999,-999999,-999999,1.3;43.490,-999999,-999999,11.556,-999999,-999999,-999999,-999999,-999999,-999999,-999999,0,9,-999999,-999999,9,-999999,-999999,0.161,-999999,-999999,-999999,-999999,-999999,1.4;43.510,-999999,-999999,12.028,-999999,-999999,-999999,-999999,-999999,-999999,-999999,0,9,-999999,-999999,9,-999999,-999999,0.191,-999999,-999999,-999999,-999999,-999999,1.5;43.530,-999999,-999999,12.628,-999999,-999999,-999999,-999999,-999999,-999999,-999999,0,9,-999999,-999999,9,-999999,-999999,0.198,-999999,-999999,-999999,-999999,-999999,1.5;43.550,-999999,-999999,13.176,-999999,-999999,-999999,-999999,-999999,-999999,-999999,0,9,-999999,-999999,9,-999999,-999999,0.181,-999999,-999999,-999999,-999999,-999999,1.3;43.570,-999999,-999999,13.991,-999999,-999999,-999999,-999999,-999999,-999999,-999999,0,9,-999999,-999999,9,-999999,-999999,0.173,-999999,-999999,-999999,-999999,-999999,1.3;43.590,-999999,-999999,14.344,-999999,-999999,-999999,-999999,-999999,-999999,-999999,0,9,-999999,-999999,9,-999999,-999999,0.158,-999999,-999999,-999999,-999999,-999999,1.1;43.610,-999999,-999999,13.853,-999999,-999999,-999999,-999999,-999999,-999999,-999999,0,9,-999999,-999999,9,-999999,-999999,0.163,-999999,-999999,-999999,-999999,-999999,1.2;43.630,-999999,-999999,13.119,-999999,-999999,-999999,-999999,-999999,-999999,-999999,0,9,-999999,-999999,9,-999999,-999999,0.176,-999999,-999999,-999999,-999999,-999999,1.3;43.650,-999999,-999999,12.464,-999999,-999999,-999999,-999999,-999999,-999999,-999999,0,9,-999999,-999999,9,-999999,-999999,0.179,-999999,-999999,-999999,-999999,-999999,1.4;43.670,-999999,-999999,11.714,-999999,-999999,-999999,-999999,-999999,-999999,-999999,0,9,-999999,-999999,9,-999999,-999999,0.186,-999999,-999999,-999999,-999999,-999999,1.5;43.690,-999999,-999999,11.290,-999999,-999999,-999999,-999999,-999999,-999999,-999999,0,9,-999999,-999999,9,-999999,-999999,0.193,-999999,-999999,-999999,-999999,-999999,1.6;43.710,-999999,-999999,11.027,-999999,-999999,-999999,-999999,-999999,-999999,-999999,0,9,-999999,-999999,9,-999999,-999999,0.216,-999999,-999999,-999999,-999999,-999999,1.9;43.730,-999999,-999999,10.658,-999999,-999999,-999999,-999999,-999999,-999999,-999999,0,9,-999999,-999999,9,-999999,-999999,0.233,-999999,-999999,-999999,-999999,-999999,2.0;43.750,-999999,-999999,10.909,-999999,-999999,-999999,-999999,-999999,-999999,-999999,0,9,-999999,-999999,9,-999999,-999999,0.243,-999999,-999999,-999999,-999999,-999999,2.0;43.770,-999999,-999999,11.800,-999999,-999999,-999999,-999999,-999999,-999999,-999999,0,9,-999999,-999999,9,-999999,-999999,0.251,-999999,-999999,-999999,-999999,-999999,2.0;43.790,-999999,-999999,12.862,-999999,-999999,-999999,-999999,-999999,-999999,-999999,0,9,-999999,-999999,9,-999999,-999999,0.259,-999999,-999999,-999999,-999999,-999999,1.9;43.810,-999999,-999999,14.142,-999999,-999999,-999999,-999999,-999999,-999999,-999999,0,9,-999999,-999999,9,-999999,-999999,0.236,-999999,-999999,-999999,-999999,-999999,1.6;43.830,-999999,-999999,15.797,-999999,-999999,-999999,-999999,-999999,-999999,-999999,0,9,-999999,-999999,9,-999999,-999999,0.240,-999999,-999999,-999999,-999999,-999999,1.6;43.850,-999999,-999999,16.698,-999999,-999999,-999999,-999999,-999999,-999999,-999999,0,9,-999999,-999999,9,-999999,-999999,0.243,-999999,-999999,-999999,-999999,-999999,1.6;43.870,-999999,-999999,16.368,-999999,-999999,-999999,-999999,-999999,-999999,-999999,0,9,-999999,-999999,9,-999999,-999999,0.213,-999999,-999999,-999999,-999999,-999999,1.4;43.890,-999999,-999999,15.216,-999999,-999999,-999999,-999999,-999999,-999999,-999999,0,9,-999999,-999999,9,-999999,-999999,0.224,-999999,-999999,-999999,-999999,-999999,1.5;43.910,-999999,-999999,13.731,-999999,-999999,-999999,-999999,-999999,-999999,-999999,0,9,-999999,-999999,9,-999999,-999999,0.235,-999999,-999999,-999999,-999999,-999999,1.7;43.930,-999999,-999999,12.188,-999999,-999999,-999999,-999999,-999999,-999999,-999999,0,9,-999999,-999999,9,-999999,-999999,0.222,-999999,-999999,-999999,-999999,-999999,1.7;43.950,-999999,-999999,10.925,-999999,-999999,-999999,-999999,-999999,-999999,-999999,0,9,-999999,-999999,9,-999999,-999999,0.209,-999999,-999999,-999999,-999999,-999999,1.8;43.970,-999999,-999999,9.969,-999999,-999999,-999999,-999999,-999999,-999999,-999999,0,9,-999999,-999999,9,-999999,-999999,0.199,-999999,-999999,-999999,-999999,-999999,2.0;43.990,-999999,-999999,8.577,-999999,-999999,-999999,-999999,-999999,-999999,-999999,0,9,-999999,-999999,9,-999999,-999999,0.189,-999999,-999999,-999999,-999999,-999999,2.1;44.010,-999999,-999999,7.980,-999999,-999999,-999999,-999999,-999999,-999999,-999999,0,10,-999999,-999999,10,-999999,-999999,0.193,-999999,-999999,-999999,-999999,-999999,2.5;44.030,-999999,-999999,6.142,-999999,-999999,-999999,-999999,-999999,-999999,-999999,0,9,-999999,-999999,9,-999999,-999999,0.207,-999999,-999999,-999999,-999999,-999999,3.1;44.050,-999999,-999999,5.552,-999999,-999999,-999999,-999999,-999999,-999999,-999999,0,9,-999999,-999999,9,-999999,-999999,0.177,-999999,-999999,-999999,-999999,-999999,3.0;44.070,-999999,-999999,4.301,-999999,-999999,-999999,-999999,-999999,-999999,-999999,0,9,-999999,-999999,9,-999999,-999999,0.159,-999999,-999999,-999999,-999999,-999999,3.0;44.090,-999999,-999999,3.647,-999999,-999999,-999999,-999999,-999999,-999999,-999999,0,9,-999999,-999999,9,-999999,-999999,0.136,-999999,-999999,-999999,-999999,-999999,2.8;44.110,-999999,-999999,3.935,-999999,-999999,-999999,-999999,-999999,-999999,-999999,0,9,-999999,-999999,9,-999999,-999999,0.108,-999999,-999999,-999999,-999999,-999999,2.4;44.130,-999999,-999999,4.692,-999999,-999999,-999999,-999999,-999999,-999999,-999999,0,9,-999999,-999999,9,-999999,-999999,0.108,-999999,-999999,-999999,-999999,-999999,2.5;44.150,-999999,-999999,4.965,-999999,-999999,-999999,-999999,-999999,-999999,-999999,0,9,-999999,-999999,9,-999999,-999999,0.120,-999999,-999999,-999999,-999999,-999999,2.8;44.170,-999999,-999999,4.593,-999999,-999999,-999999,-999999,-999999,-999999,-999999,0,10,-999999,-999999,10,-999999,-999999,0.121,-999999,-999999,-999999,-999999,-999999,2.9;44.190,-999999,-999999,3.983,-999999,-999999,-999999,-999999,-999999,-999999,-999999,0,10,-999999,-999999,10,-999999,-999999,0.105,-999999,-999999,-999999,-999999,-999999,2.6;44.210,-999999,-999999,3.233,-999999,-999999,-999999,-999999,-999999,-999999,-999999,0,10,-999999,-999999,10,-999999,-999999,0.105,-999999,-999999,-999999,-999999,-999999,2.6;44.230,-999999,-999999,3.002,-999999,-999999,-999999,-999999,-999999,-999999,-999999,0,10,-999999,-999999,10,-999999,-999999,0.106,-999999,-999999,-999999,-999999,-999999,2.4;44.250,-999999,-999999,3.432,-999999,-999999,-999999,-999999,-999999,-999999,-999999,0,10,-999999,-999999,10,-999999,-999999,0.094,-999999,-999999,-999999,-999999,-999999,1.9;44.270,-999999,-999999,5.103,-999999,-999999,-999999,-999999,-999999,-999999,-999999,0,10,-999999,-999999,10,-999999,-999999,0.092,-999999,-999999,-999999,-999999,-999999,1.6;44.290,-999999,-999999,6.925,-999999,-999999,-999999,-999999,-999999,-999999,-999999,0,10,-999999,-999999,10,-999999,-999999,0.087,-999999,-999999,-999999,-999999,-999999,1.4;44.310,-999999,-999999,8.156,-999999,-999999,-999999,-999999,-999999,-999999,-999999,0,10,-999999,-999999,10,-999999,-999999,0.103,-999999,-999999,-999999,-999999,-999999,1.5;44.330,-999999,-999999,8.638,-999999,-999999,-999999,-999999,-999999,-999999,-999999,0,10,-999999,-999999,10,-999999,-999999,0.128,-999999,-999999,-999999,-999999,-999999,1.7;44.350,-999999,-999999,7.980,-999999,-999999,-999999,-999999,-999999,-999999,-999999,0,10,-999999,-999999,10,-999999,-999999,0.154,-999999,-999999,-999999,-999999,-999999,1.9;44.370,-999999,-999999,7.489,-999999,-999999,-999999,-999999,-999999,-999999,-999999,0,10,-999999,-999999,10,-999999,-999999,0.156,-999999,-999999,-999999,-999999,-999999,1.8;44.390,-999999,-999999,7.630,-999999,-999999,-999999,-999999,-999999,-999999,-999999,0,10,-999999,-999999,10,-999999,-999999,0.165,-999999,-999999,-999999,-999999,-999999,1.8;44.410,-999999,-999999,8.493,-999999,-999999,-999999,-999999,-999999,-999999,-999999,0,10,-999999,-999999,10,-999999,-999999,0.157,-999999,-999999,-999999,-999999,-999999,1.6;44.430,-999999,-999999,10.119,-999999,-999999,-999999,-999999,-999999,-999999,-999999,0,10,-999999,-999999,10,-999999,-999999,0.166,-999999,-999999,-999999,-999999,-999999,1.6;44.450,-999999,-999999,11.393,-999999,-999999,-999999,-999999,-999999,-999999,-999999,0,10,-999999,-999999,10,-999999,-999999,0.169,-999999,-999999,-999999,-999999,-999999,1.5;44.470,-999999,-999999,12.179,-999999,-999999,-999999,-999999,-999999,-999999,-999999,0,10,-999999,-999999,10,-999999,-999999,0.181,-999999,-999999,-999999,-999999,-999999,1.5;44.490,-999999,-999999,13.173,-999999,-999999,-999999,-999999,-999999,-999999,-999999,0,10,-999999,-999999,10,-999999,-999999,0.188,-999999,-999999,-999999,-999999,-999999,1.4;44.510,-999999,-999999,14.132,-999999,-999999,-999999,-999999,-999999,-999999,-999999,0,10,-999999,-999999,10,-999999,-999999,0.200,-999999,-999999,-999999,-999999,-999999,1.5;44.530,-999999,-999999,14.430,-999999,-999999,-999999,-999999,-999999,-999999,-999999,0,10,-999999,-999999,10,-999999,-999999,0.212,-999999,-999999,-999999,-999999,-999999,1.5;44.550,-999999,-999999,13.799,-999999,-999999,-999999,-999999,-999999,-999999,-999999,0,10,-999999,-999999,10,-999999,-999999,0.233,-999999,-999999,-999999,-999999,-999999,1.7;44.570,-999999,-999999,12.753,-999999,-999999,-999999,-999999,-999999,-999999,-999999,0,10,-999999,-999999,10,-999999,-999999,0.214,-999999,-999999,-999999,-999999,-999999,1.5;44.590,-999999,-999999,12.766,-999999,-999999,-999999,-999999,-999999,-999999,-999999,0,10,-999999,-999999,10,-999999,-999999,0.203,-999999,-999999,-999999,-999999,-999999,1.4;44.610,-999999,-999999,12.782,-999999,-999999,-999999,-999999,-999999,-999999,-999999,0,10,-999999,-999999,10,-999999,-999999,0.207,-999999,-999999,-999999,-999999,-999999,1.5;44.630,-999999,-999999,14.293,-999999,-999999,-999999,-999999,-999999,-999999,-999999,0,10,-999999,-999999,10,-999999,-999999,0.267,-999999,-999999,-999999,-999999,-999999,1.9;44.650,-999999,-999999,15.223,-999999,-999999,-999999,-999999,-999999,-999999,-999999,0,10,-999999,-999999,10,-999999,-999999,0.262,-999999,-999999,-999999,-999999,-999999,1.9;44.670,-999999,-999999,14.334,-999999,-999999,-999999,-999999,-999999,-999999,-999999,0,10,-999999,-999999,10,-999999,-999999,0.257,-999999,-999999,-999999,-999999,-999999,2.0;44.690,-999999,-999999,12.567,-999999,-999999,-999999,-999999,-999999,-999999,-999999,0,10,-999999,-999999,10,-999999,-999999,0.280,-999999,-999999,-999999,-999999,-999999,2.2;44.710,-999999,-999999,10.803,-999999,-999999,-999999,-999999,-999999,-999999,-999999,0,10,-999999,-999999,10,-999999,-999999,0.293,-999999,-999999,-999999,-999999,-999999,2.5;44.730,-999999,-999999,9.520,-999999,-999999,-999999,-999999,-999999,-999999,-999999,0,10,-999999,-999999,10,-999999,-999999,0.279,-999999,-999999,-999999,-999999,-999999,2.6;44.750,-999999,-999999,8.827,-999999,-999999,-999999,-999999,-999999,-999999,-999999,0,10,-999999,-999999,10,-999999,-999999,0.266,-999999,-999999,-999999,-999999,-999999,2.6;44.770,-999999,-999999,8.849,-999999,-999999,-999999,-999999,-999999,-999999,-999999,0,10,-999999,-999999,10,-999999,-999999,0.269,-999999,-999999,-999999,-999999,-999999,2.6;44.790,-999999,-999999,9.244,-999999,-999999,-999999,-999999,-999999,-999999,-999999,0,10,-999999,-999999,10,-999999,-999999,0.304,-999999,-999999,-999999,-999999,-999999,2.9;44.810,-999999,-999999,11.406,-999999,-999999,-999999,-999999,-999999,-999999,-999999,0,10,-999999,-999999,10,-999999,-999999,0.233,-999999,-999999,-999999,-999999,-999999,2.2;44.830,-999999,-999999,12.041,-999999,-999999,-999999,-999999,-999999,-999999,-999999,0,10,-999999,-999999,10,-999999,-999999,0.206,-999999,-999999,-999999,-999999,-999999,1.9;44.850,-999999,-999999,11.903,-999999,-999999,-999999,-999999,-999999,-999999,-999999,0,10,-999999,-999999,10,-999999,-999999,0.198,-999999,-999999,-999999,-999999,-999999,1.9;44.870,-999999,-999999,10.116,-999999,-999999,-999999,-999999,-999999,-999999,-999999,0,10,-999999,-999999,10,-999999,-999999,0.204,-999999,-999999,-999999,-999999,-999999,2.0;44.890,-999999,-999999,9.478,-999999,-999999,-999999,-999999,-999999,-999999,-999999,0,10,-999999,-999999,10,-999999,-999999,0.194,-999999,-999999,-999999,-999999,-999999,2.0;44.910,-999999,-999999,8.496,-999999,-999999,-999999,-999999,-999999,-999999,-999999,0,10,-999999,-999999,10,-999999,-999999,0.166,-999999,-999999,-999999,-999999,-999999,1.8;44.930,-999999,-999999,7.807,-999999,-999999,-999999,-999999,-999999,-999999,-999999,0,10,-999999,-999999,10,-999999,-999999,0.171,-999999,-999999,-999999,-999999,-999999,1.9;44.950,-999999,-999999,7.720,-999999,-999999,-999999,-999999,-999999,-999999,-999999,0,10,-999999,-999999,10,-999999,-999999,0.176,-999999,-999999,-999999,-999999,-999999,2.0;44.970,-999999,-999999,7.929,-999999,-999999,-999999,-999999,-999999,-999999,-999999,0,10,-999999,-999999,10,-999999,-999999,0.184,-999999,-999999,-999999,-999999,-999999,2.1;44.990,-999999,-999999,8.602,-999999,-999999,-999999,-999999,-999999,-999999,-999999,0,10,-999999,-999999,10,-999999,-999999,0.198,-999999,-999999,-999999,-999999,-999999,2.3;45.010,-999999,-999999,9.006,-999999,-999999,-999999,-999999,-999999,-999999,-999999,0,10,-999999,-999999,10,-999999,-999999,0.198,-999999,-999999,-999999,-999999,-999999,2.2;45.030,-999999,-999999,9.545,-999999,-999999,-999999,-999999,-999999,-999999,-999999,0,10,-999999,-999999,10,-999999,-999999,0.188,-999999,-999999,-999999,-999999,-999999,2.1;45.050,-999999,-999999,9.423,-999999,-999999,-999999,-999999,-999999,-999999,-999999,0,10,-999999,-999999,10,-999999,-999999,0.156,-999999,-999999,-999999,-999999,-999999,1.8;45.070,-999999,-999999,8.910,-999999,-999999,-999999,-999999,-999999,-999999,-999999,0,10,-999999,-999999,10,-999999,-999999,0.146,-999999,-999999,-999999,-999999,-999999,1.7;45.090,-999999,-999999,8.089,-999999,-999999,-999999,-999999,-999999,-999999,-999999,0,10,-999999,-999999,10,-999999,-999999,0.144,-999999,-999999,-999999,-999999,-999999,1.9;45.110,-999999,-999999,6.845,-999999,-999999,-999999,-999999,-999999,-999999,-999999,0,10,-999999,-999999,10,-999999,-999999,0.170,-999999,-999999,-999999,-999999,-999999,2.5;45.130,-999999,-999999,5.347,-999999,-999999,-999999,-999999,-999999,-999999,-999999,0,10,-999999,-999999,10,-999999,-999999,0.186,-999999,-999999,-999999,-999999,-999999,3.1;45.150,-999999,-999999,4.644,-999999,-999999,-999999,-999999,-999999,-999999,-999999,0,10,-999999,-999999,10,-999999,-999999,0.189,-999999,-999999,-999999,-999999,-999999,3.6;45.170,-999999,-999999,4.112,-999999,-999999,-999999,-999999,-999999,-999999,-999999,0,10,-999999,-999999,10,-999999,-999999,0.183,-999999,-999999,-999999,-999999,-999999,3.9;45.190,-999999,-999999,3.351,-999999,-999999,-999999,-999999,-999999,-999999,-999999,0,10,-999999,-999999,10,-999999,-999999,0.168,-999999,-999999,-999999,-999999,-999999,3.7;45.210,-999999,-999999,3.647,-999999,-999999,-999999,-999999,-999999,-999999,-999999,0,10,-999999,-999999,10,-999999,-999999,0.134,-999999,-999999,-999999,-999999,-999999,2.7;45.230,-999999,-999999,4.484,-999999,-999999,-999999,-999999,-999999,-999999,-999999,0,10,-999999,-999999,10,-999999,-999999,0.124,-999999,-999999,-999999,-999999,-999999,2.2;45.250,-999999,-999999,6.001,-999999,-999999,-999999,-999999,-999999,-999999,-999999,0,10,-999999,-999999,10,-999999,-999999,0.112,-999999,-999999,-999999,-999999,-999999,1.6;45.270,-999999,-999999,7.897,-999999,-999999,-999999,-999999,-999999,-999999,-999999,0,10,-999999,-999999,10,-999999,-999999,0.114,-999999,-999999,-999999,-999999,-999999,1.4;45.290,-999999,-999999,9.898,-999999,-999999,-999999,-999999,-999999,-999999,-999999,0,11,-999999,-999999,11,-999999,-999999,0.106,-999999,-999999,-999999,-999999,-999999,1.2;45.310,-999999,-999999,10.963,-999999,-999999,-999999,-999999,-999999,-999999,-999999,0,11,-999999,-999999,11,-999999,-999999,0.107,-999999,-999999,-999999,-999999,-999999,1.1;45.330,-999999,-999999,10.941,-999999,-999999,-999999,-999999,-999999,-999999,-999999,0,11,-999999,-999999,11,-999999,-999999,0.107,-999999,-999999,-999999,-999999,-999999,1.0;45.350,-999999,-999999,10.626,-999999,-999999,-999999,-999999,-999999,-999999,-999999,0,10,-999999,-999999,10,-999999,-999999,0.130,-999999,-999999,-999999,-999999,-999999,1.3;45.370,-999999,-999999,9.767,-999999,-999999,-999999,-999999,-999999,-999999,-999999,0,10,-999999,-999999,10,-999999,-999999,0.171,-999999,-999999,-999999,-999999,-999999,1.7;45.390,-999999,-999999,8.753,-999999,-999999,-999999,-999999,-999999,-999999,-999999,0,11,-999999,-999999,11,-999999,-999999,0.169,-999999,-999999,-999999,-999999,-999999,1.8;45.410,-999999,-999999,8.131,-999999,-999999,-999999,-999999,-999999,-999999,-999999,0,11,-999999,-999999,11,-999999,-999999,0.177,-999999,-999999,-999999,-999999,-999999,1.9;45.430,-999999,-999999,8.009,-999999,-999999,-999999,-999999,-999999,-999999,-999999,0,11,-999999,-999999,11,-999999,-999999,0.188,-999999,-999999,-999999,-999999,-999999,2.0;45.450,-999999,-999999,8.968,-999999,-999999,-999999,-999999,-999999,-999999,-999999,0,11,-999999,-999999,11,-999999,-999999,0.173,-999999,-999999,-999999,-999999,-999999,1.8;45.470,-999999,-999999,10.447,-999999,-999999,-999999,-999999,-999999,-999999,-999999,0,11,-999999,-999999,11,-999999,-999999,0.173,-999999,-999999,-999999,-999999,-999999,1.7;45.490,-999999,-999999,11.101,-999999,-999999,-999999,-999999,-999999,-999999,-999999,0,11,-999999,-999999,11,-999999,-999999,0.181,-999999,-999999,-999999,-999999,-999999,1.6;45.510,-999999,-999999,11.524,-999999,-999999,-999999,-999999,-999999,-999999,-999999,0,11,-999999,-999999,11,-999999,-999999,0.185,-999999,-999999,-999999,-999999,-999999,1.6;45.530,-999999,-999999,12.108,-999999,-999999,-999999,-999999,-999999,-999999,-999999,0,11,-999999,-999999,11,-999999,-999999,0.168,-999999,-999999,-999999,-999999,-999999,1.4;45.550,-999999,-999999,12.657,-999999,-999999,-999999,-999999,-999999,-999999,-999999,0,11,-999999,-999999,11,-999999,-999999,0.138,-999999,-999999,-999999,-999999,-999999,1.1;45.570,-999999,-999999,12.910,-999999,-999999,-999999,-999999,-999999,-999999,-999999,0,11,-999999,-999999,11,-999999,-999999,0.123,-999999,-999999,-999999,-999999,-999999,0.9;45.590,-999999,-999999,12.920,-999999,-999999,-999999,-999999,-999999,-999999,-999999,0,11,-999999,-999999,11,-999999,-999999,0.117,-999999,-999999,-999999,-999999,-999999,0.9;45.610,-999999,-999999,12.532,-999999,-999999,-999999,-999999,-999999,-999999,-999999,0,11,-999999,-999999,11,-999999,-999999,0.123,-999999,-999999,-999999,-999999,-999999,1.0;45.630,-999999,-999999,11.739,-999999,-999999,-999999,-999999,-999999,-999999,-999999,0,11,-999999,-999999,11,-999999,-999999,0.134,-999999,-999999,-999999,-999999,-999999,1.1;45.650,-999999,-999999,10.633,-999999,-999999,-999999,-999999,-999999,-999999,-999999,0,11,-999999,-999999,11,-999999,-999999,0.146,-999999,-999999,-999999,-999999,-999999,1.4;45.670,-999999,-999999,9.484,-999999,-999999,-999999,-999999,-999999,-999999,-999999,0,11,-999999,-999999,11,-999999,-999999,0.177,-999999,-999999,-999999,-999999,-999999,1.8;45.690,-999999,-999999,8.618,-999999,-999999,-999999,-999999,-999999,-999999,-999999,0,11,-999999,-999999,11,-999999,-999999,0.180,-999999,-999999,-999999,-999999,-999999,2.1;45.710,-999999,-999999,7.489,-999999,-999999,-999999,-999999,-999999,-999999,-999999,0,11,-999999,-999999,11,-999999,-999999,0.182,-999999,-999999,-999999,-999999,-999999,2.4;45.730,-999999,-999999,6.158,-999999,-999999,-999999,-999999,-999999,-999999,-999999,0,11,-999999,-999999,11,-999999,-999999,0.178,-999999,-999999,-999999,-999999,-999999,2.8;45.750,-999999,-999999,5.144,-999999,-999999,-999999,-999999,-999999,-999999,-999999,0,11,-999999,-999999,11,-999999,-999999,0.195,-999999,-999999,-999999,-999999,-999999,3.6;45.770,-999999,-999999,4.237,-999999,-999999,-999999,-999999,-999999,-999999,-999999,0,11,-999999,-999999,11,-999999,-999999,0.181,-999999,-999999,-999999,-999999,-999999,4.0;45.790,-999999,-999999,3.242,-999999,-999999,-999999,-999999,-999999,-999999,-999999,0,11,-999999,-999999,11,-999999,-999999,0.161,-999999,-999999,-999999,-999999,-999999,4.2;45.810,-999999,-999999,2.723,-999999,-999999,-999999,-999999,-999999,-999999,-999999,0,11,-999999,-999999,11,-999999,-999999,0.121,-999999,-999999,-999999,-999999,-999999,3.6;45.830,-999999,-999999,2.652,-999999,-999999,-999999,-999999,-999999,-999999,-999999,0,11,-999999,-999999,11,-999999,-999999,0.098,-999999,-999999,-999999,-999999,-999999,3.2;45.850,-999999,-999999,2.707,-999999,-999999,-999999,-999999,-999999,-999999,-999999,0,11,-999999,-999999,11,-999999,-999999,0.101,-999999,-999999,-999999,-999999,-999999,3.4;45.870,-999999,-999999,2.800,-999999,-999999,-999999,-999999,-999999,-999999,-999999,0,11,-999999,-999999,11,-999999,-999999,0.078,-999999,-999999,-999999,-999999,-999999,2.6;45.890,-999999,-999999,2.902,-999999,-999999,-999999,-999999,-999999,-999999,-999999,0,11,-999999,-999999,11,-999999,-999999,0.067,-999999,-999999,-999999,-999999,-999999,2.0;45.910,-999999,-999999,3.294,-999999,-999999,-999999,-999999,-999999,-999999,-999999,0,11,-999999,-999999,11,-999999,-999999,0.066,-999999,-999999,-999999,-999999,-999999,1.7;45.930,-999999,-999999,3.675,-999999,-999999,-999999,-999999,-999999,-999999,-999999,0,11,-999999,-999999,11,-999999,-999999,0.064,-999999,-999999,-999999,-999999,-999999,1.5;45.950,-999999,-999999,5.051,-999999,-999999,-999999,-999999,-999999,-999999,-999999,0,11,-999999,-999999,11,-999999,-999999,0.081,-999999,-999999,-999999,-999999,-999999,1.9;45.970,-999999,-999999,5.411,-999999,-999999,-999999,-999999,-999999,-999999,-999999,0,11,-999999,-999999,11,-999999,-999999,0.079,-999999,-999999,-999999,-999999,-999999,1.7;45.990,-999999,-999999,5.331,-999999,-999999,-999999,-999999,-999999,-999999,-999999,0,11,-999999,-999999,11,-999999,-999999,0.095,-999999,-999999,-999999,-999999,-999999,2.1;46.010,-999999,-999999,4.327,-999999,-999999,-999999,-999999,-999999,-999999,-999999,0,11,-999999,-999999,11,-999999,-999999,0.093,-999999,-999999,-999999,-999999,-999999,2.1;46.030,-999999,-999999,3.842,-999999,-999999,-999999,-999999,-999999,-999999,-999999,0,11,-999999,-999999,11,-999999,-999999,0.085,-999999,-999999,-999999,-999999,-999999,2.0;46.050,-999999,-999999,3.695,-999999,-999999,-999999,-999999,-999999,-999999,-999999,0,11,-999999,-999999,11,-999999,-999999,0.099,-999999,-999999,-999999,-999999,-999999,2.5;46.070,-999999,-999999,3.509,-999999,-999999,-999999,-999999,-999999,-999999,-999999,0,11,-999999,-999999,11,-999999,-999999,0.102,-999999,-999999,-999999,-999999,-999999,2.8;46.090,-999999,-999999,3.384,-999999,-999999,-999999,-999999,-999999,-999999,-999999,0,11,-999999,-999999,11,-999999,-999999,0.105,-999999,-999999,-999999,-999999,-999999,2.9;46.110,-999999,-999999,3.339,-999999,-999999,-999999,-999999,-999999,-999999,-999999,0,11,-999999,-999999,11,-999999,-999999,0.082,-999999,-999999,-999999,-999999,-999999,2.2;46.130,-999999,-999999,3.323,-999999,-999999,-999999,-999999,-999999,-999999,-999999,0,11,-999999,-999999,11,-999999,-999999,0.079,-999999,-999999,-999999,-999999,-999999,1.9;46.150,-999999,-999999,4.211,-999999,-999999,-999999,-999999,-999999,-999999,-999999,0,11,-999999,-999999,11,-999999,-999999,0.078,-999999,-999999,-999999,-999999,-999999,1.8;46.170,-999999,-999999,4.740,-999999,-999999,-999999,-999999,-999999,-999999,-999999,0,11,-999999,-999999,11,-999999,-999999,0.078,-999999,-999999,-999999,-999999,-999999,1.6;46.190,-999999,-999999,5.664,-999999,-999999,-999999,-999999,-999999,-999999,-999999,0,11,-999999,-999999,11,-999999,-999999,0.110,-999999,-999999,-999999,-999999,-999999,2.1;46.210,-999999,-999999,5.738,-999999,-999999,-999999,-999999,-999999,-999999,-999999,0,11,-999999,-999999,11,-999999,-999999,0.107,-999999,-999999,-999999,-999999,-999999,1.9;46.230,-999999,-999999,5.671,-999999,-999999,-999999,-999999,-999999,-999999,-999999,0,11,-999999,-999999,11,-999999,-999999,0.086,-999999,-999999,-999999,-999999,-999999,1.4;46.250,-999999,-999999,6.007,-999999,-999999,-999999,-999999,-999999,-999999,-999999,0,11,-999999,-999999,11,-999999,-999999,0.091,-999999,-999999,-999999,-999999,-999999,1.4;46.270,-999999,-999999,6.745,-999999,-999999,-999999,-999999,-999999,-999999,-999999,0,11,-999999,-999999,11,-999999,-999999,0.107,-999999,-999999,-999999,-999999,-999999,1.6;46.290,-999999,-999999,7.832,-999999,-999999,-999999,-999999,-999999,-999999,-999999,0,11,-999999,-999999,11,-999999,-999999,0.128,-999999,-999999,-999999,-999999,-999999,1.9;46.310,-999999,-999999,7.868,-999999,-999999,-999999,-999999,-999999,-999999,-999999,0,11,-999999,-999999,11,-999999,-999999,0.141,-999999,-999999,-999999,-999999,-999999,2.1;46.330,-999999,-999999,6.845,-999999,-999999,-999999,-999999,-999999,-999999,-999999,0,11,-999999,-999999,11,-999999,-999999,0.129,-999999,-999999,-999999,-999999,-999999,2.0;46.350,-999999,-999999,5.626,-999999,-999999,-999999,-999999,-999999,-999999,-999999,0,11,-999999,-999999,11,-999999,-999999,0.108,-999999,-999999,-999999,-999999,-999999,1.9;46.370,-999999,-999999,4.711,-999999,-999999,-999999,-999999,-999999,-999999,-999999,0,11,-999999,-999999,11,-999999,-999999,0.111,-999999,-999999,-999999,-999999,-999999,2.2;46.390,-999999,-999999,3.650,-999999,-999999,-999999,-999999,-999999,-999999,-999999,0,11,-999999,-999999,11,-999999,-999999,0.114,-999999,-999999,-999999,-999999,-999999,2.7;46.410,-999999,-999999,3.076,-999999,-999999,-999999,-999999,-999999,-999999,-999999,0,11,-999999,-999999,11,-999999,-999999,0.104,-999999,-999999,-999999,-999999,-999999,2.8;46.430,-999999,-999999,2.861,-999999,-999999,-999999,-999999,-999999,-999999,-999999,0,11,-999999,-999999,11,-999999,-999999,0.096,-999999,-999999,-999999,-999999,-999999,3.0;46.450,-999999,-999999,2.771,-999999,-999999,-999999,-999999,-999999,-999999,-999999,0,11,-999999,-999999,11,-999999,-999999,0.087,-999999,-999999,-999999,-999999,-999999,2.9;46.470,-999999,-999999,2.649,-999999,-999999,-999999,-999999,-999999,-999999,-999999,0,11,-999999,-999999,11,-999999,-999999,0.075,-999999,-999999,-999999,-999999,-999999,2.6;46.490,-999999,-999999,2.732,-999999,-999999,-999999,-999999,-999999,-999999,-999999,0,11,-999999,-999999,11,-999999,-999999,0.073,-999999,-999999,-999999,-999999,-999999,2.5;46.510,-999999,-999999,2.963,-999999,-999999,-999999,-999999,-999999,-999999,-999999,0,11,-999999,-999999,11,-999999,-999999,0.071,-999999,-999999,-999999,-999999,-999999,2.4;46.530,-999999,-999999,3.162,-999999,-999999,-999999,-999999,-999999,-999999,-999999,0,11,-999999,-999999,11,-999999,-999999,0.078,-999999,-999999,-999999,-999999,-999999,2.6;46.550,-999999,-999999,3.178,-999999,-999999,-999999,-999999,-999999,-999999,-999999,0,11,-999999,-999999,11,-999999,-999999,0.068,-999999,-999999,-999999,-999999,-999999,2.2;46.570,-999999,-999999,3.153,-999999,-999999,-999999,-999999,-999999,-999999,-999999,0,11,-999999,-999999,11,-999999,-999999,0.070,-999999,-999999,-999999,-999999,-999999,2.2;46.590,-999999,-999999,3.127,-999999,-999999,-999999,-999999,-999999,-999999,-999999,0,11,-999999,-999999,11,-999999,-999999,0.068,-999999,-999999,-999999,-999999,-999999,2.1;46.610,-999999,-999999,3.278,-999999,-999999,-999999,-999999,-999999,-999999,-999999,0,11,-999999,-999999,11,-999999,-999999,0.071,-999999,-999999,-999999,-999999,-999999,2.2;46.630,-999999,-999999,3.204,-999999,-999999,-999999,-999999,-999999,-999999,-999999,0,11,-999999,-999999,11,-999999,-999999,0.073,-999999,-999999,-999999,-999999,-999999,2.3;46.650,-999999,-999999,3.072,-999999,-999999,-999999,-999999,-999999,-999999,-999999,0,11,-999999,-999999,11,-999999,-999999,0.075,-999999,-999999,-999999,-999999,-999999,2.3;46.670,-999999,-999999,3.146,-999999,-999999,-999999,-999999,-999999,-999999,-999999,0,11,-999999,-999999,11,-999999,-999999,0.077,-999999,-999999,-999999,-999999,-999999,2.4;46.690,-999999,-999999,3.111,-999999,-999999,-999999,-999999,-999999,-999999,-999999,0,11,-999999,-999999,11,-999999,-999999,0.061,-999999,-999999,-999999,-999999,-999999,1.8;46.710,-999999,-999999,3.120,-999999,-999999,-999999,-999999,-999999,-999999,-999999,0,11,-999999,-999999,11,-999999,-999999,0.064,-999999,-999999,-999999,-999999,-999999,1.7;46.730,-999999,-999999,3.419,-999999,-999999,-999999,-999999,-999999,-999999,-999999,0,11,-999999,-999999,11,-999999,-999999,0.071,-999999,-999999,-999999,-999999,-999999,1.7;46.750,-999999,-999999,4.291,-999999,-999999,-999999,-999999,-999999,-999999,-999999,0,11,-999999,-999999,11,-999999,-999999,0.075,-999999,-999999,-999999,-999999,-999999,1.6;46.770,-999999,-999999,5.388,-999999,-999999,-999999,-999999,-999999,-999999,-999999,0,11,-999999,-999999,11,-999999,-999999,0.067,-999999,-999999,-999999,-999999,-999999,1.3;46.790,-999999,-999999,6.136,-999999,-999999,-999999,-999999,-999999,-999999,-999999,0,11,-999999,-999999,11,-999999,-999999,0.083,-999999,-999999,-999999,-999999,-999999,1.6;46.810,-999999,-999999,6.347,-999999,-999999,-999999,-999999,-999999,-999999,-999999,0,11,-999999,-999999,11,-999999,-999999,0.103,-999999,-999999,-999999,-999999,-999999,1.9;46.830,-999999,-999999,5.648,-999999,-999999,-999999,-999999,-999999,-999999,-999999,0,11,-999999,-999999,11,-999999,-999999,0.110,-999999,-999999,-999999,-999999,-999999,2.1;46.850,-999999,-999999,4.894,-999999,-999999,-999999,-999999,-999999,-999999,-999999,0,11,-999999,-999999,11,-999999,-999999,0.115,-999999,-999999,-999999,-999999,-999999,2.2;46.870,-999999,-999999,4.243,-999999,-999999,-999999,-999999,-999999,-999999,-999999,0,11,-999999,-999999,11,-999999,-999999,0.112,-999999,-999999,-999999,-999999,-999999,2.2;46.890,-999999,-999999,3.961,-999999,-999999,-999999,-999999,-999999,-999999,-999999,0,11,-999999,-999999,11,-999999,-999999,0.109,-999999,-999999,-999999,-999999,-999999,2.2;46.910,-999999,-999999,4.493,-999999,-999999,-999999,-999999,-999999,-999999,-999999,1,11,-999999,-999999,12,-999999,-999999,0.113,-999999,-999999,-999999,-999999,-999999,2.3;46.930,-999999,-999999,5.096,-999999,-999999,-999999,-999999,-999999,-999999,-999999,1,11,-999999,-999999,11,-999999,-999999,0.117,-999999,-999999,-999999,-999999,-999999,2.4;46.950,-999999,-999999,5.468,-999999,-999999,-999999,-999999,-999999,-999999,-999999,0,11,-999999,-999999,11,-999999,-999999,0.139,-999999,-999999,-999999,-999999,-999999,2.9;46.970,-999999,-999999,5.231,-999999,-999999,-999999,-999999,-999999,-999999,-999999,0,11,-999999,-999999,12,-999999,-999999,0.139,-999999,-999999,-999999,-999999,-999999,3.0;46.990,-999999,-999999,4.570,-999999,-999999,-999999,-999999,-999999,-999999,-999999,0,11,-999999,-999999,12,-999999,-999999,0.129,-999999,-999999,-999999,-999999,-999999,2.9;47.010,-999999,-999999,3.842,-999999,-999999,-999999,-999999,-999999,-999999,-999999,0,11,-999999,-999999,12,-999999,-999999,0.130,-999999,-999999,-999999,-999999,-999999,3.1;47.030,-999999,-999999,3.329,-999999,-999999,-999999,-999999,-999999,-999999,-999999,0,11,-999999,-999999,12,-999999,-999999,0.131,-999999,-999999,-999999,-999999,-999999,3.3;47.050,-999999,-999999,3.255,-999999,-999999,-999999,-999999,-999999,-999999,-999999,0,11,-999999,-999999,12,-999999,-999999,0.126,-999999,-999999,-999999,-999999,-999999,3.2;47.070,-999999,-999999,3.355,-999999,-999999,-999999,-999999,-999999,-999999,-999999,0,11,-999999,-999999,12,-999999,-999999,0.106,-999999,-999999,-999999,-999999,-999999,2.6;47.090,-999999,-999999,3.961,-999999,-999999,-999999,-999999,-999999,-999999,-999999,1,11,-999999,-999999,12,-999999,-999999,0.107,-999999,-999999,-999999,-999999,-999999,2.3;47.110,-999999,-999999,4.869,-999999,-999999,-999999,-999999,-999999,-999999,-999999,0,12,-999999,-999999,12,-999999,-999999,0.108,-999999,-999999,-999999,-999999,-999999,2.1;47.130,-999999,-999999,5.767,-999999,-999999,-999999,-999999,-999999,-999999,-999999,0,12,-999999,-999999,12,-999999,-999999,0.114,-999999,-999999,-999999,-999999,-999999,1.9;47.150,-999999,-999999,6.915,-999999,-999999,-999999,-999999,-999999,-999999,-999999,1,12,-999999,-999999,12,-999999,-999999,0.129,-999999,-999999,-999999,-999999,-999999,1.9;47.170,-999999,-999999,7.422,-999999,-999999,-999999,-999999,-999999,-999999,-999999,1,12,-999999,-999999,12,-999999,-999999,0.132,-999999,-999999,-999999,-999999,-999999,1.8;47.190,-999999,-999999,8.031,-999999,-999999,-999999,-999999,-999999,-999999,-999999,1,12,-999999,-999999,12,-999999,-999999,0.123,-999999,-999999,-999999,-999999,-999999,1.6;47.210,-999999,-999999,8.442,-999999,-999999,-999999,-999999,-999999,-999999,-999999,1,12,-999999,-999999,12,-999999,-999999,0.126,-999999,-999999,-999999,-999999,-999999,1.5;47.230,-999999,-999999,8.429,-999999,-999999,-999999,-999999,-999999,-999999,-999999,0,12,-999999,-999999,12,-999999,-999999,0.148,-999999,-999999,-999999,-999999,-999999,1.7;47.250,-999999,-999999,8.439,-999999,-999999,-999999,-999999,-999999,-999999,-999999,1,12,-999999,-999999,12,-999999,-999999,0.162,-999999,-999999,-999999,-999999,-999999,1.9;47.270,-999999,-999999,8.583,-999999,-999999,-999999,-999999,-999999,-999999,-999999,1,12,-999999,-999999,12,-999999,-999999,0.164,-999999,-999999,-999999,-999999,-999999,1.8;47.290,-999999,-999999,8.817,-999999,-999999,-999999,-999999,-999999,-999999,-999999,1,12,-999999,-999999,12,-999999,-999999,0.178,-999999,-999999,-999999,-999999,-999999,2.0;47.310,-999999,-999999,9.083,-999999,-999999,-999999,-999999,-999999,-999999,-999999,0,12,-999999,-999999,12,-999999,-999999,0.175,-999999,-999999,-999999,-999999,-999999,2.0;47.330,-999999,-999999,9.478,-999999,-999999,-999999,-999999,-999999,-999999,-999999,1,12,-999999,-999999,12,-999999,-999999,0.173,-999999,-999999,-999999,-999999,-999999,2.0;47.350,-999999,-999999,9.132,-999999,-999999,-999999,-999999,-999999,-999999,-999999,0,12,-999999,-999999,12,-999999,-999999,0.185,-999999,-999999,-999999,-999999,-999999,2.2;47.370,-999999,-999999,7.836,-999999,-999999,-999999,-999999,-999999,-999999,-999999,1,12,-999999,-999999,12,-999999,-999999,0.157,-999999,-999999,-999999,-999999,-999999,2.0;47.390,-999999,-999999,6.864,-999999,-999999,-999999,-999999,-999999,-999999,-999999,0,12,-999999,-999999,12,-999999,-999999,0.159,-999999,-999999,-999999,-999999,-999999,2.2;47.410,-999999,-999999,5.889,-999999,-999999,-999999,-999999,-999999,-999999,-999999,0,12,-999999,-999999,12,-999999,-999999,0.162,-999999,-999999,-999999,-999999,-999999,2.6;47.430,-999999,-999999,5.035,-999999,-999999,-999999,-999999,-999999,-999999,-999999,0,12,-999999,-999999,12,-999999,-999999,0.148,-999999,-999999,-999999,-999999,-999999,2.7;47.450,-999999,-999999,4.394,-999999,-999999,-999999,-999999,-999999,-999999,-999999,0,12,-999999,-999999,12,-999999,-999999,0.144,-999999,-999999,-999999,-999999,-999999,3.0;47.470,-999999,-999999,3.977,-999999,-999999,-999999,-999999,-999999,-999999,-999999,0,12,-999999,-999999,12,-999999,-999999,0.038,-999999,-999999,-999999,-999999,-999999,0.9;47.490,-999999,-999999,3.682,-999999,-999999,-999999,-999999,-999999,-999999,-999999,0,12,-999999,-999999,12,-999999,-999999,0.029,-999999,-999999,-999999,-999999,-999999,0.7;47.510,-999999,-999999,3.631,-999999,-999999,-999999,-999999,-999999,-999999,-999999,0,12,-999999,-999999,12,-999999,-999999,0.027,-999999,-999999,-999999,-999999,-999999,0.7;47.530,-999999,-999999,3.464,-999999,-999999,-999999,-999999,-999999,-999999,-999999,0,12,-999999,-999999,12,-999999,-999999,0.025,-999999,-999999,-999999,-999999,-999999,0.7;47.550,-999999,-999999,3.024,-999999,-999999,-999999,-999999,-999999,-999999,-999999,0,13,-999999,-999999,13,-999999,-999999,0.027,-999999,-999999,-999999,-999999,-999999,0.7;47.570,-999999,-999999,3.284,-999999,-999999,-999999,-999999,-999999,-999999,-999999,0,13,-999999,-999999,13,-999999,-999999,0.033,-999999,-999999,-999999,-999999,-999999,0.9;47.590,-999999,-999999,3.416,-999999,-999999,-999999,-999999,-999999,-999999,-999999,0,13,-999999,-999999,13,-999999,-999999,0.041,-999999,-999999,-999999,-999999,-999999,1.2;47.610,-999999,-999999,3.496,-999999,-999999,-999999,-999999,-999999,-999999,-999999,0,13,-999999,-999999,13,-999999,-999999,0.053,-999999,-999999,-999999,-999999,-999999,1.5;47.630,-999999,-999999,3.470,-999999,-999999,-999999,-999999,-999999,-999999,-999999,0,13,-999999,-999999,13,-999999,-999999,0.065,-999999,-999999,-999999,-999999,-999999,1.9;47.650,-999999,-999999,3.438,-999999,-999999,-999999,-999999,-999999,-999999,-999999,0,13,-999999,-999999,13,-999999,-999999,0.076,-999999,-999999,-999999,-999999,-999999,2.2;47.670,-999999,-999999,3.483,-999999,-999999,-999999,-999999,-999999,-999999,-999999,0,13,-999999,-999999,13,-999999,-999999,0.091,-999999,-999999,-999999,-999999,-999999,2.6;47.690,-999999,-999999,3.371,-999999,-999999,-999999,-999999,-999999,-999999,-999999,0,13,-999999,-999999,13,-999999,-999999,0.104,-999999,-999999,-999999,-999999,-999999,3.0;47.710,-999999,-999999,3.316,-999999,-999999,-999999,-999999,-999999,-999999,-999999,0,13,-999999,-999999,13,-999999,-999999,0.112,-999999,-999999,-999999,-999999,-999999,3.2;47.730,-999999,-999999,3.390,-999999,-999999,-999999,-999999,-999999,-999999,-999999,0,13,-999999,-999999,13,-999999,-999999,0.114,-999999,-999999,-999999,-999999,-999999,3.3;47.750,-999999,-999999,3.393,-999999,-999999,-999999,-999999,-999999,-999999,-999999,0,13,-999999,-999999,13,-999999,-999999,0.120,-999999,-999999,-999999,-999999,-999999,3.5;47.770,-999999,-999999,3.432,-999999,-999999,-999999,-999999,-999999,-999999,-999999,0,13,-999999,-999999,13,-999999,-999999,0.121,-999999,-999999,-999999,-999999,-999999,3.5;47.790,-999999,-999999,3.483,-999999,-999999,-999999,-999999,-999999,-999999,-999999,0,13,-999999,-999999,13,-999999,-999999,0.116,-999999,-999999,-999999,-999999,-999999,3.3;47.810,-999999,-999999,3.537,-999999,-999999,-999999,-999999,-999999,-999999,-999999,0,13,-999999,-999999,13,-999999,-999999,0.113,-999999,-999999,-999999,-999999,-999999,3.2;47.830,-999999,-999999,3.464,-999999,-999999,-999999,-999999,-999999,-999999,-999999,0,13,-999999,-999999,13,-999999,-999999,0.110,-999999,-999999,-999999,-999999,-999999,3.1;47.850,-999999,-999999,3.457,-999999,-999999,-999999,-999999,-999999,-999999,-999999,0,13,-999999,-999999,13,-999999,-999999,0.107,-999999,-999999,-999999,-999999,-999999,3.1;47.870,-999999,-999999,3.409,-999999,-999999,-999999,-999999,-999999,-999999,-999999,0,13,-999999,-999999,13,-999999,-999999,0.106,-999999,-999999,-999999,-999999,-999999,3.1;47.890,-999999,-999999,3.409,-999999,-999999,-999999,-999999,-999999,-999999,-999999,0,13,-999999,-999999,13,-999999,-999999,0.107,-999999,-999999,-999999,-999999,-999999,3.1;47.910,-999999,-999999,3.419,-999999,-999999,-999999,-999999,-999999,-999999,-999999,0,13,-999999,-999999,13,-999999,-999999,0.102,-999999,-999999,-999999,-999999,-999999,3.0;47.930,-999999,-999999,3.396,-999999,-999999,-999999,-999999,-999999,-999999,-999999,0,13,-999999,-999999,13,-999999,-999999,0.100,-999999,-999999,-999999,-999999,-999999,2.9;47.950,-999999,-999999,3.384,-999999,-999999,-999999,-999999,-999999,-999999,-999999,0,13,-999999,-999999,13,-999999,-999999,0.099,-999999,-999999,-999999,-999999,-999999,2.9;47.970,-999999,-999999,3.351,-999999,-999999,-999999,-999999,-999999,-999999,-999999,0,13,-999999,-999999,13,-999999,-999999,0.099,-999999,-999999,-999999,-999999,-999999,2.9;47.990,-999999,-999999,3.358,-999999,-999999,-999999,-999999,-999999,-999999,-999999,0,13,-999999,-999999,13,-999999,-999999,0.099,-999999,-999999,-999999,-999999,-999999,2.9;48.010,-999999,-999999,3.371,-999999,-999999,-999999,-999999,-999999,-999999,-999999,0,13,-999999,-999999,13,-999999,-999999,0.098,-999999,-999999,-999999,-999999,-999999,2.9;48.030,-999999,-999999,3.367,-999999,-999999,-999999,-999999,-999999,-999999,-999999,0,13,-999999,-999999,13,-999999,-999999,0.100,-999999,-999999,-999999,-999999,-999999,2.9;48.050,-999999,-999999,3.374,-999999,-999999,-999999,-999999,-999999,-999999,-999999,0,13,-999999,-999999,13,-999999,-999999,0.100,-999999,-999999,-999999,-999999,-999999,2.9;48.070,-999999,-999999,3.358,-999999,-999999,-999999,-999999,-999999,-999999,-999999,0,13,-999999,-999999,13,-999999,-999999,0.100,-999999,-999999,-999999,-999999,-999999,2.9;48.090,-999999,-999999,3.361,-999999,-999999,-999999,-999999,-999999,-999999,-999999,0,13,-999999,-999999,13,-999999,-999999,0.097,-999999,-999999,-999999,-999999,-999999,2.9;48.110,-999999,-999999,3.345,-999999,-999999,-999999,-999999,-999999,-999999,-999999,0,13,-999999,-999999,13,-999999,-999999,0.096,-999999,-999999,-999999,-999999,-999999,2.8;48.130,-999999,-999999,3.329,-999999,-999999,-999999,-999999,-999999,-999999,-999999,0,13,-999999,-999999,13,-999999,-999999,0.092,-999999,-999999,-999999,-999999,-999999,2.7;48.150,-999999,-999999,3.326,-999999,-999999,-999999,-999999,-999999,-999999,-999999,0,13,-999999,-999999,13,-999999,-999999,0.094,-999999,-999999,-999999,-999999,-999999,2.7;48.170,-999999,-999999,3.371,-999999,-999999,-999999,-999999,-999999,-999999,-999999,0,13,-999999,-999999,13,-999999,-999999,0.092,-999999,-999999,-999999,-999999,-999999,2.6;48.190,-999999,-999999,3.480,-999999,-999999,-999999,-999999,-999999,-999999,-999999,0,13,-999999,-999999,13,-999999,-999999,0.094,-999999,-999999,-999999,-999999,-999999,2.7;48.210,-999999,-999999,3.614,-999999,-999999,-999999,-999999,-999999,-999999,-999999,0,13,-999999,-999999,13,-999999,-999999,0.100,-999999,-999999,-999999,-999999,-999999,2.8;48.230,-999999,-999999,3.608,-999999,-999999,-999999,-999999,-999999,-999999,-999999,0,13,-999999,-999999,13,-999999,-999999,0.095,-999999,-999999,-999999,-999999,-999999,2.7;48.250,-999999,-999999,3.576,-999999,-999999,-999999,-999999,-999999,-999999,-999999,0,13,-999999,-999999,13,-999999,-999999,0.097,-999999,-999999,-999999,-999999,-999999,2.7;48.270,-999999,-999999,3.541,-999999,-999999,-999999,-999999,-999999,-999999,-999999,0,13,-999999,-999999,13,-999999,-999999,0.099,-999999,-999999,-999999,-999999,-999999,2.8;48.290,-999999,-999999,3.515,-999999,-999999,-999999,-999999,-999999,-999999,-999999,0,13,-999999,-999999,13,-999999,-999999,0.101,-999999,-999999,-999999,-999999,-999999,2.8;48.310,-999999,-999999,3.493,-999999,-999999,-999999,-999999,-999999,-999999,-999999,0,13,-999999,-999999,13,-999999,-999999,0.102,-999999,-999999,-999999,-999999,-999999,2.9;48.330,-999999,-999999,3.467,-999999,-999999,-999999,-999999,-999999,-999999,-999999,0,13,-999999,-999999,13,-999999,-999999,0.105,-999999,-999999,-999999,-999999,-999999,2.9;48.350,-999999,-999999,3.499,-999999,-999999,-999999,-999999,-999999,-999999,-999999,0,13,-999999,-999999,13,-999999,-999999,0.106,-999999,-999999,-999999,-999999,-999999,3.0;48.370,-999999,-999999,3.521,-999999,-999999,-999999,-999999,-999999,-999999,-999999,0,13,-999999,-999999,13,-999999,-999999,0.109,-999999,-999999,-999999,-999999,-999999,3.1;48.390,-999999,-999999,3.505,-999999,-999999,-999999,-999999,-999999,-999999,-999999,0,13,-999999,-999999,13,-999999,-999999,0.103,-999999,-999999,-999999,-999999,-999999,2.9;48.410,-999999,-999999,3.509,-999999,-999999,-999999,-999999,-999999,-999999,-999999,0,13,-999999,-999999,13,-999999,-999999,0.102,-999999,-999999,-999999,-999999,-999999,2.9;48.430,-999999,-999999,3.550,-999999,-999999,-999999,-999999,-999999,-999999,-999999,0,13,-999999,-999999,13,-999999,-999999,0.103,-999999,-999999,-999999,-999999,-999999,2.9;48.450,-999999,-999999,3.515,-999999,-999999,-999999,-999999,-999999,-999999,-999999,0,13,-999999,-999999,13,-999999,-999999,0.104,-999999,-999999,-999999,-999999,-999999,2.9;48.470,-999999,-999999,3.528,-999999,-999999,-999999,-999999,-999999,-999999,-999999,0,13,-999999,-999999,13,-999999,-999999,0.106,-999999,-999999,-999999,-999999,-999999,3.0;48.490,-999999,-999999,3.496,-999999,-999999,-999999,-999999,-999999,-999999,-999999,0,13,-999999,-999999,13,-999999,-999999,0.108,-999999,-999999,-999999,-999999,-999999,3.0;48.510,-999999,-999999,3.541,-999999,-999999,-999999,-999999,-999999,-999999,-999999,0,13,-999999,-999999,13,-999999,-999999,0.102,-999999,-999999,-999999,-999999,-999999,2.9;48.530,-999999,-999999,3.544,-999999,-999999,-999999,-999999,-999999,-999999,-999999,0,13,-999999,-999999,13,-999999,-999999,0.106,-999999,-999999,-999999,-999999,-999999,3.0;48.550,-999999,-999999,3.483,-999999,-999999,-999999,-999999,-999999,-999999,-999999,0,13,-999999,-999999,13,-999999,-999999,0.108,-999999,-999999,-999999,-999999,-999999,3.1;48.570,-999999,-999999,3.477,-999999,-999999,-999999,-999999,-999999,-999999,-999999,0,13,-999999,-999999,13,-999999,-999999,0.105,-999999,-999999,-999999,-999999,-999999,3.0;48.590,-999999,-999999,3.512,-999999,-999999,-999999,-999999,-999999,-999999,-999999,0,13,-999999,-999999,13,-999999,-999999,0.104,-999999,-999999,-999999,-999999,-999999,3.0;48.610,-999999,-999999,3.441,-999999,-999999,-999999,-999999,-999999,-999999,-999999,0,13,-999999,-999999,13,-999999,-999999,0.101,-999999,-999999,-999999,-999999,-999999,2.9;48.630,-999999,-999999,3.412,-999999,-999999,-999999,-999999,-999999,-999999,-999999,0,13,-999999,-999999,13,-999999,-999999,0.099,-999999,-999999,-999999,-999999,-999999,2.8;48.650,-999999,-999999,3.467,-999999,-999999,-999999,-999999,-999999,-999999,-999999,0,13,-999999,-999999,13,-999999,-999999,0.091,-999999,-999999,-999999,-999999,-999999,2.6;48.670,-999999,-999999,3.515,-999999,-999999,-999999,-999999,-999999,-999999,-999999,0,13,-999999,-999999,13,-999999,-999999,0.091,-999999,-999999,-999999,-999999,-999999,2.5;48.690,-999999,-999999,3.579,-999999,-999999,-999999,-999999,-999999,-999999,-999999,0,13,-999999,-999999,13,-999999,-999999,0.092,-999999,-999999,-999999,-999999,-999999,2.6;48.710,-999999,-999999,3.586,-999999,-999999,-999999,-999999,-999999,-999999,-999999,0,13,-999999,-999999,13,-999999,-999999,0.087,-999999,-999999,-999999,-999999,-999999,2.4;48.730,-999999,-999999,3.614,-999999,-999999,-999999,-999999,-999999,-999999,-999999,0,13,-999999,-999999,13,-999999,-999999,0.087,-999999,-999999,-999999,-999999,-999999,2.4;48.750,-999999,-999999,3.541,-999999,-999999,-999999,-999999,-999999,-999999,-999999,0,13,-999999,-999999,13,-999999,-999999,0.086,-999999,-999999,-999999,-999999,-999999,2.4;48.770,-999999,-999999,3.438,-999999,-999999,-999999,-999999,-999999,-999999,-999999,0,13,-999999,-999999,13,-999999,-999999,0.087,-999999,-999999,-999999,-999999,-999999,2.5;48.790,-999999,-999999,3.387,-999999,-999999,-999999,-999999,-999999,-999999,-999999,0,13,-999999,-999999,13,-999999,-999999,0.081,-999999,-999999,-999999,-999999,-999999,2.3;48.810,-999999,-999999,3.390,-999999,-999999,-999999,-999999,-999999,-999999,-999999,0,13,-999999,-999999,13,-999999,-999999,0.080,-999999,-999999,-999999,-999999,-999999,2.3;48.830,-999999,-999999,3.374,-999999,-999999,-999999,-999999,-999999,-999999,-999999,0,13,-999999,-999999,13,-999999,-999999,0.081,-999999,-999999,-999999,-999999,-999999,2.3;48.850,-999999,-999999,3.403,-999999,-999999,-999999,-999999,-999999,-999999,-999999,0,13,-999999,-999999,13,-999999,-999999,0.076,-999999,-999999,-999999,-999999,-999999,2.2;48.870,-999999,-999999,3.432,-999999,-999999,-999999,-999999,-999999,-999999,-999999,0,13,-999999,-999999,13,-999999,-999999,0.074,-999999,-999999,-999999,-999999,-999999,2.1;48.890,-999999,-999999,3.403,-999999,-999999,-999999,-999999,-999999,-999999,-999999,0,13,-999999,-999999,13,-999999,-999999,0.069,-999999,-999999,-999999,-999999,-999999,2.0;48.910,-999999,-999999,3.393,-999999,-999999,-999999,-999999,-999999,-999999,-999999,0,13,-999999,-999999,13,-999999,-999999,0.067,-999999,-999999,-999999,-999999,-999999,1.9;48.930,-999999,-999999,3.384,-999999,-999999,-999999,-999999,-999999,-999999,-999999,0,13,-999999,-999999,13,-999999,-999999,0.063,-999999,-999999,-999999,-999999,-999999,1.8;48.950,-999999,-999999,3.377,-999999,-999999,-999999,-999999,-999999,-999999,-999999,0,13,-999999,-999999,13,-999999,-999999,0.064,-999999,-999999,-999999,-999999,-999999,1.9;48.970,-999999,-999999,3.380,-999999,-999999,-999999,-999999,-999999,-999999,-999999,0,13,-999999,-999999,13,-999999,-999999,0.063,-999999,-999999,-999999,-999999,-999999,1.8;48.990,-999999,-999999,3.371,-999999,-999999,-999999,-999999,-999999,-999999,-999999,0,13,-999999,-999999,13,-999999,-999999,0.060,-999999,-999999,-999999,-999999,-999999,1.7;49.010,-999999,-999999,3.384,-999999,-999999,-999999,-999999,-999999,-999999,-999999,0,13,-999999,-999999,13,-999999,-999999,0.067,-999999,-999999,-999999,-999999,-999999,1.9;49.030,-999999,-999999,3.406,-999999,-999999,-999999,-999999,-999999,-999999,-999999,0,13,-999999,-999999,13,-999999,-999999,0.061,-999999,-999999,-999999,-999999,-999999,1.8;49.050,-999999,-999999,3.489,-999999,-999999,-999999,-999999,-999999,-999999,-999999,0,13,-999999,-999999,13,-999999,-999999,0.061,-999999,-999999,-999999,-999999,-999999,1.8;49.070,-999999,-999999,3.512,-999999,-999999,-999999,-999999,-999999,-999999,-999999,0,13,-999999,-999999,13,-999999,-999999,0.064,-999999,-999999,-999999,-999999,-999999,1.9;49.090,-999999,-999999,3.361,-999999,-999999,-999999,-999999,-999999,-999999,-999999,0,13,-999999,-999999,13,-999999,-999999,0.061,-999999,-999999,-999999,-999999,-999999,1.8;49.110,-999999,-999999,3.335,-999999,-999999,-999999,-999999,-999999,-999999,-999999,0,13,-999999,-999999,13,-999999,-999999,0.058,-999999,-999999,-999999,-999999,-999999,1.8;49.130,-999999,-999999,3.185,-999999,-999999,-999999,-999999,-999999,-999999,-999999,0,13,-999999,-999999,13,-999999,-999999,0.059,-999999,-999999,-999999,-999999,-999999,1.8;49.150,-999999,-999999,3.015,-999999,-999999,-999999,-999999,-999999,-999999,-999999,0,13,-999999,-999999,13,-999999,-999999,0.063,-999999,-999999,-999999,-999999,-999999,2.0;49.170,-999999,-999999,2.934,-999999,-999999,-999999,-999999,-999999,-999999,-999999,0,13,-999999,-999999,13,-999999,-999999,0.060,-999999,-999999,-999999,-999999,-999999,2.0;49.190,-999999,-999999,2.893,-999999,-999999,-999999,-999999,-999999,-999999,-999999,0,13,-999999,-999999,13,-999999,-999999,0.056,-999999,-999999,-999999,-999999,-999999,1.9;49.210,-999999,-999999,2.813,-999999,-999999,-999999,-999999,-999999,-999999,-999999,0,13,-999999,-999999,13,-999999,-999999,0.057,-999999,-999999,-999999,-999999,-999999,2.0;49.230,-999999,-999999,2.697,-999999,-999999,-999999,-999999,-999999,-999999,-999999,0,13,-999999,-999999,13,-999999,-999999,0.052,-999999,-999999,-999999,-999999,-999999,1.9;49.250,-999999,-999999,2.617,-999999,-999999,-999999,-999999,-999999,-999999,-999999,0,13,-999999,-999999,13,-999999,-999999,0.047,-999999,-999999,-999999,-999999,-999999,1.8;49.270,-999999,-999999,2.543,-999999,-999999,-999999,-999999,-999999,-999999,-999999,0,13,-999999,-999999,13,-999999,-999999,0.046,-999999,-999999,-999999,-999999,-999999,1.8;49.290,-999999,-999999,2.453,-999999,-999999,-999999,-999999,-999999,-999999,-999999,0,13,-999999,-999999,13,-999999,-999999,0.045,-999999,-999999,-999999,-999999,-999999,1.8;49.310,-999999,-999999,2.418,-999999,-999999,-999999,-999999,-999999,-999999,-999999,0,13,-999999,-999999,13,-999999,-999999,0.041,-999999,-999999,-999999,-999999,-999999,1.7;49.330,-999999,-999999,2.408,-999999,-999999,-999999,-999999,-999999,-999999,-999999,0,13,-999999,-999999,13,-999999,-999999,0.039,-999999,-999999,-999999,-999999,-999999,1.6;49.350,-999999,-999999,2.386,-999999,-999999,-999999,-999999,-999999,-999999,-999999,0,13,-999999,-999999,13,-999999,-999999,0.037,-999999,-999999,-999999,-999999,-999999,1.5;49.370,-999999,-999999,2.351,-999999,-999999,-999999,-999999,-999999,-999999,-999999,0,14,-999999,-999999,14,-999999,-999999,0.036,-999999,-999999,-999999,-999999,-999999,1.5;49.390,-999999,-999999,2.351,-999999,-999999,-999999,-999999,-999999,-999999,-999999,0,13,-999999,-999999,13,-999999,-999999,0.034,-999999,-999999,-999999,-999999,-999999,1.4;49.410,-999999,-999999,2.367,-999999,-999999,-999999,-999999,-999999,-999999,-999999,0,13,-999999,-999999,13,-999999,-999999,0.034,-999999,-999999,-999999,-999999,-999999,1.4;49.430,-999999,-999999,2.376,-999999,-999999,-999999,-999999,-999999,-999999,-999999,0,13,-999999,-999999,13,-999999,-999999,0.034,-999999,-999999,-999999,-999999,-999999,1.4;49.450,-999999,-999999,2.351,-999999,-999999,-999999,-999999,-999999,-999999,-999999,0,13,-999999,-999999,13,-999999,-999999,0.034,-999999,-999999,-999999,-999999,-999999,1.4;49.470,-999999,-999999,2.341,-999999,-999999,-999999,-999999,-999999,-999999,-999999,0,13,-999999,-999999,13,-999999,-999999,0.034,-999999,-999999,-999999,-999999,-999999,1.4;49.490,-999999,-999999,2.287,-999999,-999999,-999999,-999999,-999999,-999999,-999999,0,13,-999999,-999999,13,-999999,-999999,0.035,-999999,-999999,-999999,-999999,-999999,1.5;49.510,-999999,-999999,2.251,-999999,-999999,-999999,-999999,-999999,-999999,-999999,0,14,-999999,-999999,14,-999999,-999999,0.032,-999999,-999999,-999999,-999999,-999999,1.4;49.530,-999999,-999999,2.203,-999999,-999999,-999999,-999999,-999999,-999999,-999999,0,13,-999999,-999999,13,-999999,-999999,0.032,-999999,-999999,-999999,-999999,-999999,1.4;49.550,-999999,-999999,2.171,-999999,-999999,-999999,-999999,-999999,-999999,-999999,0,13,-999999,-999999,13,-999999,-999999,0.033,-999999,-999999,-999999,-999999,-999999,1.5;49.570,-999999,-999999,2.181,-999999,-999999,-999999,-999999,-999999,-999999,-999999,0,14,-999999,-999999,14,-999999,-999999,0.033,-999999,-999999,-999999,-999999,-999999,1.5;49.590,-999999,-999999,2.165,-999999,-999999,-999999,-999999,-999999,-999999,-999999,0,13,-999999,-999999,13,-999999,-999999,0.033,-999999,-999999,-999999,-999999,-999999,1.5;49.610,-999999,-999999,2.177,-999999,-999999,-999999,-999999,-999999,-999999,-999999,0,14,-999999,-999999,14,-999999,-999999,0.031,-999999,-999999,-999999,-999999,-999999,1.4;49.630,-999999,-999999,2.184,-999999,-999999,-999999,-999999,-999999,-999999,-999999,0,14,-999999,-999999,14,-999999,-999999,0.030,-999999,-999999,-999999,-999999,-999999,1.3;49.650,-999999,-999999,2.203,-999999,-999999,-999999,-999999,-999999,-999999,-999999,0,14,-999999,-999999,14,-999999,-999999,0.032,-999999,-999999,-999999,-999999,-999999,1.4;49.670,-999999,-999999,2.242,-999999,-999999,-999999,-999999,-999999,-999999,-999999,0,13,-999999,-999999,14,-999999,-999999,0.032,-999999,-999999,-999999,-999999,-999999,1.3;49.690,-999999,-999999,2.364,-999999,-999999,-999999,-999999,-999999,-999999,-999999,0,14,-999999,-999999,14,-999999,-999999,0.031,-999999,-999999,-999999,-999999,-999999,1.2;49.710,-999999,-999999,2.469,-999999,-999999,-999999,-999999,-999999,-999999,-999999,0,14,-999999,-999999,14,-999999,-999999,0.033,-999999,-999999,-999999,-999999,-999999,1.2;49.730,-999999,-999999,2.652,-999999,-999999,-999999,-999999,-999999,-999999,-999999,0,14,-999999,-999999,14,-999999,-999999,0.036,-999999,-999999,-999999,-999999,-999999,1.2;49.750,-999999,-999999,3.153,-999999,-999999,-999999,-999999,-999999,-999999,-999999,0,14,-999999,-999999,14,-999999,-999999,0.041,-999999,-999999,-999999,-999999,-999999,1.2;49.770,-999999,-999999,3.695,-999999,-999999,-999999,-999999,-999999,-999999,-999999,0,14,-999999,-999999,14,-999999,-999999,0.053,-999999,-999999,-999999,-999999,-999999,1.2;49.790,-999999,-999999,4.436,-999999,-999999,-999999,-999999,-999999,-999999,-999999,0,14,-999999,-999999,14,-999999,-999999,0.076,-999999,-999999,-999999,-999999,-999999,1.4;49.810,-999999,-999999,5.523,-999999,-999999,-999999,-999999,-999999,-999999,-999999,0,14,-999999,-999999,14,-999999,-999999,0.104,-999999,-999999,-999999,-999999,-999999,1.5;49.830,-999999,-999999,7.406,-999999,-999999,-999999,-999999,-999999,-999999,-999999,0,14,-999999,-999999,14,-999999,-999999,0.147,-999999,-999999,-999999,-999999,-999999,1.8;49.850,-999999,-999999,9.661,-999999,-999999,-999999,-999999,-999999,-999999,-999999,0,14,-999999,-999999,14,-999999,-999999,0.188,-999999,-999999,-999999,-999999,-999999,1.8;49.870,-999999,-999999,12.147,-999999,-999999,-999999,-999999,-999999,-999999,-999999,0,14,-999999,-999999,14,-999999,-999999,0.212,-999999,-999999,-999999,-999999,-999999,1.7;49.890,-999999,-999999,14.514,-999999,-999999,-999999,-999999,-999999,-999999,-999999,0,14,-999999,-999999,14,-999999,-999999,0.236,-999999,-999999,-999999,-999999,-999999,1.6;49.910,-999999,-999999,16.839,-999999,-999999,-999999,-999999,-999999,-999999,-999999,0,14,-999999,-999999,14,-999999,-999999,0.248,-999999,-999999,-999999,-999999,-999999,1.5;49.930,-999999,-999999,18.985,-999999,-999999,-999999,-999999,-999999,-999999,-999999,0,14,-999999,-999999,14,-999999,-999999,0.251,-999999,-999999,-999999,-999999,-999999,1.3;49.950,-999999,-999999,20.923,-999999,-999999,-999999,-999999,-999999,-999999,-999999,0,14,-999999,-999999,14,-999999,-999999,0.214,-999999,-999999,-999999,-999999,-999999,1.0;49.970,-999999,-999999,22.222,-999999,-999999,-999999,-999999,-999999,-999999,-999999,0,14,-999999,-999999,14,-999999,-999999,0.219,-999999,-999999,-999999,-999999,-999999,1.0;49.990,-999999,-999999,22.809,-999999,-999999,-999999,-999999,-999999,-999999,-999999,0,14,-999999,-999999,14,-999999,-999999,0.224,-999999,-999999,-999999,-999999,-999999,1.0;50.010,-999999,-999999,22.931,-999999,-999999,-999999,-999999,-999999,-999999,-999999,0,14,-999999,-999999,14,-999999,-999999,0.249,-999999,-999999,-999999,-999999,-999999,1.1;50.030,-999999,-999999,22.796,-999999,-999999,-999999,-999999,-999999,-999999,-999999,0,14,-999999,-999999,14,-999999,-999999,0.254,-999999,-999999,-999999,-999999,-999999,1.1;50.050,-999999,-999999,22.886,-999999,-999999,-999999,-999999,-999999,-999999,-999999,0,14,-999999,-999999,14,-999999,-999999,0.258,-999999,-999999,-999999,-999999,-999999,1.1;50.070,-999999,-999999,23.072,-999999,-999999,-999999,-999999,-999999,-999999,-999999,0,14,-999999,-999999,14,-999999,-999999,0.266,-999999,-999999,-999999,-999999,-999999,1.1;50.090,-999999,-999999,23.489,-999999,-999999,-999999,-999999,-999999,-999999,-999999,0,14,-999999,-999999,14,-999999,-999999,0.275,-999999,-999999,-999999,-999999,-999999,1.1;50.110,-999999,-999999,24.024,-999999,-999999,-999999,-999999,-999999,-999999,-999999,0,14,-999999,-999999,14,-999999,-999999,0.284,-999999,-999999,-999999,-999999,-999999,1.1;50.130,-999999,-999999,24.262,-999999,-999999,-999999,-999999,-999999,-999999,-999999,0,14,-999999,-999999,14,-999999,-999999,0.297,-999999,-999999,-999999,-999999,-999999,1.2;50.150,-999999,-999999,25.076,-999999,-999999,-999999,-999999,-999999,-999999,-999999,0,14,-999999,-999999,14,-999999,-999999,0.315,-999999,-999999,-999999,-999999,-999999,1.2;50.170,-999999,-999999,25.307,-999999,-999999,-999999,-999999,-999999,-999999,-999999,0,14,-999999,-999999,14,-999999,-999999,0.330,-999999,-999999,-999999,-999999,-999999,1.3;50.190,-999999,-999999,25.657,-999999,-999999,-999999,-999999,-999999,-999999,-999999,0,14,-999999,-999999,14,-999999,-999999,0.335,-999999,-999999,-999999,-999999,-999999,1.3;50.210,-999999,-999999,25.680,-999999,-999999,-999999,-999999,-999999,-999999,-999999,0,14,-999999,-999999,14,-999999,-999999,0.330,-999999,-999999,-999999,-999999,-999999,1.3;50.230,-999999,-999999,25.423,-999999,-999999,-999999,-999999,-999999,-999999,-999999,0,14,-999999,-999999,14,-999999,-999999,0.340,-999999,-999999,-999999,-999999,-999999,1.3;50.250,-999999,-999999,25.214,-999999,-999999,-999999,-999999,-999999,-999999,-999999,0,14,-999999,-999999,14,-999999,-999999,0.331,-999999,-999999,-999999,-999999,-999999,1.3;50.270,-999999,-999999,25.128,-999999,-999999,-999999,-999999,-999999,-999999,-999999,0,14,-999999,-999999,14,-999999,-999999,0.328,-999999,-999999,-999999,-999999,-999999,1.3;50.290,-999999,-999999,24.932,-999999,-999999,-999999,-999999,-999999,-999999,-999999,0,14,-999999,-999999,14,-999999,-999999,0.325,-999999,-999999,-999999,-999999,-999999,1.3;50.310,-999999,-999999,24.300,-999999,-999999,-999999,-999999,-999999,-999999,-999999,0,14,-999999,-999999,14,-999999,-999999,0.316,-999999,-999999,-999999,-999999,-999999,1.3;50.330,-999999,-999999,23.986,-999999,-999999,-999999,-999999,-999999,-999999,-999999,0,14,-999999,-999999,14,-999999,-999999,0.331,-999999,-999999,-999999,-999999,-999999,1.4;50.350,-999999,-999999,23.607,-999999,-999999,-999999,-999999,-999999,-999999,-999999,0,14,-999999,-999999,14,-999999,-999999,0.358,-999999,-999999,-999999,-999999,-999999,1.5;50.370,-999999,-999999,22.626,-999999,-999999,-999999,-999999,-999999,-999999,-999999,0,14,-999999,-999999,14,-999999,-999999,0.356,-999999,-999999,-999999,-999999,-999999,1.6;50.390,-999999,-999999,20.474,-999999,-999999,-999999,-999999,-999999,-999999,-999999,0,14,-999999,-999999,14,-999999,-999999,0.315,-999999,-999999,-999999,-999999,-999999,1.6;50.410,-999999,-999999,17.757,-999999,-999999,-999999,-999999,-999999,-999999,-999999,0,14,-999999,-999999,14,-999999,-999999,0.301,-999999,-999999,-999999,-999999,-999999,1.6;50.430,-999999,-999999,15.460,-999999,-999999,-999999,-999999,-999999,-999999,-999999,0,14,-999999,-999999,14,-999999,-999999,0.302,-999999,-999999,-999999,-999999,-999999,1.8;50.450,-999999,-999999,13.805,-999999,-999999,-999999,-999999,-999999,-999999,-999999,0,14,-999999,-999999,14,-999999,-999999,0.259,-999999,-999999,-999999,-999999,-999999,1.8;50.470,-999999,-999999,12.660,-999999,-999999,-999999,-999999,-999999,-999999,-999999,0,14,-999999,-999999,14,-999999,-999999,0.232,-999999,-999999,-999999,-999999,-999999,1.9;50.490,-999999,-999999,10.918,-999999,-999999,-999999,-999999,-999999,-999999,-999999,0,14,-999999,-999999,14,-999999,-999999,0.217,-999999,-999999,-999999,-999999,-999999,2.1;50.510,-999999,-999999,8.012,-999999,-999999,-999999,-999999,-999999,-999999,-999999,0,14,-999999,-999999,14,-999999,-999999,0.213,-999999,-999999,-999999,-999999,-999999,2.4;50.530,-999999,-999999,5.837,-999999,-999999,-999999,-999999,-999999,-999999,-999999,0,14,-999999,-999999,14,-999999,-999999,0.193,-999999,-999999,-999999,-999999,-999999,2.6;50.550,-999999,-999999,4.686,-999999,-999999,-999999,-999999,-999999,-999999,-999999,0,14,-999999,-999999,14,-999999,-999999,0.168,-999999,-999999,-999999,-999999,-999999,2.6;50.570,-999999,-999999,4.615,-999999,-999999,-999999,-999999,-999999,-999999,-999999,0,14,-999999,-999999,14,-999999,-999999,0.168,-999999,-999999,-999999,-999999,-999999,3.1;50.590,-999999,-999999,4.699,-999999,-999999,-999999,-999999,-999999,-999999,-999999,0,14,-999999,-999999,14,-999999,-999999,0.150,-999999,-999999,-999999,-999999,-999999,3.0;50.610,-999999,-999999,4.910,-999999,-999999,-999999,-999999,-999999,-999999,-999999,0,14,-999999,-999999,14,-999999,-999999,0.121,-999999,-999999,-999999,-999999,-999999,2.5;50.630,-999999,-999999,5.064,-999999,-999999,-999999,-999999,-999999,-999999,-999999,0,14,-999999,-999999,14,-999999,-999999,0.102,-999999,-999999,-999999,-999999,-999999,2.2;50.650,-999999,-999999,4.942,-999999,-999999,-999999,-999999,-999999,-999999,-999999,0,14,-999999,-999999,14,-999999,-999999,0.074,-999999,-999999,-999999,-999999,-999999,1.6;50.670,-999999,-999999,4.541,-999999,-999999,-999999,-999999,-999999,-999999,-999999,0,14,-999999,-999999,14,-999999,-999999,0.062,-999999,-999999,-999999,-999999,-999999,1.4;50.690,-999999,-999999,3.672,-999999,-999999,-999999,-999999,-999999,-999999,-999999,0,14,-999999,-999999,14,-999999,-999999,0.067,-999999,-999999,-999999,-999999,-999999,1.6;50.710,-999999,-999999,3.412,-999999,-999999,-999999,-999999,-999999,-999999,-999999,0,14,-999999,-999999,14,-999999,-999999,0.068,-999999,-999999,-999999,-999999,-999999,1.8;50.730,-999999,-999999,3.262,-999999,-999999,-999999,-999999,-999999,-999999,-999999,0,14,-999999,-999999,14,-999999,-999999,0.073,-999999,-999999,-999999,-999999,-999999,2.1;50.750,-999999,-999999,3.197,-999999,-999999,-999999,-999999,-999999,-999999,-999999,0,14,-999999,-999999,14,-999999,-999999,0.072,-999999,-999999,-999999,-999999,-999999,2.1;50.770,-999999,-999999,3.172,-999999,-999999,-999999,-999999,-999999,-999999,-999999,0,14,-999999,-999999,14,-999999,-999999,0.062,-999999,-999999,-999999,-999999,-999999,1.9;50.790,-999999,-999999,3.185,-999999,-999999,-999999,-999999,-999999,-999999,-999999,0,14,-999999,-999999,14,-999999,-999999,0.054,-999999,-999999,-999999,-999999,-999999,1.6;50.810,-999999,-999999,3.185,-999999,-999999,-999999,-999999,-999999,-999999,-999999,0,14,-999999,-999999,14,-999999,-999999,0.048,-999999,-999999,-999999,-999999,-999999,1.4;50.830,-999999,-999999,3.262,-999999,-999999,-999999,-999999,-999999,-999999,-999999,0,14,-999999,-999999,14,-999999,-999999,0.047,-999999,-999999,-999999,-999999,-999999,1.4;50.850,-999999,-999999,3.313,-999999,-999999,-999999,-999999,-999999,-999999,-999999,0,14,-999999,-999999,14,-999999,-999999,0.052,-999999,-999999,-999999,-999999,-999999,1.5;50.870,-999999,-999999,3.319,-999999,-999999,-999999,-999999,-999999,-999999,-999999,0,14,-999999,-999999,14,-999999,-999999,0.054,-999999,-999999,-999999,-999999,-999999,1.6;50.890,-999999,-999999,3.342,-999999,-999999,-999999,-999999,-999999,-999999,-999999,0,14,-999999,-999999,14,-999999,-999999,0.058,-999999,-999999,-999999,-999999,-999999,1.7;50.910,-999999,-999999,3.367,-999999,-999999,-999999,-999999,-999999,-999999,-999999,0,14,-999999,-999999,14,-999999,-999999,0.064,-999999,-999999,-999999,-999999,-999999,1.8;50.930,-999999,-999999,3.409,-999999,-999999,-999999,-999999,-999999,-999999,-999999,0,14,-999999,-999999,14,-999999,-999999,0.074,-999999,-999999,-999999,-999999,-999999,2.0;50.950,-999999,-999999,3.537,-999999,-999999,-999999,-999999,-999999,-999999,-999999,0,14,-999999,-999999,14,-999999,-999999,0.064,-999999,-999999,-999999,-999999,-999999,1.5;50.970,-999999,-999999,3.823,-999999,-999999,-999999,-999999,-999999,-999999,-999999,0,14,-999999,-999999,14,-999999,-999999,0.070,-999999,-999999,-999999,-999999,-999999,1.3;50.990,-999999,-999999,4.843,-999999,-999999,-999999,-999999,-999999,-999999,-999999,0,14,-999999,-999999,14,-999999,-999999,0.072,-999999,-999999,-999999,-999999,-999999,1.0;51.010,-999999,-999999,7.355,-999999,-999999,-999999,-999999,-999999,-999999,-999999,0,14,-999999,-999999,14,-999999,-999999,0.070,-999999,-999999,-999999,-999999,-999999,0.8;51.030,-999999,-999999,10.915,-999999,-999999,-999999,-999999,-999999,-999999,-999999,0,14,-999999,-999999,14,-999999,-999999,0.104,-999999,-999999,-999999,-999999,-999999,1.1;51.050,-999999,-999999,12.525,-999999,-999999,-999999,-999999,-999999,-999999,-999999,0,14,-999999,-999999,14,-999999,-999999,0.129,-999999,-999999,-999999,-999999,-999999,1.2;51.070,-999999,-999999,12.702,-999999,-999999,-999999,-999999,-999999,-999999,-999999,0,14,-999999,-999999,14,-999999,-999999,0.207,-999999,-999999,-999999,-999999,-999999,1.8;51.090,-999999,-999999,12.362,-999999,-999999,-999999,-999999,-999999,-999999,-999999,0,14,-999999,-999999,14,-999999,-999999,0.234,-999999,-999999,-999999,-999999,-999999,1.9;51.110,-999999,-999999,12.217,-999999,-999999,-999999,-999999,-999999,-999999,-999999,0,14,-999999,-999999,14,-999999,-999999,0.261,-999999,-999999,-999999,-999999,-999999,2.0;51.130,-999999,-999999,12.265,-999999,-999999,-999999,-999999,-999999,-999999,-999999,0,14,-999999,-999999,14,-999999,-999999,0.307,-999999,-999999,-999999,-999999,-999999,2.3;51.150,-999999,-999999,12.836,-999999,-999999,-999999,-999999,-999999,-999999,-999999,0,14,-999999,-999999,14,-999999,-999999,0.314,-999999,-999999,-999999,-999999,-999999,2.3;51.170,-999999,-999999,14.103,-999999,-999999,-999999,-999999,-999999,-999999,-999999,0,14,-999999,-999999,14,-999999,-999999,0.330,-999999,-999999,-999999,-999999,-999999,2.3;51.190,-999999,-999999,14.671,-999999,-999999,-999999,-999999,-999999,-999999,-999999,0,14,-999999,-999999,14,-999999,-999999,0.331,-999999,-999999,-999999,-999999,-999999,2.3;51.210,-999999,-999999,15.303,-999999,-999999,-999999,-999999,-999999,-999999,-999999,0,14,-999999,-999999,14,-999999,-999999,0.312,-999999,-999999,-999999,-999999,-999999,2.1;51.230,-999999,-999999,15.527,-999999,-999999,-999999,-999999,-999999,-999999,-999999,0,14,-999999,-999999,14,-999999,-999999,0.295,-999999,-999999,-999999,-999999,-999999,1.9;51.250,-999999,-999999,15.646,-999999,-999999,-999999,-999999,-999999,-999999,-999999,0,14,-999999,-999999,14,-999999,-999999,0.271,-999999,-999999,-999999,-999999,-999999,1.7;51.270,-999999,-999999,15.681,-999999,-999999,-999999,-999999,-999999,-999999,-999999,0,14,-999999,-999999,14,-999999,-999999,0.267,-999999,-999999,-999999,-999999,-999999,1.7;51.290,-999999,-999999,15.643,-999999,-999999,-999999,-999999,-999999,-999999,-999999,0,14,-999999,-999999,14,-999999,-999999,0.259,-999999,-999999,-999999,-999999,-999999,1.6;51.310,-999999,-999999,15.226,-999999,-999999,-999999,-999999,-999999,-999999,-999999,0,14,-999999,-999999,14,-999999,-999999,0.255,-999999,-999999,-999999,-999999,-999999,1.6;51.330,-999999,-999999,15.094,-999999,-999999,-999999,-999999,-999999,-999999,-999999,0,14,-999999,-999999,14,-999999,-999999,0.286,-999999,-999999,-999999,-999999,-999999,1.8;51.350,-999999,-999999,15.290,-999999,-999999,-999999,-999999,-999999,-999999,-999999,0,15,-999999,-999999,15,-999999,-999999,0.305,-999999,-999999,-999999,-999999,-999999,1.9;51.370,-999999,-999999,15.630,-999999,-999999,-999999,-999999,-999999,-999999,-999999,0,15,-999999,-999999,15,-999999,-999999,0.319,-999999,-999999,-999999,-999999,-999999,2.0;51.390,-999999,-999999,15.993,-999999,-999999,-999999,-999999,-999999,-999999,-999999,0,15,-999999,-999999,15,-999999,-999999,0.318,-999999,-999999,-999999,-999999,-999999,1.9;51.410,-999999,-999999,16.785,-999999,-999999,-999999,-999999,-999999,-999999,-999999,0,15,-999999,-999999,15,-999999,-999999,0.314,-999999,-999999,-999999,-999999,-999999,1.9;51.430,-999999,-999999,17.388,-999999,-999999,-999999,-999999,-999999,-999999,-999999,0,15,-999999,-999999,15,-999999,-999999,0.274,-999999,-999999,-999999,-999999,-999999,1.6;51.450,-999999,-999999,17.208,-999999,-999999,-999999,-999999,-999999,-999999,-999999,0,15,-999999,-999999,15,-999999,-999999,0.241,-999999,-999999,-999999,-999999,-999999,1.4;51.470,-999999,-999999,17.096,-999999,-999999,-999999,-999999,-999999,-999999,-999999,0,15,-999999,-999999,15,-999999,-999999,0.225,-999999,-999999,-999999,-999999,-999999,1.3;51.490,-999999,-999999,17.003,-999999,-999999,-999999,-999999,-999999,-999999,-999999,0,15,-999999,-999999,15,-999999,-999999,0.187,-999999,-999999,-999999,-999999,-999999,1.1;51.510,-999999,-999999,16.685,-999999,-999999,-999999,-999999,-999999,-999999,-999999,0,15,-999999,-999999,15,-999999,-999999,0.177,-999999,-999999,-999999,-999999,-999999,1.0;51.530,-999999,-999999,16.464,-999999,-999999,-999999,-999999,-999999,-999999,-999999,0,15,-999999,-999999,15,-999999,-999999,0.176,-999999,-999999,-999999,-999999,-999999,1.0;51.550,-999999,-999999,16.275,-999999,-999999,-999999,-999999,-999999,-999999,-999999,0,15,-999999,-999999,15,-999999,-999999,0.180,-999999,-999999,-999999,-999999,-999999,1.1;51.570,-999999,-999999,16.044,-999999,-999999,-999999,-999999,-999999,-999999,-999999,0,15,-999999,-999999,15,-999999,-999999,0.186,-999999,-999999,-999999,-999999,-999999,1.1;51.590,-999999,-999999,15.694,-999999,-999999,-999999,-999999,-999999,-999999,-999999,0,15,-999999,-999999,15,-999999,-999999,0.178,-999999,-999999,-999999,-999999,-999999,1.1;51.610,-999999,-999999,15.441,-999999,-999999,-999999,-999999,-999999,-999999,-999999,0,15,-999999,-999999,15,-999999,-999999,0.181,-999999,-999999,-999999,-999999,-999999,1.1;51.630,-999999,-999999,15.479,-999999,-999999,-999999,-999999,-999999,-999999,-999999,0,15,-999999,-999999,15,-999999,-999999,0.186,-999999,-999999,-999999,-999999,-999999,1.1;51.650,-999999,-999999,15.993,-999999,-999999,-999999,-999999,-999999,-999999,-999999,0,15,-999999,-999999,15,-999999,-999999,0.192,-999999,-999999,-999999,-999999,-999999,1.1;51.670,-999999,-999999,17.074,-999999,-999999,-999999,-999999,-999999,-999999,-999999,0,15,-999999,-999999,15,-999999,-999999,0.198,-999999,-999999,-999999,-999999,-999999,1.1;51.690,-999999,-999999,18.360,-999999,-999999,-999999,-999999,-999999,-999999,-999999,0,15,-999999,-999999,15,-999999,-999999,0.201,-999999,-999999,-999999,-999999,-999999,1.1;51.710,-999999,-999999,19.319,-999999,-999999,-999999,-999999,-999999,-999999,-999999,0,15,-999999,-999999,15,-999999,-999999,0.193,-999999,-999999,-999999,-999999,-999999,1.0;51.730,-999999,-999999,19.694,-999999,-999999,-999999,-999999,-999999,-999999,-999999,0,15,-999999,-999999,15,-999999,-999999,0.220,-999999,-999999,-999999,-999999,-999999,1.1;51.750,-999999,-999999,19.357,-999999,-999999,-999999,-999999,-999999,-999999,-999999,0,15,-999999,-999999,15,-999999,-999999,0.222,-999999,-999999,-999999,-999999,-999999,1.1;51.770,-999999,-999999,18.527,-999999,-999999,-999999,-999999,-999999,-999999,-999999,0,15,-999999,-999999,15,-999999,-999999,0.228,-999999,-999999,-999999,-999999,-999999,1.2;51.790,-999999,-999999,17.956,-999999,-999999,-999999,-999999,-999999,-999999,-999999,0,15,-999999,-999999,15,-999999,-999999,0.225,-999999,-999999,-999999,-999999,-999999,1.2;51.810,-999999,-999999,17.346,-999999,-999999,-999999,-999999,-999999,-999999,-999999,0,15,-999999,-999999,15,-999999,-999999,0.230,-999999,-999999,-999999,-999999,-999999,1.3;51.830,-999999,-999999,16.791,-999999,-999999,-999999,-999999,-999999,-999999,-999999,0,15,-999999,-999999,15,-999999,-999999,0.244,-999999,-999999,-999999,-999999,-999999,1.4;51.850,-999999,-999999,16.692,-999999,-999999,-999999,-999999,-999999,-999999,-999999,0,15,-999999,-999999,15,-999999,-999999,0.232,-999999,-999999,-999999,-999999,-999999,1.3;51.870,-999999,-999999,16.669,-999999,-999999,-999999,-999999,-999999,-999999,-999999,0,15,-999999,-999999,15,-999999,-999999,0.237,-999999,-999999,-999999,-999999,-999999,1.4;51.890,-999999,-999999,16.506,-999999,-999999,-999999,-999999,-999999,-999999,-999999,0,15,-999999,-999999,15,-999999,-999999,0.247,-999999,-999999,-999999,-999999,-999999,1.5;51.910,-999999,-999999,16.159,-999999,-999999,-999999,-999999,-999999,-999999,-999999,0,15,-999999,-999999,15,-999999,-999999,0.256,-999999,-999999,-999999,-999999,-999999,1.5;51.930,-999999,-999999,16.025,-999999,-999999,-999999,-999999,-999999,-999999,-999999,0,15,-999999,-999999,15,-999999,-999999,0.222,-999999,-999999,-999999,-999999,-999999,1.3;51.950,-999999,-999999,15.672,-999999,-999999,-999999,-999999,-999999,-999999,-999999,0,15,-999999,-999999,15,-999999,-999999,0.231,-999999,-999999,-999999,-999999,-999999,1.4;51.970,-999999,-999999,15.627,-999999,-999999,-999999,-999999,-999999,-999999,-999999,0,15,-999999,-999999,15,-999999,-999999,0.229,-999999,-999999,-999999,-999999,-999999,1.4;51.990,-999999,-999999,15.845,-999999,-999999,-999999,-999999,-999999,-999999,-999999,0,15,-999999,-999999,15,-999999,-999999,0.226,-999999,-999999,-999999,-999999,-999999,1.3;52.010,-999999,-999999,16.435,-999999,-999999,-999999,-999999,-999999,-999999,-999999,0,15,-999999,-999999,15,-999999,-999999,0.238,-999999,-999999,-999999,-999999,-999999,1.4;52.030,-999999,-999999,17.616,-999999,-999999,-999999,-999999,-999999,-999999,-999999,0,15,-999999,-999999,15,-999999,-999999,0.238,-999999,-999999,-999999,-999999,-999999,1.3;52.050,-999999,-999999,18.395,-999999,-999999,-999999,-999999,-999999,-999999,-999999,0,15,-999999,-999999,15,-999999,-999999,0.197,-999999,-999999,-999999,-999999,-999999,1.1;52.070,-999999,-999999,18.267,-999999,-999999,-999999,-999999,-999999,-999999,-999999,0,15,-999999,-999999,15,-999999,-999999,0.184,-999999,-999999,-999999,-999999,-999999,1.0;52.090,-999999,-999999,18.289,-999999,-999999,-999999,-999999,-999999,-999999,-999999,0,15,-999999,-999999,15,-999999,-999999,0.194,-999999,-999999,-999999,-999999,-999999,1.0;52.110,-999999,-999999,18.260,-999999,-999999,-999999,-999999,-999999,-999999,-999999,0,15,-999999,-999999,15,-999999,-999999,0.214,-999999,-999999,-999999,-999999,-999999,1.1;52.130,-999999,-999999,18.328,-999999,-999999,-999999,-999999,-999999,-999999,-999999,0,15,-999999,-999999,15,-999999,-999999,0.219,-999999,-999999,-999999,-999999,-999999,1.1;52.150,-999999,-999999,18.584,-999999,-999999,-999999,-999999,-999999,-999999,-999999,0,15,-999999,-999999,15,-999999,-999999,0.223,-999999,-999999,-999999,-999999,-999999,1.1;52.170,-999999,-999999,18.873,-999999,-999999,-999999,-999999,-999999,-999999,-999999,0,15,-999999,-999999,15,-999999,-999999,0.222,-999999,-999999,-999999,-999999,-999999,1.1;52.190,-999999,-999999,19.460,-999999,-999999,-999999,-999999,-999999,-999999,-999999,0,15,-999999,-999999,15,-999999,-999999,0.220,-999999,-999999,-999999,-999999,-999999,1.1;52.210,-999999,-999999,20.034,-999999,-999999,-999999,-999999,-999999,-999999,-999999,0,15,-999999,-999999,15,-999999,-999999,0.217,-999999,-999999,-999999,-999999,-999999,1.1;52.230,-999999,-999999,20.018,-999999,-999999,-999999,-999999,-999999,-999999,-999999,0,15,-999999,-999999,15,-999999,-999999,0.222,-999999,-999999,-999999,-999999,-999999,1.1;52.250,-999999,-999999,19.726,-999999,-999999,-999999,-999999,-999999,-999999,-999999,0,15,-999999,-999999,15,-999999,-999999,0.233,-999999,-999999,-999999,-999999,-999999,1.2;52.270,-999999,-999999,19.351,-999999,-999999,-999999,-999999,-999999,-999999,-999999,0,15,-999999,-999999,15,-999999,-999999,0.225,-999999,-999999,-999999,-999999,-999999,1.1;52.290,-999999,-999999,18.812,-999999,-999999,-999999,-999999,-999999,-999999,-999999,0,15,-999999,-999999,15,-999999,-999999,0.216,-999999,-999999,-999999,-999999,-999999,1.1;52.310,-999999,-999999,18.398,-999999,-999999,-999999,-999999,-999999,-999999,-999999,0,15,-999999,-999999,15,-999999,-999999,0.211,-999999,-999999,-999999,-999999,-999999,1.1;52.330,-999999,-999999,18.315,-999999,-999999,-999999,-999999,-999999,-999999,-999999,0,15,-999999,-999999,15,-999999,-999999,0.216,-999999,-999999,-999999,-999999,-999999,1.1;52.350,-999999,-999999,18.536,-999999,-999999,-999999,-999999,-999999,-999999,-999999,0,15,-999999,-999999,15,-999999,-999999,0.223,-999999,-999999,-999999,-999999,-999999,1.2;52.370,-999999,-999999,18.446,-999999,-999999,-999999,-999999,-999999,-999999,-999999,0,15,-999999,-999999,15,-999999,-999999,0.236,-999999,-999999,-999999,-999999,-999999,1.2;52.390,-999999,-999999,18.376,-999999,-999999,-999999,-999999,-999999,-999999,-999999,0,15,-999999,-999999,15,-999999,-999999,0.257,-999999,-999999,-999999,-999999,-999999,1.3;52.410,-999999,-999999,18.530,-999999,-999999,-999999,-999999,-999999,-999999,-999999,0,15,-999999,-999999,15,-999999,-999999,0.266,-999999,-999999,-999999,-999999,-999999,1.4;52.430,-999999,-999999,19.062,-999999,-999999,-999999,-999999,-999999,-999999,-999999,0,15,-999999,-999999,15,-999999,-999999,0.268,-999999,-999999,-999999,-999999,-999999,1.4;52.450,-999999,-999999,19.078,-999999,-999999,-999999,-999999,-999999,-999999,-999999,0,15,-999999,-999999,15,-999999,-999999,0.225,-999999,-999999,-999999,-999999,-999999,1.1;52.470,-999999,-999999,19.194,-999999,-999999,-999999,-999999,-999999,-999999,-999999,0,15,-999999,-999999,15,-999999,-999999,0.222,-999999,-999999,-999999,-999999,-999999,1.1;52.490,-999999,-999999,19.762,-999999,-999999,-999999,-999999,-999999,-999999,-999999,0,15,-999999,-999999,15,-999999,-999999,0.227,-999999,-999999,-999999,-999999,-999999,1.1;52.510,-999999,-999999,19.829,-999999,-999999,-999999,-999999,-999999,-999999,-999999,0,15,-999999,-999999,15,-999999,-999999,0.218,-999999,-999999,-999999,-999999,-999999,1.0;52.530,-999999,-999999,20.265,-999999,-999999,-999999,-999999,-999999,-999999,-999999,0,15,-999999,-999999,15,-999999,-999999,0.203,-999999,-999999,-999999,-999999,-999999,1.0;52.550,-999999,-999999,20.461,-999999,-999999,-999999,-999999,-999999,-999999,-999999,0,15,-999999,-999999,15,-999999,-999999,0.202,-999999,-999999,-999999,-999999,-999999,1.0;52.570,-999999,-999999,20.721,-999999,-999999,-999999,-999999,-999999,-999999,-999999,0,15,-999999,-999999,15,-999999,-999999,0.207,-999999,-999999,-999999,-999999,-999999,1.0;52.590,-999999,-999999,20.775,-999999,-999999,-999999,-999999,-999999,-999999,-999999,0,15,-999999,-999999,15,-999999,-999999,0.231,-999999,-999999,-999999,-999999,-999999,1.2;52.610,-999999,-999999,19.922,-999999,-999999,-999999,-999999,-999999,-999999,-999999,0,15,-999999,-999999,15,-999999,-999999,0.269,-999999,-999999,-999999,-999999,-999999,1.5;52.630,-999999,-999999,17.792,-999999,-999999,-999999,-999999,-999999,-999999,-999999,0,15,-999999,-999999,15,-999999,-999999,0.313,-999999,-999999,-999999,-999999,-999999,1.9;52.650,-999999,-999999,14.119,-999999,-999999,-999999,-999999,-999999,-999999,-999999,0,15,-999999,-999999,15,-999999,-999999,0.339,-999999,-999999,-999999,-999999,-999999,2.4;52.670,-999999,-999999,10.604,-999999,-999999,-999999,-999999,-999999,-999999,-999999,0,15,-999999,-999999,15,-999999,-999999,0.362,-999999,-999999,-999999,-999999,-999999,3.0;52.690,-999999,-999999,8.323,-999999,-999999,-999999,-999999,-999999,-999999,-999999,0,15,-999999,-999999,15,-999999,-999999,0.363,-999999,-999999,-999999,-999999,-999999,3.6;52.710,-999999,-999999,6.485,-999999,-999999,-999999,-999999,-999999,-999999,-999999,0,15,-999999,-999999,15,-999999,-999999,0.375,-999999,-999999,-999999,-999999,-999999,4.6;52.730,-999999,-999999,5.898,-999999,-999999,-999999,-999999,-999999,-999999,-999999,0,15,-999999,-999999,15,-999999,-999999,0.383,-999999,-999999,-999999,-999999,-999999,5.6;52.750,-999999,-999999,5.574,-999999,-999999,-999999,-999999,-999999,-999999,-999999,0,15,-999999,-999999,15,-999999,-999999,0.379,-999999,-999999,-999999,-999999,-999999,6.2;52.770,-999999,-999999,5.324,-999999,-999999,-999999,-999999,-999999,-999999,-999999,0,15,-999999,-999999,15,-999999,-999999,0.363,-999999,-999999,-999999,-999999,-999999,6.4;52.790,-999999,-999999,5.610,-999999,-999999,-999999,-999999,-999999,-999999,-999999,0,15,-999999,-999999,15,-999999,-999999,0.320,-999999,-999999,-999999,-999999,-999999,5.9;52.810,-999999,-999999,5.449,-999999,-999999,-999999,-999999,-999999,-999999,-999999,0,15,-999999,-999999,15,-999999,-999999,0.274,-999999,-999999,-999999,-999999,-999999,5.3;52.830,-999999,-999999,5.151,-999999,-999999,-999999,-999999,-999999,-999999,-999999,0,15,-999999,-999999,15,-999999,-999999,0.243,-999999,-999999,-999999,-999999,-999999,4.8;52.850,-999999,-999999,4.625,-999999,-999999,-999999,-999999,-999999,-999999,-999999,0,15,-999999,-999999,15,-999999,-999999,0.200,-999999,-999999,-999999,-999999,-999999,4.1;52.870,-999999,-999999,4.416,-999999,-999999,-999999,-999999,-999999,-999999,-999999,0,15,-999999,-999999,15,-999999,-999999,0.156,-999999,-999999,-999999,-999999,-999999,3.3;52.890,-999999,-999999,4.371,-999999,-999999,-999999,-999999,-999999,-999999,-999999,0,15,-999999,-999999,15,-999999,-999999,0.129,-999999,-999999,-999999,-999999,-999999,2.9;52.910,-999999,-999999,4.327,-999999,-999999,-999999,-999999,-999999,-999999,-999999,0,15,-999999,-999999,15,-999999,-999999,0.098,-999999,-999999,-999999,-999999,-999999,2.3;52.930,-999999,-999999,4.047,-999999,-999999,-999999,-999999,-999999,-999999,-999999,0,15,-999999,-999999,15,-999999,-999999,0.083,-999999,-999999,-999999,-999999,-999999,2.0;52.950,-999999,-999999,3.842,-999999,-999999,-999999,-999999,-999999,-999999,-999999,0,15,-999999,-999999,15,-999999,-999999,0.077,-999999,-999999,-999999,-999999,-999999,1.9;52.970,-999999,-999999,3.804,-999999,-999999,-999999,-999999,-999999,-999999,-999999,0,15,-999999,-999999,15,-999999,-999999,0.078,-999999,-999999,-999999,-999999,-999999,2.0;52.990,-999999,-999999,3.804,-999999,-999999,-999999,-999999,-999999,-999999,-999999,0,15,-999999,-999999,15,-999999,-999999,0.080,-999999,-999999,-999999,-999999,-999999,2.1;53.010,-999999,-999999,3.759,-999999,-999999,-999999,-999999,-999999,-999999,-999999,0,15,-999999,-999999,15,-999999,-999999,0.080,-999999,-999999,-999999,-999999,-999999,2.1;53.030,-999999,-999999,3.727,-999999,-999999,-999999,-999999,-999999,-999999,-999999,0,15,-999999,-999999,15,-999999,-999999,0.081,-999999,-999999,-999999,-999999,-999999,2.1;53.050,-999999,-999999,3.666,-999999,-999999,-999999,-999999,-999999,-999999,-999999,0,15,-999999,-999999,15,-999999,-999999,0.077,-999999,-999999,-999999,-999999,-999999,2.1;53.070,-999999,-999999,3.624,-999999,-999999,-999999,-999999,-999999,-999999,-999999,0,15,-999999,-999999,15,-999999,-999999,0.076,-999999,-999999,-999999,-999999,-999999,2.1;53.090,-999999,-999999,3.579,-999999,-999999,-999999,-999999,-999999,-999999,-999999,0,15,-999999,-999999,15,-999999,-999999,0.077,-999999,-999999,-999999,-999999,-999999,2.1;53.110,-999999,-999999,3.515,-999999,-999999,-999999,-999999,-999999,-999999,-999999,0,15,-999999,-999999,15,-999999,-999999,0.077,-999999,-999999,-999999,-999999,-999999,2.2;53.130,-999999,-999999,3.444,-999999,-999999,-999999,-999999,-999999,-999999,-999999,0,15,-999999,-999999,15,-999999,-999999,0.074,-999999,-999999,-999999,-999999,-999999,2.1;53.150,-999999,-999999,3.419,-999999,-999999,-999999,-999999,-999999,-999999,-999999,0,15,-999999,-999999,15,-999999,-999999,0.070,-999999,-999999,-999999,-999999,-999999,2.0;53.170,-999999,-999999,3.371,-999999,-999999,-999999,-999999,-999999,-999999,-999999,0,15,-999999,-999999,15,-999999,-999999,0.067,-999999,-999999,-999999,-999999,-999999,1.9;53.190,-999999,-999999,3.297,-999999,-999999,-999999,-999999,-999999,-999999,-999999,0,15,-999999,-999999,15,-999999,-999999,0.065,-999999,-999999,-999999,-999999,-999999,1.9;53.210,-999999,-999999,3.271,-999999,-999999,-999999,-999999,-999999,-999999,-999999,0,15,-999999,-999999,15,-999999,-999999,0.063,-999999,-999999,-999999,-999999,-999999,1.9;53.230,-999999,-999999,3.265,-999999,-999999,-999999,-999999,-999999,-999999,-999999,0,15,-999999,-999999,15,-999999,-999999,0.060,-999999,-999999,-999999,-999999,-999999,1.8;53.250,-999999,-999999,3.252,-999999,-999999,-999999,-999999,-999999,-999999,-999999,0,15,-999999,-999999,15,-999999,-999999,0.059,-999999,-999999,-999999,-999999,-999999,1.8;53.270,-999999,-999999,3.207,-999999,-999999,-999999,-999999,-999999,-999999,-999999,0,15,-999999,-999999,15,-999999,-999999,0.055,-999999,-999999,-999999,-999999,-999999,1.7;53.290,-999999,-999999,3.178,-999999,-999999,-999999,-999999,-999999,-999999,-999999,0,15,-999999,-999999,15,-999999,-999999,0.052,-999999,-999999,-999999,-999999,-999999,1.6;53.310,-999999,-999999,3.188,-999999,-999999,-999999,-999999,-999999,-999999,-999999,0,15,-999999,-999999,15,-999999,-999999,0.052,-999999,-999999,-999999,-999999,-999999,1.6;53.330,-999999,-999999,3.207,-999999,-999999,-999999,-999999,-999999,-999999,-999999,0,15,-999999,-999999,15,-999999,-999999,0.054,-999999,-999999,-999999,-999999,-999999,1.7;53.350,-999999,-999999,3.210,-999999,-999999,-999999,-999999,-999999,-999999,-999999,0,15,-999999,-999999,15,-999999,-999999,0.056,-999999,-999999,-999999,-999999,-999999,1.7;53.370,-999999,-999999,3.210,-999999,-999999,-999999,-999999,-999999,-999999,-999999,0,15,-999999,-999999,15,-999999,-999999,0.056,-999999,-999999,-999999,-999999,-999999,1.7;53.390,-999999,-999999,3.156,-999999,-999999,-999999,-999999,-999999,-999999,-999999,0,15,-999999,-999999,15,-999999,-999999,0.056,-999999,-999999,-999999,-999999,-999999,1.8;53.410,-999999,-999999,3.069,-999999,-999999,-999999,-999999,-999999,-999999,-999999,0,15,-999999,-999999,15,-999999,-999999,0.054,-999999,-999999,-999999,-999999,-999999,1.7;53.430,-999999,-999999,2.992,-999999,-999999,-999999,-999999,-999999,-999999,-999999,0,15,-999999,-999999,15,-999999,-999999,0.055,-999999,-999999,-999999,-999999,-999999,1.8;53.450,-999999,-999999,3.008,-999999,-999999,-999999,-999999,-999999,-999999,-999999,0,15,-999999,-999999,15,-999999,-999999,0.057,-999999,-999999,-999999,-999999,-999999,1.8;53.470,-999999,-999999,3.072,-999999,-999999,-999999,-999999,-999999,-999999,-999999,0,15,-999999,-999999,15,-999999,-999999,0.058,-999999,-999999,-999999,-999999,-999999,1.8;53.490,-999999,-999999,3.223,-999999,-999999,-999999,-999999,-999999,-999999,-999999,0,15,-999999,-999999,15,-999999,-999999,0.055,-999999,-999999,-999999,-999999,-999999,1.6;53.510,-999999,-999999,3.432,-999999,-999999,-999999,-999999,-999999,-999999,-999999,0,15,-999999,-999999,15,-999999,-999999,0.054,-999999,-999999,-999999,-999999,-999999,1.6;53.530,-999999,-999999,3.595,-999999,-999999,-999999,-999999,-999999,-999999,-999999,0,15,-999999,-999999,15,-999999,-999999,0.053,-999999,-999999,-999999,-999999,-999999,1.5;53.550,-999999,-999999,3.682,-999999,-999999,-999999,-999999,-999999,-999999,-999999,0,15,-999999,-999999,15,-999999,-999999,0.056,-999999,-999999,-999999,-999999,-999999,1.5;53.570,-999999,-999999,3.682,-999999,-999999,-999999,-999999,-999999,-999999,-999999,0,15,-999999,-999999,15,-999999,-999999,0.060,-999999,-999999,-999999,-999999,-999999,1.6;53.590,-999999,-999999,3.711,-999999,-999999,-999999,-999999,-999999,-999999,-999999,0,15,-999999,-999999,15,-999999,-999999,0.061,-999999,-999999,-999999,-999999,-999999,1.6;53.610,-999999,-999999,3.749,-999999,-999999,-999999,-999999,-999999,-999999,-999999,0,15,-999999,-999999,15,-999999,-999999,0.061,-999999,-999999,-999999,-999999,-999999,1.6;53.630,-999999,-999999,3.749,-999999,-999999,-999999,-999999,-999999,-999999,-999999,0,15,-999999,-999999,15,-999999,-999999,0.065,-999999,-999999,-999999,-999999,-999999,1.7;53.650,-999999,-999999,3.810,-999999,-999999,-999999,-999999,-999999,-999999,-999999,0,15,-999999,-999999,15,-999999,-999999,0.068,-999999,-999999,-999999,-999999,-999999,1.7;53.670,-999999,-999999,3.900,-999999,-999999,-999999,-999999,-999999,-999999,-999999,0,15,-999999,-999999,15,-999999,-999999,0.070,-999999,-999999,-999999,-999999,-999999,1.8;53.690,-999999,-999999,3.884,-999999,-999999,-999999,-999999,-999999,-999999,-999999,0,15,-999999,-999999,15,-999999,-999999,0.073,-999999,-999999,-999999,-999999,-999999,1.9;53.710,-999999,-999999,3.817,-999999,-999999,-999999,-999999,-999999,-999999,-999999,0,15,-999999,-999999,15,-999999,-999999,0.072,-999999,-999999,-999999,-999999,-999999,1.9;53.730,-999999,-999999,3.797,-999999,-999999,-999999,-999999,-999999,-999999,-999999,0,16,-999999,-999999,16,-999999,-999999,0.068,-999999,-999999,-999999,-999999,-999999,1.8;53.750,-999999,-999999,3.772,-999999,-999999,-999999,-999999,-999999,-999999,-999999,0,15,-999999,-999999,15,-999999,-999999,0.071,-999999,-999999,-999999,-999999,-999999,1.8;53.770,-999999,-999999,3.704,-999999,-999999,-999999,-999999,-999999,-999999,-999999,0,15,-999999,-999999,15,-999999,-999999,0.073,-999999,-999999,-999999,-999999,-999999,1.9;53.790,-999999,-999999,3.682,-999999,-999999,-999999,-999999,-999999,-999999,-999999,0,16,-999999,-999999,16,-999999,-999999,0.068,-999999,-999999,-999999,-999999,-999999,1.8;53.810,-999999,-999999,3.691,-999999,-999999,-999999,-999999,-999999,-999999,-999999,0,16,-999999,-999999,16,-999999,-999999,0.072,-999999,-999999,-999999,-999999,-999999,1.9;53.830,-999999,-999999,3.765,-999999,-999999,-999999,-999999,-999999,-999999,-999999,0,15,-999999,-999999,15,-999999,-999999,0.061,-999999,-999999,-999999,-999999,-999999,1.6;53.850,-999999,-999999,3.877,-999999,-999999,-999999,-999999,-999999,-999999,-999999,0,15,-999999,-999999,15,-999999,-999999,0.057,-999999,-999999,-999999,-999999,-999999,1.4;53.870,-999999,-999999,4.060,-999999,-999999,-999999,-999999,-999999,-999999,-999999,0,16,-999999,-999999,16,-999999,-999999,0.068,-999999,-999999,-999999,-999999,-999999,1.6;53.890,-999999,-999999,4.230,-999999,-999999,-999999,-999999,-999999,-999999,-999999,0,16,-999999,-999999,16,-999999,-999999,0.070,-999999,-999999,-999999,-999999,-999999,1.6;53.910,-999999,-999999,4.452,-999999,-999999,-999999,-999999,-999999,-999999,-999999,0,16,-999999,-999999,16,-999999,-999999,0.070,-999999,-999999,-999999,-999999,-999999,1.5;53.930,-999999,-999999,4.686,-999999,-999999,-999999,-999999,-999999,-999999,-999999,0,16,-999999,-999999,16,-999999,-999999,0.072,-999999,-999999,-999999,-999999,-999999,1.6;53.950,-999999,-999999,4.718,-999999,-999999,-999999,-999999,-999999,-999999,-999999,0,16,-999999,-999999,16,-999999,-999999,0.073,-999999,-999999,-999999,-999999,-999999,1.5;53.970,-999999,-999999,4.708,-999999,-999999,-999999,-999999,-999999,-999999,-999999,0,16,-999999,-999999,16,-999999,-999999,0.071,-999999,-999999,-999999,-999999,-999999,1.5;53.990,-999999,-999999,4.721,-999999,-999999,-999999,-999999,-999999,-999999,-999999,0,16,-999999,-999999,16,-999999,-999999,0.080,-999999,-999999,-999999,-999999,-999999,1.7;54.010,-999999,-999999,4.541,-999999,-999999,-999999,-999999,-999999,-999999,-999999,0,16,-999999,-999999,16,-999999,-999999,0.088,-999999,-999999,-999999,-999999,-999999,1.9;54.030,-999999,-999999,4.554,-999999,-999999,-999999,-999999,-999999,-999999,-999999,0,16,-999999,-999999,16,-999999,-999999,0.095,-999999,-999999,-999999,-999999,-999999,2.0;54.050,-999999,-999999,4.654,-999999,-999999,-999999,-999999,-999999,-999999,-999999,0,16,-999999,-999999,16,-999999,-999999,0.093,-999999,-999999,-999999,-999999,-999999,2.0;54.070,-999999,-999999,4.631,-999999,-999999,-999999,-999999,-999999,-999999,-999999,0,16,-999999,-999999,16,-999999,-999999,0.086,-999999,-999999,-999999,-999999,-999999,1.8;54.090,-999999,-999999,4.615,-999999,-999999,-999999,-999999,-999999,-999999,-999999,0,16,-999999,-999999,16,-999999,-999999,0.097,-999999,-999999,-999999,-999999,-999999,2.1;54.110,-999999,-999999,4.586,-999999,-999999,-999999,-999999,-999999,-999999,-999999,0,16,-999999,-999999,16,-999999,-999999,0.108,-999999,-999999,-999999,-999999,-999999,2.3;54.130,-999999,-999999,4.574,-999999,-999999,-999999,-999999,-999999,-999999,-999999,0,16,-999999,-999999,16,-999999,-999999,0.115,-999999,-999999,-999999,-999999,-999999,2.5;54.150,-999999,-999999,4.663,-999999,-999999,-999999,-999999,-999999,-999999,-999999,0,16,-999999,-999999,16,-999999,-999999,0.137,-999999,-999999,-999999,-999999,-999999,2.9;54.170,-999999,-999999,4.654,-999999,-999999,-999999,-999999,-999999,-999999,-999999,0,16,-999999,-999999,16,-999999,-999999,0.154,-999999,-999999,-999999,-999999,-999999,3.3;54.190,-999999,-999999,4.586,-999999,-999999,-999999,-999999,-999999,-999999,-999999,0,16,-999999,-999999,16,-999999,-999999,0.167,-999999,-999999,-999999,-999999,-999999,3.7;54.210,-999999,-999999,4.477,-999999,-999999,-999999,-999999,-999999,-999999,-999999,0,16,-999999,-999999,16,-999999,-999999,0.180,-999999,-999999,-999999,-999999,-999999,4.0;54.230,-999999,-999999,4.355,-999999,-999999,-999999,-999999,-999999,-999999,-999999,0,16,-999999,-999999,16,-999999,-999999,0.205,-999999,-999999,-999999,-999999,-999999,4.7;54.250,-999999,-999999,4.237,-999999,-999999,-999999,-999999,-999999,-999999,-999999,0,16,-999999,-999999,16,-999999,-999999,0.215,-999999,-999999,-999999,-999999,-999999,5.1;54.270,-999999,-999999,4.118,-999999,-999999,-999999,-999999,-999999,-999999,-999999,0,16,-999999,-999999,16,-999999,-999999,0.207,-999999,-999999,-999999,-999999,-999999,5.0;54.290,-999999,-999999,3.993,-999999,-999999,-999999,-999999,-999999,-999999,-999999,0,16,-999999,-999999,16,-999999,-999999,0.192,-999999,-999999,-999999,-999999,-999999,4.8;54.310,-999999,-999999,3.858,-999999,-999999,-999999,-999999,-999999,-999999,-999999,0,16,-999999,-999999,16,-999999,-999999,0.178,-999999,-999999,-999999,-999999,-999999,4.6;54.330,-999999,-999999,3.688,-999999,-999999,-999999,-999999,-999999,-999999,-999999,0,16,-999999,-999999,16,-999999,-999999,0.172,-999999,-999999,-999999,-999999,-999999,4.6;54.350,-999999,-999999,3.502,-999999,-999999,-999999,-999999,-999999,-999999,-999999,0,16,-999999,-999999,16,-999999,-999999,0.160,-999999,-999999,-999999,-999999,-999999,4.5;54.370,-999999,-999999,3.335,-999999,-999999,-999999,-999999,-999999,-999999,-999999,0,16,-999999,-999999,16,-999999,-999999,0.143,-999999,-999999,-999999,-999999,-999999,4.2;54.390,-999999,-999999,3.201,-999999,-999999,-999999,-999999,-999999,-999999,-999999,0,16,-999999,-999999,16,-999999,-999999,0.124,-999999,-999999,-999999,-999999,-999999,3.7;54.410,-999999,-999999,3.120,-999999,-999999,-999999,-999999,-999999,-999999,-999999,0,16,-999999,-999999,16,-999999,-999999,0.110,-999999,-999999,-999999,-999999,-999999,3.3;54.430,-999999,-999999,3.181,-999999,-999999,-999999,-999999,-999999,-999999,-999999,0,16,-999999,-999999,16,-999999,-999999,0.099,-999999,-999999,-999999,-999999,-999999,2.9;54.450,-999999,-999999,3.361,-999999,-999999,-999999,-999999,-999999,-999999,-999999,0,16,-999999,-999999,16,-999999,-999999,0.094,-999999,-999999,-999999,-999999,-999999,2.6;54.470,-999999,-999999,3.621,-999999,-999999,-999999,-999999,-999999,-999999,-999999,0,16,-999999,-999999,16,-999999,-999999,0.092,-999999,-999999,-999999,-999999,-999999,2.5;54.490,-999999,-999999,3.926,-999999,-999999,-999999,-999999,-999999,-999999,-999999,0,16,-999999,-999999,16,-999999,-999999,0.083,-999999,-999999,-999999,-999999,-999999,2.1;54.510,-999999,-999999,4.157,-999999,-999999,-999999,-999999,-999999,-999999,-999999,0,16,-999999,-999999,16,-999999,-999999,0.089,-999999,-999999,-999999,-999999,-999999,2.2;54.530,-999999,-999999,4.237,-999999,-999999,-999999,-999999,-999999,-999999,-999999,0,16,-999999,-999999,16,-999999,-999999,0.106,-999999,-999999,-999999,-999999,-999999,2.5;54.550,-999999,-999999,4.240,-999999,-999999,-999999,-999999,-999999,-999999,-999999,0,16,-999999,-999999,16,-999999,-999999,0.122,-999999,-999999,-999999,-999999,-999999,2.9;54.570,-999999,-999999,4.307,-999999,-999999,-999999,-999999,-999999,-999999,-999999,0,16,-999999,-999999,16,-999999,-999999,0.134,-999999,-999999,-999999,-999999,-999999,3.1;54.590,-999999,-999999,4.320,-999999,-999999,-999999,-999999,-999999,-999999,-999999,0,16,-999999,-999999,16,-999999,-999999,0.144,-999999,-999999,-999999,-999999,-999999,3.4;54.610,-999999,-999999,4.166,-999999,-999999,-999999,-999999,-999999,-999999,-999999,0,16,-999999,-999999,16,-999999,-999999,0.153,-999999,-999999,-999999,-999999,-999999,3.6;54.630,-999999,-999999,4.153,-999999,-999999,-999999,-999999,-999999,-999999,-999999,0,16,-999999,-999999,16,-999999,-999999,0.154,-999999,-999999,-999999,-999999,-999999,3.6;54.650,-999999,-999999,4.198,-999999,-999999,-999999,-999999,-999999,-999999,-999999,0,16,-999999,-999999,16,-999999,-999999,0.157,-999999,-999999,-999999,-999999,-999999,3.6;54.670,-999999,-999999,4.256,-999999,-999999,-999999,-999999,-999999,-999999,-999999,0,16,-999999,-999999,16,-999999,-999999,0.154,-999999,-999999,-999999,-999999,-999999,3.5;54.690,-999999,-999999,4.381,-999999,-999999,-999999,-999999,-999999,-999999,-999999,0,16,-999999,-999999,16,-999999,-999999,0.139,-999999,-999999,-999999,-999999,-999999,3.1;54.710,-999999,-999999,4.574,-999999,-999999,-999999,-999999,-999999,-999999,-999999,0,16,-999999,-999999,16,-999999,-999999,0.134,-999999,-999999,-999999,-999999,-999999,2.9;54.730,-999999,-999999,4.734,-999999,-999999,-999999,-999999,-999999,-999999,-999999,0,16,-999999,-999999,16,-999999,-999999,0.139,-999999,-999999,-999999,-999999,-999999,2.9;54.750,-999999,-999999,4.811,-999999,-999999,-999999,-999999,-999999,-999999,-999999,0,16,-999999,-999999,16,-999999,-999999,0.155,-999999,-999999,-999999,-999999,-999999,3.2;54.770,-999999,-999999,4.984,-999999,-999999,-999999,-999999,-999999,-999999,-999999,0,16,-999999,-999999,16,-999999,-999999,0.145,-999999,-999999,-999999,-999999,-999999,2.9;54.790,-999999,-999999,5.035,-999999,-999999,-999999,-999999,-999999,-999999,-999999,0,16,-999999,-999999,16,-999999,-999999,0.209,-999999,-999999,-999999,-999999,-999999,4.2;54.810,-999999,-999999,5.048,-999999,-999999,-999999,-999999,-999999,-999999,-999999,0,16,-999999,-999999,16,-999999,-999999,0.222,-999999,-999999,-999999,-999999,-999999,4.4;54.830,-999999,-999999,4.962,-999999,-999999,-999999,-999999,-999999,-999999,-999999,0,16,-999999,-999999,16,-999999,-999999,0.235,-999999,-999999,-999999,-999999,-999999,4.7;54.850,-999999,-999999,4.949,-999999,-999999,-999999,-999999,-999999,-999999,-999999,0,16,-999999,-999999,16,-999999,-999999,0.245,-999999,-999999,-999999,-999999,-999999,5.0;54.870,-999999,-999999,4.936,-999999,-999999,-999999,-999999,-999999,-999999,-999999,0,16,-999999,-999999,16,-999999,-999999,0.235,-999999,-999999,-999999,-999999,-999999,4.8;54.890,-999999,-999999,4.766,-999999,-999999,-999999,-999999,-999999,-999999,-999999,0,16,-999999,-999999,16,-999999,-999999,0.226,-999999,-999999,-999999,-999999,-999999,4.7;54.910,-999999,-999999,4.631,-999999,-999999,-999999,-999999,-999999,-999999,-999999,0,16,-999999,-999999,16,-999999,-999999,0.218,-999999,-999999,-999999,-999999,-999999,4.6;54.930,-999999,-999999,4.538,-999999,-999999,-999999,-999999,-999999,-999999,-999999,0,16,-999999,-999999,16,-999999,-999999,0.211,-999999,-999999,-999999,-999999,-999999,4.5;54.950,-999999,-999999,4.609,-999999,-999999,-999999,-999999,-999999,-999999,-999999,0,16,-999999,-999999,16,-999999,-999999,0.214,-999999,-999999,-999999,-999999,-999999,4.6;54.970,-999999,-999999,4.667,-999999,-999999,-999999,-999999,-999999,-999999,-999999,0,16,-999999,-999999,16,-999999,-999999,0.208,-999999,-999999,-999999,-999999,-999999,4.6;54.990,-999999,-999999,4.545,-999999,-999999,-999999,-999999,-999999,-999999,-999999,0,16,-999999,-999999,16,-999999,-999999,0.205,-999999,-999999,-999999,-999999,-999999,4.6;55.010,-999999,-999999,4.416,-999999,-999999,-999999,-999999,-999999,-999999,-999999,0,16,-999999,-999999,16,-999999,-999999,0.217,-999999,-999999,-999999,-999999,-999999,4.9;55.030,-999999,-999999,4.205,-999999,-999999,-999999,-999999,-999999,-999999,-999999,0,16,-999999,-999999,16,-999999,-999999,-999999,-999999,-999999,-999999,-999999,-999999,-999999;55.050,-999999,-999999,4.060,-999999,-999999,-999999,-999999,-999999,-999999,-999999,0,16,-999999,-999999,16,-999999,-999999,-999999,-999999,-999999,-999999,-999999,-999999,-999999;55.070,-999999,-999999,3.990,-999999,-999999,-999999,-999999,-999999,-999999,-999999,0,16,-999999,-999999,16,-999999,-999999,-999999,-999999,-999999,-999999,-999999,-999999,-999999;55.090,-999999,-999999,3.727,-999999,-999999,-999999,-999999,-999999,-999999,-999999,0,16,-999999,-999999,16,-999999,-999999,-999999,-999999,-999999,-999999,-999999,-999999,-999999;</cptcommon:values>
            </cptcommon:cptResult>
        </cptcommon:conePenetrationTest>
        <cptcommon:procedure>
            <cptcommon:interruptionProcessingPerformed>onbekend</cptcommon:interruptionProcessingPerformed>
            <cptcommon:expertCorrectionPerformed>onbekend</cptcommon:expertCorrectionPerformed>
            <cptcommon:signalProcessingPerformed>onbekend</cptcommon:signalProcessingPerformed>
        </cptcommon:procedure>
        <cptcommon:parameters>
            <cptcommon:penetrationLength>ja</cptcommon:penetrationLength>
            <cptcommon:depth>nee</cptcommon:depth>
            <cptcommon:elapsedTime>nee</cptcommon:elapsedTime>
            <cptcommon:coneResistance>ja</cptcommon:coneResistance>
            <cptcommon:correctedConeResistance>nee</cptcommon:correctedConeResistance>
            <cptcommon:netConeResistance>nee</cptcommon:netConeResistance>
            <cptcommon:magneticFieldStrengthX>nee</cptcommon:magneticFieldStrengthX>
            <cptcommon:magneticFieldStrengthY>nee</cptcommon:magneticFieldStrengthY>
            <cptcommon:magneticFieldStrengthZ>nee</cptcommon:magneticFieldStrengthZ>
            <cptcommon:magneticFieldStrengthTotal>nee</cptcommon:magneticFieldStrengthTotal>
            <cptcommon:electricalConductivity>nee</cptcommon:electricalConductivity>
            <cptcommon:inclinationEW>ja</cptcommon:inclinationEW>
            <cptcommon:inclinationNS>ja</cptcommon:inclinationNS>
            <cptcommon:inclinationX>nee</cptcommon:inclinationX>
            <cptcommon:inclinationY>nee</cptcommon:inclinationY>
            <cptcommon:inclinationResultant>ja</cptcommon:inclinationResultant>
            <cptcommon:magneticInclination>nee</cptcommon:magneticInclination>
            <cptcommon:magneticDeclination>nee</cptcommon:magneticDeclination>
            <cptcommon:localFriction>ja</cptcommon:localFriction>
            <cptcommon:poreRatio>nee</cptcommon:poreRatio>
            <cptcommon:temperature>nee</cptcommon:temperature>
            <cptcommon:porePressureU1>nee</cptcommon:porePressureU1>
            <cptcommon:porePressureU2>nee</cptcommon:porePressureU2>
            <cptcommon:porePressureU3>nee</cptcommon:porePressureU3>
            <cptcommon:frictionRatio>ja</cptcommon:frictionRatio>
        </cptcommon:parameters>
    </conePenetrometerSurvey>
</CPT>
